Energy-E_F (eV)    DOS (1/eV)    PDOS (1/eV)  of atom type Mo Se 
     -5.34870      1.46106      0.55557      0.90549
     -5.33870      1.50708      0.56612      0.94096
     -5.32870      1.89044      0.71918      1.17126
     -5.31870      2.10857      0.81305      1.29552
     -5.30870      1.58814      0.60217      0.98598
     -5.29870      1.29989      0.49366      0.80623
     -5.28870      1.46053      0.56548      0.89505
     -5.27870      1.63620      0.62896      1.00725
     -5.26870      1.85515      0.70930      1.14585
     -5.25870      2.49345      0.96447      1.52899
     -5.24870      3.49047      1.36032      2.13015
     -5.23870      3.95729      1.52216      2.43512
     -5.22870      3.61589      1.37930      2.23659
     -5.21870      3.27698      1.27248      2.00450
     -5.20870      3.07958      1.22576      1.85382
     -5.19870      3.00677      1.20331      1.80346
     -5.18870      3.45206      1.36777      2.08429
     -5.17870      4.24129      1.65829      2.58300
     -5.16870      4.96400      1.92962      3.03438
     -5.15870      4.82037      1.87315      2.94721
     -5.14870      4.08199      1.58894      2.49305
     -5.13870      3.44902      1.35040      2.09862
     -5.12870      3.37085      1.33701      2.03384
     -5.11870      3.64373      1.45783      2.18590
     -5.10870      3.69771      1.46525      2.23246
     -5.09870      4.00444      1.54623      2.45821
     -5.08870      4.68628      1.74831      2.93798
     -5.07870      5.14844      1.86798      3.28046
     -5.06870      4.97077      1.76903      3.20174
     -5.05870      4.89698      1.72716      3.16982
     -5.04870      5.56121      1.98748      3.57372
     -5.03870      5.41630      1.96392      3.45238
     -5.02870      5.17801      1.87831      3.29970
     -5.01870      5.74880      2.09774      3.65107
     -5.00870      5.80677      2.17619      3.63058
     -4.99870      5.16750      1.95912      3.20839
     -4.98870      4.73761      1.77282      2.96479
     -4.97870      4.93057      1.80371      3.12686
     -4.96870      4.65343      1.70460      2.94882
     -4.95870      3.73713      1.42034      2.31679
     -4.94870      3.83171      1.50774      2.32397
     -4.93870      4.54792      1.80450      2.74343
     -4.92870      4.51730      1.76916      2.74815
     -4.91870      4.82926      1.84902      2.98024
     -4.90870      5.47258      2.11239      3.36018
     -4.89870      4.78521      1.87251      2.91271
     -4.88870      3.26835      1.28105      1.98729
     -4.87870      2.52910      1.00615      1.52294
     -4.86870      2.74779      1.09050      1.65729
     -4.85870      3.69003      1.42552      2.26451
     -4.84870      4.16100      1.58534      2.57567
     -4.83870      3.30713      1.26708      2.04006
     -4.82870      2.27108      0.85111      1.41997
     -4.81870      1.84656      0.64950      1.19706
     -4.80870      1.46244      0.50325      0.95920
     -4.79870      1.20830      0.41124      0.79706
     -4.78870      1.09165      0.36516      0.72648
     -4.77870      1.05918      0.34720      0.71198
     -4.76870      0.84056      0.26479      0.57578
     -4.75870      0.47933      0.14918      0.33014
     -4.74870      0.61780      0.19909      0.41870
     -4.73870      1.07271      0.34619      0.72652
     -4.72870      1.08323      0.35023      0.73300
     -4.71870      0.49789      0.16233      0.33557
     -4.70870      0.15255      0.04913      0.10343
     -4.69870      0.44738      0.13904      0.30834
     -4.68870      1.31460      0.41216      0.90244
     -4.67870      1.68805      0.54099      1.14706
     -4.66870      1.05507      0.35256      0.70251
     -4.65870      0.54172      0.18984      0.35188
     -4.64870      0.76170      0.25697      0.50473
     -4.63870      1.19863      0.39626      0.80237
     -4.62870      0.86284      0.28615      0.57669
     -4.61870      0.30023      0.10086      0.19937
     -4.60870      0.33943      0.11362      0.22581
     -4.59870      1.03311      0.34133      0.69177
     -4.58870      1.87488      0.61415      1.26072
     -4.57870      1.57525      0.51385      1.06140
     -4.56870      0.54606      0.17776      0.36830
     -4.55870      0.11420      0.03682      0.07737
     -4.54870      0.27165      0.08570      0.18594
     -4.53870      0.73171      0.23067      0.50104
     -4.52870      0.91022      0.29192      0.61830
     -4.51870      0.57414      0.19102      0.38312
     -4.50870      0.22167      0.07615      0.14551
     -4.49870      0.34563      0.11591      0.22973
     -4.48870      1.14520      0.37709      0.76812
     -4.47870      1.97575      0.64222      1.33352
     -4.46870      1.64757      0.53185      1.11573
     -4.45870      0.62339      0.20084      0.42255
     -4.44870      0.11288      0.03632      0.07656
     -4.43870      0.11824      0.03715      0.08109
     -4.42870      0.43331      0.13545      0.29786
     -4.41870      0.78426      0.24780      0.53646
     -4.40870      0.81361      0.26669      0.54692
     -4.39870      0.62892      0.21732      0.41160
     -4.38870      0.54985      0.19513      0.35473
     -4.37870      0.74352      0.25567      0.48785
     -4.36870      1.26497      0.41746      0.84751
     -4.35870      1.51817      0.48767      1.03050
     -4.34870      0.98608      0.31266      0.67342
     -4.33870      0.31120      0.09854      0.21266
     -4.32870      0.04942      0.01564      0.03377
     -4.31870      0.06422      0.02001      0.04421
     -4.30870      0.29638      0.09409      0.20229
     -4.29870      0.71608      0.23096      0.48512
     -4.28870      0.88579      0.28524      0.60055
     -4.27870      0.59974      0.18995      0.40979
     -4.26870      0.37243      0.12073      0.25171
     -4.25870      0.52519      0.17366      0.35153
     -4.24870      1.07639      0.34720      0.72920
     -4.23870      1.90471      0.60828      1.29643
     -4.22870      2.43481      0.77331      1.66151
     -4.21870      3.06590      0.97876      2.08714
     -4.20870      4.01437      1.30083      2.71354
     -4.19870      4.32499      1.41192      2.91307
     -4.18870      3.97407      1.30218      2.67188
     -4.17870      4.08236      1.34937      2.73299
     -4.16870      4.92390      1.64860      3.27530
     -4.15870      5.82305      1.96349      3.85957
     -4.14870      5.64114      1.91149      3.72964
     -4.13870      5.36488      1.84383      3.52105
     -4.12870      6.47310      2.28394      4.18916
     -4.11870      7.70516      2.81440      4.89076
     -4.10870      7.97106      3.05000      4.92106
     -4.09870      7.81110      3.06496      4.74614
     -4.08870      7.35170      2.86311      4.48860
     -4.07870      6.39802      2.46834      3.92968
     -4.06870      5.93610      2.26789      3.66821
     -4.05870      6.30516      2.39966      3.90550
     -4.04870      6.13217      2.33621      3.79596
     -4.03870      5.40609      2.07385      3.33224
     -4.02870      4.48519      1.71000      2.77519
     -4.01870      4.11546      1.55081      2.56465
     -4.00870      5.00224      1.88814      3.11410
     -3.99870      6.00829      2.22685      3.78144
     -3.98870      6.42240      2.35407      4.06832
     -3.97870      6.00791      2.23327      3.77463
     -3.96870      4.84606      1.83412      3.01194
     -3.95870      4.17358      1.58614      2.58744
     -3.94870      4.24853      1.56833      2.68020
     -3.93870      4.36905      1.56470      2.80435
     -3.92870      3.67709      1.31899      2.35810
     -3.91870      2.41389      0.88120      1.53269
     -3.90870      1.53528      0.56610      0.96918
     -3.89870      1.51280      0.56356      0.94924
     -3.88870      1.71537      0.63392      1.08145
     -3.87870      1.57161      0.56368      1.00792
     -3.86870      1.59335      0.55535      1.03801
     -3.85870      1.90342      0.68106      1.22236
     -3.84870      1.75390      0.65861      1.09529
     -3.83870      1.18590      0.45311      0.73279
     -3.82870      0.84858      0.32416      0.52442
     -3.81870      0.71774      0.27686      0.44088
     -3.80870      0.51423      0.19636      0.31787
     -3.79870      0.54645      0.21188      0.33457
     -3.78870      0.68655      0.27079      0.41576
     -3.77870      0.61316      0.24533      0.36783
     -3.76870      0.93237      0.37961      0.55277
     -3.75870      1.70493      0.67088      1.03405
     -3.74870      2.14668      0.80783      1.33885
     -3.73870      1.97882      0.71739      1.26143
     -3.72870      1.75032      0.63181      1.11851
     -3.71870      1.80268      0.68446      1.11822
     -3.70870      1.72738      0.65553      1.07184
     -3.69870      1.31905      0.47337      0.84568
     -3.68870      0.95866      0.35219      0.60647
     -3.67870      0.86688      0.35059      0.51629
     -3.66870      0.89219      0.36418      0.52801
     -3.65870      0.84393      0.31320      0.53074
     -3.64870      0.88892      0.28037      0.60856
     -3.63870      1.02239      0.30862      0.71377
     -3.62870      1.27127      0.42341      0.84786
     -3.61870      1.80458      0.68083      1.12375
     -3.60870      2.11461      0.83192      1.28269
     -3.59870      1.72937      0.66869      1.06068
     -3.58870      0.97296      0.36914      0.60382
     -3.57870      0.57254      0.23043      0.34211
     -3.56870      0.68799      0.28716      0.40083
     -3.55870      0.94653      0.34860      0.59793
     -3.54870      1.08218      0.34737      0.73481
     -3.53870      0.83413      0.26063      0.57350
     -3.52870      0.65388      0.24319      0.41069
     -3.51870      0.99902      0.39790      0.60112
     -3.50870      1.41867      0.54173      0.87693
     -3.49870      2.28489      0.84291      1.44198
     -3.48870      3.54345      1.28747      2.25599
     -3.47870      3.92168      1.43234      2.48934
     -3.46870      3.42632      1.23239      2.19393
     -3.45870      3.26484      1.11201      2.15284
     -3.44870      3.71421      1.25311      2.46110
     -3.43870      3.61805      1.20875      2.40930
     -3.42870      3.04279      0.96827      2.07453
     -3.41870      3.60998      1.10193      2.50805
     -3.40870      5.01093      1.55124      3.45969
     -3.39870      5.23864      1.67110      3.56753
     -3.38870      5.35020      1.66440      3.68579
     -3.37870      6.19125      1.75962      4.43163
     -3.36870      6.45510      1.79883      4.65627
     -3.35870      5.47039      1.63878      3.83161
     -3.34870      3.81449      1.26820      2.54629
     -3.33870      2.83874      1.02481      1.81393
     -3.32870      2.68122      0.99520      1.68602
     -3.31870      2.73563      1.04035      1.69528
     -3.30870      3.04063      1.21924      1.82139
     -3.29870      3.28656      1.38541      1.90115
     -3.28870      2.99962      1.27766      1.72196
     -3.27870      2.37853      0.99448      1.38405
     -3.26870      2.46532      0.97571      1.48960
     -3.25870      3.33001      1.29325      2.03675
     -3.24870      3.49794      1.39921      2.09873
     -3.23870      3.23397      1.34229      1.89168
     -3.22870      3.10956      1.29285      1.81671
     -3.21870      2.49971      1.01759      1.48212
     -3.20870      1.72568      0.68910      1.03657
     -3.19870      1.98104      0.83266      1.14838
     -3.18870      2.97797      1.28774      1.69023
     -3.17870      3.25517      1.40303      1.85213
     -3.16870      2.77195      1.19831      1.57364
     -3.15870      2.42575      1.07040      1.35534
     -3.14870      2.78342      1.24729      1.53612
     -3.13870      2.73984      1.24495      1.49488
     -3.12870      2.10515      0.96775      1.13740
     -3.11870      1.90189      0.85781      1.04408
     -3.10870      2.23506      1.01474      1.22032
     -3.09870      2.73851      1.22752      1.51099
     -3.08870      3.32140      1.39883      1.92256
     -3.07870      3.49193      1.41226      2.07967
     -3.06870      2.92565      1.18752      1.73813
     -3.05870      2.87895      1.23822      1.64074
     -3.04870      3.43374      1.55247      1.88127
     -3.03870      3.32695      1.54778      1.77916
     -3.02870      2.90936      1.40377      1.50559
     -3.01870      3.35838      1.66085      1.69753
     -3.00870      3.59072      1.79208      1.79864
     -2.99870      2.89007      1.42622      1.46384
     -2.98870      2.18416      1.02633      1.15783
     -2.97870      2.28710      1.03321      1.25389
     -2.96870      2.43860      1.11411      1.32449
     -2.95870      2.26491      1.05994      1.20496
     -2.94870      2.39014      1.12039      1.26975
     -2.93870      3.01899      1.39090      1.62809
     -2.92870      3.63269      1.67414      1.95856
     -2.91870      2.84525      1.29622      1.54903
     -2.90870      1.68806      0.70994      0.97811
     -2.89870      1.65084      0.71291      0.93793
     -2.88870      2.05190      0.95602      1.09587
     -2.87870      2.03239      0.97268      1.05971
     -2.86870      1.91503      0.89741      1.01762
     -2.85870      2.13516      0.95634      1.17883
     -2.84870      2.11641      0.92389      1.19253
     -2.83870      1.70329      0.72402      0.97928
     -2.82870      1.17290      0.51757      0.65533
     -2.81870      1.04038      0.48823      0.55215
     -2.80870      1.43457      0.69211      0.74246
     -2.79870      1.73274      0.86780      0.86494
     -2.78870      2.00738      0.97391      1.03348
     -2.77870      2.36095      1.09958      1.26137
     -2.76870      2.12915      0.98973      1.13942
     -2.75870      1.89667      0.88946      1.00721
     -2.74870      1.61285      0.74444      0.86841
     -2.73870      1.08612      0.46392      0.62220
     -2.72870      1.26072      0.45041      0.81031
     -2.71870      1.72620      0.57454      1.15166
     -2.70870      2.08530      0.76994      1.31535
     -2.69870      2.23073      0.93994      1.29080
     -2.68870      2.04388      0.91776      1.12613
     -2.67870      1.83399      0.80930      1.02469
     -2.66870      1.61146      0.70203      0.90943
     -2.65870      1.87881      0.82439      1.05442
     -2.64870      2.20505      0.99261      1.21244
     -2.63870      1.96220      0.91385      1.04836
     -2.62870      1.49516      0.66829      0.82686
     -2.61870      1.10168      0.43812      0.66356
     -2.60870      0.95374      0.37936      0.57439
     -2.59870      1.35823      0.63705      0.72118
     -2.58870      1.68032      0.82009      0.86023
     -2.57870      1.56854      0.71595      0.85260
     -2.56870      1.42032      0.64778      0.77254
     -2.55870      1.18796      0.56762      0.62033
     -2.54870      1.25416      0.54686      0.70730
     -2.53870      1.97551      0.80196      1.17354
     -2.52870      2.40310      0.97768      1.42542
     -2.51870      2.25208      0.93843      1.31365
     -2.50870      2.18521      0.92229      1.26292
     -2.49870      2.04060      0.82240      1.21820
     -2.48870      1.78460      0.65674      1.12786
     -2.47870      1.89274      0.66833      1.22441
     -2.46870      2.56472      0.91901      1.64571
     -2.45870      2.78252      1.02348      1.75905
     -2.44870      2.16144      0.79581      1.36563
     -2.43870      1.61388      0.62674      0.98714
     -2.42870      1.47982      0.60390      0.87592
     -2.41870      1.52084      0.57525      0.94559
     -2.40870      1.63812      0.60871      1.02941
     -2.39870      1.72146      0.65503      1.06643
     -2.38870      2.12147      0.84610      1.27537
     -2.37870      2.99719      1.20570      1.79149
     -2.36870      3.25149      1.23437      2.01712
     -2.35870      2.96517      1.02144      1.94373
     -2.34870      3.42943      1.10869      2.32074
     -2.33870      4.87557      1.49152      3.38405
     -2.32870      6.36384      1.84471      4.51912
     -2.31870      6.37749      1.80589      4.57160
     -2.30870      5.87089      1.60367      4.26722
     -2.29870      5.48552      1.45861      4.02691
     -2.28870      5.00466      1.40389      3.60078
     -2.27870      5.18093      1.57446      3.60647
     -2.26870      4.99692      1.56985      3.42707
     -2.25870      4.38799      1.40367      2.98431
     -2.24870      4.24961      1.41125      2.83836
     -2.23870      3.70970      1.27910      2.43060
     -2.22870      2.89506      0.99787      1.89719
     -2.21870      3.04297      0.99071      2.05226
     -2.20870      3.51071      1.08128      2.42943
     -2.19870      3.34463      1.13204      2.21260
     -2.18870      3.46005      1.30344      2.15662
     -2.17870      4.12310      1.50234      2.62076
     -2.16870      4.64702      1.55891      3.08811
     -2.15870      4.43259      1.44569      2.98690
     -2.14870      3.73633      1.35445      2.38189
     -2.13870      3.13260      1.28424      1.84836
     -2.12870      3.05941      1.16996      1.88945
     -2.11870      3.29046      1.19559      2.09487
     -2.10870      2.95783      1.12289      1.83494
     -2.09870      2.75048      0.99694      1.75354
     -2.08870      3.17860      1.09430      2.08430
     -2.07870      3.39729      1.29533      2.10195
     -2.06870      3.58052      1.40787      2.17265
     -2.05870      3.13161      1.16588      1.96572
     -2.04870      2.49096      0.91688      1.57408
     -2.03870      2.91122      1.07100      1.84022
     -2.02870      3.94405      1.46460      2.47945
     -2.01870      3.70010      1.40875      2.29135
     -2.00870      2.60742      0.98556      1.62186
     -1.99870      2.88607      1.03320      1.85288
     -1.98870      4.33026      1.53472      2.79554
     -1.97870      4.65109      1.71080      2.94029
     -1.96870      3.59867      1.37220      2.22647
     -1.95870      3.33172      1.25166      2.08005
     -1.94870      3.65118      1.29846      2.35272
     -1.93870      3.44822      1.21794      2.23028
     -1.92870      3.25641      1.27965      1.97677
     -1.91870      3.13030      1.27889      1.85140
     -1.90870      2.98565      1.18497      1.80069
     -1.89870      3.28281      1.27018      2.01263
     -1.88870      3.59082      1.35651      2.23430
     -1.87870      3.66949      1.49507      2.17442
     -1.86870      3.51774      1.54975      1.96798
     -1.85870      3.48601      1.55705      1.92896
     -1.84870      3.62262      1.58826      2.03436
     -1.83870      3.34517      1.40100      1.94418
     -1.82870      3.90603      1.58247      2.32356
     -1.81870      5.36355      2.12275      3.24080
     -1.80870      5.47734      2.06179      3.41555
     -1.79870      3.90849      1.36193      2.54656
     -1.78870      2.75593      0.94169      1.81424
     -1.77870      2.70812      0.98567      1.72245
     -1.76870      2.82508      1.13066      1.69442
     -1.75870      2.59028      1.00989      1.58040
     -1.74870      2.12134      0.70051      1.42083
     -1.73870      1.95078      0.60474      1.34604
     -1.72870      2.05815      0.67005      1.38810
     -1.71870      1.99082      0.68313      1.30769
     -1.70870      1.83762      0.66531      1.17231
     -1.69870      2.49342      0.99593      1.49749
     -1.68870      4.53222      1.92941      2.60281
     -1.67870      5.60658      2.31966      3.28692
     -1.66870      4.78752      1.72099      3.06654
     -1.65870      3.86238      1.15135      2.71102
     -1.64870      3.06951      0.85500      2.21451
     -1.63870      2.19389      0.63662      1.55726
     -1.62870      1.85577      0.59695      1.25883
     -1.61870      2.10662      0.66454      1.44208
     -1.60870      2.13907      0.69591      1.44316
     -1.59870      2.05934      0.70736      1.35198
     -1.58870      1.85412      0.57383      1.28029
     -1.57870      1.72845      0.55798      1.17048
     -1.56870      1.81029      0.58343      1.22686
     -1.55870      2.00442      0.53351      1.47090
     -1.54870      2.25303      0.58662      1.66641
     -1.53870      2.56519      0.77967      1.78552
     -1.52870      2.77342      0.96047      1.81294
     -1.51870      3.00792      1.15503      1.85288
     -1.50870      2.87416      1.05271      1.82145
     -1.49870      2.30148      0.68160      1.61988
     -1.48870      1.99848      0.52604      1.47244
     -1.47870      1.88651      0.47534      1.41117
     -1.46870      2.11267      0.55255      1.56012
     -1.45870      2.18735      0.71048      1.47687
     -1.44870      2.19513      0.74239      1.45274
     -1.43870      2.22547      0.65734      1.56813
     -1.42870      2.44142      0.69443      1.74698
     -1.41870      2.36773      0.70669      1.66104
     -1.40870      2.23162      0.69343      1.53819
     -1.39870      2.44299      0.80117      1.64182
     -1.38870      2.45348      0.80144      1.65204
     -1.37870      2.29834      0.65892      1.63942
     -1.36870      2.15695      0.57480      1.58215
     -1.35870      2.52714      0.73119      1.79595
     -1.34870      3.32090      0.96464      2.35626
     -1.33870      3.38773      0.97808      2.40965
     -1.32870      2.86800      0.86282      2.00518
     -1.31870      2.84001      0.87026      1.96975
     -1.30870      3.56160      1.14687      2.41473
     -1.29870      4.52980      1.53284      2.99696
     -1.28870      4.59353      1.62591      2.96762
     -1.27870      3.13974      1.17342      1.96633
     -1.26870      1.48342      0.62303      0.86039
     -1.25870      0.69291      0.33703      0.35588
     -1.24870      0.47231      0.24540      0.22691
     -1.23870      0.44592      0.23101      0.21491
     -1.22870      0.49000      0.22545      0.26455
     -1.21870      0.59211      0.25394      0.33817
     -1.20870      0.70256      0.31785      0.38471
     -1.19870      0.77608      0.35442      0.42166
     -1.18870      0.56176      0.25130      0.31046
     -1.17870      0.39147      0.19845      0.19302
     -1.16870      0.36877      0.20164      0.16713
     -1.15870      0.36826      0.18048      0.18778
     -1.14870      0.47887      0.22555      0.25331
     -1.13870      0.42515      0.21260      0.21255
     -1.12870      0.36122      0.19105      0.17017
     -1.11870      0.39437      0.20612      0.18825
     -1.10870      0.47133      0.22393      0.24740
     -1.09870      0.66895      0.28829      0.38066
     -1.08870      0.86308      0.37048      0.49260
     -1.07870      1.30758      0.60507      0.70250
     -1.06870      1.90715      0.95721      0.94993
     -1.05870      1.81571      0.97419      0.84152
     -1.04870      1.24914      0.68353      0.56561
     -1.03870      0.99908      0.54955      0.44953
     -1.02870      0.75710      0.45053      0.30656
     -1.01870      0.79000      0.51071      0.27928
     -1.00870      1.21558      0.79101      0.42457
     -0.99870      1.13066      0.74987      0.38079
     -0.98870      0.73330      0.48301      0.25028
     -0.97870      0.87001      0.53928      0.33073
     -0.96870      1.18320      0.73659      0.44661
     -0.95870      1.36817      0.88039      0.48778
     -0.94870      1.62148      1.06076      0.56072
     -0.93870      1.70806      1.14422      0.56384
     -0.92870      1.52799      1.05838      0.46961
     -0.91870      1.54381      1.02437      0.51944
     -0.90870      2.04905      1.30524      0.74381
     -0.89870      1.84060      1.16102      0.67958
     -0.88870      1.42937      0.88706      0.54231
     -0.87870      2.06598      1.34450      0.72148
     -0.86870      2.90746      1.94113      0.96633
     -0.85870      2.94103      1.96150      0.97953
     -0.84870      2.63000      1.76000      0.87001
     -0.83870      2.38528      1.60306      0.78222
     -0.82870      2.16976      1.49573      0.67403
     -0.81870      2.50345      1.79797      0.70547
     -0.80870      3.47681      2.49430      0.98251
     -0.79870      4.18536      2.99241      1.19295
     -0.78870      4.33690      3.13039      1.20651
     -0.77870      4.58444      3.31643      1.26801
     -0.76870      4.42807      3.18668      1.24139
     -0.75870      4.03379      2.91512      1.11867
     -0.74870      3.76560      2.70768      1.05793
     -0.73870      3.46545      2.43250      1.03295
     -0.72870      3.41226      2.35934      1.05292
     -0.71870      3.22968      2.22887      1.00080
     -0.70870      3.00100      2.08756      0.91344
     -0.69870      3.09982      2.12955      0.97028
     -0.68870      3.21765      2.19506      1.02259
     -0.67870      3.11562      2.17238      0.94325
     -0.66870      2.73170      1.89969      0.83201
     -0.65870      2.38904      1.62969      0.75935
     -0.64870      2.53079      1.77176      0.75903
     -0.63870      2.82517      2.00679      0.81839
     -0.62870      2.56196      1.76921      0.79275
     -0.61870      2.36707      1.62129      0.74578
     -0.60870      2.92925      2.07158      0.85767
     -0.59870      3.04422      2.14594      0.89828
     -0.58870      2.40042      1.65426      0.74615
     -0.57870      2.27325      1.55105      0.72220
     -0.56870      2.65801      1.83229      0.82571
     -0.55870      2.60896      1.83780      0.77116
     -0.54870      2.07748      1.46762      0.60986
     -0.53870      2.09793      1.45344      0.64448
     -0.52870      2.58721      1.81229      0.77492
     -0.51870      2.98267      2.14812      0.83454
     -0.50870      2.82784      2.04942      0.77842
     -0.49870      2.38354      1.69823      0.68530
     -0.48870      2.24221      1.56999      0.67222
     -0.47870      2.33879      1.62799      0.71080
     -0.46870      2.54416      1.80193      0.74223
     -0.45870      2.33462      1.67670      0.65792
     -0.44870      2.09780      1.49481      0.60299
     -0.43870      2.36526      1.67025      0.69501
     -0.42870      2.66584      1.89566      0.77018
     -0.41870      3.04833      2.20657      0.84177
     -0.40870      3.43170      2.49683      0.93487
     -0.39870      3.28239      2.34779      0.93461
     -0.38870      2.95337      2.06776      0.88561
     -0.37870      2.38025      1.66142      0.71884
     -0.36870      1.60555      1.15062      0.45493
     -0.35870      1.29100      0.96483      0.32617
     -0.34870      1.13497      0.85905      0.27592
     -0.33870      0.98575      0.74126      0.24449
     -0.32870      1.06055      0.79440      0.26616
     -0.31870      1.08643      0.82235      0.26409
     -0.30870      1.08313      0.83962      0.24351
     -0.29870      1.32195      1.04004      0.28192
     -0.28870      1.39387      1.09162      0.30226
     -0.27870      0.84304      0.65433      0.18870
     -0.26870      0.47841      0.37065      0.10776
     -0.25870      0.72816      0.56806      0.16011
     -0.24870      0.98152      0.76936      0.21216
     -0.23870      0.98640      0.77822      0.20818
     -0.22870      0.73565      0.58329      0.15236
     -0.21870      0.52005      0.41335      0.10671
     -0.20870      0.59916      0.47733      0.12184
     -0.19870      0.77783      0.62348      0.15435
     -0.18870      1.05967      0.85477      0.20490
     -0.17870      1.13768      0.91923      0.21845
     -0.16870      0.77301      0.62316      0.14986
     -0.15870      0.38629      0.31090      0.07539
     -0.14870      0.40482      0.32872      0.07611
     -0.13870      0.66157      0.53845      0.12312
     -0.12870      0.61307      0.49968      0.11339
     -0.11870      0.45101      0.36877      0.08225
     -0.10870      0.50798      0.41605      0.09193
     -0.09870      0.72743      0.59703      0.13040
     -0.08870      0.87351      0.71855      0.15496
     -0.07870      0.61487      0.50687      0.10800
     -0.06870      0.32296      0.26681      0.05615
     -0.05870      0.37864      0.31339      0.06525
     -0.04870      0.49973      0.41417      0.08556
     -0.03870      0.50654      0.42047      0.08608
     -0.02870      0.53839      0.44760      0.09079
     -0.01870      0.49279      0.41026      0.08253
     -0.00870      0.34162      0.28478      0.05685
      0.00130      0.18832      0.15714      0.03118
      0.01130      0.06287      0.05248      0.01039
      0.02130      0.00907      0.00757      0.00150
      0.03130      0.00050      0.00042      0.00008
      0.04130      0.00001      0.00001      0.00000
      0.05130      0.00000      0.00000      0.00000
      0.06130      0.00000      0.00000      0.00000
      0.07130      0.00000      0.00000      0.00000
      0.08130      0.00000      0.00000      0.00000
      0.09130      0.00000      0.00000      0.00000
      0.10130      0.00000      0.00000      0.00000
      0.11130      0.00000      0.00000      0.00000
      0.12130      0.00000      0.00000      0.00000
      0.13130      0.00000      0.00000      0.00000
      0.14130      0.00000      0.00000      0.00000
      0.15130      0.00000      0.00000      0.00000
      0.16130      0.00000      0.00000      0.00000
      0.17130      0.00000      0.00000      0.00000
      0.18130      0.00000      0.00000      0.00000
      0.19130      0.00000      0.00000      0.00000
      0.20130      0.00000      0.00000      0.00000
      0.21130      0.00000      0.00000      0.00000
      0.22130      0.00000      0.00000      0.00000
      0.23130      0.00000      0.00000      0.00000
      0.24130      0.00000      0.00000      0.00000
      0.25130      0.00000      0.00000      0.00000
      0.26130      0.00000      0.00000      0.00000
      0.27130      0.00000      0.00000      0.00000
      0.28130      0.00000      0.00000      0.00000
      0.29130      0.00000      0.00000      0.00000
      0.30130      0.00000      0.00000      0.00000
      0.31130      0.00000      0.00000      0.00000
      0.32130      0.00000      0.00000      0.00000
      0.33130      0.00000      0.00000      0.00000
      0.34130      0.00000      0.00000      0.00000
      0.35130      0.00000      0.00000      0.00000
      0.36130      0.00000      0.00000      0.00000
      0.37130      0.00000      0.00000      0.00000
      0.38130      0.00000      0.00000      0.00000
      0.39130      0.00000      0.00000      0.00000
      0.40130      0.00000      0.00000      0.00000
      0.41130      0.00000      0.00000      0.00000
      0.42130      0.00000      0.00000      0.00000
      0.43130      0.00000      0.00000      0.00000
      0.44130      0.00000      0.00000      0.00000
      0.45130      0.00000      0.00000      0.00000
      0.46130      0.00000      0.00000      0.00000
      0.47130      0.00000      0.00000      0.00000
      0.48130      0.00000      0.00000      0.00000
      0.49130      0.00000      0.00000      0.00000
      0.50130      0.00000      0.00000      0.00000
      0.51130      0.00000      0.00000      0.00000
      0.52130      0.00000      0.00000      0.00000
      0.53130      0.00000      0.00000      0.00000
      0.54130      0.00000      0.00000      0.00000
      0.55130      0.00000      0.00000      0.00000
      0.56130      0.00000      0.00000      0.00000
      0.57130      0.00000      0.00000      0.00000
      0.58130      0.00000      0.00000      0.00000
      0.59130      0.00000      0.00000      0.00000
      0.60130      0.00000      0.00000      0.00000
      0.61130      0.00000      0.00000      0.00000
      0.62130      0.00000      0.00000      0.00000
      0.63130      0.00000      0.00000      0.00000
      0.64130      0.00000      0.00000      0.00000
      0.65130      0.00000      0.00000      0.00000
      0.66130      0.00000      0.00000      0.00000
      0.67130      0.00000      0.00000      0.00000
      0.68130      0.00000      0.00000      0.00000
      0.69130      0.00000      0.00000      0.00000
      0.70130      0.00000      0.00000      0.00000
      0.71130      0.00000      0.00000      0.00000
      0.72130      0.00000      0.00000      0.00000
      0.73130      0.00000      0.00000      0.00000
      0.74130      0.00000      0.00000      0.00000
      0.75130      0.00000      0.00000      0.00000
      0.76130      0.00000      0.00000      0.00000
      0.77130      0.00000      0.00000      0.00000
      0.78130      0.00000      0.00000      0.00000
      0.79130      0.00000      0.00000      0.00000
      0.80130      0.00000      0.00000      0.00000
      0.81130      0.00000      0.00000      0.00000
      0.82130      0.00000      0.00000      0.00000
      0.83130      0.00000      0.00000      0.00000
      0.84130      0.00000      0.00000      0.00000
      0.85130      0.00000      0.00000      0.00000
      0.86130      0.00000      0.00000      0.00000
      0.87130      0.00000      0.00000      0.00000
      0.88130      0.00000      0.00000      0.00000
      0.89130      0.00000      0.00000      0.00000
      0.90130      0.00000      0.00000      0.00000
      0.91130      0.00000      0.00000      0.00000
      0.92130      0.00000      0.00000      0.00000
      0.93130      0.00000      0.00000      0.00000
      0.94130      0.00000      0.00000      0.00000
      0.95130      0.00000      0.00000      0.00000
      0.96130      0.00000      0.00000      0.00000
      0.97130      0.00000      0.00000      0.00000
      0.98130      0.00000      0.00000      0.00000
      0.99130      0.00000      0.00000      0.00000
      1.00130      0.00000      0.00000      0.00000
      1.01130      0.00000      0.00000      0.00000
      1.02130      0.00000      0.00000      0.00000
      1.03130      0.00000      0.00000      0.00000
      1.04130      0.00000      0.00000      0.00000
      1.05130      0.00000      0.00000      0.00000
      1.06130      0.00000      0.00000      0.00000
      1.07130      0.00000      0.00000      0.00000
      1.08130      0.00000      0.00000      0.00000
      1.09130      0.00000      0.00000      0.00000
      1.10130      0.00000      0.00000      0.00000
      1.11130      0.00000      0.00000      0.00000
      1.12130      0.00000      0.00000      0.00000
      1.13130      0.00000      0.00000      0.00000
      1.14130      0.00000      0.00000      0.00000
      1.15130      0.00000      0.00000      0.00000
      1.16130      0.00000      0.00000      0.00000
      1.17130      0.00000      0.00000      0.00000
      1.18130      0.00000      0.00000      0.00000
      1.19130      0.00000      0.00000      0.00000
      1.20130      0.00000      0.00000      0.00000
      1.21130      0.00000      0.00000      0.00000
      1.22130      0.00000      0.00000      0.00000
      1.23130      0.00000      0.00000      0.00000
      1.24130      0.00000      0.00000      0.00000
      1.25130      0.00000      0.00000      0.00000
      1.26130      0.00000      0.00000      0.00000
      1.27130      0.00000      0.00000      0.00000
      1.28130      0.00000      0.00000      0.00000
      1.29130      0.00000      0.00000      0.00000
      1.30130      0.00000      0.00000      0.00000
      1.31130      0.00000      0.00000      0.00000
      1.32130      0.00000      0.00000      0.00000
      1.33130      0.00000      0.00000      0.00000
      1.34130      0.00000      0.00000      0.00000
      1.35130      0.00000      0.00000      0.00000
      1.36130      0.00000      0.00000      0.00000
      1.37130      0.00000      0.00000      0.00000
      1.38130      0.00000      0.00000      0.00000
      1.39130      0.00000      0.00000      0.00000
      1.40130      0.00000      0.00000      0.00000
      1.41130      0.00000      0.00000      0.00000
      1.42130      0.00000      0.00000      0.00000
      1.43130      0.00000      0.00000      0.00000
      1.44130      0.00000      0.00000      0.00000
      1.45130      0.00000      0.00000      0.00000
      1.46130      0.00000      0.00000      0.00000
      1.47130      0.00000      0.00000      0.00000
      1.48130      0.00000      0.00000      0.00000
      1.49130      0.00000      0.00000      0.00000
      1.50130      0.00000      0.00000      0.00000
      1.51130      0.00000      0.00000      0.00000
      1.52130      0.00000      0.00000      0.00000
      1.53130      0.00000      0.00000      0.00000
      1.54130      0.00000      0.00000      0.00000
      1.55130      0.00000      0.00000      0.00000
      1.56130      0.00000      0.00000      0.00000
      1.57130      0.00000      0.00000      0.00000
      1.58130      0.00000      0.00000      0.00000
      1.59130      0.00000      0.00000      0.00000
      1.60130      0.00000      0.00000      0.00000
      1.61130      0.00000      0.00000      0.00000
      1.62130      0.00000      0.00000      0.00000
      1.63130      0.00000      0.00000      0.00000
      1.64130      0.00000      0.00000      0.00000
      1.65130      0.00000      0.00000      0.00000
      1.66130      0.00000      0.00000      0.00000
      1.67130      0.00000      0.00000      0.00000
      1.68130      0.00000      0.00000      0.00000
      1.69130      0.00000      0.00000      0.00000
      1.70130      0.00000      0.00000      0.00000
      1.71130      0.00000      0.00000      0.00000
      1.72130      0.00000      0.00000      0.00000
      1.73130      0.00000      0.00000      0.00000
      1.74130      0.00000      0.00000      0.00000
      1.75130      0.00000      0.00000      0.00000
      1.76130      0.00000      0.00000      0.00000
      1.77130      0.00000      0.00000      0.00000
      1.78130      0.00000      0.00000      0.00000
      1.79130      0.00000      0.00000      0.00000
      1.80130      0.00000      0.00000      0.00000
      1.81130      0.00000      0.00000      0.00000
      1.82130      0.00000      0.00000      0.00000
      1.83130      0.00000      0.00000      0.00000
      1.84130      0.00000      0.00000      0.00000
      1.85130      0.00000      0.00000      0.00000
      1.86130      0.00000      0.00000      0.00000
      1.87130      0.00000      0.00000      0.00000
      1.88130      0.00000      0.00000      0.00000
      1.89130      0.00000      0.00000      0.00000
      1.90130      0.00000      0.00000      0.00000
      1.91130      0.00000      0.00000      0.00000
      1.92130      0.00000      0.00000      0.00000
      1.93130      0.00000      0.00000      0.00000
      1.94130      0.00000      0.00000      0.00000
      1.95130      0.00000      0.00000      0.00000
      1.96130      0.00000      0.00000      0.00000
      1.97130      0.00000      0.00000      0.00000
      1.98130      0.00000      0.00000      0.00000
      1.99130      0.00000      0.00000      0.00000
      2.00130      0.00000      0.00000      0.00000
      2.01130      0.00000      0.00000      0.00000
      2.02130      0.00000      0.00000      0.00000
      2.03130      0.00000      0.00000      0.00000
      2.04130      0.00000      0.00000      0.00000
      2.05130      0.00000      0.00000      0.00000
      2.06130      0.00000      0.00000      0.00000
      2.07130      0.00001      0.00001      0.00000
      2.08130      0.00067      0.00059      0.00009
      2.09130      0.01207      0.01054      0.00153
      2.10130      0.08814      0.07694      0.01120
      2.11130      0.28494      0.24863      0.03631
      2.12130      0.44808      0.39068      0.05741
      2.13130      0.44335      0.38325      0.06009
      2.14130      0.57436      0.46250      0.11186
      2.15130      1.12865      0.79630      0.33235
      2.16130      1.87535      1.21247      0.66288
      2.17130      2.29825      1.43141      0.86684
      2.18130      2.68663      1.68239      1.00424
      2.19130      2.65761      1.64831      1.00930
      2.20130      2.58541      1.57333      1.01208
      2.21130      2.90842      1.79145      1.11697
      2.22130      3.00738      1.88416      1.12322
      2.23130      3.02387      1.89988      1.12400
      2.24130      2.70483      1.70565      0.99918
      2.25130      2.35541      1.49298      0.86244
      2.26130      2.92477      1.82982      1.09496
      2.27130      3.95091      2.44462      1.50629
      2.28130      4.34686      2.68118      1.66568
      2.29130      3.92777      2.43293      1.49485
      2.30130      3.50323      2.20613      1.29710
      2.31130      3.31287      2.14961      1.16326
      2.32130      3.30759      2.14418      1.16340
      2.33130      3.67356      2.32028      1.35328
      2.34130      4.70815      2.94763      1.76052
      2.35130      5.90082      3.63641      2.26441
      2.36130      6.54888      3.97473      2.57415
      2.37130      6.36970      3.91849      2.45121
      2.38130      5.23280      3.37870      1.85409
      2.39130      4.56614      3.07900      1.48714
      2.40130      4.94474      3.36922      1.57552
      2.41130      5.85231      4.03297      1.81934
      2.42130      5.54082      3.80662      1.73420
      2.43130      4.65872      3.14719      1.51153
      2.44130      4.57247      3.08343      1.48905
      2.45130      4.42303      3.03806      1.38497
      2.46130      4.22889      2.96765      1.26123
      2.47130      4.52042      3.15259      1.36783
      2.48130      4.76913      3.31512      1.45402
      2.49130      4.38522      3.13382      1.25140
      2.50130      4.89032      3.76588      1.12444
      2.51130      7.15645      5.79652      1.35993
      2.52130      8.37285      6.83445      1.53840
      2.53130      6.71870      5.48924      1.22946
      2.54130      4.45325      3.62670      0.82656
      2.55130      3.29389      2.57362      0.72027
      2.56130      3.12485      2.27373      0.85111
      2.57130      2.98547      2.01433      0.97114
      2.58130      2.50335      1.65998      0.84337
      2.59130      1.94221      1.32878      0.61343
      2.60130      1.70931      1.18881      0.52050
      2.61130      1.72968      1.19515      0.53453
      2.62130      1.76093      1.15286      0.60807
      2.63130      2.19328      1.39108      0.80220
      2.64130      2.80251      1.78855      1.01396
      2.65130      2.92061      1.83755      1.08306
      2.66130      2.74220      1.71847      1.02373
      2.67130      2.57367      1.68927      0.88440
      2.68130      2.85141      1.94142      0.90998
      2.69130      3.35918      2.24020      1.11898
      2.70130      3.60092      2.39487      1.20605
      2.71130      4.28913      2.93454      1.35459
      2.72130      5.32677      3.62093      1.70584
      2.73130      6.18960      4.11589      2.07371
      2.74130      6.90514      4.62888      2.27626
      2.75130      6.74994      4.62792      2.12202
      2.76130      5.63790      3.94912      1.68878
      2.77130      5.48946      3.89774      1.59172
      2.78130      6.00258      4.23708      1.76550
      2.79130      5.98917      4.21045      1.77872
      2.80130      5.25770      3.77022      1.48748
      2.81130      4.57452      3.32436      1.25016
      2.82130      5.14749      3.59626      1.55124
      2.83130      5.92950      4.07032      1.85918
      2.84130      6.03308      4.29210      1.74098
      2.85130      5.74044      4.19885      1.54159
      2.86130      5.70310      4.06848      1.63462
      2.87130      6.25570      4.28421      1.97149
      2.88130      6.21397      4.20651      2.00746
      2.89130      5.62480      3.87767      1.74713
      2.90130      5.58431      3.88994      1.69436
      2.91130      5.19864      3.48992      1.70872
      2.92130      4.42924      2.79512      1.63412
      2.93130      4.05644      2.50638      1.55007
      2.94130      3.93955      2.42981      1.50974
      2.95130      3.99589      2.48172      1.51416
      2.96130      4.30346      2.74512      1.55834
      2.97130      5.17030      3.21680      1.95350
      2.98130      5.54035      3.25834      2.28201
      2.99130      4.99598      2.99366      2.00232
      3.00130      4.86613      3.07942      1.78671
      3.01130      4.33208      2.82996      1.50213
      3.02130      3.51008      2.28364      1.22644
      3.03130      3.27980      1.93917      1.34062
      3.04130      3.53107      2.02691      1.50416
      3.05130      3.22286      1.99762      1.22524
      3.06130      2.83996      1.81713      1.02283
      3.07130      2.79506      1.61341      1.18165
      3.08130      2.97957      1.57003      1.40954
      3.09130      3.06330      1.60573      1.45757
      3.10130      2.81377      1.57815      1.23562
      3.11130      2.41045      1.47576      0.93469
      3.12130      2.40652      1.46058      0.94595
      3.13130      3.10122      1.82333      1.27789
      3.14130      3.57821      2.15119      1.42702
      3.15130      3.15297      1.89448      1.25849
      3.16130      2.70601      1.59565      1.11036
      3.17130      2.58079      1.60386      0.97693
      3.18130      2.35722      1.47043      0.88680
      3.19130      2.60230      1.41341      1.18890
      3.20130      3.72854      1.88427      1.84428
      3.21130      3.59645      1.83722      1.75923
      3.22130      2.06895      1.06034      1.00861
      3.23130      1.43455      0.73620      0.69834
      3.24130      1.97499      1.09417      0.88081
      3.25130      2.71538      1.55053      1.16485
      3.26130      3.30165      1.83729      1.46436
      3.27130      3.86679      2.08759      1.77920
      3.28130      3.89425      2.08720      1.80705
      3.29130      4.04716      2.18752      1.85965
      3.30130      4.86329      2.62094      2.24235
      3.31130      5.03482      2.62308      2.41174
      3.32130      4.50721      2.28370      2.22351
      3.33130      4.25432      2.24614      2.00818
      3.34130      3.98470      2.21199      1.77271
      3.35130      3.09698      1.73739      1.35959
      3.36130      2.58279      1.38847      1.19433
      3.37130      2.85087      1.46959      1.38128
      3.38130      3.57719      1.82093      1.75627
      3.39130      4.23526      2.09962      2.13564
      3.40130      3.88760      1.86487      2.02273
      3.41130      2.86415      1.39202      1.47212
      3.42130      2.22555      1.13561      1.08993
      3.43130      2.32104      1.18876      1.13228
      3.44130      2.81156      1.38694      1.42462
      3.45130      3.62999      1.78717      1.84281
      3.46130      4.07013      2.13424      1.93589
      3.47130      3.58873      1.99748      1.59125
      3.48130      2.18009      1.18442      0.99567
      3.49130      1.77664      0.80951      0.96713
      3.50130      2.34939      1.08296      1.26643
      3.51130      2.21650      1.11783      1.09867
      3.52130      1.85437      0.98838      0.86600
      3.53130      1.93658      1.01622      0.92036
      3.54130      2.02196      1.07129      0.95067
      3.55130      1.84792      1.00057      0.84735
      3.56130      1.68064      0.92741      0.75323
      3.57130      1.65407      0.91038      0.74369
      3.58130      1.63854      0.84977      0.78876
      3.59130      1.72142      0.82644      0.89498
      3.60130      1.79701      0.84147      0.95554
      3.61130      1.52167      0.72735      0.79432
      3.62130      1.15417      0.57220      0.58197
      3.63130      1.24420      0.61813      0.62607
      3.64130      1.75760      0.88817      0.86942
      3.65130      2.00649      1.03463      0.97186
      3.66130      1.74787      0.87645      0.87142
      3.67130      1.58133      0.76886      0.81247
      3.68130      1.50318      0.75103      0.75215
      3.69130      1.24279      0.62655      0.61625
      3.70130      1.05638      0.49207      0.56431
      3.71130      0.91432      0.39658      0.51773
      3.72130      1.18814      0.54501      0.64313
      3.73130      1.87242      0.90301      0.96941
      3.74130      1.81781      0.91128      0.90653
      3.75130      1.38849      0.70179      0.68670
      3.76130      1.36078      0.65641      0.70437
      3.77130      1.28735      0.61292      0.67442
      3.78130      1.03736      0.50384      0.53352
      3.79130      1.04096      0.50607      0.53489
      3.80130      1.39937      0.70418      0.69519
      3.81130      1.91840      1.00417      0.91423
      3.82130      2.01555      1.02679      0.98877
      3.83130      1.51999      0.71306      0.80692
      3.84130      1.02858      0.44831      0.58027
      3.85130      1.09133      0.48984      0.60149
      3.86130      1.62964      0.75547      0.87416
      3.87130      1.72214      0.81505      0.90709
      3.88130      1.42146      0.68908      0.73238
      3.89130      1.36655      0.65919      0.70736
      3.90130      1.22688      0.58233      0.64456
      3.91130      1.30460      0.62650      0.67810
      3.92130      1.56155      0.74766      0.81389
      3.93130      1.31345      0.61344      0.70001
      3.94130      1.06288      0.50034      0.56254
      3.95130      1.26860      0.61400      0.65460
      3.96130      1.44267      0.71217      0.73050
      3.97130      1.28561      0.64493      0.64069
      3.98130      1.32623      0.64806      0.67816
      3.99130      1.46396      0.67219      0.79177
      4.00130      1.21617      0.54734      0.66882
      4.01130      1.08211      0.49946      0.58265
      4.02130      1.45084      0.69100      0.75985
      4.03130      1.62319      0.79705      0.82615
      4.04130      1.31703      0.64815      0.66888
      4.05130      1.24693      0.59575      0.65118
      4.06130      1.54442      0.73507      0.80935
      4.07130      1.94596      0.93611      1.00985
      4.08130      2.11392      1.02638      1.08754
      4.09130      1.76108      0.84654      0.91454
      4.10130      1.66075      0.78244      0.87830
      4.11130      1.86297      0.89815      0.96481
      4.12130      1.78102      0.87984      0.90118
      4.13130      1.61859      0.78996      0.82863
      4.14130      1.92191      0.92684      0.99507
      4.15130      2.04958      1.00129      1.04828
      4.16130      2.06073      1.00885      1.05188
      4.17130      1.81987      0.89478      0.92509
      4.18130      1.38010      0.69792      0.68218
      4.19130      1.29774      0.64809      0.64964
      4.20130      1.75124      0.83618      0.91506
      4.21130      2.15081      1.00047      1.15034
      4.22130      1.55713      0.71077      0.84636
      4.23130      0.89485      0.39743      0.49742
      4.24130      1.09651      0.48348      0.61303
      4.25130      1.50789      0.66633      0.84157
      4.26130      1.22581      0.53891      0.68690
      4.27130      0.66854      0.29088      0.37766
      4.28130      0.23099      0.09989      0.13110
      4.29130      0.07733      0.03412      0.04321
      4.30130      0.36764      0.16540      0.20225
      4.31130      1.33410      0.60012      0.73398
      4.32130      2.21625      0.99466      1.22158
      4.33130      2.17510      0.97403      1.20108
      4.34130      1.95854      0.88058      1.07797
      4.35130      1.74429      0.78960      0.95469
      4.36130      1.40651      0.64353      0.76298
      4.37130      1.41168      0.66082      0.75087
      4.38130      1.72169      0.82070      0.90098
      4.39130      2.23458      1.05852      1.17606
      4.40130      3.16519      1.47825      1.68694
      4.41130      3.79102      1.76227      2.02874
      4.42130      3.50538      1.62740      1.87798
      4.43130      2.91771      1.35833      1.55938
      4.44130      2.43865      1.14862      1.29003
      4.45130      2.25164      1.06360      1.18805
      4.46130      2.76870      1.29875      1.46994
      4.47130      4.50190      2.10706      2.39484
      4.48130      6.71576      3.16477      3.55099
      4.49130      7.18070      3.40847      3.77222
      4.50130      6.50359      3.08065      3.42294
      4.51130      6.22240      2.92440      3.29800
      4.52130      6.47197      3.04311      3.42886
      4.53130      6.48056      3.06874      3.41182
      4.54130      5.51730      2.63331      2.88399
      4.55130      5.11515      2.45527      2.65988
      4.56130      4.99374      2.41910      2.57464
      4.57130      4.03654      2.00181      2.03473
      4.58130      3.52340      1.80860      1.71480
      4.59130      3.38419      1.77976      1.60443
      4.60130      2.59542      1.37374      1.22168
      4.61130      1.60848      0.84660      0.76188
      4.62130      1.39986      0.73768      0.66218
      4.63130      1.66048      0.88001      0.78046
      4.64130      1.54195      0.82357      0.71839
      4.65130      1.41535      0.76366      0.65169
      4.66130      1.68489      0.91422      0.77067
      4.67130      2.16870      1.18050      0.98820
      4.68130      2.21782      1.21198      1.00583
      4.69130      1.89585      1.04452      0.85133
      4.70130      1.51383      0.84046      0.67337
      4.71130      1.09738      0.61035      0.48703
      4.72130      1.15205      0.64071      0.51134
      4.73130      1.14537      0.63811      0.50726
      4.74130      0.86403      0.48386      0.38017
      4.75130      0.95372      0.53744      0.41629
      4.76130      1.12262      0.63486      0.48776
      4.77130      1.30534      0.74030      0.56503
      4.78130      1.38776      0.78894      0.59882
      4.79130      1.23361      0.70346      0.53015
      4.80130      0.95703      0.54719      0.40984
      4.81130      0.78233      0.44819      0.33414
      4.82130      0.71225      0.40925      0.30300
      4.83130      0.89245      0.51475      0.37770
      4.84130      1.23227      0.71255      0.51972
      4.85130      1.22233      0.70836      0.51397
      4.86130      0.91549      0.53197      0.38352
      4.87130      0.83493      0.48687      0.34806
      4.88130      1.11510      0.65248      0.46262
      4.89130      1.29847      0.76166      0.53681
      4.90130      1.04933      0.61674      0.43259
      4.91130      0.61647      0.36293      0.25354
      4.92130      0.25195      0.14847      0.10348
      4.93130      0.05335      0.03145      0.02190
      4.94130      0.00467      0.00276      0.00192
      4.95130      0.00016      0.00009      0.00006
      4.96130      0.00000      0.00000      0.00000
      4.97130      0.00000      0.00000      0.00000
      4.98130      0.00000      0.00000      0.00000
      4.99130      0.00000      0.00000      0.00000
      5.00130      0.00000      0.00000      0.00000
      5.01130      0.00000      0.00000      0.00000
      5.02130      0.00000      0.00000      0.00000
      5.03130      0.00000      0.00000      0.00000
      5.04130      0.00000      0.00000      0.00000
      5.05130      0.00000      0.00000      0.00000
      5.06130      0.00000      0.00000      0.00000
      5.07130      0.00000      0.00000      0.00000
      5.08130      0.00000      0.00000      0.00000
      5.09130      0.00000      0.00000      0.00000
      5.10130      0.00000      0.00000      0.00000
      5.11130      0.00000      0.00000      0.00000
      5.12130      0.00000      0.00000      0.00000
      5.13130      0.00000      0.00000      0.00000
      5.14130      0.00000      0.00000      0.00000
      5.15130      0.00000      0.00000      0.00000
      5.16130      0.00000      0.00000      0.00000
      5.17130      0.00000      0.00000      0.00000
      5.18130      0.00000      0.00000      0.00000
      5.19130      0.00000      0.00000      0.00000
      5.20130      0.00000      0.00000      0.00000
      5.21130      0.00000      0.00000      0.00000
      5.22130      0.00000      0.00000      0.00000
      5.23130      0.00000      0.00000      0.00000
      5.24130      0.00000      0.00000      0.00000
      5.25130      0.00000      0.00000      0.00000
      5.26130      0.00000      0.00000      0.00000
      5.27130      0.00000      0.00000      0.00000
      5.28130      0.00000      0.00000      0.00000
      5.29130      0.00000      0.00000      0.00000
      5.30130      0.00000      0.00000      0.00000
      5.31130      0.00000      0.00000      0.00000
      5.32130      0.00000      0.00000      0.00000
      5.33130      0.00000      0.00000      0.00000
      5.34130      0.00000      0.00000      0.00000
      5.35130      0.00000      0.00000      0.00000
      5.36130      0.00000      0.00000      0.00000
      5.37130      0.00000      0.00000      0.00000
      5.38130      0.00000      0.00000      0.00000
      5.39130      0.00000      0.00000      0.00000
      5.40130      0.00000      0.00000      0.00000
      5.41130      0.00000      0.00000      0.00000
      5.42130      0.00000      0.00000      0.00000
      5.43130      0.00000      0.00000      0.00000
      5.44130      0.00000      0.00000      0.00000
      5.45130      0.00000      0.00000      0.00000
      5.46130      0.00000      0.00000      0.00000
      5.47130      0.00000      0.00000      0.00000
      5.48130      0.00000      0.00000      0.00000
      5.49130      0.00000      0.00000      0.00000
      5.50130      0.00000      0.00000      0.00000
      5.51130      0.00000      0.00000      0.00000
      5.52130      0.00000      0.00000      0.00000
      5.53130      0.00000      0.00000      0.00000
      5.54130      0.00000      0.00000      0.00000
      5.55130      0.00000      0.00000      0.00000
      5.56130      0.00000      0.00000      0.00000
      5.57130      0.00000      0.00000      0.00000
      5.58130      0.00000      0.00000      0.00000
      5.59130      0.00000      0.00000      0.00000
      5.60130      0.00000      0.00000      0.00000
      5.61130      0.00000      0.00000      0.00000
      5.62130      0.00000      0.00000      0.00000
      5.63130      0.00000      0.00000      0.00000
      5.64130      0.00000      0.00000      0.00000
      5.65130      0.00000      0.00000      0.00000
      5.66130      0.00000      0.00000      0.00000
      5.67130      0.00000      0.00000      0.00000
      5.68130      0.00000      0.00000      0.00000
      5.69130      0.00000      0.00000      0.00000
      5.70130      0.00000      0.00000      0.00000
      5.71130      0.00000      0.00000      0.00000
      5.72130      0.00000      0.00000      0.00000
      5.73130      0.00000      0.00000      0.00000
      5.74130      0.00000      0.00000      0.00000
      5.75130      0.00000      0.00000      0.00000
      5.76130      0.00000      0.00000      0.00000
      5.77130      0.00000      0.00000      0.00000
      5.78130      0.00000      0.00000      0.00000
      5.79130      0.00000      0.00000      0.00000
      5.80130      0.00000      0.00000      0.00000
      5.81130      0.00000      0.00000      0.00000
      5.82130      0.00000      0.00000      0.00000
      5.83130      0.00000      0.00000      0.00000
      5.84130      0.00000      0.00000      0.00000
      5.85130      0.00000      0.00000      0.00000
      5.86130      0.00000      0.00000      0.00000
      5.87130      0.00000      0.00000      0.00000
      5.88130      0.00000      0.00000      0.00000
      5.89130      0.00000      0.00000      0.00000
      5.90130      0.00000      0.00000      0.00000
      5.91130      0.00000      0.00000      0.00000
      5.92130      0.00000      0.00000      0.00000
      5.93130      0.00000      0.00000      0.00000
      5.94130      0.00000      0.00000      0.00000
      5.95130      0.00000      0.00000      0.00000
      5.96130      0.00000      0.00000      0.00000
      5.97130      0.00000      0.00000      0.00000
      5.98130      0.00000      0.00000      0.00000
      5.99130      0.00000      0.00000      0.00000
      6.00130      0.00000      0.00000      0.00000
      6.01130      0.00000      0.00000      0.00000
      6.02130      0.00000      0.00000      0.00000
      6.03130      0.00000      0.00000      0.00000
      6.04130      0.00000      0.00000      0.00000
      6.05130      0.00017      0.00027      0.00000
      6.06130      0.00414      0.00661      0.00000
      6.07130      0.03710      0.05929      0.00000
      6.08130      0.12247      0.19570      0.00000
      6.09130      0.14878      0.23773      0.00000
      6.10130      0.06840      0.10929      0.00000
      6.11130      0.03389      0.05404      0.00000
      6.12130      0.09927      0.15813      0.00000
      6.13130      0.15571      0.24803      0.00000
      6.14130      0.09043      0.14406      0.00000
      6.15130      0.01932      0.03078      0.00000
      6.16130      0.00152      0.00242      0.00000
      6.17130      0.00026      0.00041      0.00000
      6.18130      0.00594      0.00941      0.00000
      6.19130      0.06008      0.09525      0.00000
      6.20130      0.22368      0.35460      0.00000
      6.21130      0.30681      0.48637      0.00000
      6.22130      0.16280      0.25805      0.00000
      6.23130      0.08593      0.13595      0.00004
      6.24130      0.14802      0.23108      0.00131
      6.25130      0.17004      0.23037      0.01620
      6.26130      0.22366      0.17435      0.07518
      6.27130      0.32927      0.19671      0.13577
      6.28130      0.30755      0.17884      0.12887
      6.29130      0.32999      0.19259      0.13800
      6.30130      0.29247      0.18821      0.11495
      6.31130      0.22908      0.25344      0.04542
      6.32130      0.43606      0.54263      0.06108
      6.33130      0.79354      0.71689      0.22489
      6.34130      1.02656      0.67988      0.39492
      6.35130      0.87842      0.52082      0.36337
      6.36130      0.49013      0.28572      0.20467
      6.37130      0.24524      0.14276      0.10249
      6.38130      0.30234      0.17601      0.12640
      6.39130      0.35185      0.20893      0.14540
      6.40130      0.46456      0.31855      0.17397
      6.41130      0.76296      0.64498      0.23419
      6.42130      0.85023      0.80324      0.22506
      6.43130      0.66885      0.56947      0.20311
      6.44130      0.62130      0.45700      0.21894
      6.45130      0.76980      0.67011      0.22754
      6.46130      0.76606      0.74986      0.19139
      6.47130      0.47196      0.43878      0.12762
      6.48130      0.31308      0.26857      0.09394
      6.49130      0.64268      0.53354      0.20018
      6.50130      0.92704      0.75505      0.29502
      6.51130      0.82752      0.68120      0.26032
      6.52130      0.70563      0.52375      0.24599
      6.53130      0.84915      0.54914      0.33013
      6.54130      1.04556      0.71884      0.38825
      6.55130      0.86934      0.66345      0.29484
      6.56130      0.47587      0.38930      0.15033
      6.57130      0.25285      0.27439      0.05148
      6.58130      0.31645      0.33716      0.06706
      6.59130      0.53466      0.38920      0.18917
      6.60130      0.69975      0.42479      0.28306
      6.61130      0.75219      0.44501      0.30903
      6.62130      0.73586      0.46062      0.29160
      6.63130      0.64056      0.51616      0.20523
      6.64130      0.84295      0.77468      0.22975
      6.65130      0.88926      0.75215      0.26971
      6.66130      0.51310      0.37901      0.17870
      6.67130      0.15686      0.10714      0.05829
      6.68130      0.08517      0.09794      0.01491
      6.69130      0.32361      0.39331      0.04768
      6.70130      0.72753      0.83196      0.12908
      6.71130      0.98092      1.03634      0.20975
      6.72130      1.28144      1.06017      0.39724
      6.73130      1.55557      1.01366      0.59715
      6.74130      1.36463      0.81760      0.55404
      6.75130      1.04884      0.61991      0.42928
      6.76130      0.65623      0.38767      0.26860
      6.77130      0.34759      0.20735      0.14134
      6.78130      0.56581      0.35796      0.22094
      6.79130      0.93858      0.66119      0.33743
      6.80130      0.83520      0.70433      0.25117
      6.81130      0.52147      0.54607      0.11234
      6.82130      0.52588      0.53593      0.12010
      6.83130      0.66567      0.68774      0.14829
      6.84130      0.70816      0.74223      0.15301
      6.85130      0.66725      0.63453      0.17110
      6.86130      0.59910      0.51945      0.17448
      6.87130      0.50375      0.36517      0.17675
      6.88130      0.61123      0.37310      0.24432
      6.89130      0.92117      0.54669      0.37486
      6.90130      0.95178      0.56526      0.38654
      6.91130      0.57223      0.34121      0.23103
      6.92130      0.35965      0.21625      0.14340
      6.93130      0.45028      0.27105      0.17923
      6.94130      0.59023      0.35429      0.23594
      6.95130      0.80238      0.48009      0.32229
      6.96130      1.14303      0.68159      0.46145
      6.97130      1.39715      0.83171      0.56572
      6.98130      0.97271      0.58804      0.39005
      6.99130      0.70264      0.49142      0.25212
      7.00130      1.17063      0.95677      0.36115
      7.01130      1.40003      1.35252      0.34539
      7.02130      1.15392      1.27062      0.22022
      7.03130      0.71683      0.77330      0.14411
      7.04130      0.62351      0.55074      0.17657
      7.05130      1.14582      1.02140      0.31984
      7.06130      1.43011      1.47664      0.31424
      7.07130      1.13263      1.34691      0.17351
      7.08130      0.80003      0.88549      0.14851
      7.09130      0.62713      0.49844      0.19824
      7.10130      0.80566      0.49953      0.31516
