Energy-E_F (eV)    DOS (1/eV)    PDOS (1/eV)  of atom type Mo Se 
     -4.99000      3.44754      1.35006      2.09748
     -4.98000      3.27973      1.30998      1.96975
     -4.97000      2.85307      1.15655      1.69652
     -4.96000      2.30857      0.92873      1.37984
     -4.95000      2.64700      1.04079      1.60620
     -4.94000      3.89598      1.48454      2.41144
     -4.93000      4.81945      1.82018      2.99927
     -4.92000      4.76425      1.84664      2.91761
     -4.91000      4.52572      1.79044      2.73527
     -4.90000      4.07154      1.60362      2.46792
     -4.89000      3.73141      1.45839      2.27302
     -4.88000      3.56476      1.39288      2.17187
     -4.87000      3.75222      1.46484      2.28738
     -4.86000      4.08236      1.59504      2.48732
     -4.85000      3.59277      1.39408      2.19870
     -4.84000      2.97127      1.15043      1.82084
     -4.83000      2.88678      1.13520      1.75158
     -4.82000      3.75332      1.48640      2.26692
     -4.81000      4.81215      1.90479      2.90736
     -4.80000      4.98226      1.93910      3.04317
     -4.79000      4.44004      1.69113      2.74891
     -4.78000      3.68586      1.38702      2.29883
     -4.77000      3.40771      1.26801      2.13969
     -4.76000      4.18277      1.57455      2.60821
     -4.75000      4.91192      1.86367      3.04825
     -4.74000      4.57506      1.66606      2.90900
     -4.73000      4.66050      1.60121      3.05929
     -4.72000      4.90524      1.69146      3.21379
     -4.71000      4.80209      1.71049      3.09160
     -4.70000      5.52324      2.07034      3.45290
     -4.69000      6.47756      2.47897      3.99859
     -4.68000      6.24283      2.39686      3.84597
     -4.67000      5.10169      1.99078      3.11091
     -4.66000      4.39412      1.71693      2.67719
     -4.65000      4.39555      1.69077      2.70478
     -4.64000      4.30713      1.66296      2.64418
     -4.63000      3.83204      1.48686      2.34518
     -4.62000      3.74826      1.44264      2.30562
     -4.61000      4.25752      1.63536      2.62215
     -4.60000      4.03815      1.53949      2.49866
     -4.59000      3.16148      1.19724      1.96424
     -4.58000      2.45743      0.93516      1.52228
     -4.57000      2.18371      0.79907      1.38464
     -4.56000      1.77574      0.60861      1.16714
     -4.55000      1.26632      0.42062      0.84570
     -4.54000      1.23758      0.40636      0.83121
     -4.53000      1.59621      0.52454      1.07167
     -4.52000      1.83872      0.62426      1.21446
     -4.51000      1.66024      0.57718      1.08306
     -4.50000      1.03666      0.35055      0.68611
     -4.49000      0.65075      0.20098      0.44977
     -4.48000      0.62666      0.19152      0.43513
     -4.47000      0.74815      0.23786      0.51029
     -4.46000      1.11962      0.35303      0.76659
     -4.45000      1.30378      0.40080      0.90297
     -4.44000      0.95725      0.29970      0.65755
     -4.43000      0.70770      0.24291      0.46479
     -4.42000      0.90639      0.31116      0.59522
     -4.41000      0.97140      0.31701      0.65439
     -4.40000      0.71551      0.22701      0.48850
     -4.39000      0.72056      0.23417      0.48639
     -4.38000      0.84731      0.27312      0.57419
     -4.37000      1.04995      0.32687      0.72308
     -4.36000      1.19287      0.37045      0.82242
     -4.35000      0.82137      0.26390      0.55747
     -4.34000      0.65185      0.22487      0.42698
     -4.33000      0.95961      0.33228      0.62733
     -4.32000      1.32073      0.45241      0.86832
     -4.31000      1.15864      0.39146      0.76718
     -4.30000      0.55806      0.18470      0.37336
     -4.29000      0.36625      0.11660      0.24965
     -4.28000      0.58579      0.18072      0.40507
     -4.27000      0.92003      0.27694      0.64309
     -4.26000      1.04818      0.31976      0.72843
     -4.25000      0.86513      0.27978      0.58535
     -4.24000      0.61255      0.20528      0.40727
     -4.23000      0.38165      0.12647      0.25517
     -4.22000      0.58557      0.19154      0.39403
     -4.21000      0.94062      0.30928      0.63134
     -4.20000      0.75570      0.25063      0.50507
     -4.19000      0.37138      0.12344      0.24795
     -4.18000      0.39588      0.12787      0.26801
     -4.17000      0.91826      0.29211      0.62615
     -4.16000      1.34934      0.42277      0.92657
     -4.15000      0.97594      0.30268      0.67326
     -4.14000      0.45420      0.14763      0.30657
     -4.13000      0.38171      0.13362      0.24809
     -4.12000      0.48544      0.16687      0.31857
     -4.11000      0.89012      0.29770      0.59241
     -4.10000      1.11860      0.37366      0.74494
     -4.09000      0.80554      0.27278      0.53276
     -4.08000      0.49633      0.16919      0.32714
     -4.07000      0.33729      0.11270      0.22459
     -4.06000      0.48895      0.15528      0.33366
     -4.05000      1.00583      0.31239      0.69345
     -4.04000      1.06127      0.32643      0.73484
     -4.03000      0.48095      0.14777      0.33318
     -4.02000      0.20512      0.06778      0.13734
     -4.01000      0.45479      0.15596      0.29883
     -4.00000      0.70771      0.23831      0.46939
     -3.99000      0.71932      0.23384      0.48548
     -3.98000      0.65511      0.21094      0.44417
     -3.97000      0.40012      0.13204      0.26808
     -3.96000      0.28386      0.09578      0.18808
     -3.95000      0.38910      0.12892      0.26018
     -3.94000      0.60932      0.19235      0.41697
     -3.93000      1.18010      0.36775      0.81235
     -3.92000      1.38087      0.43562      0.94525
     -3.91000      0.86054      0.27887      0.58166
     -3.90000      0.39424      0.13068      0.26356
     -3.89000      0.36335      0.11499      0.24836
     -3.88000      0.69234      0.22013      0.47221
     -3.87000      1.02422      0.33308      0.69115
     -3.86000      1.52776      0.50035      1.02742
     -3.85000      2.63447      0.87477      1.75971
     -3.84000      4.95079      1.73859      3.21220
     -3.83000      8.29338      3.08419      5.20919
     -3.82000     10.79228      4.08540      6.70688
     -3.81000     10.64910      3.99517      6.65393
     -3.80000      9.45983      3.48786      5.97197
     -3.79000      8.34846      3.05909      5.28937
     -3.78000      7.41105      2.73745      4.67360
     -3.77000      6.91831      2.55814      4.36016
     -3.76000      6.87221      2.52335      4.34886
     -3.75000      7.06103      2.59159      4.46944
     -3.74000      7.16889      2.61709      4.55180
     -3.73000      6.86107      2.49492      4.36615
     -3.72000      6.16940      2.26767      3.90173
     -3.71000      6.02704      2.25694      3.77010
     -3.70000      5.93859      2.25234      3.68625
     -3.69000      5.49097      2.07713      3.41383
     -3.68000      5.14464      1.90327      3.24137
     -3.67000      5.11514      1.84596      3.26919
     -3.66000      5.21874      1.86915      3.34959
     -3.65000      4.45314      1.61407      2.83907
     -3.64000      3.54560      1.32048      2.22512
     -3.63000      3.41319      1.26312      2.15007
     -3.62000      3.37600      1.22215      2.15385
     -3.61000      3.26556      1.16494      2.10061
     -3.60000      3.22945      1.12423      2.10522
     -3.59000      2.78725      0.97618      1.81107
     -3.58000      2.16973      0.80071      1.36901
     -3.57000      2.18239      0.80622      1.37616
     -3.56000      2.41013      0.86209      1.54803
     -3.55000      2.78030      0.97540      1.80491
     -3.54000      2.89927      1.01628      1.88300
     -3.53000      2.22516      0.78210      1.44306
     -3.52000      1.32714      0.49217      0.83497
     -3.51000      0.98863      0.42557      0.56306
     -3.50000      1.03453      0.46035      0.57417
     -3.49000      1.16156      0.50088      0.66069
     -3.48000      1.22591      0.50812      0.71779
     -3.47000      1.05507      0.41141      0.64366
     -3.46000      0.59605      0.22346      0.37259
     -3.45000      0.36375      0.15658      0.20717
     -3.44000      0.53781      0.25048      0.28733
     -3.43000      0.85854      0.36466      0.49388
     -3.42000      1.34690      0.49890      0.84800
     -3.41000      1.70265      0.59941      1.10323
     -3.40000      1.79077      0.65451      1.13626
     -3.39000      1.97811      0.76602      1.21210
     -3.38000      1.91024      0.75309      1.15715
     -3.37000      1.29836      0.51492      0.78344
     -3.36000      0.88788      0.35198      0.53590
     -3.35000      1.06068      0.41062      0.65007
     -3.34000      1.20337      0.43651      0.76685
     -3.33000      0.93167      0.33100      0.60067
     -3.32000      0.62252      0.26331      0.35921
     -3.31000      0.66064      0.30759      0.35306
     -3.30000      1.09464      0.45128      0.64335
     -3.29000      1.81711      0.70780      1.10931
     -3.28000      2.08343      0.81464      1.26880
     -3.27000      1.91445      0.73748      1.17697
     -3.26000      1.52378      0.55461      0.96916
     -3.25000      1.10265      0.40428      0.69837
     -3.24000      0.84350      0.32101      0.52249
     -3.23000      0.88662      0.30780      0.57881
     -3.22000      0.98914      0.33313      0.65601
     -3.21000      0.76971      0.28621      0.48350
     -3.20000      0.81414      0.35988      0.45426
     -3.19000      1.18709      0.50812      0.67897
     -3.18000      1.15285      0.45970      0.69316
     -3.17000      1.41096      0.53066      0.88030
     -3.16000      2.58902      0.92797      1.66105
     -3.15000      3.49643      1.25104      2.24538
     -3.14000      3.32351      1.20524      2.11827
     -3.13000      2.91576      1.04023      1.87553
     -3.12000      2.89642      1.04518      1.85124
     -3.11000      3.51518      1.32085      2.19433
     -3.10000      4.23341      1.58255      2.65087
     -3.09000      3.82247      1.40498      2.41749
     -3.08000      3.04272      1.12858      1.91414
     -3.07000      3.20748      1.18133      2.02615
     -3.06000      3.94503      1.41428      2.53075
     -3.05000      4.22178      1.48115      2.74063
     -3.04000      4.10191      1.41538      2.68653
     -3.03000      4.15823      1.40438      2.75386
     -3.02000      5.32722      1.75227      3.57495
     -3.01000      6.60812      2.19277      4.41535
     -3.00000      6.67134      2.23307      4.43827
     -2.99000      6.23087      2.07177      4.15910
     -2.98000      5.59739      1.85918      3.73821
     -2.97000      4.81042      1.60682      3.20359
     -2.96000      4.45407      1.56125      2.89283
     -2.95000      4.09888      1.44390      2.65498
     -2.94000      3.35682      1.16835      2.18847
     -2.93000      3.05187      1.11135      1.94052
     -2.92000      3.70120      1.46064      2.24055
     -2.91000      4.43562      1.85520      2.58041
     -2.90000      3.74697      1.63011      2.11687
     -2.89000      2.72902      1.22769      1.50133
     -2.88000      2.52273      1.14470      1.37803
     -2.87000      3.02235      1.38081      1.64153
     -2.86000      3.90091      1.75965      2.14126
     -2.85000      3.89159      1.74181      2.14978
     -2.84000      2.75487      1.24316      1.51172
     -2.83000      2.40497      1.07838      1.32658
     -2.82000      3.04185      1.35886      1.68300
     -2.81000      3.55037      1.62796      1.92241
     -2.80000      3.65969      1.73634      1.92335
     -2.79000      3.49529      1.73053      1.76476
     -2.78000      3.23541      1.63102      1.60439
     -2.77000      3.05067      1.49102      1.55965
     -2.76000      3.40054      1.60300      1.79754
     -2.75000      3.38752      1.61090      1.77663
     -2.74000      2.36570      1.16825      1.19745
     -2.73000      1.83073      0.91228      0.91845
     -2.72000      1.93586      0.93140      1.00446
     -2.71000      2.44323      1.14726      1.29597
     -2.70000      3.36418      1.48772      1.87646
     -2.69000      3.62232      1.50272      2.11959
     -2.68000      3.02854      1.24670      1.78184
     -2.67000      2.49206      1.09603      1.39603
     -2.66000      2.03649      0.95664      1.07985
     -2.65000      1.92538      0.93783      0.98755
     -2.64000      2.39299      1.13306      1.25992
     -2.63000      2.92589      1.32261      1.60328
     -2.62000      2.18630      0.98851      1.19778
     -2.61000      1.19114      0.55563      0.63551
     -2.60000      1.21679      0.55130      0.66549
     -2.59000      1.45322      0.62747      0.82575
     -2.58000      1.28495      0.55869      0.72626
     -2.57000      1.52932      0.72963      0.79969
     -2.56000      2.37634      1.16446      1.21188
     -2.55000      2.77955      1.31979      1.45976
     -2.54000      2.33272      1.06233      1.27039
     -2.53000      1.46741      0.63554      0.83187
     -2.52000      1.18361      0.48105      0.70256
     -2.51000      1.12953      0.45380      0.67573
     -2.50000      1.37304      0.61788      0.75516
     -2.49000      2.16901      1.01154      1.15748
     -2.48000      2.23661      1.03399      1.20262
     -2.47000      1.60880      0.75087      0.85793
     -2.46000      1.38792      0.65111      0.73681
     -2.45000      1.56025      0.73676      0.82349
     -2.44000      1.77013      0.83274      0.93739
     -2.43000      2.06160      0.97232      1.08928
     -2.42000      1.80221      0.85044      0.95177
     -2.41000      1.18462      0.54244      0.64218
     -2.40000      1.03745      0.46281      0.57465
     -2.39000      1.09419      0.50182      0.59236
     -2.38000      1.24719      0.58662      0.66057
     -2.37000      1.25265      0.56296      0.68969
     -2.36000      1.11645      0.46306      0.65339
     -2.35000      1.76856      0.72842      1.04014
     -2.34000      2.89543      1.19325      1.70218
     -2.33000      2.95455      1.24674      1.70781
     -2.32000      2.28819      0.99318      1.29501
     -2.31000      1.77294      0.74039      1.03255
     -2.30000      1.45795      0.57459      0.88337
     -2.29000      1.12610      0.46810      0.65800
     -2.28000      0.96381      0.46496      0.49885
     -2.27000      1.09939      0.51770      0.58170
     -2.26000      1.15692      0.51572      0.64120
     -2.25000      1.04829      0.50065      0.54764
     -2.24000      1.27067      0.61827      0.65240
     -2.23000      1.81861      0.84973      0.96889
     -2.22000      1.75605      0.80740      0.94865
     -2.21000      1.29993      0.58081      0.71913
     -2.20000      1.32642      0.61988      0.70654
     -2.19000      1.55696      0.75926      0.79770
     -2.18000      1.52061      0.73123      0.78938
     -2.17000      1.81099      0.78760      1.02339
     -2.16000      2.21037      0.92132      1.28905
     -2.15000      1.90420      0.84118      1.06303
     -2.14000      1.64797      0.77350      0.87447
     -2.13000      1.99382      0.92051      1.07330
     -2.12000      2.33874      1.05573      1.28301
     -2.11000      2.21340      1.01824      1.19516
     -2.10000      1.89657      0.93495      0.96163
     -2.09000      1.56032      0.80320      0.75712
     -2.08000      1.75800      0.81993      0.93807
     -2.07000      2.56384      1.09608      1.46776
     -2.06000      2.71165      1.13576      1.57589
     -2.05000      2.28988      1.01120      1.27868
     -2.04000      2.16158      1.05862      1.10296
     -2.03000      2.20018      1.08769      1.11249
     -2.02000      2.04507      0.95336      1.09172
     -2.01000      1.88984      0.82138      1.06846
     -2.00000      2.67496      1.04738      1.62758
     -1.99000      4.12530      1.49204      2.63326
     -1.98000      4.50812      1.66301      2.84510
     -1.97000      3.85322      1.55508      2.29814
     -1.96000      3.33877      1.41242      1.92636
     -1.95000      3.03810      1.28148      1.75662
     -1.94000      2.74661      1.15180      1.59481
     -1.93000      2.74347      1.09974      1.64373
     -1.92000      3.09997      1.18553      1.91443
     -1.91000      3.32335      1.22055      2.10280
     -1.90000      3.86549      1.28256      2.58293
     -1.89000      5.39272      1.64773      3.74499
     -1.88000      7.32491      2.29077      5.03414
     -1.87000      7.96428      2.55193      5.41235
     -1.86000      6.91778      2.15411      4.76367
     -1.85000      5.09346      1.57557      3.51788
     -1.84000      4.25272      1.42372      2.82900
     -1.83000      4.40373      1.52711      2.87663
     -1.82000      4.86426      1.60985      3.25441
     -1.81000      5.18042      1.66906      3.51136
     -1.80000      4.31004      1.47825      2.83178
     -1.79000      3.82376      1.43931      2.38445
     -1.78000      3.75676      1.37604      2.38072
     -1.77000      2.84913      0.99698      1.85215
     -1.76000      2.52236      0.91486      1.60750
     -1.75000      3.76206      1.37249      2.38956
     -1.74000      4.97123      1.73297      3.23826
     -1.73000      4.90117      1.69197      3.20920
     -1.72000      4.01048      1.55767      2.45281
     -1.71000      3.37751      1.47026      1.90725
     -1.70000      3.49063      1.44253      2.04810
     -1.69000      4.27240      1.68498      2.58742
     -1.68000      4.46425      1.78941      2.67484
     -1.67000      4.34385      1.65098      2.69287
     -1.66000      4.95334      1.77744      3.17591
     -1.65000      5.24371      1.94164      3.30206
     -1.64000      5.35358      1.99851      3.35508
     -1.63000      5.22808      1.96404      3.26404
     -1.62000      4.29752      1.67451      2.62301
     -1.61000      3.26176      1.22753      2.03423
     -1.60000      2.64124      0.84542      1.79582
     -1.59000      2.35386      0.75793      1.59593
     -1.58000      2.20384      0.85094      1.35290
     -1.57000      2.96231      1.20957      1.75274
     -1.56000      4.26399      1.77131      2.49268
     -1.55000      4.37263      1.80349      2.56914
     -1.54000      3.14964      1.17434      1.97530
     -1.53000      2.22445      0.66672      1.55774
     -1.52000      2.13130      0.57337      1.55793
     -1.51000      2.43547      0.67931      1.75616
     -1.50000      2.89587      0.87632      2.01955
     -1.49000      2.91978      1.01171      1.90807
     -1.48000      3.02524      1.20581      1.81943
     -1.47000      3.23774      1.31242      1.92531
     -1.46000      3.07038      1.17137      1.89902
     -1.45000      2.95175      1.05884      1.89291
     -1.44000      2.83155      0.92916      1.90239
     -1.43000      2.39240      0.70830      1.68410
     -1.42000      2.18954      0.73420      1.45534
     -1.41000      2.56058      0.99529      1.56530
     -1.40000      2.75161      1.06465      1.68696
     -1.39000      2.29563      0.79610      1.49952
     -1.38000      2.04600      0.58351      1.46249
     -1.37000      2.55801      0.66826      1.88975
     -1.36000      2.96614      0.86083      2.10530
     -1.35000      2.71763      0.90427      1.81335
     -1.34000      2.32689      0.82063      1.50626
     -1.33000      2.26736      0.84858      1.41877
     -1.32000      2.39129      0.91172      1.47958
     -1.31000      2.69958      0.92005      1.77953
     -1.30000      3.04421      0.92807      2.11614
     -1.29000      2.72503      0.80575      1.91927
     -1.28000      1.98112      0.56302      1.41811
     -1.27000      1.59142      0.49579      1.09562
     -1.26000      1.81231      0.63551      1.17681
     -1.25000      1.69746      0.58708      1.11038
     -1.24000      1.89987      0.61705      1.28283
     -1.23000      2.78981      0.85491      1.93489
     -1.22000      3.12069      0.90758      2.21312
     -1.21000      2.62711      0.72753      1.89958
     -1.20000      1.79767      0.59024      1.20743
     -1.19000      1.38723      0.58506      0.80218
     -1.18000      1.37625      0.52764      0.84860
     -1.17000      1.98746      0.54268      1.44478
     -1.16000      2.79449      0.71891      2.07558
     -1.15000      2.49207      0.66774      1.82432
     -1.14000      1.70429      0.45971      1.24458
     -1.13000      1.42824      0.41725      1.01098
     -1.12000      1.67593      0.48945      1.18648
     -1.11000      1.86248      0.50245      1.36003
     -1.10000      2.34390      0.63871      1.70518
     -1.09000      2.70706      0.74569      1.96137
     -1.08000      2.36692      0.59551      1.77141
     -1.07000      1.75710      0.46110      1.29600
     -1.06000      1.85019      0.54768      1.30251
     -1.05000      2.43437      0.67565      1.75872
     -1.04000      2.69592      0.71703      1.97889
     -1.03000      2.79669      0.80351      1.99318
     -1.02000      2.85172      0.81844      2.03327
     -1.01000      2.35305      0.58037      1.77268
     -1.00000      1.87105      0.45054      1.42051
     -0.99000      2.88464      0.75971      2.12493
     -0.98000      3.86776      0.99351      2.87425
     -0.97000      3.47504      0.88306      2.59198
     -0.96000      3.11562      0.96163      2.15399
     -0.95000      3.40391      1.29134      2.11257
     -0.94000      3.29397      1.23501      2.05896
     -0.93000      2.85405      0.89858      1.95548
     -0.92000      2.91103      1.00127      1.90976
     -0.91000      3.17747      1.27012      1.90735
     -0.90000      2.95053      1.00544      1.94509
     -0.89000      2.75368      0.76670      1.98697
     -0.88000      3.03354      1.14010      1.89344
     -0.87000      3.38967      1.60476      1.78491
     -0.86000      2.84468      1.42693      1.41776
     -0.85000      1.89036      1.03751      0.85285
     -0.84000      1.57415      0.97216      0.60200
     -0.83000      1.60320      1.02921      0.57399
     -0.82000      1.92426      1.25078      0.67348
     -0.81000      2.46254      1.65529      0.80725
     -0.80000      2.82987      1.89314      0.93672
     -0.79000      2.92159      1.86777      1.05382
     -0.78000      2.83004      1.77861      1.05144
     -0.77000      2.69778      1.78355      0.91422
     -0.76000      3.29963      2.38398      0.91564
     -0.75000      4.17195      3.07621      1.09574
     -0.74000      4.54939      3.32274      1.22666
     -0.73000      4.35688      3.13812      1.21876
     -0.72000      3.89359      2.75893      1.13466
     -0.71000      3.52934      2.43047      1.09887
     -0.70000      3.87059      2.58419      1.28640
     -0.69000      3.82155      2.54155      1.28000
     -0.68000      3.38353      2.33539      1.04814
     -0.67000      3.25841      2.26390      0.99451
     -0.66000      2.95802      2.01192      0.94610
     -0.65000      2.63152      1.79092      0.84060
     -0.64000      2.48563      1.66061      0.82502
     -0.63000      2.85108      1.87072      0.98036
     -0.62000      4.17795      2.72154      1.45641
     -0.61000      4.30858      2.79598      1.51260
     -0.60000      2.56943      1.70585      0.86358
     -0.59000      1.91541      1.34036      0.57505
     -0.58000      2.62136      1.82211      0.79924
     -0.57000      2.83662      1.94235      0.89427
     -0.56000      2.45750      1.64423      0.81327
     -0.55000      2.71918      1.80722      0.91196
     -0.54000      3.34574      2.24060      1.10514
     -0.53000      3.29670      2.21390      1.08280
     -0.52000      2.63891      1.78050      0.85841
     -0.51000      2.26454      1.54794      0.71660
     -0.50000      2.41552      1.63138      0.78413
     -0.49000      2.78728      1.82759      0.95970
     -0.48000      2.86403      1.89835      0.96568
     -0.47000      2.64621      1.84612      0.80009
     -0.46000      2.71048      1.92252      0.78795
     -0.45000      3.02270      2.08252      0.94018
     -0.44000      3.09181      2.07557      1.01624
     -0.43000      2.46862      1.66875      0.79987
     -0.42000      2.15580      1.50793      0.64787
     -0.41000      2.64157      1.83480      0.80677
     -0.40000      2.69182      1.82711      0.86471
     -0.39000      2.04606      1.38413      0.66193
     -0.38000      2.44529      1.73414      0.71115
     -0.37000      3.65601      2.63468      1.02133
     -0.36000      3.67689      2.61824      1.05865
     -0.35000      2.65578      1.85278      0.80300
     -0.34000      2.09771      1.45250      0.64521
     -0.33000      2.31219      1.64017      0.67202
     -0.32000      2.74210      1.97550      0.76660
     -0.31000      2.50716      1.78720      0.71996
     -0.30000      2.32785      1.63556      0.69229
     -0.29000      2.64602      1.87929      0.76673
     -0.28000      3.31276      2.41447      0.89830
     -0.27000      3.64707      2.69180      0.95527
     -0.26000      2.76495      2.02131      0.74364
     -0.25000      1.54510      1.11848      0.42662
     -0.24000      1.01233      0.75358      0.25875
     -0.23000      1.02854      0.79193      0.23661
     -0.22000      1.12384      0.87975      0.24408
     -0.21000      1.04229      0.81763      0.22466
     -0.20000      0.97006      0.75772      0.21233
     -0.19000      0.93229      0.73307      0.19922
     -0.18000      0.99190      0.79260      0.19930
     -0.17000      1.22433      0.98678      0.23755
     -0.16000      1.13274      0.91343      0.21931
     -0.15000      0.75057      0.60291      0.14767
     -0.14000      0.58494      0.46961      0.11534
     -0.13000      0.65086      0.52693      0.12393
     -0.12000      0.74567      0.60686      0.13882
     -0.11000      0.63016      0.51355      0.11661
     -0.10000      0.54402      0.44475      0.09927
     -0.09000      0.76310      0.62620      0.13690
     -0.08000      0.98123      0.80696      0.17426
     -0.07000      0.70651      0.58190      0.12461
     -0.06000      0.38120      0.31481      0.06639
     -0.05000      0.46937      0.38865      0.08072
     -0.04000      0.56316      0.46697      0.09619
     -0.03000      0.58110      0.48274      0.09836
     -0.02000      0.57463      0.47813      0.09650
     -0.01000      0.42670      0.35552      0.07117
      0.00000      0.23354      0.19482      0.03873
      0.01000      0.08083      0.06747      0.01336
      0.02000      0.01296      0.01082      0.00214
      0.03000      0.00082      0.00068      0.00013
      0.04000      0.00002      0.00002      0.00000
      0.05000      0.00000      0.00000      0.00000
      0.06000      0.00000      0.00000      0.00000
      0.07000      0.00000      0.00000      0.00000
      0.08000      0.00000      0.00000      0.00000
      0.09000      0.00000      0.00000      0.00000
      0.10000      0.00000      0.00000      0.00000
      0.11000      0.00000      0.00000      0.00000
      0.12000      0.00000      0.00000      0.00000
      0.13000      0.00000      0.00000      0.00000
      0.14000      0.00000      0.00000      0.00000
      0.15000      0.00000      0.00000      0.00000
      0.16000      0.00000      0.00000      0.00000
      0.17000      0.00000      0.00000      0.00000
      0.18000      0.00000      0.00000      0.00000
      0.19000      0.00000      0.00000      0.00000
      0.20000      0.00000      0.00000      0.00000
      0.21000      0.00000      0.00000      0.00000
      0.22000      0.00000      0.00000      0.00000
      0.23000      0.00000      0.00000      0.00000
      0.24000      0.00000      0.00000      0.00000
      0.25000      0.00000      0.00000      0.00000
      0.26000      0.00000      0.00000      0.00000
      0.27000      0.00000      0.00000      0.00000
      0.28000      0.00000      0.00000      0.00000
      0.29000      0.00000      0.00000      0.00000
      0.30000      0.00000      0.00000      0.00000
      0.31000      0.00000      0.00000      0.00000
      0.32000      0.00000      0.00000      0.00000
      0.33000      0.00000      0.00000      0.00000
      0.34000      0.00000      0.00000      0.00000
      0.35000      0.00000      0.00000      0.00000
      0.36000      0.00000      0.00000      0.00000
      0.37000      0.00000      0.00000      0.00000
      0.38000      0.00000      0.00000      0.00000
      0.39000      0.00000      0.00000      0.00000
      0.40000      0.00000      0.00000      0.00000
      0.41000      0.00000      0.00000      0.00000
      0.42000      0.00000      0.00000      0.00000
      0.43000      0.00000      0.00000      0.00000
      0.44000      0.00000      0.00000      0.00000
      0.45000      0.00000      0.00000      0.00000
      0.46000      0.00000      0.00000      0.00000
      0.47000      0.00000      0.00000      0.00000
      0.48000      0.00000      0.00000      0.00000
      0.49000      0.00000      0.00000      0.00000
      0.50000      0.00000      0.00000      0.00000
      0.51000      0.00000      0.00000      0.00000
      0.52000      0.00000      0.00000      0.00000
      0.53000      0.00000      0.00000      0.00000
      0.54000      0.00000      0.00000      0.00000
      0.55000      0.00000      0.00000      0.00000
      0.56000      0.00000      0.00000      0.00000
      0.57000      0.00000      0.00000      0.00000
      0.58000      0.00000      0.00000      0.00000
      0.59000      0.00000      0.00000      0.00000
      0.60000      0.00000      0.00000      0.00000
      0.61000      0.00000      0.00000      0.00000
      0.62000      0.00000      0.00000      0.00000
      0.63000      0.00000      0.00000      0.00000
      0.64000      0.00000      0.00000      0.00000
      0.65000      0.00000      0.00000      0.00000
      0.66000      0.00000      0.00000      0.00000
      0.67000      0.00000      0.00000      0.00000
      0.68000      0.00000      0.00000      0.00000
      0.69000      0.00000      0.00000      0.00000
      0.70000      0.00000      0.00000      0.00000
      0.71000      0.00000      0.00000      0.00000
      0.72000      0.00000      0.00000      0.00000
      0.73000      0.00000      0.00000      0.00000
      0.74000      0.00000      0.00000      0.00000
      0.75000      0.00000      0.00000      0.00000
      0.76000      0.00000      0.00000      0.00000
      0.77000      0.00000      0.00000      0.00000
      0.78000      0.00000      0.00000      0.00000
      0.79000      0.00000      0.00000      0.00000
      0.80000      0.00000      0.00000      0.00000
      0.81000      0.00000      0.00000      0.00000
      0.82000      0.00000      0.00000      0.00000
      0.83000      0.00000      0.00000      0.00000
      0.84000      0.00000      0.00000      0.00000
      0.85000      0.00000      0.00000      0.00000
      0.86000      0.00000      0.00000      0.00000
      0.87000      0.00000      0.00000      0.00000
      0.88000      0.00000      0.00000      0.00000
      0.89000      0.00000      0.00000      0.00000
      0.90000      0.00000      0.00000      0.00000
      0.91000      0.00000      0.00000      0.00000
      0.92000      0.00000      0.00000      0.00000
      0.93000      0.00000      0.00000      0.00000
      0.94000      0.00000      0.00000      0.00000
      0.95000      0.00000      0.00000      0.00000
      0.96000      0.00000      0.00000      0.00000
      0.97000      0.00000      0.00000      0.00000
      0.98000      0.00000      0.00000      0.00000
      0.99000      0.00000      0.00000      0.00000
      1.00000      0.00000      0.00000      0.00000
      1.01000      0.00000      0.00000      0.00000
      1.02000      0.00000      0.00000      0.00000
      1.03000      0.00000      0.00000      0.00000
      1.04000      0.00000      0.00000      0.00000
      1.05000      0.00000      0.00000      0.00000
      1.06000      0.00000      0.00000      0.00000
      1.07000      0.00000      0.00000      0.00000
      1.08000      0.00000      0.00000      0.00000
      1.09000      0.00000      0.00000      0.00000
      1.10000      0.00000      0.00000      0.00000
      1.11000      0.00000      0.00000      0.00000
      1.12000      0.00000      0.00000      0.00000
      1.13000      0.00000      0.00000      0.00000
      1.14000      0.00000      0.00000      0.00000
      1.15000      0.00000      0.00000      0.00000
      1.16000      0.00000      0.00000      0.00000
      1.17000      0.00000      0.00000      0.00000
      1.18000      0.00000      0.00000      0.00000
      1.19000      0.00000      0.00000      0.00000
      1.20000      0.00000      0.00000      0.00000
      1.21000      0.00000      0.00000      0.00000
      1.22000      0.00000      0.00000      0.00000
      1.23000      0.00000      0.00000      0.00000
      1.24000      0.00000      0.00000      0.00000
      1.25000      0.00000      0.00000      0.00000
      1.26000      0.00000      0.00000      0.00000
      1.27000      0.00000      0.00000      0.00000
      1.28000      0.00000      0.00000      0.00000
      1.29000      0.00000      0.00000      0.00000
      1.30000      0.00000      0.00000      0.00000
      1.31000      0.00000      0.00000      0.00000
      1.32000      0.00000      0.00000      0.00000
      1.33000      0.00000      0.00000      0.00000
      1.34000      0.00000      0.00000      0.00000
      1.35000      0.00000      0.00000      0.00000
      1.36000      0.00000      0.00000      0.00000
      1.37000      0.00000      0.00000      0.00000
      1.38000      0.00000      0.00000      0.00000
      1.39000      0.00000      0.00000      0.00000
      1.40000      0.00000      0.00000      0.00000
      1.41000      0.00000      0.00000      0.00000
      1.42000      0.00009      0.00008      0.00001
      1.43000      0.00254      0.00222      0.00032
      1.44000      0.02762      0.02412      0.00350
      1.45000      0.11856      0.10353      0.01503
      1.46000      0.25046      0.21858      0.03187
      1.47000      0.38999      0.34006      0.04993
      1.48000      0.49131      0.42814      0.06317
      1.49000      0.49370      0.42989      0.06381
      1.50000      0.47484      0.41288      0.06196
      1.51000      0.46239      0.40169      0.06071
      1.52000      0.34445      0.29900      0.04546
      1.53000      0.33348      0.28836      0.04512
      1.54000      0.57074      0.49276      0.07799
      1.55000      0.76778      0.66337      0.10441
      1.56000      0.69458      0.60039      0.09419
      1.57000      0.54748      0.47241      0.07507
      1.58000      0.45389      0.39031      0.06358
      1.59000      0.46554      0.39947      0.06608
      1.60000      0.64945      0.55621      0.09324
      1.61000      0.58129      0.47924      0.10205
      1.62000      0.67760      0.46659      0.21100
      1.63000      1.63284      1.08590      0.54693
      1.64000      2.73324      1.82797      0.90527
      1.65000      3.05782      2.01324      1.04458
      1.66000      2.86731      1.83311      1.03421
      1.67000      2.76151      1.71728      1.04423
      1.68000      2.67378      1.70357      0.97021
      1.69000      2.75376      1.75097      1.00280
      1.70000      3.02764      1.86889      1.15875
      1.71000      3.02765      1.88443      1.14322
      1.72000      2.99203      1.90710      1.08494
      1.73000      3.40893      2.22205      1.18687
      1.74000      4.07285      2.65183      1.42102
      1.75000      4.19695      2.69678      1.50017
      1.76000      3.62484      2.36259      1.26225
      1.77000      3.34348      2.20503      1.13845
      1.78000      4.04716      2.59154      1.45562
      1.79000      4.56218      2.87286      1.68932
      1.80000      4.66956      2.97176      1.69780
      1.81000      5.20182      3.37042      1.83139
      1.82000      5.84998      3.82201      2.02797
      1.83000      6.30269      4.11343      2.18926
      1.84000      7.23399      4.69010      2.54389
      1.85000      7.91201      5.21616      2.69586
      1.86000      8.01520      5.45307      2.56213
      1.87000      8.61391      6.07714      2.53677
      1.88000     11.10165      8.29429      2.80737
      1.89000     14.73917     11.44463      3.29454
      1.90000     14.18223     11.12770      3.05453
      1.91000      8.03508      6.29110      1.74397
      1.92000      3.19772      2.36007      0.83765
      1.93000      1.87658      1.21493      0.66165
      1.94000      1.36639      0.82059      0.54580
      1.95000      1.05344      0.56830      0.48514
      1.96000      0.80365      0.39526      0.40839
      1.97000      0.57520      0.27364      0.30156
      1.98000      0.45182      0.22161      0.23021
      1.99000      0.69958      0.38385      0.31573
      2.00000      1.34016      0.78498      0.55518
      2.01000      1.76531      1.02060      0.74471
      2.02000      1.67895      0.94184      0.73710
      2.03000      1.56661      0.91128      0.65533
      2.04000      1.20954      0.74285      0.46669
      2.05000      1.17535      0.73403      0.44131
      2.06000      2.01143      1.28765      0.72379
      2.07000      2.58575      1.69819      0.88757
      2.08000      2.41390      1.59921      0.81468
      2.09000      2.40139      1.56085      0.84053
      2.10000      2.64605      1.72069      0.92536
      2.11000      3.09512      2.07378      1.02134
      2.12000      3.60109      2.44585      1.15523
      2.13000      3.89422      2.70124      1.19298
      2.14000      4.45307      3.16706      1.28601
      2.15000      5.45715      3.84846      1.60870
      2.16000      6.83889      4.81600      2.02289
      2.17000      8.97300      6.32376      2.64923
      2.18000     10.66454      7.48185      3.18269
      2.19000     10.41765      7.37787      3.03979
      2.20000      8.76618      6.27672      2.48946
      2.21000      6.86538      4.92083      1.94455
      2.22000      5.85081      4.15774      1.69307
      2.23000      5.48379      3.80362      1.68017
      2.24000      5.16685      3.49999      1.66686
      2.25000      4.96274      3.29990      1.66284
      2.26000      5.75825      3.82456      1.93368
      2.27000      6.78123      4.56994      2.21128
      2.28000      6.91137      4.67937      2.23201
      2.29000      6.61570      4.56535      2.05035
      2.30000      6.29742      4.43150      1.86592
      2.31000      5.66902      3.86922      1.79981
      2.32000      4.79640      3.07202      1.72438
      2.33000      3.73607      2.38859      1.34747
      2.34000      3.39583      2.21598      1.17985
      2.35000      4.50254      2.83708      1.66545
      2.36000      6.05587      3.68797      2.36790
      2.37000      6.22961      3.74309      2.48652
      2.38000      4.43198      2.68953      1.74245
      2.39000      2.62171      1.64508      0.97664
      2.40000      1.95840      1.23997      0.71842
      2.41000      2.45730      1.53101      0.92629
      2.42000      3.51329      2.19301      1.32028
      2.43000      3.70651      2.32615      1.38036
      2.44000      2.92432      1.84560      1.07873
      2.45000      2.61884      1.67717      0.94167
      2.46000      2.74998      1.73313      1.01686
      2.47000      2.88852      1.73044      1.15807
      2.48000      3.35290      1.95177      1.40113
      2.49000      4.43819      2.51237      1.92582
      2.50000      4.67145      2.63879      2.03266
      2.51000      3.16145      1.80004      1.36140
      2.52000      2.12839      1.23817      0.89022
      2.53000      1.96349      1.21345      0.75004
      2.54000      2.17634      1.32967      0.84667
      2.55000      2.55770      1.44548      1.11221
      2.56000      2.76318      1.51942      1.24377
      2.57000      2.76323      1.55831      1.20493
      2.58000      3.17370      1.83530      1.33840
      2.59000      3.15117      1.82318      1.32799
      2.60000      2.86872      1.59467      1.27405
      2.61000      3.10028      1.61894      1.48134
      2.62000      3.75309      1.89204      1.86105
      2.63000      4.37553      2.29383      2.08170
      2.64000      4.04066      2.28750      1.75316
      2.65000      4.14388      2.34876      1.79512
      2.66000      5.97475      3.24700      2.72776
      2.67000      6.51663      3.51077      3.00587
      2.68000      4.68621      2.46624      2.21997
      2.69000      3.50352      1.78187      1.72165
      2.70000      2.92716      1.53052      1.39664
      2.71000      2.44943      1.35129      1.09813
      2.72000      2.85674      1.57251      1.28423
      2.73000      3.51779      1.87279      1.64499
      2.74000      3.80654      1.87935      1.92718
      2.75000      3.81569      1.82866      1.98704
      2.76000      3.16692      1.61499      1.55193
      2.77000      2.52927      1.34562      1.18365
      2.78000      2.30884      1.20525      1.10358
      2.79000      2.32585      1.22095      1.10490
      2.80000      2.58030      1.41932      1.16099
      2.81000      2.97951      1.65532      1.32419
      2.82000      2.69853      1.47002      1.22851
      2.83000      2.53954      1.35639      1.18315
      2.84000      3.16701      1.62366      1.54335
      2.85000      3.85385      1.90294      1.95091
      2.86000      3.70895      1.79160      1.91735
      2.87000      2.76563      1.36195      1.40369
      2.88000      1.74577      0.90582      0.83995
      2.89000      1.63018      0.82033      0.80986
      2.90000      1.94756      0.94746      1.00010
      2.91000      1.85908      0.91586      0.94322
      2.92000      1.97301      0.96670      1.00631
      2.93000      2.85230      1.41802      1.43428
      2.94000      3.58563      1.81341      1.77222
      2.95000      3.05474      1.51649      1.53824
      2.96000      1.89922      0.90491      0.99431
      2.97000      1.35915      0.64019      0.71896
      2.98000      1.62805      0.78639      0.84166
      2.99000      1.95419      0.98030      0.97389
      3.00000      1.99703      0.99737      0.99966
      3.01000      2.45278      1.18971      1.26307
      3.02000      3.25945      1.60020      1.65924
      3.03000      3.85806      1.92609      1.93197
      3.04000      3.26605      1.61695      1.64910
      3.05000      1.60348      0.77633      0.82716
      3.06000      0.70049      0.31742      0.38306
      3.07000      0.66090      0.29148      0.36942
      3.08000      0.82902      0.40009      0.42893
      3.09000      1.10813      0.54536      0.56276
      3.10000      1.21300      0.58730      0.62570
      3.11000      1.05935      0.52298      0.53637
      3.12000      1.35778      0.67300      0.68478
      3.13000      1.83242      0.87272      0.95970
      3.14000      1.71570      0.79477      0.92093
      3.15000      1.21182      0.55813      0.65369
      3.16000      0.95209      0.45146      0.50063
      3.17000      0.97608      0.48537      0.49071
      3.18000      1.24798      0.61584      0.63214
      3.19000      1.70138      0.82709      0.87429
      3.20000      1.83677      0.91766      0.91911
      3.21000      1.66543      0.85242      0.81300
      3.22000      1.30844      0.64426      0.66419
      3.23000      1.02978      0.48973      0.54004
      3.24000      1.10454      0.53829      0.56625
      3.25000      1.53512      0.71944      0.81569
      3.26000      1.58844      0.70590      0.88254
      3.27000      1.20574      0.53635      0.66940
      3.28000      1.15685      0.55485      0.60200
      3.29000      1.13328      0.55745      0.57582
      3.30000      0.86230      0.42235      0.43996
      3.31000      1.09128      0.52926      0.56202
      3.32000      1.53022      0.71867      0.81155
      3.33000      1.38760      0.65130      0.73630
      3.34000      1.07221      0.53030      0.54191
      3.35000      1.25082      0.63171      0.61911
      3.36000      1.59362      0.80617      0.78745
      3.37000      1.58971      0.80244      0.78727
      3.38000      1.54995      0.73034      0.81961
      3.39000      1.60067      0.69872      0.90195
      3.40000      1.39820      0.61612      0.78207
      3.41000      1.30733      0.61483      0.69251
      3.42000      1.36301      0.66705      0.69596
      3.43000      1.40917      0.70606      0.70311
      3.44000      1.38810      0.68322      0.70488
      3.45000      1.45199      0.67782      0.77417
      3.46000      1.39117      0.65156      0.73961
      3.47000      1.34889      0.66963      0.67926
      3.48000      1.44070      0.72773      0.71297
      3.49000      1.33744      0.67875      0.65869
      3.50000      1.31709      0.66015      0.65695
      3.51000      1.97088      0.92743      1.04345
      3.52000      2.75031      1.27827      1.47204
      3.53000      2.53803      1.21820      1.31983
      3.54000      2.01722      1.00525      1.01197
      3.55000      1.62180      0.82688      0.79492
      3.56000      1.35640      0.68872      0.66768
      3.57000      1.73806      0.85281      0.88525
      3.58000      1.87585      0.90238      0.97347
      3.59000      1.08689      0.50972      0.57717
      3.60000      0.49366      0.21898      0.27468
      3.61000      0.28096      0.12104      0.15992
      3.62000      0.61165      0.26668      0.34497
      3.63000      1.68500      0.73665      0.94835
      3.64000      2.12450      0.92908      1.19543
      3.65000      1.28632      0.56105      0.72527
      3.66000      0.51866      0.22472      0.29394
      3.67000      0.44913      0.19535      0.25378
      3.68000      0.85334      0.37500      0.47834
      3.69000      1.15993      0.51238      0.64755
      3.70000      0.95074      0.41984      0.53090
      3.71000      0.52695      0.23215      0.29479
      3.72000      0.77353      0.34267      0.43086
      3.73000      1.75705      0.78189      0.97516
      3.74000      2.31906      1.03835      1.28071
      3.75000      1.96165      0.88351      1.07814
      3.76000      1.44279      0.64871      0.79408
      3.77000      1.55186      0.70205      0.84981
      3.78000      2.10578      0.97072      1.13507
      3.79000      2.31282      1.07779      1.23503
      3.80000      2.27093      1.05313      1.21779
      3.81000      2.76474      1.26952      1.49522
      3.82000      3.17165      1.46355      1.70810
      3.83000      3.33447      1.55504      1.77944
      3.84000      3.33750      1.56295      1.77455
      3.85000      3.11673      1.45784      1.65889
      3.86000      3.60150      1.68563      1.91587
      3.87000      4.32228      2.03384      2.28844
      3.88000      5.34773      2.52793      2.81980
      3.89000      7.07193      3.33920      3.73273
      3.90000      8.31123      3.91791      4.39332
      3.91000      7.77575      3.66760      4.10815
      3.92000      6.15454      2.92853      3.22601
      3.93000      5.14913      2.48480      2.66433
      3.94000      5.09686      2.46847      2.62839
      3.95000      4.97353      2.41397      2.55956
      3.96000      4.15453      2.02123      2.13330
      3.97000      3.69740      1.79357      1.90383
      3.98000      4.10153      2.01568      2.08584
      3.99000      4.67994      2.37326      2.30668
      4.00000      4.03970      2.09007      1.94963
      4.01000      2.32566      1.21114      1.11452
      4.02000      1.54473      0.80996      0.73478
      4.03000      1.83208      0.97386      0.85822
      4.04000      2.06877      1.11131      0.95746
      4.05000      1.70594      0.92060      0.78534
      4.06000      1.45731      0.78753      0.66978
      4.07000      1.57414      0.85522      0.71891
      4.08000      1.70914      0.93766      0.77148
      4.09000      1.95705      1.08275      0.87431
      4.10000      1.74075      0.96526      0.77549
      4.11000      1.11921      0.62084      0.49837
      4.12000      1.05952      0.58895      0.47058
      4.13000      1.13383      0.63281      0.50102
      4.14000      1.09576      0.61513      0.48063
      4.15000      1.02520      0.57760      0.44760
      4.16000      0.93661      0.52885      0.40777
      4.17000      1.09972      0.62318      0.47654
      4.18000      1.35048      0.76769      0.58278
      4.19000      1.25792      0.71725      0.54067
      4.20000      0.94880      0.54251      0.40629
      4.21000      0.81615      0.46750      0.34865
      4.22000      0.73152      0.42017      0.31136
      4.23000      0.86288      0.49741      0.36547
      4.24000      0.97970      0.56568      0.41402
      4.25000      0.88994      0.51498      0.37496
      4.26000      0.87829      0.50988      0.36841
      4.27000      0.90688      0.52763      0.37924
      4.28000      0.80750      0.47076      0.33674
      4.29000      0.77233      0.45135      0.32098
      4.30000      0.75896      0.44452      0.31445
      4.31000      0.77235      0.45346      0.31888
      4.32000      0.78399      0.46119      0.32279
      4.33000      0.63953      0.37680      0.26273
      4.34000      0.36054      0.21267      0.14787
      4.35000      0.11517      0.06798      0.04719
      4.36000      0.01738      0.01026      0.00712
      4.37000      0.00109      0.00065      0.00045
      4.38000      0.00003      0.00002      0.00001
      4.39000      0.00000      0.00000      0.00000
      4.40000      0.00000      0.00000      0.00000
      4.41000      0.00000      0.00000      0.00000
      4.42000      0.00000      0.00000      0.00000
      4.43000      0.00000      0.00000      0.00000
      4.44000      0.00000      0.00000      0.00000
      4.45000      0.00000      0.00000      0.00000
      4.46000      0.00000      0.00000      0.00000
      4.47000      0.00000      0.00000      0.00000
      4.48000      0.00000      0.00000      0.00000
      4.49000      0.00000      0.00000      0.00000
      4.50000      0.00000      0.00000      0.00000
      4.51000      0.00000      0.00000      0.00000
      4.52000      0.00000      0.00000      0.00000
      4.53000      0.00000      0.00000      0.00000
      4.54000      0.00000      0.00000      0.00000
      4.55000      0.00000      0.00000      0.00000
      4.56000      0.00000      0.00000      0.00000
      4.57000      0.00000      0.00000      0.00000
      4.58000      0.00000      0.00000      0.00000
      4.59000      0.00000      0.00000      0.00000
      4.60000      0.00000      0.00000      0.00000
      4.61000      0.00000      0.00000      0.00000
      4.62000      0.00000      0.00000      0.00000
      4.63000      0.00000      0.00000      0.00000
      4.64000      0.00000      0.00000      0.00000
      4.65000      0.00000      0.00000      0.00000
      4.66000      0.00000      0.00000      0.00000
      4.67000      0.00000      0.00000      0.00000
      4.68000      0.00000      0.00000      0.00000
      4.69000      0.00000      0.00000      0.00000
      4.70000      0.00000      0.00000      0.00000
      4.71000      0.00000      0.00000      0.00000
      4.72000      0.00000      0.00000      0.00000
      4.73000      0.00000      0.00000      0.00000
      4.74000      0.00000      0.00000      0.00000
      4.75000      0.00000      0.00000      0.00000
      4.76000      0.00000      0.00000      0.00000
      4.77000      0.00000      0.00000      0.00000
      4.78000      0.00000      0.00000      0.00000
      4.79000      0.00000      0.00000      0.00000
      4.80000      0.00000      0.00000      0.00000
      4.81000      0.00000      0.00000      0.00000
      4.82000      0.00000      0.00000      0.00000
      4.83000      0.00000      0.00000      0.00000
      4.84000      0.00000      0.00000      0.00000
      4.85000      0.00000      0.00000      0.00000
      4.86000      0.00000      0.00000      0.00000
      4.87000      0.00000      0.00000      0.00000
      4.88000      0.00000      0.00000      0.00000
      4.89000      0.00000      0.00000      0.00000
      4.90000      0.00000      0.00000      0.00000
      4.91000      0.00000      0.00000      0.00000
      4.92000      0.00000      0.00000      0.00000
      4.93000      0.00000      0.00000      0.00000
      4.94000      0.00000      0.00000      0.00000
      4.95000      0.00000      0.00000      0.00000
      4.96000      0.00000      0.00000      0.00000
      4.97000      0.00000      0.00000      0.00000
      4.98000      0.00000      0.00000      0.00000
      4.99000      0.00000      0.00000      0.00000
      5.00000      0.00000      0.00000      0.00000
      5.01000      0.00000      0.00000      0.00000
      5.02000      0.00000      0.00000      0.00000
      5.03000      0.00000      0.00000      0.00000
      5.04000      0.00000      0.00000      0.00000
      5.05000      0.00000      0.00000      0.00000
      5.06000      0.00000      0.00000      0.00000
      5.07000      0.00000      0.00000      0.00000
      5.08000      0.00000      0.00000      0.00000
      5.09000      0.00000      0.00000      0.00000
      5.10000      0.00000      0.00000      0.00000
      5.11000      0.00000      0.00000      0.00000
      5.12000      0.00000      0.00000      0.00000
      5.13000      0.00000      0.00000      0.00000
      5.14000      0.00000      0.00000      0.00000
      5.15000      0.00000      0.00000      0.00000
      5.16000      0.00000      0.00000      0.00000
      5.17000      0.00000      0.00000      0.00000
      5.18000      0.00000      0.00000      0.00000
      5.19000      0.00000      0.00000      0.00000
      5.20000      0.00000      0.00000      0.00000
      5.21000      0.00000      0.00000      0.00000
      5.22000      0.00000      0.00000      0.00000
      5.23000      0.00000      0.00000      0.00000
      5.24000      0.00000      0.00000      0.00000
      5.25000      0.00000      0.00000      0.00000
      5.26000      0.00000      0.00000      0.00000
      5.27000      0.00000      0.00000      0.00000
      5.28000      0.00000      0.00000      0.00000
      5.29000      0.00000      0.00000      0.00000
      5.30000      0.00000      0.00000      0.00000
      5.31000      0.00000      0.00000      0.00000
      5.32000      0.00000      0.00000      0.00000
      5.33000      0.00000      0.00000      0.00000
      5.34000      0.00000      0.00000      0.00000
      5.35000      0.00000      0.00000      0.00000
      5.36000      0.00000      0.00000      0.00000
      5.37000      0.00000      0.00000      0.00000
      5.38000      0.00000      0.00000      0.00000
      5.39000      0.00000      0.00000      0.00000
      5.40000      0.00000      0.00000      0.00000
      5.41000      0.00000      0.00000      0.00000
      5.42000      0.00000      0.00000      0.00000
      5.43000      0.00000      0.00000      0.00000
      5.44000      0.00000      0.00000      0.00000
      5.45000      0.00000      0.00000      0.00000
      5.46000      0.00000      0.00000      0.00000
      5.47000      0.00000      0.00000      0.00000
      5.48000      0.00000      0.00000      0.00000
      5.49000      0.00000      0.00000      0.00000
      5.50000      0.00002      0.00003      0.00000
      5.51000      0.00078      0.00125      0.00000
      5.52000      0.01230      0.01966      0.00000
      5.53000      0.07104      0.11351      0.00000
      5.54000      0.15092      0.24116      0.00000
      5.55000      0.11841      0.18920      0.00000
      5.56000      0.04250      0.06787      0.00000
      5.57000      0.06148      0.09795      0.00000
      5.58000      0.14357      0.22871      0.00000
      5.59000      0.13074      0.20826      0.00000
      5.60000      0.04384      0.06983      0.00000
      5.61000      0.00542      0.00862      0.00001
      5.62000      0.00113      0.00093      0.00036
      5.63000      0.01799      0.01171      0.00702
      5.64000      0.14831      0.10732      0.05336
      5.65000      0.52788      0.43747      0.16674
      5.66000      0.85025      0.79115      0.23243
      5.67000      0.63382      0.61780      0.16154
      5.68000      0.40489      0.32903      0.13053
      5.69000      0.65718      0.47648      0.23577
      5.70000      0.69756      0.56107      0.22706
      5.71000      0.31831      0.28823      0.09012
      5.72000      0.19438      0.13826      0.07079
      5.73000      0.52418      0.30718      0.21833
      5.74000      0.85087      0.49632      0.35530
      5.75000      0.73651      0.44932      0.29922
      5.76000      0.66193      0.51397      0.22268
      5.77000      0.82089      0.77219      0.21940
      5.78000      0.67265      0.63924      0.17687
      5.79000      0.38455      0.30058      0.12831
      5.80000      0.50376      0.30222      0.20658
      5.81000      0.70469      0.41122      0.29368
      5.82000      0.59009      0.34443      0.24566
      5.83000      0.31755      0.18557      0.13199
      5.84000      0.13672      0.08057      0.05654
      5.85000      0.21002      0.13602      0.08177
      5.86000      0.42664      0.34858      0.13571
      5.87000      0.61135      0.62895      0.13990
      5.88000      0.91157      0.81428      0.26029
      5.89000      1.31082      0.94481      0.46907
      5.90000      1.45731      1.11363      0.49471
      5.91000      1.01527      0.88540      0.29854
      5.92000      0.57399      0.46183      0.18496
      5.93000      0.61006      0.37770      0.24401
      5.94000      0.48183      0.28672      0.19756
      5.95000      0.21331      0.15559      0.07538
      5.96000      0.30760      0.29214      0.08009
      5.97000      0.71360      0.57108      0.23057
      5.98000      0.94615      0.65192      0.34994
      5.99000      0.77270      0.56265      0.27307
      6.00000      0.68231      0.55490      0.21661
      6.01000      0.71980      0.51386      0.25838
      6.02000      0.51957      0.32613      0.20515
      6.03000      0.33163      0.20841      0.13073
      6.04000      0.40698      0.32940      0.12964
      6.05000      0.59364      0.60950      0.13499
      6.06000      0.45916      0.54770      0.07234
      6.07000      0.27748      0.27235      0.06825
      6.08000      0.65636      0.40304      0.26243
      6.09000      1.34217      0.79361      0.54904
      6.10000      1.43962      0.85125      0.58842
      6.11000      1.00721      0.59840      0.41033
      6.12000      0.75777      0.48265      0.29530
      6.13000      0.81543      0.65189      0.26212
      6.14000      0.85573      0.82192      0.21701
      6.15000      0.73004      0.72600      0.17483
      6.16000      0.69427      0.72303      0.15268
      6.17000      0.59797      0.63056      0.12776
      6.18000      0.45918      0.37753      0.14217
      6.19000      0.40968      0.27771      0.15173
      6.20000      0.74910      0.56863      0.25274
      6.21000      1.21108      1.00421      0.37295
      6.22000      1.10491      0.89863      0.34750
      6.23000      0.82984      0.56906      0.30495
      6.24000      0.69963      0.42555      0.27917
      6.25000      0.57478      0.34296      0.23238
      6.26000      0.54874      0.33711      0.21818
      6.27000      0.69990      0.50478      0.24639
      6.28000      0.73954      0.73388      0.17593
      6.29000      0.61310      0.78600      0.07159
      6.30000      0.41726      0.50384      0.06131
      6.31000      0.32911      0.25941      0.10563
      6.32000      0.66125      0.40125      0.26336
      6.33000      1.35115      0.80631      0.54497
      6.34000      1.56562      0.93419      0.63207
      6.35000      1.16898      0.71639      0.46359
      6.36000      0.75375      0.57140      0.25236
      6.37000      0.83365      0.78279      0.21475
      6.38000      1.09560      0.90304      0.33370
      6.39000      0.80739      0.56463      0.28754
      6.40000      0.31976      0.20586      0.12109
      6.41000      0.36495      0.26222      0.12715
      6.42000      0.93056      0.75055      0.29186
      6.43000      1.21570      1.10167      0.33263
      6.44000      0.95229      0.98976      0.20784
      6.45000      0.81596      0.81596      0.19037
      6.46000      0.99005      0.75945      0.32665
      6.47000      1.48182      1.08724      0.50854
      6.48000      1.52831      1.22083      0.48138
      6.49000      0.83126      0.68831      0.25080
      6.50000      0.23342      0.18669      0.07298
      6.51000      0.14940      0.12879      0.04318
      6.52000      0.54469      0.49545      0.14695
      6.53000      1.08230      0.94625      0.30723
      6.54000      1.08220      0.84568      0.34714
      6.55000      0.61277      0.42704      0.21625
      6.56000      0.51681      0.37448      0.17514
      6.57000      1.02301      0.76752      0.33791
      6.58000      1.40788      1.05581      0.46764
      6.59000      1.44278      1.20784      0.42762
      6.60000      1.45165      1.32308      0.38609
      6.61000      1.37021      1.08245      0.43277
      6.62000      1.20549      0.78961      0.44667
      6.63000      0.92682      0.56839      0.36086
      6.64000      0.69034      0.41883      0.27163
      6.65000      0.72398      0.44452      0.28126
      6.66000      0.70183      0.46746      0.25649
      6.67000      0.78742      0.65390      0.23367
      6.68000      1.22403      1.04044      0.35043
      6.69000      1.64111      1.19955      0.54537
      6.70000      1.51393      1.03024      0.52909
      6.71000      1.23551      0.98874      0.37133
      6.72000      1.31383      1.29763      0.30011
      6.73000      1.35451      1.37579      0.29516
      6.74000      1.41617      1.30807      0.35709
      6.75000      1.37604      1.18988      0.37706
      6.76000      1.18929      0.94254      0.36661
      6.77000      1.25143      1.01324      0.38127
      6.78000      1.32591      1.08723      0.39631
      6.79000      0.97923      0.73256      0.31939
      6.80000      0.55154      0.41151      0.18016
      6.81000      0.63994      0.58687      0.16468
      6.82000      0.92144      0.83877      0.24075
      6.83000      0.75992      0.60855      0.23477
      6.84000      0.65721      0.44437      0.23869
      6.85000      0.82736      0.62356      0.27343
      6.86000      0.97719      0.92543      0.24276
      6.87000      0.94006      1.02086      0.17760
      6.88000      0.86533      0.95619      0.15666
      6.89000      0.67611      0.71286      0.13721
      6.90000      0.56380      0.44803      0.17672
      6.91000      0.75782      0.47429      0.29262
      6.92000      0.91504      0.56987      0.35488
      6.93000      0.93416      0.67290      0.32076
      6.94000      0.83085      0.75962      0.21197
      6.95000      0.74320      0.67406      0.19161
      6.96000      0.68939      0.49043      0.23828
      6.97000      0.45639      0.29246      0.17261
      6.98000      0.42366      0.35000      0.12734
      6.99000      1.00043      1.08134      0.19045
      7.00000      1.56145      1.92388      0.19194
      7.01000      1.52829      1.84100      0.20072
      7.02000      1.20995      1.28868      0.22762
      7.03000      0.74194      0.79129      0.13643
      7.04000      0.35443      0.43782      0.03642
      7.05000      0.37363      0.48685      0.02485
      7.06000      0.61176      0.59595      0.13405
      7.07000      1.01201      0.70034      0.35487
      7.08000      1.15252      0.75746      0.42237
      7.09000      0.84418      0.63034      0.27339
      7.10000      0.71232      0.56396      0.21673
      7.11000      0.82830      0.70680      0.23187
      7.12000      0.94275      1.08945      0.13682
      7.13000      0.89534      1.20348      0.05430
      7.14000      0.80258      0.94936      0.10082
      7.15000      0.90314      0.86541      0.19857
      7.16000      0.71045      0.59515      0.19692
      7.17000      0.42367      0.28916      0.15284
      7.18000      0.46924      0.27594      0.19489
      7.19000      0.40542      0.23881      0.16800
      7.20000      0.25596      0.19641      0.08108
      7.21000      0.72285      0.71622      0.14286
      7.22000      1.78171      1.82719      0.32223
      7.23000      2.31513      2.39959      0.41104
      7.24000      2.07806      2.14452      0.38764
      7.25000      1.80588      1.90453      0.33682
      7.26000      1.52741      1.60803      0.29224
      7.27000      0.78872      0.79288      0.16711
      7.28000      0.23409      0.22628      0.05078
      7.29000      0.36756      0.37907      0.05639
      7.30000      0.93872      0.96629      0.14443
      7.31000      1.07981      1.07799      0.18312
      7.32000      0.60706      0.56059      0.12642
      7.33000      0.46253      0.37831      0.13098
      7.34000      0.91205      0.79321      0.24142
      7.35000      1.20730      1.18249      0.23449
      7.36000      1.54802      1.56173      0.24415
      7.37000      2.26963      2.12790      0.44863
      7.38000      2.21144      2.05607      0.46519
      7.39000      1.18162      1.16569      0.21435
      7.40000      0.71574      0.82963      0.04952
      7.41000      0.79388      0.90673      0.05414
      7.42000      0.94985      0.91294      0.14955
      7.43000      1.56718      1.49336      0.24452
      7.44000      2.17297      2.11957      0.31202
      7.45000      2.03615      1.96837      0.28879
      7.46000      1.49243      1.54167      0.15355
