Energy-E_F (eV)    DOS (1/eV)    PDOS (1/eV)  of atom type W  S  
     -5.24112      0.26511      0.08187      0.18325
     -5.23112      0.56442      0.18067      0.38375
     -5.22112      0.86720      0.27613      0.59108
     -5.21112      0.76586      0.24124      0.52462
     -5.20112      0.59530      0.18757      0.40773
     -5.19112      1.03626      0.32767      0.70860
     -5.18112      1.48238      0.46636      1.01602
     -5.17112      1.21696      0.37678      0.84019
     -5.16112      0.88015      0.27027      0.60988
     -5.15112      0.95578      0.30719      0.64859
     -5.14112      1.39304      0.46837      0.92468
     -5.13112      1.73582      0.59533      1.14048
     -5.12112      1.63026      0.55824      1.07201
     -5.11112      1.52183      0.51452      1.00731
     -5.10112      1.77461      0.58217      1.19244
     -5.09112      2.48831      0.81389      1.67443
     -5.08112      3.05660      1.03966      2.01694
     -5.07112      3.61911      1.29086      2.32825
     -5.06112      4.54516      1.63467      2.91049
     -5.05112      4.57008      1.61490      2.95518
     -5.04112      3.78885      1.31576      2.47309
     -5.03112      2.94688      1.02329      1.92359
     -5.02112      1.98985      0.70724      1.28262
     -5.01112      1.72483      0.63007      1.09476
     -5.00112      2.45794      0.88862      1.56932
     -4.99112      3.08600      1.09370      1.99231
     -4.98112      3.21058      1.12083      2.08974
     -4.97112      2.70680      0.92447      1.78233
     -4.96112      1.75807      0.58228      1.17579
     -4.95112      1.24569      0.40762      0.83807
     -4.94112      1.60581      0.55199      1.05382
     -4.93112      2.59956      0.93890      1.66065
     -4.92112      3.37699      1.22243      2.15457
     -4.91112      3.63736      1.27568      2.36168
     -4.90112      3.67430      1.27440      2.39990
     -4.89112      3.22184      1.13039      2.09145
     -4.88112      3.06546      1.07630      1.98916
     -4.87112      3.11619      1.10157      2.01463
     -4.86112      2.94377      1.05816      1.88560
     -4.85112      3.21131      1.14410      2.06721
     -4.84112      3.76073      1.31420      2.44653
     -4.83112      4.85609      1.70398      3.15211
     -4.82112      6.37325      2.30628      4.06697
     -4.81112      6.79799      2.56568      4.23231
     -4.80112      6.50889      2.50853      4.00036
     -4.79112      6.58249      2.48249      4.09999
     -4.78112      6.52782      2.39292      4.13490
     -4.77112      6.02997      2.20957      3.82040
     -4.76112      5.93495      2.20138      3.73357
     -4.75112      6.17996      2.31862      3.86134
     -4.74112      5.02025      1.87238      3.14787
     -4.73112      4.09049      1.51037      2.58012
     -4.72112      4.44088      1.65350      2.78737
     -4.71112      4.88813      1.82350      3.06463
     -4.70112      5.07118      1.91238      3.15881
     -4.69112      5.22507      2.00280      3.22227
     -4.68112      4.90046      1.88727      3.01318
     -4.67112      4.47642      1.70044      2.77598
     -4.66112      4.55218      1.66769      2.88449
     -4.65112      4.19745      1.47766      2.71979
     -4.64112      3.40097      1.16595      2.23502
     -4.63112      2.53524      0.87872      1.65653
     -4.62112      1.80287      0.66214      1.14072
     -4.61112      1.32489      0.49941      0.82548
     -4.60112      0.86873      0.31700      0.55173
     -4.59112      0.38660      0.14276      0.24384
     -4.58112      0.34992      0.16155      0.18837
     -4.57112      0.78936      0.36814      0.42122
     -4.56112      0.99751      0.43214      0.56536
     -4.55112      0.88137      0.35799      0.52337
     -4.54112      0.74440      0.30432      0.44009
     -4.53112      0.59666      0.22968      0.36698
     -4.52112      0.55293      0.19915      0.35378
     -4.51112      0.61988      0.24171      0.37817
     -4.50112      0.79879      0.33443      0.46436
     -4.49112      0.98492      0.41493      0.56999
     -4.48112      1.03710      0.44511      0.59200
     -4.47112      0.97633      0.39587      0.58046
     -4.46112      0.85599      0.32764      0.52835
     -4.45112      0.76529      0.33028      0.43501
     -4.44112      0.87732      0.40946      0.46786
     -4.43112      1.23438      0.52477      0.70961
     -4.42112      1.35824      0.53443      0.82380
     -4.41112      1.13624      0.42240      0.71384
     -4.40112      1.32019      0.47452      0.84568
     -4.39112      1.77078      0.63279      1.13799
     -4.38112      1.72684      0.59761      1.12923
     -4.37112      1.37916      0.45669      0.92246
     -4.36112      1.03476      0.33453      0.70023
     -4.35112      0.75110      0.26421      0.48689
     -4.34112      0.75404      0.31300      0.44103
     -4.33112      0.73266      0.32226      0.41040
     -4.32112      0.77274      0.34331      0.42944
     -4.31112      0.90189      0.38474      0.51715
     -4.30112      0.92301      0.33973      0.58328
     -4.29112      1.14392      0.36224      0.78169
     -4.28112      1.49664      0.48451      1.01213
     -4.27112      1.75364      0.62553      1.12810
     -4.26112      1.51422      0.56723      0.94698
     -4.25112      0.98133      0.36518      0.61615
     -4.24112      0.88375      0.34914      0.53461
     -4.23112      0.80179      0.34429      0.45750
     -4.22112      0.71444      0.31611      0.39832
     -4.21112      0.90802      0.36297      0.54505
     -4.20112      1.20826      0.44163      0.76663
     -4.19112      1.42628      0.54060      0.88568
     -4.18112      1.12827      0.46607      0.66221
     -4.17112      0.86936      0.36428      0.50508
     -4.16112      0.80126      0.30696      0.49430
     -4.15112      0.83892      0.31624      0.52268
     -4.14112      1.17133      0.43569      0.73563
     -4.13112      1.53212      0.56569      0.96643
     -4.12112      1.30779      0.51222      0.79557
     -4.11112      0.61335      0.26002      0.35334
     -4.10112      0.22805      0.09218      0.13587
     -4.09112      0.61253      0.21549      0.39704
     -4.08112      1.82775      0.64580      1.18194
     -4.07112      3.34298      1.14648      2.19651
     -4.06112      4.17837      1.39406      2.78431
     -4.05112      3.38471      1.12208      2.26263
     -4.04112      2.43277      0.76511      1.66766
     -4.03112      2.74180      0.84078      1.90102
     -4.02112      3.70105      1.19732      2.50372
     -4.01112      4.42681      1.51837      2.90844
     -4.00112      4.61348      1.58147      3.03200
     -3.99112      4.31102      1.37228      2.93874
     -3.98112      3.75468      1.13648      2.61820
     -3.97112      2.94947      0.91651      2.03296
     -3.96112      2.33870      0.75886      1.57984
     -3.95112      2.97605      0.94636      2.02970
     -3.94112      4.85886      1.55298      3.30588
     -3.93112      6.04565      2.00591      4.03974
     -3.92112      6.56187      2.21030      4.35156
     -3.91112      6.76468      2.22636      4.53832
     -3.90112      6.05726      1.89406      4.16320
     -3.89112      5.37729      1.59056      3.78673
     -3.88112      5.08149      1.50291      3.57857
     -3.87112      4.57278      1.36533      3.20745
     -3.86112      3.72418      1.13474      2.58944
     -3.85112      3.73181      1.21074      2.52107
     -3.84112      4.59950      1.58007      3.01943
     -3.83112      4.21984      1.55853      2.66131
     -3.82112      3.26386      1.29220      1.97166
     -3.81112      3.21394      1.29892      1.91503
     -3.80112      3.24537      1.34617      1.89920
     -3.79112      2.81642      1.20749      1.60894
     -3.78112      2.39104      1.03264      1.35840
     -3.77112      2.54506      1.09173      1.45332
     -3.76112      3.08659      1.29950      1.78709
     -3.75112      4.20939      1.69492      2.51447
     -3.74112      4.90970      1.94212      2.96758
     -3.73112      4.08149      1.63831      2.44318
     -3.72112      3.14934      1.31362      1.83572
     -3.71112      2.88774      1.24720      1.64054
     -3.70112      2.94611      1.26653      1.67957
     -3.69112      3.01768      1.28066      1.73702
     -3.68112      2.56346      1.12275      1.44071
     -3.67112      1.95026      0.88033      1.06993
     -3.66112      1.81611      0.78570      1.03041
     -3.65112      1.88478      0.78943      1.09535
     -3.64112      1.94868      0.83492      1.11376
     -3.63112      2.16360      0.93681      1.22679
     -3.62112      2.63761      1.09935      1.53826
     -3.61112      2.98929      1.22491      1.76438
     -3.60112      2.72764      1.14399      1.58366
     -3.59112      2.14929      0.89697      1.25232
     -3.58112      1.59145      0.63074      0.96070
     -3.57112      1.69040      0.67838      1.01202
     -3.56112      2.14576      0.89520      1.25055
     -3.55112      1.83308      0.78945      1.04363
     -3.54112      1.39253      0.60175      0.79078
     -3.53112      1.27477      0.52574      0.74903
     -3.52112      1.32283      0.51140      0.81142
     -3.51112      1.52390      0.59878      0.92512
     -3.50112      1.48011      0.63659      0.84352
     -3.49112      1.21198      0.53942      0.67257
     -3.48112      0.98804      0.41685      0.57119
     -3.47112      1.15670      0.48303      0.67367
     -3.46112      1.69473      0.73573      0.95901
     -3.45112      2.06493      0.93487      1.13006
     -3.44112      2.27498      1.02550      1.24949
     -3.43112      2.18776      0.95642      1.23135
     -3.42112      1.41823      0.60587      0.81237
     -3.41112      1.01048      0.38802      0.62246
     -3.40112      1.40169      0.48902      0.91266
     -3.39112      2.04774      0.71483      1.33291
     -3.38112      2.33538      0.84629      1.48909
     -3.37112      2.03584      0.76226      1.27358
     -3.36112      1.54942      0.59264      0.95678
     -3.35112      1.39981      0.55942      0.84039
     -3.34112      1.74407      0.72332      1.02075
     -3.33112      1.85774      0.78004      1.07770
     -3.32112      1.27508      0.53765      0.73743
     -3.31112      1.28746      0.51785      0.76961
     -3.30112      1.64430      0.63726      1.00704
     -3.29112      1.46903      0.57240      0.89663
     -3.28112      1.44205      0.58110      0.86094
     -3.27112      1.71988      0.71863      1.00126
     -3.26112      1.57942      0.67623      0.90319
     -3.25112      0.91079      0.39696      0.51383
     -3.24112      0.52904      0.26136      0.26768
     -3.23112      0.73291      0.34862      0.38429
     -3.22112      1.47384      0.58343      0.89041
     -3.21112      2.27525      0.85274      1.42251
     -3.20112      2.18304      0.81441      1.36863
     -3.19112      1.52538      0.58736      0.93802
     -3.18112      1.22478      0.52200      0.70278
     -3.17112      1.39281      0.57910      0.81371
     -3.16112      1.37666      0.52553      0.85112
     -3.15112      1.01970      0.37590      0.64380
     -3.14112      0.93128      0.33992      0.59135
     -3.13112      1.17514      0.44503      0.73011
     -3.12112      1.22449      0.49537      0.72912
     -3.11112      1.10783      0.49146      0.61637
     -3.10112      1.09150      0.52006      0.57144
     -3.09112      1.22089      0.54571      0.67517
     -3.08112      1.24136      0.49004      0.75132
     -3.07112      1.19183      0.45821      0.73362
     -3.06112      1.25370      0.54235      0.71135
     -3.05112      1.21153      0.55551      0.65603
     -3.04112      1.01501      0.41512      0.59990
     -3.03112      1.30295      0.43080      0.87215
     -3.02112      2.21233      0.74254      1.46979
     -3.01112      2.39888      0.87014      1.52874
     -3.00112      1.89256      0.72690      1.16566
     -2.99112      1.91424      0.76205      1.15218
     -2.98112      1.87820      0.76550      1.11270
     -2.97112      1.78113      0.74748      1.03364
     -2.96112      1.95460      0.84640      1.10820
     -2.95112      1.95721      0.85438      1.10282
     -2.94112      1.90502      0.83243      1.07259
     -2.93112      2.08654      0.83900      1.24754
     -2.92112      2.27500      0.84244      1.43255
     -2.91112      2.08442      0.78190      1.30252
     -2.90112      1.90591      0.75812      1.14779
     -2.89112      2.33065      0.93213      1.39852
     -2.88112      2.95522      1.14859      1.80663
     -2.87112      2.93524      1.10536      1.82989
     -2.86112      2.60980      0.90923      1.70057
     -2.85112      2.65333      0.82486      1.82847
     -2.84112      2.62136      0.77113      1.85023
     -2.83112      2.27610      0.72606      1.55004
     -2.82112      2.33722      0.88518      1.45204
     -2.81112      2.92567      1.12111      1.80457
     -2.80112      3.17565      1.13042      2.04523
     -2.79112      2.90203      0.99945      1.90258
     -2.78112      2.90881      1.03580      1.87301
     -2.77112      2.92052      1.06476      1.85576
     -2.76112      2.98773      1.02671      1.96102
     -2.75112      3.81198      1.09287      2.71911
     -2.74112      4.94493      1.21504      3.72989
     -2.73112      5.71436      1.42182      4.29254
     -2.72112      6.52676      1.73414      4.79262
     -2.71112      7.36726      1.92152      5.44574
     -2.70112      7.02065      1.77448      5.24618
     -2.69112      5.88594      1.56239      4.32355
     -2.68112      5.46315      1.43782      4.02533
     -2.67112      5.63526      1.44789      4.18737
     -2.66112      6.13968      1.70686      4.43282
     -2.65112      6.08078      1.79083      4.28995
     -2.64112      5.20894      1.54453      3.66441
     -2.63112      4.66961      1.36759      3.30202
     -2.62112      4.72014      1.38383      3.33631
     -2.61112      5.01713      1.49992      3.51721
     -2.60112      5.16826      1.55174      3.61652
     -2.59112      4.99200      1.48252      3.50948
     -2.58112      4.51756      1.40759      3.10997
     -2.57112      3.81632      1.28035      2.53597
     -2.56112      4.18477      1.35315      2.83162
     -2.55112      4.99110      1.54271      3.44839
     -2.54112      4.71914      1.47975      3.23939
     -2.53112      4.39391      1.38039      3.01352
     -2.52112      3.88948      1.19215      2.69733
     -2.51112      3.65515      1.04757      2.60759
     -2.50112      4.16762      1.20680      2.96082
     -2.49112      4.33828      1.32598      3.01230
     -2.48112      4.08540      1.16065      2.92476
     -2.47112      3.94019      0.99414      2.94604
     -2.46112      3.51202      0.91882      2.59320
     -2.45112      2.73140      0.74585      1.98555
     -2.44112      2.27529      0.57056      1.70473
     -2.43112      2.48372      0.66760      1.81613
     -2.42112      2.58796      0.75361      1.83435
     -2.41112      2.91933      0.77284      2.14649
     -2.40112      3.23749      0.83133      2.40616
     -2.39112      2.86594      0.74267      2.12326
     -2.38112      2.49123      0.61760      1.87363
     -2.37112      2.94765      0.78049      2.16716
     -2.36112      3.93436      1.10606      2.82829
     -2.35112      4.06002      1.10811      2.95191
     -2.34112      3.41105      0.88638      2.52467
     -2.33112      2.99492      0.74613      2.24879
     -2.32112      3.01204      0.77987      2.23217
     -2.31112      3.58246      1.03992      2.54254
     -2.30112      3.63158      1.05856      2.57302
     -2.29112      2.87313      0.71883      2.15430
     -2.28112      2.47590      0.47665      1.99925
     -2.27112      2.29679      0.40324      1.89355
     -2.26112      2.03666      0.38216      1.65450
     -2.25112      2.02170      0.41520      1.60650
     -2.24112      2.22113      0.52542      1.69571
     -2.23112      2.37892      0.60483      1.77409
     -2.22112      2.91445      0.75451      2.15995
     -2.21112      2.63413      0.69241      1.94173
     -2.20112      1.81879      0.44573      1.37306
     -2.19112      2.08301      0.44183      1.64117
     -2.18112      2.43481      0.50380      1.93101
     -2.17112      2.75769      0.53072      2.22697
     -2.16112      3.13088      0.55073      2.58015
     -2.15112      2.95859      0.59549      2.36310
     -2.14112      2.59814      0.66800      1.93014
     -2.13112      2.34234      0.66765      1.67469
     -2.12112      2.11634      0.55481      1.56153
     -2.11112      2.22362      0.45968      1.76393
     -2.10112      1.91125      0.35130      1.55995
     -2.09112      1.48474      0.28761      1.19713
     -2.08112      2.06912      0.42413      1.64500
     -2.07112      2.96691      0.64089      2.32602
     -2.06112      3.28219      0.66564      2.61655
     -2.05112      2.97935      0.54470      2.43465
     -2.04112      2.48011      0.46072      2.01939
     -2.03112      2.49818      0.47084      2.02734
     -2.02112      2.78158      0.52546      2.25613
     -2.01112      2.79275      0.59509      2.19766
     -2.00112      2.56858      0.60246      1.96612
     -1.99112      2.34184      0.50952      1.83233
     -1.98112      2.15330      0.36691      1.78639
     -1.97112      2.37654      0.33668      2.03986
     -1.96112      2.88426      0.45830      2.42596
     -1.95112      2.72225      0.50375      2.21850
     -1.94112      2.20784      0.40815      1.79969
     -1.93112      2.36845      0.40599      1.96246
     -1.92112      3.11263      0.57289      2.53974
     -1.91112      3.51497      0.69270      2.82227
     -1.90112      3.95246      0.78794      3.16452
     -1.89112      4.73030      1.02807      3.70224
     -1.88112      5.00503      1.14180      3.86323
     -1.87112      4.48874      0.96646      3.52227
     -1.86112      3.20460      0.64041      2.56419
     -1.85112      1.74491      0.33302      1.41189
     -1.84112      1.07843      0.20270      0.87573
     -1.83112      1.08033      0.19667      0.88367
     -1.82112      1.06467      0.18635      0.87833
     -1.81112      0.67081      0.11300      0.55781
     -1.80112      0.27596      0.04414      0.23183
     -1.79112      0.07692      0.01182      0.06510
     -1.78112      0.01090      0.00165      0.00925
     -1.77112      0.00063      0.00009      0.00053
     -1.76112      0.00001      0.00000      0.00001
     -1.75112      0.00000      0.00000      0.00000
     -1.74112      0.00000      0.00000      0.00000
     -1.73112      0.00000      0.00000      0.00000
     -1.72112      0.00000      0.00000      0.00000
     -1.71112      0.00000      0.00000      0.00000
     -1.70112      0.00000      0.00000      0.00000
     -1.69112      0.00000      0.00000      0.00000
     -1.68112      0.00000      0.00000      0.00000
     -1.67112      0.00000      0.00000      0.00000
     -1.66112      0.00000      0.00000      0.00000
     -1.65112      0.00000      0.00000      0.00000
     -1.64112      0.00000      0.00000      0.00000
     -1.63112      0.00000      0.00000      0.00000
     -1.62112      0.00000      0.00000      0.00000
     -1.61112      0.00000      0.00000      0.00000
     -1.60112      0.00000      0.00000      0.00000
     -1.59112      0.00000      0.00000      0.00000
     -1.58112      0.00000      0.00000      0.00000
     -1.57112      0.00000      0.00000      0.00000
     -1.56112      0.00000      0.00000      0.00000
     -1.55112      0.00000      0.00000      0.00000
     -1.54112      0.00000      0.00000      0.00000
     -1.53112      0.00000      0.00000      0.00000
     -1.52112      0.00000      0.00000      0.00000
     -1.51112      0.00000      0.00000      0.00000
     -1.50112      0.00000      0.00000      0.00000
     -1.49112      0.00000      0.00000      0.00000
     -1.48112      0.00000      0.00000      0.00000
     -1.47112      0.00000      0.00000      0.00000
     -1.46112      0.00000      0.00000      0.00000
     -1.45112      0.00000      0.00000      0.00000
     -1.44112      0.00000      0.00000      0.00000
     -1.43112      0.00000      0.00000      0.00000
     -1.42112      0.00000      0.00000      0.00000
     -1.41112      0.00000      0.00000      0.00000
     -1.40112      0.00000      0.00000      0.00000
     -1.39112      0.00000      0.00000      0.00000
     -1.38112      0.00000      0.00000      0.00000
     -1.37112      0.00024      0.00018      0.00006
     -1.36112      0.00620      0.00458      0.00162
     -1.35112      0.06715      0.04925      0.01790
     -1.34112      0.34742      0.25203      0.09539
     -1.33112      0.90778      0.65235      0.25544
     -1.32112      1.17487      0.83946      0.33541
     -1.31112      0.96836      0.68924      0.27912
     -1.30112      1.05558      0.74679      0.30879
     -1.29112      1.21245      0.84922      0.36324
     -1.28112      1.14578      0.79565      0.35014
     -1.27112      0.99035      0.69084      0.29952
     -1.26112      0.78641      0.54606      0.24036
     -1.25112      1.01318      0.67395      0.33923
     -1.24112      1.50074      0.99259      0.50815
     -1.23112      1.64131      1.10832      0.53298
     -1.22112      1.74560      1.20487      0.54073
     -1.21112      1.59292      1.09743      0.49550
     -1.20112      1.25205      0.83803      0.41402
     -1.19112      1.52606      1.00027      0.52578
     -1.18112      1.92861      1.26397      0.66464
     -1.17112      1.83365      1.20257      0.63108
     -1.16112      1.57238      1.03188      0.54050
     -1.15112      1.41138      0.92938      0.48200
     -1.14112      1.59865      1.04558      0.55307
     -1.13112      2.13134      1.40379      0.72756
     -1.12112      2.13552      1.43996      0.69556
     -1.11112      1.79659      1.22266      0.57393
     -1.10112      1.77889      1.19244      0.58644
     -1.09112      1.89723      1.25560      0.64163
     -1.08112      2.07769      1.37231      0.70538
     -1.07112      1.78604      1.18622      0.59982
     -1.06112      1.65699      1.10218      0.55481
     -1.05112      2.06049      1.37081      0.68968
     -1.04112      2.18750      1.46933      0.71817
     -1.03112      2.07726      1.40505      0.67221
     -1.02112      2.34787      1.60075      0.74712
     -1.01112      2.58931      1.78360      0.80571
     -1.00112      2.25776      1.57163      0.68612
     -0.99112      2.52102      1.75105      0.76998
     -0.98112      3.21344      2.21832      0.99512
     -0.97112      3.04559      2.10754      0.93805
     -0.96112      3.26487      2.29661      0.96827
     -0.95112      3.90634      2.76827      1.13807
     -0.94112      3.65157      2.59082      1.06074
     -0.93112      3.21721      2.27156      0.94565
     -0.92112      3.39866      2.34180      1.05686
     -0.91112      3.35086      2.28733      1.06352
     -0.90112      3.04275      2.12917      0.91358
     -0.89112      2.65681      1.90053      0.75628
     -0.88112      1.94653      1.38081      0.56572
     -0.87112      1.77768      1.23819      0.53949
     -0.86112      2.19510      1.53722      0.65788
     -0.85112      2.26472      1.58814      0.67658
     -0.84112      2.13857      1.47425      0.66432
     -0.83112      2.13181      1.47484      0.65697
     -0.82112      2.20268      1.55783      0.64485
     -0.81112      2.35527      1.66590      0.68937
     -0.80112      1.94077      1.35988      0.58088
     -0.79112      1.45194      1.00129      0.45065
     -0.78112      1.74637      1.19851      0.54786
     -0.77112      2.08327      1.44523      0.63803
     -0.76112      2.14624      1.50500      0.64124
     -0.75112      1.74263      1.23455      0.50808
     -0.74112      1.35793      0.97410      0.38384
     -0.73112      1.63019      1.16396      0.46623
     -0.72112      2.15745      1.53103      0.62642
     -0.71112      1.99616      1.42177      0.57439
     -0.70112      1.46273      1.04306      0.41967
     -0.69112      1.37926      0.97113      0.40813
     -0.68112      1.33025      0.92921      0.40104
     -0.67112      1.34999      0.94660      0.40339
     -0.66112      1.61794      1.14120      0.47673
     -0.65112      1.58869      1.12903      0.45966
     -0.64112      1.44664      1.03886      0.40778
     -0.63112      1.67597      1.20551      0.47046
     -0.62112      1.71024      1.22383      0.48641
     -0.61112      1.38318      0.98820      0.39498
     -0.60112      1.13791      0.82141      0.31650
     -0.59112      1.47367      1.07372      0.39995
     -0.58112      1.75190      1.27715      0.47474
     -0.57112      1.25170      0.90987      0.34182
     -0.56112      0.98368      0.71010      0.27357
     -0.55112      1.35403      0.97050      0.38352
     -0.54112      1.57894      1.12610      0.45285
     -0.53112      1.42513      1.02083      0.40430
     -0.52112      1.16493      0.84832      0.31662
     -0.51112      1.23296      0.90423      0.32873
     -0.50112      1.28773      0.93902      0.34871
     -0.49112      0.94185      0.68264      0.25921
     -0.48112      0.98925      0.71602      0.27324
     -0.47112      1.30122      0.94525      0.35597
     -0.46112      1.24666      0.91045      0.33620
     -0.45112      1.15691      0.85133      0.30558
     -0.44112      1.34079      0.99089      0.34991
     -0.43112      1.51076      1.12085      0.38991
     -0.42112      1.32672      0.98045      0.34627
     -0.41112      1.13479      0.82694      0.30785
     -0.40112      1.28418      0.93120      0.35298
     -0.39112      1.33373      0.96969      0.36404
     -0.38112      0.93087      0.68091      0.24996
     -0.37112      0.69092      0.50888      0.18204
     -0.36112      0.83570      0.61703      0.21867
     -0.35112      1.06632      0.78493      0.28139
     -0.34112      1.16939      0.85745      0.31194
     -0.33112      0.99619      0.72894      0.26724
     -0.32112      0.88121      0.64166      0.23955
     -0.31112      1.25427      0.91952      0.33476
     -0.30112      1.46628      1.08022      0.38606
     -0.29112      1.19454      0.88434      0.31020
     -0.28112      1.28728      0.96323      0.32405
     -0.27112      1.41095      1.05361      0.35734
     -0.26112      1.12231      0.82577      0.29653
     -0.25112      0.95260      0.68696      0.26564
     -0.24112      0.94155      0.67965      0.26190
     -0.23112      1.14370      0.84249      0.30122
     -0.22112      1.38605      1.02816      0.35789
     -0.21112      1.27473      0.93475      0.33998
     -0.20112      1.14247      0.83122      0.31125
     -0.19112      1.14844      0.83854      0.30991
     -0.18112      1.19289      0.87580      0.31710
     -0.17112      0.95245      0.70581      0.24664
     -0.16112      0.61147      0.46317      0.14829
     -0.15112      0.58868      0.45722      0.13147
     -0.14112      0.56400      0.44140      0.12259
     -0.13112      0.45818      0.35999      0.09819
     -0.12112      0.32680      0.25723      0.06957
     -0.11112      0.15259      0.12006      0.03253
     -0.10112      0.15524      0.12189      0.03334
     -0.09112      0.29717      0.23362      0.06355
     -0.08112      0.38291      0.30152      0.08139
     -0.07112      0.29617      0.23341      0.06276
     -0.06112      0.26968      0.21261      0.05707
     -0.05112      0.34625      0.27305      0.07320
     -0.04112      0.33137      0.26159      0.06978
     -0.03112      0.34802      0.27507      0.07296
     -0.02112      0.26829      0.21214      0.05615
     -0.01112      0.18730      0.14821      0.03909
     -0.00112      0.15278      0.12094      0.03184
      0.00888      0.06303      0.04989      0.01313
      0.01888      0.00990      0.00783      0.00206
      0.02888      0.00057      0.00045      0.00012
      0.03888      0.00001      0.00001      0.00000
      0.04888      0.00000      0.00000      0.00000
      0.05888      0.00000      0.00000      0.00000
      0.06888      0.00000      0.00000      0.00000
      0.07888      0.00000      0.00000      0.00000
      0.08888      0.00000      0.00000      0.00000
      0.09888      0.00000      0.00000      0.00000
      0.10888      0.00000      0.00000      0.00000
      0.11888      0.00000      0.00000      0.00000
      0.12888      0.00000      0.00000      0.00000
      0.13888      0.00000      0.00000      0.00000
      0.14888      0.00000      0.00000      0.00000
      0.15888      0.00000      0.00000      0.00000
      0.16888      0.00000      0.00000      0.00000
      0.17888      0.00000      0.00000      0.00000
      0.18888      0.00000      0.00000      0.00000
      0.19888      0.00000      0.00000      0.00000
      0.20888      0.00000      0.00000      0.00000
      0.21888      0.00000      0.00000      0.00000
      0.22888      0.00000      0.00000      0.00000
      0.23888      0.00000      0.00000      0.00000
      0.24888      0.00000      0.00000      0.00000
      0.25888      0.00000      0.00000      0.00000
      0.26888      0.00000      0.00000      0.00000
      0.27888      0.00000      0.00000      0.00000
      0.28888      0.00000      0.00000      0.00000
      0.29888      0.00000      0.00000      0.00000
      0.30888      0.00000      0.00000      0.00000
      0.31888      0.00000      0.00000      0.00000
      0.32888      0.00000      0.00000      0.00000
      0.33888      0.00000      0.00000      0.00000
      0.34888      0.00000      0.00000      0.00000
      0.35888      0.00000      0.00000      0.00000
      0.36888      0.00000      0.00000      0.00000
      0.37888      0.00000      0.00000      0.00000
      0.38888      0.00000      0.00000      0.00000
      0.39888      0.00000      0.00000      0.00000
      0.40888      0.00000      0.00000      0.00000
      0.41888      0.00000      0.00000      0.00000
      0.42888      0.00000      0.00000      0.00000
      0.43888      0.00000      0.00000      0.00000
      0.44888      0.00000      0.00000      0.00000
      0.45888      0.00000      0.00000      0.00000
      0.46888      0.00000      0.00000      0.00000
      0.47888      0.00000      0.00000      0.00000
      0.48888      0.00000      0.00000      0.00000
      0.49888      0.00000      0.00000      0.00000
      0.50888      0.00000      0.00000      0.00000
      0.51888      0.00000      0.00000      0.00000
      0.52888      0.00000      0.00000      0.00000
      0.53888      0.00000      0.00000      0.00000
      0.54888      0.00000      0.00000      0.00000
      0.55888      0.00000      0.00000      0.00000
      0.56888      0.00000      0.00000      0.00000
      0.57888      0.00000      0.00000      0.00000
      0.58888      0.00000      0.00000      0.00000
      0.59888      0.00000      0.00000      0.00000
      0.60888      0.00000      0.00000      0.00000
      0.61888      0.00000      0.00000      0.00000
      0.62888      0.00000      0.00000      0.00000
      0.63888      0.00000      0.00000      0.00000
      0.64888      0.00000      0.00000      0.00000
      0.65888      0.00000      0.00000      0.00000
      0.66888      0.00000      0.00000      0.00000
      0.67888      0.00000      0.00000      0.00000
      0.68888      0.00000      0.00000      0.00000
      0.69888      0.00000      0.00000      0.00000
      0.70888      0.00000      0.00000      0.00000
      0.71888      0.00000      0.00000      0.00000
      0.72888      0.00000      0.00000      0.00000
      0.73888      0.00000      0.00000      0.00000
      0.74888      0.00000      0.00000      0.00000
      0.75888      0.00000      0.00000      0.00000
      0.76888      0.00000      0.00000      0.00000
      0.77888      0.00000      0.00000      0.00000
      0.78888      0.00000      0.00000      0.00000
      0.79888      0.00000      0.00000      0.00000
      0.80888      0.00000      0.00000      0.00000
      0.81888      0.00000      0.00000      0.00000
      0.82888      0.00000      0.00000      0.00000
      0.83888      0.00000      0.00000      0.00000
      0.84888      0.00000      0.00000      0.00000
      0.85888      0.00000      0.00000      0.00000
      0.86888      0.00000      0.00000      0.00000
      0.87888      0.00000      0.00000      0.00000
      0.88888      0.00000      0.00000      0.00000
      0.89888      0.00000      0.00000      0.00000
      0.90888      0.00000      0.00000      0.00000
      0.91888      0.00000      0.00000      0.00000
      0.92888      0.00000      0.00000      0.00000
      0.93888      0.00000      0.00000      0.00000
      0.94888      0.00000      0.00000      0.00000
      0.95888      0.00000      0.00000      0.00000
      0.96888      0.00000      0.00000      0.00000
      0.97888      0.00000      0.00000      0.00000
      0.98888      0.00000      0.00000      0.00000
      0.99888      0.00000      0.00000      0.00000
      1.00888      0.00000      0.00000      0.00000
      1.01888      0.00000      0.00000      0.00000
      1.02888      0.00000      0.00000      0.00000
      1.03888      0.00000      0.00000      0.00000
      1.04888      0.00000      0.00000      0.00000
      1.05888      0.00000      0.00000      0.00000
      1.06888      0.00000      0.00000      0.00000
      1.07888      0.00000      0.00000      0.00000
      1.08888      0.00000      0.00000      0.00000
      1.09888      0.00000      0.00000      0.00000
      1.10888      0.00000      0.00000      0.00000
      1.11888      0.00000      0.00000      0.00000
      1.12888      0.00000      0.00000      0.00000
      1.13888      0.00000      0.00000      0.00000
      1.14888      0.00000      0.00000      0.00000
      1.15888      0.00000      0.00000      0.00000
      1.16888      0.00000      0.00000      0.00000
      1.17888      0.00000      0.00000      0.00000
      1.18888      0.00000      0.00000      0.00000
      1.19888      0.00000      0.00000      0.00000
      1.20888      0.00000      0.00000      0.00000
      1.21888      0.00000      0.00000      0.00000
      1.22888      0.00000      0.00000      0.00000
      1.23888      0.00000      0.00000      0.00000
      1.24888      0.00000      0.00000      0.00000
      1.25888      0.00000      0.00000      0.00000
      1.26888      0.00000      0.00000      0.00000
      1.27888      0.00000      0.00000      0.00000
      1.28888      0.00000      0.00000      0.00000
      1.29888      0.00000      0.00000      0.00000
      1.30888      0.00000      0.00000      0.00000
      1.31888      0.00000      0.00000      0.00000
      1.32888      0.00000      0.00000      0.00000
      1.33888      0.00000      0.00000      0.00000
      1.34888      0.00000      0.00000      0.00000
      1.35888      0.00000      0.00000      0.00000
      1.36888      0.00000      0.00000      0.00000
      1.37888      0.00000      0.00000      0.00000
      1.38888      0.00000      0.00000      0.00000
      1.39888      0.00000      0.00000      0.00000
      1.40888      0.00000      0.00000      0.00000
      1.41888      0.00000      0.00000      0.00000
      1.42888      0.00000      0.00000      0.00000
      1.43888      0.00000      0.00000      0.00000
      1.44888      0.00000      0.00000      0.00000
      1.45888      0.00000      0.00000      0.00000
      1.46888      0.00000      0.00000      0.00000
      1.47888      0.00000      0.00000      0.00000
      1.48888      0.00000      0.00000      0.00000
      1.49888      0.00000      0.00000      0.00000
      1.50888      0.00000      0.00000      0.00000
      1.51888      0.00000      0.00000      0.00000
      1.52888      0.00000      0.00000      0.00000
      1.53888      0.00000      0.00000      0.00000
      1.54888      0.00000      0.00000      0.00000
      1.55888      0.00000      0.00000      0.00000
      1.56888      0.00000      0.00000      0.00000
      1.57888      0.00000      0.00000      0.00000
      1.58888      0.00000      0.00000      0.00000
      1.59888      0.00000      0.00000      0.00000
      1.60888      0.00000      0.00000      0.00000
      1.61888      0.00000      0.00000      0.00000
      1.62888      0.00000      0.00000      0.00000
      1.63888      0.00000      0.00000      0.00000
      1.64888      0.00000      0.00000      0.00000
      1.65888      0.00000      0.00000      0.00000
      1.66888      0.00000      0.00000      0.00000
      1.67888      0.00000      0.00000      0.00000
      1.68888      0.00000      0.00000      0.00000
      1.69888      0.00000      0.00000      0.00000
      1.70888      0.00000      0.00000      0.00000
      1.71888      0.00000      0.00000      0.00000
      1.72888      0.00000      0.00000      0.00000
      1.73888      0.00000      0.00000      0.00000
      1.74888      0.00000      0.00000      0.00000
      1.75888      0.00000      0.00000      0.00000
      1.76888      0.00000      0.00000      0.00000
      1.77888      0.00000      0.00000      0.00000
      1.78888      0.00000      0.00000      0.00000
      1.79888      0.00000      0.00000      0.00000
      1.80888      0.00000      0.00000      0.00000
      1.81888      0.00000      0.00000      0.00000
      1.82888      0.00000      0.00000      0.00000
      1.83888      0.00000      0.00000      0.00000
      1.84888      0.00000      0.00000      0.00000
      1.85888      0.00000      0.00000      0.00000
      1.86888      0.00000      0.00000      0.00000
      1.87888      0.00000      0.00000      0.00000
      1.88888      0.00000      0.00000      0.00000
      1.89888      0.00000      0.00000      0.00000
      1.90888      0.00000      0.00000      0.00000
      1.91888      0.00000      0.00000      0.00000
      1.92888      0.00000      0.00000      0.00000
      1.93888      0.00000      0.00000      0.00000
      1.94888      0.00000      0.00000      0.00000
      1.95888      0.00000      0.00000      0.00000
      1.96888      0.00000      0.00000      0.00000
      1.97888      0.00000      0.00000      0.00000
      1.98888      0.00000      0.00000      0.00000
      1.99888      0.00000      0.00000      0.00000
      2.00888      0.00000      0.00000      0.00000
      2.01888      0.00000      0.00000      0.00000
      2.02888      0.00000      0.00000      0.00000
      2.03888      0.00000      0.00000      0.00000
      2.04888      0.00000      0.00000      0.00000
      2.05888      0.00000      0.00000      0.00000
      2.06888      0.00000      0.00000      0.00000
      2.07888      0.00000      0.00000      0.00000
      2.08888      0.00000      0.00000      0.00000
      2.09888      0.00000      0.00000      0.00000
      2.10888      0.00000      0.00000      0.00000
      2.11888      0.00000      0.00000      0.00000
      2.12888      0.00000      0.00000      0.00000
      2.13888      0.00000      0.00000      0.00000
      2.14888      0.00000      0.00000      0.00000
      2.15888      0.00000      0.00000      0.00000
      2.16888      0.00000      0.00000      0.00000
      2.17888      0.00000      0.00000      0.00000
      2.18888      0.00000      0.00000      0.00000
      2.19888      0.00000      0.00000      0.00000
      2.20888      0.00000      0.00000      0.00000
      2.21888      0.00000      0.00000      0.00000
      2.22888      0.00000      0.00000      0.00000
      2.23888      0.00000      0.00000      0.00000
      2.24888      0.00000      0.00000      0.00000
      2.25888      0.00000      0.00000      0.00000
      2.26888      0.00000      0.00000      0.00000
      2.27888      0.00000      0.00000      0.00000
      2.28888      0.00000      0.00000      0.00000
      2.29888      0.00000      0.00000      0.00000
      2.30888      0.00000      0.00000      0.00000
      2.31888      0.00000      0.00000      0.00000
      2.32888      0.00000      0.00000      0.00000
      2.33888      0.00000      0.00000      0.00000
      2.34888      0.00000      0.00000      0.00000
      2.35888      0.00000      0.00000      0.00000
      2.36888      0.00000      0.00000      0.00000
      2.37888      0.00000      0.00000      0.00000
      2.38888      0.00000      0.00000      0.00000
      2.39888      0.00000      0.00000      0.00000
      2.40888      0.00000      0.00000      0.00000
      2.41888      0.00000      0.00000      0.00000
      2.42888      0.00000      0.00000      0.00000
      2.43888      0.00000      0.00000      0.00000
      2.44888      0.00000      0.00000      0.00000
      2.45888      0.00000      0.00000      0.00000
      2.46888      0.00000      0.00000      0.00000
      2.47888      0.00000      0.00000      0.00000
      2.48888      0.00000      0.00000      0.00000
      2.49888      0.00000      0.00000      0.00000
      2.50888      0.00000      0.00000      0.00000
      2.51888      0.00000      0.00000      0.00000
      2.52888      0.00000      0.00000      0.00000
      2.53888      0.00000      0.00000      0.00000
      2.54888      0.00000      0.00000      0.00000
      2.55888      0.00000      0.00000      0.00000
      2.56888      0.00000      0.00000      0.00000
      2.57888      0.00000      0.00000      0.00000
      2.58888      0.00000      0.00000      0.00000
      2.59888      0.00000      0.00000      0.00000
      2.60888      0.00000      0.00000      0.00000
      2.61888      0.00000      0.00000      0.00000
      2.62888      0.00000      0.00000      0.00000
      2.63888      0.00000      0.00000      0.00000
      2.64888      0.00000      0.00000      0.00000
      2.65888      0.00000      0.00000      0.00000
      2.66888      0.00010      0.00009      0.00001
      2.67888      0.00285      0.00258      0.00027
      2.68888      0.02932      0.02654      0.00277
      2.69888      0.11165      0.10109      0.01057
      2.70888      0.17256      0.15615      0.01641
      2.71888      0.20469      0.18374      0.02095
      2.72888      0.37566      0.31695      0.05871
      2.73888      0.75226      0.52511      0.22716
      2.74888      1.52128      0.94867      0.57262
      2.75888      1.90019      1.19066      0.70953
      2.76888      1.74571      1.07683      0.66888
      2.77888      2.27244      1.35857      0.91386
      2.78888      3.09837      1.87045      1.22792
      2.79888      3.03379      1.84009      1.19371
      2.80888      2.05295      1.26631      0.78664
      2.81888      1.38447      0.88815      0.49632
      2.82888      1.49104      0.96593      0.52510
      2.83888      1.82527      1.13645      0.68882
      2.84888      2.48136      1.49606      0.98530
      2.85888      3.05550      1.89327      1.16222
      2.86888      2.60269      1.65587      0.94681
      2.87888      1.95415      1.27684      0.67731
      2.88888      1.89874      1.26199      0.63675
      2.89888      2.04269      1.34411      0.69858
      2.90888      2.22891      1.41674      0.81218
      2.91888      2.17043      1.31876      0.85167
      2.92888      2.30209      1.32782      0.97426
      2.93888      2.82574      1.64927      1.17647
      2.94888      3.25123      1.99582      1.25542
      2.95888      3.52661      2.23348      1.29313
      2.96888      3.85371      2.49448      1.35923
      2.97888      3.60909      2.37768      1.23142
      2.98888      2.85348      1.88298      0.97050
      2.99888      2.43002      1.52387      0.90615
      3.00888      2.71490      1.60203      1.11287
      3.01888      2.64615      1.60282      1.04333
      3.02888      2.76774      1.78813      0.97961
      3.03888      3.44557      2.22125      1.22432
      3.04888      3.10430      2.01206      1.09224
      3.05888      2.49060      1.67713      0.81347
      3.06888      2.37404      1.63016      0.74388
      3.07888      2.17180      1.44668      0.72512
      3.08888      1.90054      1.23061      0.66993
      3.09888      2.04975      1.34100      0.70876
      3.10888      2.37485      1.57601      0.79884
      3.11888      2.55887      1.75337      0.80550
      3.12888      2.86077      1.98056      0.88022
      3.13888      3.32441      2.23577      1.08864
      3.14888      3.36690      2.22580      1.14110
      3.15888      2.73165      1.78892      0.94273
      3.16888      1.97855      1.29791      0.68063
      3.17888      2.12284      1.45159      0.67126
      3.18888      3.09337      2.18513      0.90824
      3.19888      3.59055      2.58388      1.00667
      3.20888      2.59347      1.87974      0.71373
      3.21888      1.42539      1.02844      0.39695
      3.22888      1.58535      1.10409      0.48125
      3.23888      1.83256      1.26231      0.57025
      3.24888      1.63844      1.15900      0.47944
      3.25888      2.09279      1.49351      0.59928
      3.26888      2.76213      1.88995      0.87218
      3.27888      3.71795      2.36028      1.35767
      3.28888      4.53367      2.81051      1.72316
      3.29888      4.61952      2.92200      1.69752
      3.30888      4.71760      2.99627      1.72133
      3.31888      4.72642      2.89033      1.83609
      3.32888      5.20119      3.06627      2.13492
      3.33888      6.25213      3.72691      2.52522
      3.34888      6.27174      3.91922      2.35252
      3.35888      5.92070      3.83038      2.09032
      3.36888      5.51462      3.47962      2.03500
      3.37888      4.28822      2.61875      1.66947
      3.38888      3.09672      1.90831      1.18840
      3.39888      2.76864      1.71412      1.05452
      3.40888      3.15170      1.97698      1.17473
      3.41888      4.47552      2.88810      1.58742
      3.42888      5.84909      3.77636      2.07273
      3.43888      5.06656      3.26811      1.79845
      3.44888      3.48343      2.25408      1.22935
      3.45888      2.40539      1.54015      0.86524
      3.46888      1.75637      1.12057      0.63580
      3.47888      2.26812      1.48478      0.78334
      3.48888      3.65150      2.51085      1.14065
      3.49888      4.35488      3.09052      1.26436
      3.50888      3.27846      2.30196      0.97649
      3.51888      1.89584      1.24941      0.64643
      3.52888      1.53721      0.96884      0.56837
      3.53888      2.18411      1.42433      0.75978
      3.54888      4.04114      2.78223      1.25891
      3.55888      6.01434      4.18687      1.82747
      3.56888      6.24627      4.24692      1.99936
      3.57888      5.26482      3.43387      1.83095
      3.58888      4.84797      3.04091      1.80706
      3.59888      5.05457      3.20267      1.85190
      3.60888      5.60158      3.79673      1.80485
      3.61888      5.60525      3.94288      1.66237
      3.62888      4.67568      3.18921      1.48648
      3.63888      3.75073      2.45745      1.29328
      3.64888      3.39425      2.26722      1.12703
      3.65888      3.69261      2.67197      1.02064
      3.66888      4.10131      3.17738      0.92393
      3.67888      3.98768      3.13192      0.85576
      3.68888      3.37953      2.61884      0.76069
      3.69888      2.73940      2.09391      0.64549
      3.70888      2.75670      2.06426      0.69244
      3.71888      2.79908      2.10478      0.69430
      3.72888      2.80841      2.15407      0.65434
      3.73888      2.92619      2.30391      0.62227
      3.74888      2.98414      2.44150      0.54264
      3.75888      3.06697      2.50468      0.56229
      3.76888      3.23928      2.53172      0.70756
      3.77888      3.18711      2.46121      0.72591
      3.78888      2.99125      2.36029      0.63096
      3.79888      2.75314      2.14450      0.60864
      3.80888      2.48558      1.85803      0.62754
      3.81888      2.11337      1.52103      0.59235
      3.82888      1.94361      1.36069      0.58292
      3.83888      2.21585      1.59685      0.61900
      3.84888      2.19195      1.62836      0.56359
      3.85888      1.87247      1.38636      0.48611
      3.86888      2.27256      1.72021      0.55234
      3.87888      3.12754      2.42922      0.69832
      3.88888      2.95538      2.30630      0.64908
      3.89888      2.09806      1.62860      0.46946
      3.90888      2.13806      1.63274      0.50533
      3.91888      2.60981      1.96962      0.64019
      3.92888      2.89390      2.24038      0.65352
      3.93888      2.72722      2.17198      0.55524
      3.94888      2.29937      1.78117      0.51820
      3.95888      2.63404      1.92703      0.70701
      3.96888      3.12071      2.30890      0.81181
      3.97888      2.78637      2.13629      0.65008
      3.98888      2.37034      1.78657      0.58377
      3.99888      2.44230      1.85337      0.58893
      4.00888      2.78623      2.22439      0.56183
      4.01888      3.11225      2.51760      0.59465
      4.02888      3.32757      2.64603      0.68154
      4.03888      3.07652      2.35061      0.72591
      4.04888      2.85536      2.16001      0.69535
      4.05888      2.89792      2.28757      0.61035
      4.06888      2.85415      2.26449      0.58965
      4.07888      3.08557      2.34913      0.73644
      4.08888      3.30518      2.49991      0.80527
      4.09888      3.38385      2.66873      0.71512
      4.10888      3.48525      2.84700      0.63825
      4.11888      3.59196      2.85319      0.73877
      4.12888      3.54290      2.63456      0.90834
      4.13888      2.84117      2.06471      0.77646
      4.14888      2.51141      1.87103      0.64038
      4.15888      2.98046      2.26139      0.71906
      4.16888      3.02549      2.23977      0.78572
      4.17888      2.85323      2.06014      0.79309
      4.18888      2.64281      1.95967      0.68314
      4.19888      2.81623      2.14370      0.67253
      4.20888      3.58561      2.67270      0.91291
      4.21888      4.45347      3.17202      1.28145
      4.22888      4.31033      2.95539      1.35494
      4.23888      3.33279      2.21774      1.11506
      4.24888      3.00457      1.99163      1.01295
      4.25888      3.11074      2.04949      1.06126
      4.26888      3.52927      2.30576      1.22351
      4.27888      4.05562      2.64692      1.40869
      4.28888      4.10892      2.65223      1.45668
      4.29888      4.05762      2.58781      1.46981
      4.30888      4.33582      2.68245      1.65337
      4.31888      4.46162      2.70352      1.75810
      4.32888      4.23698      2.60089      1.63609
      4.33888      3.78728      2.38595      1.40133
      4.34888      4.16643      2.69012      1.47631
      4.35888      4.53435      2.92665      1.60770
      4.36888      3.74960      2.34650      1.40309
      4.37888      2.75316      1.71746      1.03570
      4.38888      2.21970      1.43592      0.78378
      4.39888      2.53594      1.61905      0.91688
      4.40888      3.29475      2.00861      1.28614
      4.41888      3.32402      2.01790      1.30612
      4.42888      2.83415      1.78691      1.04725
      4.43888      2.32594      1.50409      0.82185
      4.44888      1.85905      1.17826      0.68079
      4.45888      1.91742      1.18518      0.73224
      4.46888      2.15768      1.36197      0.79570
      4.47888      2.66355      1.69511      0.96844
      4.48888      2.96729      1.84522      1.12207
      4.49888      2.70935      1.63612      1.07322
      4.50888      2.46536      1.42858      1.03678
      4.51888      2.02133      1.14610      0.87523
      4.52888      1.55083      0.89981      0.65102
      4.53888      1.81263      1.08233      0.73030
      4.54888      2.85559      1.74859      1.10699
      4.55888      3.16278      1.95427      1.20851
      4.56888      2.33729      1.44099      0.89630
      4.57888      1.74663      1.06430      0.68233
      4.58888      1.44509      0.85146      0.59363
      4.59888      1.80921      1.02337      0.78584
      4.60888      2.27825      1.29853      0.97972
      4.61888      2.08469      1.24510      0.83960
      4.62888      1.72820      1.08145      0.64675
      4.63888      1.82406      1.11263      0.71144
      4.64888      2.16524      1.27025      0.89499
      4.65888      2.07743      1.23541      0.84202
      4.66888      1.43771      0.88475      0.55295
      4.67888      0.84739      0.52559      0.32181
      4.68888      0.95282      0.58491      0.36791
      4.69888      1.62367      0.95952      0.66415
      4.70888      2.71962      1.51165      1.20797
      4.71888      3.39470      1.85537      1.53933
      4.72888      2.90291      1.62141      1.28150
      4.73888      1.97146      1.11850      0.85297
      4.74888      1.36670      0.77301      0.59370
      4.75888      1.03980      0.59733      0.44247
      4.76888      0.73186      0.42017      0.31169
      4.77888      0.95082      0.53984      0.41098
      4.78888      1.31172      0.73621      0.57551
      4.79888      1.60833      0.87359      0.73474
      4.80888      1.95806      1.06533      0.89273
      4.81888      1.71890      0.94916      0.76974
      4.82888      1.37684      0.76162      0.61522
      4.83888      1.41775      0.79828      0.61946
      4.84888      1.34509      0.77946      0.56564
      4.85888      1.25606      0.73678      0.51928
      4.86888      1.03419      0.60944      0.42475
      4.87888      1.22322      0.70997      0.51325
      4.88888      2.01955      1.13359      0.88597
      4.89888      2.34044      1.27150      1.06894
      4.90888      1.90306      0.99420      0.90886
      4.91888      1.99163      1.02337      0.96826
      4.92888      2.52659      1.33011      1.19648
      4.93888      2.55202      1.40324      1.14878
      4.94888      2.08461      1.19123      0.89338
      4.95888      1.40593      0.81533      0.59060
      4.96888      1.30745      0.74626      0.56120
      4.97888      1.43930      0.79362      0.64568
      4.98888      1.30852      0.69834      0.61018
      4.99888      1.30410      0.68781      0.61630
      5.00888      1.44117      0.76915      0.67202
      5.01888      1.29080      0.70333      0.58748
      5.02888      1.14927      0.63448      0.51479
      5.03888      1.21812      0.67583      0.54229
      5.04888      0.98574      0.54237      0.44338
      5.05888      0.71784      0.38396      0.33388
      5.06888      0.65260      0.35329      0.29932
      5.07888      0.64636      0.34706      0.29930
      5.08888      0.83726      0.41956      0.41769
      5.09888      1.20007      0.59118      0.60889
      5.10888      1.10245      0.56421      0.53824
      5.11888      0.95794      0.51726      0.44068
      5.12888      1.13116      0.59383      0.53733
      5.13888      1.16450      0.58575      0.57876
      5.14888      0.94812      0.46593      0.48219
      5.15888      0.81072      0.39554      0.41519
      5.16888      0.85184      0.41489      0.43694
      5.17888      0.78883      0.38453      0.40430
      5.18888      0.81294      0.39733      0.41561
      5.19888      1.12534      0.55040      0.57494
      5.20888      1.16214      0.56861      0.59353
      5.21888      0.74748      0.36532      0.38216
      5.22888      0.73158      0.35561      0.37597
      5.23888      1.04733      0.50939      0.53793
      5.24888      0.89766      0.43843      0.45923
      5.25888      0.53910      0.26577      0.27332
      5.26888      0.86085      0.42968      0.43117
      5.27888      1.84471      0.92219      0.92252
      5.28888      2.36390      1.18073      1.18317
      5.29888      2.11724      1.05548      1.06175
      5.30888      2.14091      1.07021      1.07070
      5.31888      2.25744      1.12955      1.12788
      5.32888      2.17114      1.08014      1.09100
      5.33888      2.20511      1.09671      1.10840
      5.34888      2.62716      1.31350      1.31366
      5.35888      2.95899      1.48044      1.47855
      5.36888      3.45695      1.72708      1.72987
      5.37888      4.21772      2.11469      2.10303
      5.38888      4.36106      2.18987      2.17119
      5.39888      3.98887      1.99573      1.99314
      5.40888      3.67276      1.84219      1.83058
      5.41888      3.34268      1.69158      1.65110
      5.42888      2.61806      1.33042      1.28763
      5.43888      2.15273      1.08969      1.06304
      5.44888      2.09425      1.05615      1.03810
      5.45888      2.05185      1.03683      1.01502
      5.46888      2.32687      1.20033      1.12654
      5.47888      2.78688      1.46241      1.32447
      5.48888      2.63646      1.37410      1.26236
      5.49888      2.53519      1.30011      1.23508
      5.50888      2.77569      1.43329      1.34240
      5.51888      2.38658      1.24461      1.14197
      5.52888      1.46285      0.76620      0.69666
      5.53888      1.17011      0.61866      0.55146
      5.54888      1.41328      0.75258      0.66069
      5.55888      1.16562      0.62009      0.54553
      5.56888      0.92381      0.49779      0.42601
      5.57888      1.49680      0.81669      0.68011
      5.58888      1.79823      0.98324      0.81499
      5.59888      1.51303      0.82944      0.68359
      5.60888      1.34220      0.73374      0.60846
      5.61888      1.06918      0.57809      0.49109
      5.62888      0.77394      0.41073      0.36321
      5.63888      0.80872      0.42756      0.38116
      5.64888      0.75526      0.40514      0.35013
      5.65888      0.53703      0.29743      0.23960
      5.66888      0.98202      0.56063      0.42139
      5.67888      2.15929      1.23648      0.92280
      5.68888      2.64048      1.51102      1.12945
      5.69888      1.93963      1.10646      0.83317
      5.70888      1.61722      0.91923      0.69800
      5.71888      1.63421      0.93039      0.70383
      5.72888      1.36990      0.77559      0.59431
      5.73888      1.26821      0.71302      0.55519
      5.74888      1.05618      0.59785      0.45833
      5.75888      0.87779      0.50695      0.37084
      5.76888      0.84300      0.49680      0.34619
      5.77888      0.85876      0.51753      0.34123
      5.78888      1.07638      0.65153      0.42486
      5.79888      1.19570      0.71293      0.48277
      5.80888      1.17408      0.69352      0.48056
      5.81888      1.07976      0.64207      0.43769
      5.82888      1.01008      0.60577      0.40431
      5.83888      1.15090      0.69021      0.46068
      5.84888      1.40569      0.84439      0.56130
      5.85888      1.71073      1.03306      0.67766
      5.86888      1.65267      1.00113      0.65154
      5.87888      0.95863      0.58300      0.37563
      5.88888      0.34259      0.21045      0.13214
      5.89888      0.27916      0.17379      0.10537
      5.90888      0.40869      0.25244      0.15627
      5.91888      0.53301      0.32578      0.20791
      5.92888      0.50601      0.32325      0.19101
      5.93888      0.40938      0.32424      0.12158
      5.94888      0.52198      0.44329      0.13794
      5.95888      0.62685      0.46372      0.19857
      5.96888      0.87021      0.56166      0.31635
      5.97888      1.08886      0.68284      0.40665
      5.98888      0.87116      0.54589      0.32529
      5.99888      0.59905      0.37709      0.22196
      6.00888      0.54661      0.34446      0.20215
      6.01888      0.64775      0.40842      0.23934
      6.02888      0.78405      0.49684      0.28730
      6.03888      0.69544      0.44656      0.25077
      6.04888      0.49112      0.34563      0.16114
      6.05888      0.56369      0.45575      0.15590
      6.06888      0.74083      0.58854      0.21108
      6.07888      0.84112      0.65694      0.24448
      6.08888      1.11732      0.95500      0.28132
      6.09888      1.20978      1.07950      0.28028
      6.10888      0.86074      0.71787      0.22375
      6.11888      0.68900      0.48053      0.22588
      6.12888      1.03246      0.66814      0.36577
      6.13888      1.40307      0.89986      0.50325
      6.14888      1.06723      0.68192      0.38531
      6.15888      0.43398      0.27775      0.15649
      6.16888      0.28693      0.19664      0.09538
      6.17888      0.59922      0.46363      0.17152
      6.18888      0.91640      0.78435      0.22552
      6.19888      0.83808      0.72341      0.20417
      6.20888      0.79626      0.58053      0.24727
      6.21888      0.93301      0.61337      0.32375
      6.22888      0.67638      0.43667      0.24047
      6.23888      0.63904      0.42123      0.22634
      6.24888      1.08732      0.78529      0.34964
      6.25888      1.13609      0.92543      0.30838
      6.26888      0.58492      0.52782      0.13104
      6.27888      0.23673      0.19978      0.06053
      6.28888      0.37168      0.29465      0.10529
      6.29888      0.58229      0.54863      0.11823
      6.30888      0.65489      0.65790      0.11153
      6.31888      0.62073      0.57486      0.13237
      6.32888      0.42350      0.36023      0.10716
      6.33888      0.24535      0.17936      0.07746
      6.34888      0.17781      0.11365      0.06538
      6.35888      0.24654      0.15274      0.09385
      6.36888      0.37934      0.23665      0.14269
      6.37888      0.46931      0.29229      0.17705
      6.38888      0.46829      0.28964      0.17950
      6.39888      0.39758      0.26294      0.14348
      6.40888      0.47944      0.37124      0.14224
      6.41888      0.61613      0.48744      0.17693
      6.42888      0.72668      0.50346      0.24836
      6.43888      0.72656      0.45789      0.27351
      6.44888      0.59455      0.36822      0.22722
      6.45888      0.55909      0.36514      0.20227
      6.46888      0.52793      0.43172      0.14240
      6.47888      0.44768      0.48884      0.05352
      6.48888      0.26713      0.32464      0.01395
      6.49888      0.17946      0.15638      0.04300
      6.50888      0.37594      0.24263      0.13707
      6.51888      0.59771      0.40927      0.20682
      6.52888      0.67287      0.57768      0.16981
      6.53888      0.81354      0.78764      0.15652
      6.54888      1.09494      0.95013      0.27146
      6.55888      1.08145      0.85813      0.31145
      6.56888      0.56490      0.43225      0.17088
      6.57888      0.14303      0.10535      0.04542
      6.58888      0.12813      0.07987      0.04888
      6.59888      0.43703      0.26760      0.16945
      6.60888      0.61388      0.37646      0.23759
      6.61888      0.34445      0.21912      0.12883
      6.62888      0.25094      0.21624      0.06243
      6.63888      0.57062      0.53284      0.11939
      6.64888      0.76213      0.66900      0.18249
      6.65888      0.68684      0.51230      0.21259
      6.66888      0.66745      0.45983      0.22708
      6.67888      0.80077      0.58452      0.25802
      6.68888      0.96318      0.68505      0.32340
      6.69888      0.75988      0.50041      0.27768
      6.70888      0.68924      0.42498      0.26761
      6.71888      0.91346      0.57461      0.34841
      6.72888      1.09833      0.77462      0.37365
      6.73888      1.20040      0.94296      0.35496
      6.74888      0.85312      0.67574      0.24747
      6.75888      0.40407      0.28856      0.13405
      6.76888      0.45109      0.27698      0.17591
      6.77888      0.72884      0.44153      0.28738
      6.78888      0.54919      0.33408      0.21511
      6.79888      0.17335      0.10595      0.06744
      6.80888      0.07289      0.04693      0.02740
      6.81888      0.27362      0.19863      0.09095
      6.82888      0.66016      0.54090      0.18476
      6.83888      0.79964      0.70292      0.19669
      6.84888      0.52588      0.44408      0.13891
      6.85888      0.48931      0.34168      0.16819
      6.86888      0.94127      0.72029      0.28921
      6.87888      1.45157      1.35673      0.31114
      6.88888      1.50133      1.54789      0.24222
      6.89888      0.85817      0.87140      0.14538
      6.90888      0.25888      0.23499      0.05894
      6.91888      0.17427      0.11259      0.06473
      6.92888      0.30284      0.18396      0.11899
      6.93888      0.28627      0.17333      0.11294
      6.94888      0.28273      0.17097      0.11176
      6.95888      0.51690      0.31506      0.20185
      6.96888      0.96448      0.58943      0.37542
      6.97888      1.45042      0.89294      0.56369
      6.98888      1.74072      1.13507      0.64494
      6.99888      1.52912      1.13319      0.49344
      7.00888      0.90508      0.77756      0.23466
      7.01888      0.59666      0.53270      0.14513
      7.02888      0.52163      0.44159      0.14047
      7.03888      0.61140      0.51713      0.16458
      7.04888      1.10856      0.96034      0.28528
      7.05888      1.27523      1.07392      0.34360
      7.06888      0.92295      0.68706      0.29698
      7.07888      0.62386      0.40671      0.23278
      7.08888      0.53514      0.38291      0.18227
      7.09888      0.60347      0.48933      0.17475
      7.10888      0.62030      0.50776      0.17631
      7.11888      0.78397      0.62389      0.23234
      7.12888      1.07887      0.84590      0.32730
      7.13888      1.15425      0.95293      0.32585
      7.14888      1.02301      0.87741      0.27070
      7.15888      0.89493      0.75940      0.23960
      7.16888      0.93045      0.77806      0.25545
      7.17888      1.22079      0.98594      0.35445
      7.18888      1.34539      1.08391      0.39309
      7.19888      0.96840      0.77199      0.28747
      7.20888      0.51497      0.37136      0.17293
      7.21888      0.45931      0.28582      0.17737
      7.22888      0.53091      0.32408      0.20703
      7.23888      0.54178      0.33295      0.20902
      7.24888      0.62788      0.39227      0.23941
      7.25888      0.90596      0.61292      0.32267
      7.26888      1.17441      0.90047      0.36423
      7.27888      1.17504      0.93612      0.34742
      7.28888      1.24896      0.85784      0.44264
      7.29888      1.25287      0.77157      0.49089
      7.30888      0.84873      0.51091      0.33850
      7.31888      0.45760      0.27520      0.18244
      7.32888      0.39226      0.23730      0.15577
      7.33888      0.59350      0.38306      0.22380
      7.34888      0.74927      0.62608      0.21182
      7.35888      1.08806      1.16984      0.17851
      7.36888      1.68162      1.79371      0.28242
      7.37888      1.86887      1.80965      0.40366
      7.38888      1.47668      1.24280      0.41161
      7.39888      1.36839      1.05464      0.42979
      7.40888      1.27995      1.02959      0.37967
      7.41888      0.94545      0.76901      0.27444
      7.42888      0.80170      0.71326      0.20028
      7.43888      0.70369      0.66176      0.15847
      7.44888      0.74970      0.55283      0.24686
      7.45888      0.84646      0.52606      0.32835
      7.46888      0.88295      0.53262      0.35080
      7.47888      1.16884      0.70393      0.46524
      7.48888      1.06477      0.65033      0.41950
      7.49888      0.86951      0.58120      0.31851
      7.50888      0.97837      0.71641      0.32820
      7.51888      1.07668      0.75301      0.37712
      7.52888      1.51893      0.95185      0.58305
      7.53888      1.70733      1.04747      0.66482
      7.54888      1.16275      0.78030      0.41925
      7.55888      1.00820      0.95065      0.22798
      7.56888      1.57246      1.64911      0.27516
      7.57888      1.88897      1.86923      0.38660
      7.58888      1.64988      1.54514      0.37664
      7.59888      1.47452      1.48383      0.27846
      7.60888      1.21532      1.33209      0.17106
      7.61888      0.96400      0.93672      0.19150
      7.62888      1.10101      0.79546      0.35617
      7.63888      1.06215      0.68258      0.39088
      7.64888      1.00177      0.68304      0.35311
      7.65888      1.34034      1.06442      0.39478
      7.66888      1.44160      1.20466      0.39309
      7.67888      1.08780      0.82057      0.34393
      7.68888      0.78398      0.50320      0.29489
      7.69888      0.59747      0.36592      0.23378
