Energy-E_F (eV)    DOS (1/eV)    PDOS (1/eV)  of atom type W  S  
     -4.99000      0.92938      0.27264      0.65674
     -4.98000      1.14653      0.34191      0.80462
     -4.97000      1.28259      0.39362      0.88898
     -4.96000      1.37774      0.44165      0.93609
     -4.95000      1.56649      0.52933      1.03716
     -4.94000      1.71143      0.58981      1.12161
     -4.93000      1.34011      0.44371      0.89641
     -4.92000      0.63183      0.19400      0.43784
     -4.91000      0.47402      0.13640      0.33762
     -4.90000      0.74364      0.21363      0.53002
     -4.89000      0.80218      0.22694      0.57524
     -4.88000      0.73152      0.20748      0.52404
     -4.87000      0.67404      0.20361      0.47043
     -4.86000      0.65604      0.20470      0.45134
     -4.85000      0.72611      0.22360      0.50251
     -4.84000      0.81641      0.26150      0.55491
     -4.83000      1.02475      0.33452      0.69023
     -4.82000      1.16885      0.37250      0.79636
     -4.81000      0.96115      0.29492      0.66624
     -4.80000      0.67321      0.20316      0.47005
     -4.79000      0.42203      0.13068      0.29134
     -4.78000      0.51111      0.15922      0.35189
     -4.77000      0.76213      0.23322      0.52891
     -4.76000      0.84164      0.26078      0.58086
     -4.75000      0.75144      0.24045      0.51099
     -4.74000      0.71243      0.23024      0.48219
     -4.73000      0.93664      0.29921      0.63744
     -4.72000      1.03829      0.33708      0.70122
     -4.71000      1.04550      0.35781      0.68768
     -4.70000      1.18356      0.40905      0.77451
     -4.69000      1.03763      0.34580      0.69183
     -4.68000      0.53230      0.16853      0.36377
     -4.67000      0.29961      0.08906      0.21055
     -4.66000      0.34457      0.10336      0.24121
     -4.65000      0.44156      0.13583      0.30573
     -4.64000      0.66753      0.21025      0.45729
     -4.63000      1.09497      0.35344      0.74154
     -4.62000      1.51695      0.52461      0.99234
     -4.61000      1.95891      0.72652      1.23240
     -4.60000      2.43685      0.92645      1.51040
     -4.59000      3.42937      1.27759      2.15177
     -4.58000      4.80421      1.72637      3.07784
     -4.57000      5.14116      1.82985      3.31131
     -4.56000      4.25818      1.53857      2.71962
     -4.55000      3.90346      1.44178      2.46167
     -4.54000      3.94664      1.45977      2.48687
     -4.53000      3.63559      1.29119      2.34440
     -4.52000      3.03745      1.03249      2.00497
     -4.51000      2.58959      0.89539      1.69420
     -4.50000      2.45217      0.87022      1.58195
     -4.49000      2.29830      0.80074      1.49757
     -4.48000      2.93877      1.02795      1.91082
     -4.47000      3.91938      1.39063      2.52875
     -4.46000      4.03760      1.43233      2.60527
     -4.45000      3.94103      1.39292      2.54811
     -4.44000      3.84559      1.34828      2.49732
     -4.43000      4.05612      1.43367      2.62245
     -4.42000      6.09093      2.24348      3.84745
     -4.41000      8.75075      3.28904      5.46172
     -4.40000      8.25822      3.15360      5.10462
     -4.39000      6.51275      2.52790      3.98485
     -4.38000      6.42565      2.48390      3.94174
     -4.37000      6.73570      2.55469      4.18101
     -4.36000      6.24221      2.31447      3.92774
     -4.35000      4.95763      1.83881      3.11882
     -4.34000      3.71426      1.38907      2.32519
     -4.33000      3.71116      1.37308      2.33807
     -4.32000      4.63735      1.70460      2.93275
     -4.31000      5.52994      2.04874      3.48120
     -4.30000      5.48635      2.03364      3.45271
     -4.29000      4.65746      1.71576      2.94170
     -4.28000      4.50098      1.67249      2.82849
     -4.27000      5.02287      1.87996      3.14292
     -4.26000      5.00571      1.85844      3.14727
     -4.25000      3.78330      1.38807      2.39523
     -4.24000      3.12861      1.13836      1.99025
     -4.23000      3.27757      1.20043      2.07713
     -4.22000      3.20477      1.17702      2.02775
     -4.21000      3.16278      1.12914      2.03364
     -4.20000      2.76114      0.96519      1.79596
     -4.19000      2.76519      0.97842      1.78677
     -4.18000      3.26787      1.15582      2.11206
     -4.17000      3.17032      1.14604      2.02429
     -4.16000      2.63694      0.99674      1.64020
     -4.15000      1.90815      0.72255      1.18559
     -4.14000      1.34869      0.49740      0.85129
     -4.13000      1.08100      0.41367      0.66732
     -4.12000      0.95125      0.36332      0.58792
     -4.11000      0.89804      0.34227      0.55577
     -4.10000      0.79069      0.32608      0.46461
     -4.09000      0.56812      0.23457      0.33355
     -4.08000      0.26963      0.10850      0.16113
     -4.07000      0.40248      0.16970      0.23278
     -4.06000      1.19992      0.47955      0.72037
     -4.05000      1.82521      0.71247      1.11274
     -4.04000      1.36329      0.55884      0.80444
     -4.03000      0.53802      0.24501      0.29302
     -4.02000      0.15938      0.07498      0.08440
     -4.01000      0.27832      0.11227      0.16605
     -4.00000      0.70778      0.29044      0.41733
     -3.99000      0.90415      0.36812      0.53603
     -3.98000      0.65642      0.26062      0.39580
     -3.97000      0.56378      0.25438      0.30940
     -3.96000      0.87357      0.41845      0.45513
     -3.95000      0.83820      0.38954      0.44867
     -3.94000      0.79070      0.33708      0.45361
     -3.93000      1.52439      0.61100      0.91339
     -3.92000      1.94267      0.76861      1.17405
     -3.91000      1.30779      0.51657      0.79122
     -3.90000      0.72631      0.27260      0.45372
     -3.89000      0.64140      0.23766      0.40374
     -3.88000      0.73142      0.26486      0.46657
     -3.87000      1.08187      0.37967      0.70220
     -3.86000      1.43493      0.53015      0.90478
     -3.85000      1.22508      0.46216      0.76293
     -3.84000      0.75778      0.27350      0.48429
     -3.83000      0.96239      0.34502      0.61737
     -3.82000      1.23535      0.47131      0.76404
     -3.81000      1.04883      0.43133      0.61750
     -3.80000      1.25963      0.51317      0.74646
     -3.79000      1.40963      0.53462      0.87501
     -3.78000      1.02444      0.36974      0.65470
     -3.77000      0.93092      0.34709      0.58383
     -3.76000      1.14715      0.41801      0.72915
     -3.75000      1.17324      0.38833      0.78492
     -3.74000      1.16091      0.37880      0.78211
     -3.73000      1.24032      0.44179      0.79853
     -3.72000      1.16605      0.45490      0.71115
     -3.71000      0.81847      0.32940      0.48907
     -3.70000      0.62970      0.26409      0.36562
     -3.69000      0.91321      0.42041      0.49280
     -3.68000      1.42623      0.65536      0.77087
     -3.67000      1.79371      0.75241      1.04130
     -3.66000      1.61948      0.59495      1.02453
     -3.65000      0.94117      0.30716      0.63401
     -3.64000      0.54939      0.16334      0.38605
     -3.63000      0.57758      0.17460      0.40298
     -3.62000      0.85671      0.28450      0.57221
     -3.61000      1.77660      0.62589      1.15071
     -3.60000      2.72918      0.97590      1.75328
     -3.59000      2.82092      1.02875      1.79218
     -3.58000      2.97163      1.06897      1.90266
     -3.57000      3.14440      1.07557      2.06883
     -3.56000      3.05419      1.04412      2.01007
     -3.55000      3.57683      1.27458      2.30225
     -3.54000      4.36935      1.55083      2.81852
     -3.53000      4.31356      1.45746      2.85610
     -3.52000      4.18209      1.35290      2.82919
     -3.51000      4.80104      1.56930      3.23174
     -3.50000      4.75372      1.60881      3.14490
     -3.49000      4.15883      1.45876      2.70006
     -3.48000      4.57503      1.57780      2.99723
     -3.47000      5.08876      1.75864      3.33012
     -3.46000      6.15724      2.18641      3.97083
     -3.45000      8.54796      3.01682      5.53115
     -3.44000      8.81096      3.14287      5.66809
     -3.43000      7.35657      2.71941      4.63716
     -3.42000      7.16299      2.71565      4.44734
     -3.41000      7.34944      2.84422      4.50522
     -3.40000      6.21575      2.43891      3.77684
     -3.39000      5.08749      1.93305      3.15444
     -3.38000      5.06102      1.78361      3.27741
     -3.37000      4.77113      1.63899      3.13214
     -3.36000      3.90851      1.38678      2.52173
     -3.35000      3.89267      1.43338      2.45929
     -3.34000      4.00794      1.53580      2.47215
     -3.33000      3.42364      1.33858      2.08507
     -3.32000      3.15420      1.16189      1.99231
     -3.31000      2.90750      0.97845      1.92905
     -3.30000      2.74894      0.93402      1.81492
     -3.29000      3.39192      1.24877      2.14315
     -3.28000      3.45192      1.28458      2.16734
     -3.27000      2.25068      0.77595      1.47473
     -3.26000      1.83470      0.64064      1.19406
     -3.25000      2.34214      0.96337      1.37877
     -3.24000      2.36507      1.03767      1.32740
     -3.23000      2.21263      0.93306      1.27957
     -3.22000      2.73816      1.04962      1.68854
     -3.21000      3.06175      1.13648      1.92528
     -3.20000      2.66690      1.00365      1.66326
     -3.19000      1.77303      0.66695      1.10608
     -3.18000      1.38423      0.54837      0.83586
     -3.17000      2.25522      0.92454      1.33068
     -3.16000      2.80056      1.13975      1.66081
     -3.15000      2.18836      0.91157      1.27680
     -3.14000      1.33254      0.57488      0.75766
     -3.13000      0.85790      0.37328      0.48462
     -3.12000      0.78566      0.35776      0.42790
     -3.11000      1.20303      0.54252      0.66051
     -3.10000      1.98308      0.83951      1.14357
     -3.09000      2.20154      0.90020      1.30135
     -3.08000      1.61068      0.67554      0.93514
     -3.07000      1.05154      0.48936      0.56218
     -3.06000      1.20199      0.54346      0.65853
     -3.05000      1.84134      0.74956      1.09178
     -3.04000      2.16604      0.84826      1.31778
     -3.03000      2.11243      0.82757      1.28486
     -3.02000      1.71545      0.65551      1.05994
     -3.01000      1.23554      0.47188      0.76366
     -3.00000      1.16790      0.49347      0.67443
     -2.99000      1.52443      0.67673      0.84770
     -2.98000      1.76282      0.74570      1.01712
     -2.97000      1.75110      0.70970      1.04140
     -2.96000      1.24305      0.51734      0.72570
     -2.95000      0.90973      0.40073      0.50899
     -2.94000      1.25492      0.54417      0.71075
     -2.93000      1.43945      0.63690      0.80255
     -2.92000      1.13943      0.52630      0.61312
     -2.91000      0.98775      0.43263      0.55512
     -2.90000      1.17911      0.49937      0.67974
     -2.89000      1.51176      0.61932      0.89245
     -2.88000      2.24708      0.81338      1.43369
     -2.87000      2.77264      0.91841      1.85423
     -2.86000      2.44497      0.84949      1.59548
     -2.85000      1.80654      0.69548      1.11105
     -2.84000      1.36717      0.58220      0.78497
     -2.83000      1.43376      0.65288      0.78088
     -2.82000      1.68495      0.76512      0.91983
     -2.81000      1.50986      0.67666      0.83320
     -2.80000      1.40725      0.62456      0.78269
     -2.79000      1.51251      0.66020      0.85231
     -2.78000      1.58659      0.70905      0.87754
     -2.77000      1.65242      0.79305      0.85936
     -2.76000      1.66014      0.80468      0.85546
     -2.75000      1.70186      0.80633      0.89553
     -2.74000      1.58565      0.74299      0.84266
     -2.73000      1.51007      0.66779      0.84228
     -2.72000      1.51122      0.62824      0.88298
     -2.71000      1.79864      0.74534      1.05330
     -2.70000      2.40496      0.98154      1.42342
     -2.69000      2.05766      0.82672      1.23094
     -2.68000      1.36734      0.57689      0.79045
     -2.67000      1.64919      0.71197      0.93722
     -2.66000      1.95048      0.84984      1.10064
     -2.65000      1.34283      0.58686      0.75598
     -2.64000      0.92664      0.41585      0.51079
     -2.63000      1.18194      0.55371      0.62823
     -2.62000      1.48375      0.70539      0.77836
     -2.61000      1.73676      0.79465      0.94211
     -2.60000      1.83143      0.81537      1.01606
     -2.59000      1.76132      0.79432      0.96700
     -2.58000      1.56202      0.73610      0.82592
     -2.57000      1.18202      0.57399      0.60803
     -2.56000      1.09784      0.48782      0.61001
     -2.55000      1.18798      0.47936      0.70862
     -2.54000      1.59227      0.58244      1.00983
     -2.53000      2.86200      1.02447      1.83753
     -2.52000      3.65783      1.35217      2.30566
     -2.51000      3.13220      1.21507      1.91713
     -2.50000      2.21650      0.92248      1.29403
     -2.49000      1.76920      0.75977      1.00942
     -2.48000      1.61742      0.70904      0.90837
     -2.47000      1.39808      0.63601      0.76207
     -2.46000      1.39124      0.59163      0.79960
     -2.45000      1.63500      0.66180      0.97320
     -2.44000      1.62856      0.70091      0.92765
     -2.43000      1.63194      0.72481      0.90712
     -2.42000      1.78350      0.79105      0.99245
     -2.41000      1.82681      0.83039      0.99642
     -2.40000      1.45868      0.66137      0.79731
     -2.39000      1.44541      0.60332      0.84209
     -2.38000      2.31690      0.91404      1.40286
     -2.37000      3.14574      1.19735      1.94839
     -2.36000      2.91155      1.03923      1.87231
     -2.35000      2.37184      0.78438      1.58746
     -2.34000      2.32810      0.80533      1.52277
     -2.33000      2.51111      0.95645      1.55466
     -2.32000      2.64931      1.00095      1.64836
     -2.31000      2.46702      0.89468      1.57235
     -2.30000      2.25392      0.84121      1.41271
     -2.29000      2.08921      0.77680      1.31241
     -2.28000      2.19479      0.78002      1.41477
     -2.27000      2.92046      1.04140      1.87906
     -2.26000      3.37119      1.23156      2.13963
     -2.25000      3.19016      1.20109      1.98908
     -2.24000      3.95952      1.51751      2.44202
     -2.23000      5.34177      1.99438      3.34739
     -2.22000      5.24905      1.86413      3.38492
     -2.21000      3.86121      1.26090      2.60031
     -2.20000      3.15665      0.96012      2.19652
     -2.19000      3.37754      1.06873      2.30880
     -2.18000      3.63203      1.13995      2.49208
     -2.17000      3.75149      1.09079      2.66070
     -2.16000      3.75243      1.07828      2.67414
     -2.15000      4.26205      1.27702      2.98503
     -2.14000      5.63086      1.52849      4.10237
     -2.13000      7.04517      1.56982      5.47536
     -2.12000      7.48725      1.53689      5.95036
     -2.11000      6.66651      1.48067      5.18585
     -2.10000      5.42766      1.37245      4.05521
     -2.09000      4.25699      1.11432      3.14267
     -2.08000      3.61757      0.87954      2.73803
     -2.07000      4.53603      1.13443      3.40160
     -2.06000      5.24891      1.44859      3.80032
     -2.05000      4.18917      1.20956      2.97961
     -2.04000      3.72986      1.01606      2.71380
     -2.03000      3.58623      0.94594      2.64029
     -2.02000      3.03993      0.75162      2.28831
     -2.01000      3.67195      0.79353      2.87842
     -2.00000      4.73672      1.01501      3.72172
     -1.99000      4.26013      1.01645      3.24368
     -1.98000      3.04033      0.86731      2.17302
     -1.97000      2.73238      0.81175      1.92063
     -1.96000      2.80861      0.74334      2.06527
     -1.95000      2.54129      0.62898      1.91231
     -1.94000      2.46634      0.55628      1.91006
     -1.93000      2.98216      0.62761      2.35455
     -1.92000      3.32613      0.76059      2.56554
     -1.91000      3.75887      0.97491      2.78397
     -1.90000      3.70644      1.06981      2.63663
     -1.89000      3.04906      0.86216      2.18690
     -1.88000      2.61211      0.59911      2.01299
     -1.87000      2.49335      0.52287      1.97048
     -1.86000      2.39235      0.53350      1.85885
     -1.85000      2.64044      0.60212      2.03832
     -1.84000      3.14361      0.73596      2.40765
     -1.83000      3.08042      0.73868      2.34173
     -1.82000      2.48903      0.55763      1.93140
     -1.81000      2.39125      0.47483      1.91642
     -1.80000      2.88839      0.59101      2.29737
     -1.79000      2.86735      0.65385      2.21350
     -1.78000      2.41917      0.65222      1.76696
     -1.77000      2.07281      0.63648      1.43633
     -1.76000      2.05991      0.55214      1.50777
     -1.75000      2.46021      0.47640      1.98381
     -1.74000      2.51595      0.41258      2.10337
     -1.73000      2.22217      0.42976      1.79241
     -1.72000      1.88001      0.44342      1.43659
     -1.71000      1.92752      0.45281      1.47471
     -1.70000      2.39353      0.55032      1.84321
     -1.69000      2.97158      0.67077      2.30081
     -1.68000      3.11931      0.64312      2.47619
     -1.67000      2.59678      0.49557      2.10121
     -1.66000      1.85224      0.42080      1.43144
     -1.65000      1.61350      0.40481      1.20869
     -1.64000      1.96846      0.39763      1.57083
     -1.63000      2.25648      0.37779      1.87870
     -1.62000      2.18372      0.35865      1.82506
     -1.61000      2.20292      0.40789      1.79503
     -1.60000      2.03736      0.43234      1.60502
     -1.59000      1.82093      0.36090      1.46003
     -1.58000      1.82835      0.29069      1.53766
     -1.57000      1.94145      0.29775      1.64370
     -1.56000      2.65416      0.45730      2.19686
     -1.55000      3.30040      0.61532      2.68508
     -1.54000      2.89830      0.55016      2.34814
     -1.53000      2.10504      0.34792      1.75712
     -1.52000      1.65545      0.23206      1.42339
     -1.51000      1.73244      0.27384      1.45860
     -1.50000      1.89469      0.29315      1.60154
     -1.49000      1.83622      0.24479      1.59143
     -1.48000      1.78291      0.27393      1.50899
     -1.47000      2.13984      0.38651      1.75333
     -1.46000      2.50417      0.41475      2.08942
     -1.45000      2.85282      0.39821      2.45461
     -1.44000      3.23591      0.44276      2.79315
     -1.43000      2.81681      0.42350      2.39331
     -1.42000      2.17346      0.31804      1.85543
     -1.41000      2.26051      0.31535      1.94515
     -1.40000      3.18247      0.47023      2.71224
     -1.39000      3.72975      0.52785      3.20190
     -1.38000      3.36778      0.45210      2.91567
     -1.37000      2.83645      0.38329      2.45315
     -1.36000      2.89112      0.38231      2.50881
     -1.35000      3.38206      0.43507      2.94698
     -1.34000      3.34630      0.43248      2.91381
     -1.33000      2.38340      0.29841      2.08499
     -1.32000      1.81324      0.20816      1.60508
     -1.31000      2.00745      0.22241      1.78504
     -1.30000      2.26547      0.24273      2.02274
     -1.29000      2.11878      0.21796      1.90082
     -1.28000      1.48196      0.14814      1.33382
     -1.27000      0.84695      0.08370      0.76326
     -1.26000      0.29264      0.02880      0.26384
     -1.25000      0.04475      0.00439      0.04036
     -1.24000      0.00289      0.00038      0.00251
     -1.23000      0.00389      0.00286      0.00104
     -1.22000      0.03640      0.02710      0.00930
     -1.21000      0.14513      0.10787      0.03725
     -1.20000      0.35868      0.26529      0.09339
     -1.19000      0.76381      0.56207      0.20175
     -1.18000      1.02602      0.75133      0.27469
     -1.17000      0.86077      0.62694      0.23383
     -1.16000      0.85970      0.62265      0.23705
     -1.15000      0.95228      0.68129      0.27099
     -1.14000      0.66066      0.46821      0.19245
     -1.13000      0.46075      0.32874      0.13201
     -1.12000      0.95352      0.67972      0.27379
     -1.11000      1.40647      0.99318      0.41330
     -1.10000      1.33541      0.93908      0.39634
     -1.09000      1.23040      0.86348      0.36692
     -1.08000      1.10597      0.76633      0.33964
     -1.07000      1.28111      0.88462      0.39649
     -1.06000      1.33601      0.93424      0.40178
     -1.05000      1.02747      0.71705      0.31043
     -1.04000      1.02480      0.68424      0.34056
     -1.03000      1.55151      1.03625      0.51526
     -1.02000      1.89625      1.30861      0.58764
     -1.01000      1.83412      1.28961      0.54451
     -1.00000      1.74681      1.20839      0.53842
     -0.99000      1.80613      1.22636      0.57977
     -0.98000      1.77452      1.21952      0.55500
     -0.97000      1.65780      1.14976      0.50804
     -0.96000      2.07684      1.39293      0.68391
     -0.95000      2.67272      1.76797      0.90475
     -0.94000      2.76308      1.87900      0.88407
     -0.93000      2.71176      1.87911      0.83265
     -0.92000      2.70890      1.85650      0.85240
     -0.91000      2.96738      2.02695      0.94043
     -0.90000      3.39979      2.35657      1.04322
     -0.89000      3.84200      2.68810      1.15390
     -0.88000      4.60866      3.21315      1.39551
     -0.87000      4.79843      3.34115      1.45728
     -0.86000      3.93897      2.75977      1.17920
     -0.85000      3.16578      2.21457      0.95121
     -0.84000      2.98614      2.05351      0.93263
     -0.83000      2.85014      1.96020      0.88994
     -0.82000      2.81356      1.94655      0.86702
     -0.81000      3.23996      2.21942      1.02055
     -0.80000      3.50507      2.37447      1.13060
     -0.79000      2.95551      2.00451      0.95100
     -0.78000      1.97946      1.36557      0.61389
     -0.77000      1.83336      1.27267      0.56069
     -0.76000      2.72700      1.88717      0.83983
     -0.75000      2.95462      2.03449      0.92014
     -0.74000      2.03255      1.38150      0.65105
     -0.73000      1.82138      1.22729      0.59410
     -0.72000      2.25331      1.54423      0.70907
     -0.71000      2.47674      1.71222      0.76452
     -0.70000      2.17766      1.48041      0.69725
     -0.69000      1.72880      1.15394      0.57486
     -0.68000      1.89720      1.29162      0.60559
     -0.67000      2.79598      1.94512      0.85085
     -0.66000      3.05226      2.15078      0.90148
     -0.65000      2.02142      1.43163      0.58979
     -0.64000      1.35254      0.92872      0.42383
     -0.63000      1.32574      0.89635      0.42939
     -0.62000      1.63715      1.12887      0.50829
     -0.61000      2.26617      1.57342      0.69274
     -0.60000      2.26064      1.56994      0.69070
     -0.59000      1.60291      1.10908      0.49383
     -0.58000      1.08834      0.75358      0.33476
     -0.57000      1.25498      0.87342      0.38156
     -0.56000      1.92192      1.34545      0.57647
     -0.55000      2.36509      1.68736      0.67773
     -0.54000      2.52615      1.83677      0.68937
     -0.53000      2.22614      1.60659      0.61955
     -0.52000      1.66171      1.16965      0.49206
     -0.51000      1.18169      0.81775      0.36394
     -0.50000      0.89261      0.62166      0.27096
     -0.49000      1.10201      0.78838      0.31362
     -0.48000      1.59136      1.15102      0.44034
     -0.47000      1.58814      1.15046      0.43768
     -0.46000      1.20217      0.86733      0.33484
     -0.45000      1.22394      0.87618      0.34776
     -0.44000      1.43706      1.02823      0.40884
     -0.43000      1.56604      1.12655      0.43948
     -0.42000      1.49110      1.08660      0.40450
     -0.41000      1.55746      1.15362      0.40383
     -0.40000      1.90940      1.41516      0.49424
     -0.39000      1.70607      1.25361      0.45246
     -0.38000      0.94657      0.68821      0.25835
     -0.37000      0.64248      0.46353      0.17895
     -0.36000      0.90265      0.65644      0.24621
     -0.35000      1.22148      0.89470      0.32678
     -0.34000      1.32548      0.97366      0.35182
     -0.33000      1.36544      1.00814      0.35730
     -0.32000      1.10659      0.81903      0.28756
     -0.31000      0.71162      0.52376      0.18786
     -0.30000      0.86407      0.63336      0.23071
     -0.29000      1.27679      0.93253      0.34426
     -0.28000      1.48264      1.08367      0.39897
     -0.27000      1.28146      0.95228      0.32918
     -0.26000      1.20573      0.91528      0.29045
     -0.25000      1.26784      0.95832      0.30952
     -0.24000      1.14108      0.84712      0.29395
     -0.23000      0.90131      0.65740      0.24390
     -0.22000      0.69942      0.50549      0.19393
     -0.21000      0.76281      0.56137      0.20144
     -0.20000      1.15531      0.85964      0.29567
     -0.19000      1.32026      0.97655      0.34370
     -0.18000      1.12319      0.82362      0.29957
     -0.17000      0.82882      0.60904      0.21978
     -0.16000      0.76610      0.56909      0.19701
     -0.15000      0.93878      0.69553      0.24324
     -0.14000      1.20288      0.89746      0.30542
     -0.13000      1.45409      1.08949      0.36460
     -0.12000      1.37947      1.02609      0.35338
     -0.11000      0.98790      0.72629      0.26161
     -0.10000      0.74211      0.53905      0.20306
     -0.09000      0.87681      0.64146      0.23535
     -0.08000      1.17785      0.86947      0.30838
     -0.07000      1.22302      0.90345      0.31957
     -0.06000      1.09570      0.80690      0.28880
     -0.05000      1.18373      0.87441      0.30932
     -0.04000      1.09161      0.81102      0.28059
     -0.03000      0.75011      0.56579      0.18433
     -0.02000      0.38092      0.29385      0.08707
     -0.01000      0.20632      0.16237      0.04394
      0.00000      0.15058      0.11915      0.03143
      0.01000      0.05829      0.04615      0.01215
      0.02000      0.00864      0.00684      0.00180
      0.03000      0.00047      0.00037      0.00010
      0.04000      0.00001      0.00001      0.00000
      0.05000      0.00000      0.00000      0.00000
      0.06000      0.00000      0.00000      0.00000
      0.07000      0.00000      0.00000      0.00000
      0.08000      0.00000      0.00000      0.00000
      0.09000      0.00000      0.00000      0.00000
      0.10000      0.00000      0.00000      0.00000
      0.11000      0.00000      0.00000      0.00000
      0.12000      0.00000      0.00000      0.00000
      0.13000      0.00000      0.00000      0.00000
      0.14000      0.00000      0.00000      0.00000
      0.15000      0.00000      0.00000      0.00000
      0.16000      0.00000      0.00000      0.00000
      0.17000      0.00000      0.00000      0.00000
      0.18000      0.00000      0.00000      0.00000
      0.19000      0.00000      0.00000      0.00000
      0.20000      0.00000      0.00000      0.00000
      0.21000      0.00000      0.00000      0.00000
      0.22000      0.00000      0.00000      0.00000
      0.23000      0.00000      0.00000      0.00000
      0.24000      0.00000      0.00000      0.00000
      0.25000      0.00000      0.00000      0.00000
      0.26000      0.00000      0.00000      0.00000
      0.27000      0.00000      0.00000      0.00000
      0.28000      0.00000      0.00000      0.00000
      0.29000      0.00000      0.00000      0.00000
      0.30000      0.00000      0.00000      0.00000
      0.31000      0.00000      0.00000      0.00000
      0.32000      0.00000      0.00000      0.00000
      0.33000      0.00000      0.00000      0.00000
      0.34000      0.00000      0.00000      0.00000
      0.35000      0.00000      0.00000      0.00000
      0.36000      0.00000      0.00000      0.00000
      0.37000      0.00000      0.00000      0.00000
      0.38000      0.00000      0.00000      0.00000
      0.39000      0.00000      0.00000      0.00000
      0.40000      0.00000      0.00000      0.00000
      0.41000      0.00000      0.00000      0.00000
      0.42000      0.00000      0.00000      0.00000
      0.43000      0.00000      0.00000      0.00000
      0.44000      0.00000      0.00000      0.00000
      0.45000      0.00000      0.00000      0.00000
      0.46000      0.00000      0.00000      0.00000
      0.47000      0.00000      0.00000      0.00000
      0.48000      0.00000      0.00000      0.00000
      0.49000      0.00000      0.00000      0.00000
      0.50000      0.00000      0.00000      0.00000
      0.51000      0.00000      0.00000      0.00000
      0.52000      0.00000      0.00000      0.00000
      0.53000      0.00000      0.00000      0.00000
      0.54000      0.00000      0.00000      0.00000
      0.55000      0.00000      0.00000      0.00000
      0.56000      0.00000      0.00000      0.00000
      0.57000      0.00000      0.00000      0.00000
      0.58000      0.00000      0.00000      0.00000
      0.59000      0.00000      0.00000      0.00000
      0.60000      0.00000      0.00000      0.00000
      0.61000      0.00000      0.00000      0.00000
      0.62000      0.00000      0.00000      0.00000
      0.63000      0.00000      0.00000      0.00000
      0.64000      0.00000      0.00000      0.00000
      0.65000      0.00000      0.00000      0.00000
      0.66000      0.00000      0.00000      0.00000
      0.67000      0.00000      0.00000      0.00000
      0.68000      0.00000      0.00000      0.00000
      0.69000      0.00000      0.00000      0.00000
      0.70000      0.00000      0.00000      0.00000
      0.71000      0.00000      0.00000      0.00000
      0.72000      0.00000      0.00000      0.00000
      0.73000      0.00000      0.00000      0.00000
      0.74000      0.00000      0.00000      0.00000
      0.75000      0.00000      0.00000      0.00000
      0.76000      0.00000      0.00000      0.00000
      0.77000      0.00000      0.00000      0.00000
      0.78000      0.00000      0.00000      0.00000
      0.79000      0.00000      0.00000      0.00000
      0.80000      0.00000      0.00000      0.00000
      0.81000      0.00000      0.00000      0.00000
      0.82000      0.00000      0.00000      0.00000
      0.83000      0.00000      0.00000      0.00000
      0.84000      0.00000      0.00000      0.00000
      0.85000      0.00000      0.00000      0.00000
      0.86000      0.00000      0.00000      0.00000
      0.87000      0.00000      0.00000      0.00000
      0.88000      0.00000      0.00000      0.00000
      0.89000      0.00000      0.00000      0.00000
      0.90000      0.00000      0.00000      0.00000
      0.91000      0.00000      0.00000      0.00000
      0.92000      0.00000      0.00000      0.00000
      0.93000      0.00000      0.00000      0.00000
      0.94000      0.00000      0.00000      0.00000
      0.95000      0.00000      0.00000      0.00000
      0.96000      0.00000      0.00000      0.00000
      0.97000      0.00000      0.00000      0.00000
      0.98000      0.00000      0.00000      0.00000
      0.99000      0.00000      0.00000      0.00000
      1.00000      0.00000      0.00000      0.00000
      1.01000      0.00000      0.00000      0.00000
      1.02000      0.00000      0.00000      0.00000
      1.03000      0.00000      0.00000      0.00000
      1.04000      0.00000      0.00000      0.00000
      1.05000      0.00000      0.00000      0.00000
      1.06000      0.00000      0.00000      0.00000
      1.07000      0.00000      0.00000      0.00000
      1.08000      0.00000      0.00000      0.00000
      1.09000      0.00000      0.00000      0.00000
      1.10000      0.00000      0.00000      0.00000
      1.11000      0.00000      0.00000      0.00000
      1.12000      0.00000      0.00000      0.00000
      1.13000      0.00000      0.00000      0.00000
      1.14000      0.00000      0.00000      0.00000
      1.15000      0.00000      0.00000      0.00000
      1.16000      0.00000      0.00000      0.00000
      1.17000      0.00000      0.00000      0.00000
      1.18000      0.00000      0.00000      0.00000
      1.19000      0.00000      0.00000      0.00000
      1.20000      0.00000      0.00000      0.00000
      1.21000      0.00000      0.00000      0.00000
      1.22000      0.00000      0.00000      0.00000
      1.23000      0.00000      0.00000      0.00000
      1.24000      0.00000      0.00000      0.00000
      1.25000      0.00000      0.00000      0.00000
      1.26000      0.00000      0.00000      0.00000
      1.27000      0.00000      0.00000      0.00000
      1.28000      0.00000      0.00000      0.00000
      1.29000      0.00000      0.00000      0.00000
      1.30000      0.00000      0.00000      0.00000
      1.31000      0.00000      0.00000      0.00000
      1.32000      0.00000      0.00000      0.00000
      1.33000      0.00000      0.00000      0.00000
      1.34000      0.00000      0.00000      0.00000
      1.35000      0.00000      0.00000      0.00000
      1.36000      0.00000      0.00000      0.00000
      1.37000      0.00000      0.00000      0.00000
      1.38000      0.00000      0.00000      0.00000
      1.39000      0.00000      0.00000      0.00000
      1.40000      0.00000      0.00000      0.00000
      1.41000      0.00000      0.00000      0.00000
      1.42000      0.00000      0.00000      0.00000
      1.43000      0.00000      0.00000      0.00000
      1.44000      0.00000      0.00000      0.00000
      1.45000      0.00000      0.00000      0.00000
      1.46000      0.00000      0.00000      0.00000
      1.47000      0.00000      0.00000      0.00000
      1.48000      0.00000      0.00000      0.00000
      1.49000      0.00000      0.00000      0.00000
      1.50000      0.00000      0.00000      0.00000
      1.51000      0.00000      0.00000      0.00000
      1.52000      0.00000      0.00000      0.00000
      1.53000      0.00000      0.00000      0.00000
      1.54000      0.00000      0.00000      0.00000
      1.55000      0.00000      0.00000      0.00000
      1.56000      0.00000      0.00000      0.00000
      1.57000      0.00000      0.00000      0.00000
      1.58000      0.00000      0.00000      0.00000
      1.59000      0.00000      0.00000      0.00000
      1.60000      0.00000      0.00000      0.00000
      1.61000      0.00000      0.00000      0.00000
      1.62000      0.00000      0.00000      0.00000
      1.63000      0.00000      0.00000      0.00000
      1.64000      0.00000      0.00000      0.00000
      1.65000      0.00000      0.00000      0.00000
      1.66000      0.00000      0.00000      0.00000
      1.67000      0.00000      0.00000      0.00000
      1.68000      0.00000      0.00000      0.00000
      1.69000      0.00000      0.00000      0.00000
      1.70000      0.00000      0.00000      0.00000
      1.71000      0.00000      0.00000      0.00000
      1.72000      0.00000      0.00000      0.00000
      1.73000      0.00000      0.00000      0.00000
      1.74000      0.00000      0.00000      0.00000
      1.75000      0.00000      0.00000      0.00000
      1.76000      0.00000      0.00000      0.00000
      1.77000      0.00000      0.00000      0.00000
      1.78000      0.00000      0.00000      0.00000
      1.79000      0.00002      0.00002      0.00000
      1.80000      0.00082      0.00074      0.00008
      1.81000      0.01264      0.01145      0.00120
      1.82000      0.07215      0.06532      0.00683
      1.83000      0.15232      0.13790      0.01442
      1.84000      0.13420      0.12145      0.01275
      1.85000      0.14959      0.13512      0.01448
      1.86000      0.29229      0.26383      0.02846
      1.87000      0.28535      0.25754      0.02781
      1.88000      0.22831      0.20594      0.02237
      1.89000      0.31335      0.28254      0.03081
      1.90000      0.25823      0.23274      0.02549
      1.91000      0.19828      0.17820      0.02008
      1.92000      0.30741      0.27585      0.03156
      1.93000      0.28728      0.25784      0.02944
      1.94000      0.20150      0.18108      0.02042
      1.95000      0.15921      0.14316      0.01604
      1.96000      0.10368      0.09283      0.01085
      1.97000      0.19373      0.17225      0.02149
      1.98000      0.33254      0.29548      0.03706
      1.99000      0.32615      0.28988      0.03627
      2.00000      0.37439      0.33303      0.04136
      2.01000      0.42965      0.38148      0.04817
      2.02000      0.46488      0.39441      0.07047
      2.03000      0.63785      0.46250      0.17534
      2.04000      1.18199      0.79057      0.39142
      2.05000      1.79368      1.18033      0.61335
      2.06000      1.97098      1.24317      0.72781
      2.07000      1.80999      1.08925      0.72074
      2.08000      1.63600      0.98657      0.64943
      2.09000      1.81825      1.15571      0.66254
      2.10000      2.00628      1.31836      0.68792
      2.11000      1.86247      1.21928      0.64319
      2.12000      1.97740      1.23197      0.74543
      2.13000      2.50195      1.52489      0.97706
      2.14000      2.39271      1.49525      0.89746
      2.15000      1.93349      1.25284      0.68065
      2.16000      1.99000      1.28603      0.70397
      2.17000      2.32844      1.46486      0.86358
      2.18000      2.59282      1.65550      0.93732
      2.19000      2.40253      1.61225      0.79028
      2.20000      2.05195      1.39689      0.65506
      2.21000      2.20051      1.40728      0.79322
      2.22000      2.84765      1.74969      1.09796
      2.23000      3.19307      2.01736      1.17570
      2.24000      3.03698      1.96714      1.06984
      2.25000      2.85197      1.80238      1.04959
      2.26000      2.68510      1.64953      1.03557
      2.27000      2.68369      1.64969      1.03400
      2.28000      3.06480      1.92735      1.13744
      2.29000      3.54967      2.30216      1.24752
      2.30000      3.89462      2.53192      1.36270
      2.31000      3.97624      2.49672      1.47952
      2.32000      3.28587      2.02693      1.25894
      2.33000      2.90118      1.84409      1.05709
      2.34000      3.26539      2.14778      1.11761
      2.35000      3.39802      2.26891      1.12911
      2.36000      3.31807      2.21768      1.10038
      2.37000      3.10028      2.08658      1.01370
      2.38000      2.63885      1.80384      0.83501
      2.39000      2.47851      1.70534      0.77317
      2.40000      2.87812      1.92899      0.94913
      2.41000      3.16363      2.07813      1.08550
      2.42000      3.54278      2.32861      1.21417
      2.43000      3.76018      2.49584      1.26434
      2.44000      3.17919      2.18533      0.99386
      2.45000      2.42442      1.71909      0.70534
      2.46000      2.42802      1.69373      0.73429
      2.47000      3.26727      2.25793      1.00934
      2.48000      3.23032      2.22691      1.00340
      2.49000      2.33736      1.57522      0.76214
      2.50000      2.04178      1.38447      0.65731
      2.51000      2.12103      1.51770      0.60333
      2.52000      2.55652      1.84325      0.71328
      2.53000      3.50647      2.47404      1.03243
      2.54000      4.33306      2.99719      1.33587
      2.55000      3.86220      2.57538      1.28682
      2.56000      2.98089      1.90836      1.07253
      2.57000      2.80318      1.79581      1.00737
      2.58000      3.10134      2.05190      1.04944
      2.59000      4.09769      2.80752      1.29017
      2.60000      4.68093      3.22624      1.45469
      2.61000      4.62751      3.08215      1.54537
      2.62000      5.18585      3.31082      1.87503
      2.63000      6.19548      3.97195      2.22353
      2.64000      6.39969      4.21884      2.18085
      2.65000      5.91970      3.98194      1.93776
      2.66000      4.99887      3.28722      1.71165
      2.67000      3.93752      2.52745      1.41008
      2.68000      3.82304      2.48905      1.33399
      2.69000      4.72477      3.14151      1.58326
      2.70000      5.66919      3.87767      1.79152
      2.71000      6.27744      4.35422      1.92322
      2.72000      6.59179      4.46262      2.12918
      2.73000      6.38467      4.20860      2.17607
      2.74000      6.05658      4.04342      2.01316
      2.75000      6.74480      4.59269      2.15210
      2.76000      7.19495      4.86649      2.32846
      2.77000      6.20112      4.21000      1.99111
      2.78000      5.31305      3.70058      1.61247
      2.79000      5.57690      3.89376      1.68315
      2.80000      5.72170      3.89987      1.82183
      2.81000      4.94075      3.37187      1.56888
      2.82000      4.51670      3.15809      1.35861
      2.83000      4.80185      3.39926      1.40259
      2.84000      5.66491      4.08476      1.58016
      2.85000      5.89105      4.32590      1.56515
      2.86000      5.07696      3.72412      1.35284
      2.87000      4.35725      2.98712      1.37014
      2.88000      3.69502      2.34055      1.35447
      2.89000      2.75626      1.73562      1.02063
      2.90000      2.42488      1.59545      0.82943
      2.91000      2.79613      1.88627      0.90986
      2.92000      3.12633      2.09297      1.03335
      2.93000      3.35016      2.15565      1.19451
      2.94000      3.26764      2.03437      1.23327
      2.95000      2.71698      1.76193      0.95505
      2.96000      2.77649      1.94176      0.83473
      2.97000      3.50287      2.42424      1.07862
      2.98000      4.02788      2.73167      1.29621
      2.99000      3.86964      2.66443      1.20520
      3.00000      3.21084      2.25893      0.95191
      3.01000      2.92452      2.08349      0.84103
      3.02000      2.64218      1.88008      0.76210
      3.03000      2.44664      1.76025      0.68639
      3.04000      2.65678      2.03517      0.62160
      3.05000      2.99936      2.38329      0.61607
      3.06000      2.76123      2.13973      0.62150
      3.07000      2.13667      1.59193      0.54473
      3.08000      2.00305      1.50711      0.49594
      3.09000      2.63971      2.05521      0.58451
      3.10000      3.16614      2.50588      0.66026
      3.11000      2.99496      2.37746      0.61750
      3.12000      2.83333      2.28380      0.54953
      3.13000      3.16344      2.55118      0.61226
      3.14000      2.88378      2.27475      0.60903
      3.15000      2.57798      1.93289      0.64509
      3.16000      3.02480      2.22559      0.79922
      3.17000      3.06701      2.27902      0.78799
      3.18000      2.70610      2.00870      0.69739
      3.19000      2.27983      1.62804      0.65179
      3.20000      1.84099      1.34004      0.50095
      3.21000      2.45962      1.98090      0.47872
      3.22000      3.96511      3.26297      0.70215
      3.23000      4.37260      3.51560      0.85700
      3.24000      3.17572      2.42184      0.75388
      3.25000      1.90658      1.38073      0.52585
      3.26000      1.68437      1.22510      0.45928
      3.27000      2.39291      1.77497      0.61794
      3.28000      3.24255      2.46181      0.78074
      3.29000      3.25961      2.53330      0.72631
      3.30000      2.53861      1.99129      0.54731
      3.31000      2.17500      1.66876      0.50624
      3.32000      3.02463      2.20836      0.81628
      3.33000      3.90816      2.76121      1.14695
      3.34000      3.79349      2.67935      1.11414
      3.35000      3.64329      2.59958      1.04371
      3.36000      3.99034      2.82941      1.16093
      3.37000      4.59228      3.20689      1.38539
      3.38000      4.11373      2.80407      1.30966
      3.39000      2.80057      1.82469      0.97588
      3.40000      2.52431      1.62171      0.90260
      3.41000      3.21841      2.03570      1.18272
      3.42000      4.30034      2.61772      1.68261
      3.43000      4.99208      3.04422      1.94786
      3.44000      4.15939      2.59911      1.56028
      3.45000      3.42586      2.21743      1.20843
      3.46000      3.67692      2.37759      1.29934
      3.47000      3.28162      2.09762      1.18400
      3.48000      2.52006      1.63716      0.88290
      3.49000      2.41485      1.55371      0.86114
      3.50000      2.79439      1.73701      1.05738
      3.51000      3.32948      2.03379      1.29569
      3.52000      3.99793      2.44538      1.55255
      3.53000      4.46942      2.78100      1.68843
      3.54000      3.97108      2.54358      1.42750
      3.55000      3.11438      2.07409      1.04029
      3.56000      2.42435      1.60734      0.81701
      3.57000      1.77247      1.11075      0.66171
      3.58000      1.35502      0.84517      0.50985
      3.59000      1.40823      0.89181      0.51642
      3.60000      1.91470      1.20455      0.71015
      3.61000      2.56330      1.57672      0.98659
      3.62000      2.83553      1.69891      1.13663
      3.63000      2.50996      1.48435      1.02562
      3.64000      1.98694      1.21888      0.76806
      3.65000      1.52358      1.00037      0.52320
      3.66000      1.49439      0.96951      0.52488
      3.67000      1.81912      1.11085      0.70827
      3.68000      2.17577      1.35832      0.81744
      3.69000      2.47915      1.58335      0.89580
      3.70000      2.55028      1.60728      0.94300
      3.71000      2.30638      1.43220      0.87418
      3.72000      2.23044      1.31282      0.91762
      3.73000      2.56686      1.45520      1.11166
      3.74000      2.27487      1.33435      0.94052
      3.75000      1.84665      1.12897      0.71768
      3.76000      1.91600      1.16481      0.75119
      3.77000      1.90277      1.13201      0.77076
      3.78000      1.84667      1.08801      0.75866
      3.79000      2.02345      1.22263      0.80082
      3.80000      1.61829      0.99711      0.62118
      3.81000      1.18750      0.73221      0.45528
      3.82000      1.46010      0.87660      0.58350
      3.83000      1.91091      1.10841      0.80250
      3.84000      1.79386      1.03611      0.75776
      3.85000      1.58568      0.93368      0.65200
      3.86000      2.09997      1.24794      0.85203
      3.87000      2.40579      1.43766      0.96814
      3.88000      2.06828      1.25509      0.81319
      3.89000      1.66497      1.05004      0.61493
      3.90000      1.30996      0.84902      0.46093
      3.91000      0.99185      0.61916      0.37269
      3.92000      1.26117      0.70497      0.55620
      3.93000      2.19434      1.15193      1.04241
      3.94000      2.87544      1.53283      1.34261
      3.95000      2.64251      1.48230      1.16021
      3.96000      1.97723      1.13354      0.84369
      3.97000      1.76790      1.03276      0.73514
      3.98000      1.79569      1.07076      0.72493
      3.99000      1.56529      0.93355      0.63174
      4.00000      1.23254      0.73057      0.50197
      4.01000      1.15038      0.67741      0.47297
      4.02000      1.64520      0.94252      0.70269
      4.03000      2.13137      1.18925      0.94212
      4.04000      2.08048      1.13775      0.94272
      4.05000      1.68427      0.90986      0.77440
      4.06000      1.14009      0.62532      0.51476
      4.07000      1.05965      0.60356      0.45609
      4.08000      1.34782      0.78011      0.56770
      4.09000      1.67193      0.97019      0.70174
      4.10000      1.80810      1.03410      0.77401
      4.11000      1.94360      1.06198      0.88162
      4.12000      2.25506      1.18896      1.06609
      4.13000      2.14413      1.10979      1.03434
      4.14000      2.06549      1.07308      0.99241
      4.15000      1.91188      1.01919      0.89269
      4.16000      1.44909      0.79822      0.65087
      4.17000      1.08213      0.61249      0.46964
      4.18000      0.90016      0.51492      0.38523
      4.19000      0.83139      0.46272      0.36867
      4.20000      0.94523      0.50526      0.43997
      4.21000      1.08243      0.56866      0.51377
      4.22000      0.92597      0.48605      0.43992
      4.23000      0.55901      0.28906      0.26996
      4.24000      0.60124      0.31294      0.28830
      4.25000      0.76850      0.42099      0.34751
      4.26000      0.81346      0.44611      0.36735
      4.27000      1.02641      0.52303      0.50338
      4.28000      1.18756      0.58187      0.60569
      4.29000      0.95856      0.46598      0.49258
      4.30000      0.72417      0.35197      0.37220
      4.31000      0.69241      0.33673      0.35568
      4.32000      0.70768      0.34446      0.36322
      4.33000      0.92133      0.44876      0.47257
      4.34000      1.25709      0.61220      0.64489
      4.35000      1.04804      0.51018      0.53786
      4.36000      0.54172      0.26386      0.27786
      4.37000      0.37649      0.18379      0.19270
      4.38000      0.32250      0.15753      0.16497
      4.39000      0.59991      0.29295      0.30696
      4.40000      1.29172      0.63071      0.66101
      4.41000      1.48063      0.72295      0.75768
      4.42000      1.24266      0.60627      0.63639
      4.43000      1.25353      0.61084      0.64269
      4.44000      1.10955      0.54254      0.56701
      4.45000      1.33394      0.66184      0.67210
      4.46000      1.87134      0.93905      0.93229
      4.47000      1.53829      0.77759      0.76070
      4.48000      1.30693      0.66107      0.64585
      4.49000      1.89604      0.95006      0.94598
      4.50000      2.39254      1.18635      1.20619
      4.51000      2.32343      1.14992      1.17351
      4.52000      2.02039      1.00874      1.01164
      4.53000      1.95253      0.97908      0.97345
      4.54000      2.10490      1.05576      1.04914
      4.55000      2.29399      1.16394      1.13005
      4.56000      2.74986      1.39545      1.35441
      4.57000      3.19456      1.60066      1.59390
      4.58000      3.80585      1.89131      1.91454
      4.59000      4.68840      2.33296      2.35544
      4.60000      4.94719      2.47751      2.46969
      4.61000      4.04809      2.03784      2.01025
      4.62000      2.85010      1.43506      1.41505
      4.63000      2.75478      1.39111      1.36367
      4.64000      3.14491      1.60471      1.54020
      4.65000      3.15877      1.62767      1.53110
      4.66000      3.09368      1.59905      1.49463
      4.67000      3.22808      1.66305      1.56503
      4.68000      3.05304      1.56280      1.49025
      4.69000      2.13361      1.09525      1.03837
      4.70000      1.23286      0.64417      0.58868
      4.71000      1.16001      0.61322      0.54679
      4.72000      1.52128      0.80296      0.71831
      4.73000      1.27775      0.67830      0.59945
      4.74000      1.19282      0.64563      0.54719
      4.75000      1.61078      0.87448      0.73630
      4.76000      1.90551      1.02792      0.87759
      4.77000      1.93989      1.03699      0.90291
      4.78000      1.45366      0.77976      0.67390
      4.79000      0.80238      0.43679      0.36559
      4.80000      0.72172      0.39000      0.33172
      4.81000      1.00311      0.54067      0.46244
      4.82000      0.98990      0.53682      0.45308
      4.83000      0.91389      0.49940      0.41449
      4.84000      1.07368      0.60461      0.46907
      4.85000      1.50300      0.86409      0.63891
      4.86000      1.97487      1.12472      0.85015
      4.87000      2.24013      1.26223      0.97790
      4.88000      1.99246      1.12043      0.87202
      4.89000      1.07567      0.60520      0.47047
      4.90000      0.47857      0.26704      0.21153
      4.91000      0.58616      0.32395      0.26221
      4.92000      0.56761      0.31444      0.25318
      4.93000      0.50215      0.28463      0.21752
      4.94000      1.08948      0.63118      0.45830
      4.95000      1.67651      0.97822      0.69829
      4.96000      1.36281      0.79313      0.56967
      4.97000      0.73007      0.42007      0.31000
      4.98000      0.42804      0.24544      0.18259
      4.99000      0.48448      0.27979      0.20469
      5.00000      0.62883      0.36517      0.26366
      5.01000      0.76096      0.44589      0.31507
      5.02000      1.02313      0.60524      0.41789
      5.03000      1.40611      0.84053      0.56558
      5.04000      1.72856      1.04431      0.68425
      5.05000      1.40487      0.85466      0.55021
      5.06000      0.65522      0.39912      0.25610
      5.07000      0.51867      0.31160      0.20707
      5.08000      0.61507      0.36772      0.24736
      5.09000      0.35892      0.21477      0.14415
      5.10000      0.29636      0.17992      0.11644
      5.11000      0.60546      0.36925      0.23620
      5.12000      0.75150      0.45918      0.29232
      5.13000      0.88359      0.54278      0.34081
      5.14000      0.98550      0.60742      0.37808
      5.15000      0.63790      0.39359      0.24431
      5.16000      0.33096      0.20462      0.12635
      5.17000      0.38672      0.23969      0.14703
      5.18000      0.47943      0.29757      0.18186
      5.19000      0.56592      0.35277      0.21315
      5.20000      0.78961      0.49499      0.29462
      5.21000      1.28404      0.80768      0.47639
      5.22000      1.60687      1.01435      0.59340
      5.23000      1.37620      0.88682      0.49903
      5.24000      0.77218      0.56405      0.24748
      5.25000      0.51238      0.43918      0.13228
      5.26000      0.87405      0.61954      0.28915
      5.27000      1.21116      0.81137      0.42306
      5.28000      0.90236      0.66942      0.28224
      5.29000      0.54088      0.44871      0.14474
      5.30000      0.60415      0.42711      0.19786
      5.31000      0.86113      0.55313      0.31103
      5.32000      1.13693      0.71895      0.41823
      5.33000      1.33973      0.85230      0.48966
      5.34000      1.12317      0.75920      0.38599
      5.35000      1.03585      0.82299      0.29299
      5.36000      1.42530      1.12491      0.40779
      5.37000      1.28557      0.93325      0.40861
      5.38000      0.72597      0.52963      0.22793
      5.39000      0.55879      0.46533      0.14484
      5.40000      0.70603      0.54059      0.20846
      5.41000      1.10730      0.72957      0.39114
      5.42000      1.38418      0.88022      0.50550
      5.43000      0.90390      0.57705      0.32736
      5.44000      0.53256      0.36042      0.17948
      5.45000      0.64951      0.51651      0.17749
      5.46000      0.78759      0.71898      0.16777
      5.47000      0.67775      0.61060      0.14843
      5.48000      0.55413      0.41090      0.16774
      5.49000      0.64434      0.41481      0.23225
      5.50000      0.86461      0.54155      0.32316
      5.51000      1.01176      0.62999      0.38177
      5.52000      0.99272      0.61554      0.37718
      5.53000      0.69222      0.42880      0.26368
      5.54000      0.50595      0.32211      0.18879
      5.55000      0.66997      0.48949      0.21537
      5.56000      0.73217      0.65201      0.17064
      5.57000      0.46817      0.48419      0.07259
      5.58000      0.33193      0.31921      0.06555
      5.59000      0.62274      0.55790      0.14533
      5.60000      0.78726      0.69574      0.18712
      5.61000      0.51266      0.41544      0.14095
      5.62000      0.18819      0.13390      0.06167
      5.63000      0.17928      0.11160      0.06847
      5.64000      0.53052      0.33467      0.20068
      5.65000      0.90286      0.60712      0.32093
      5.66000      0.87078      0.64051      0.27882
      5.67000      0.60415      0.45559      0.18537
      5.68000      0.39735      0.30713      0.11679
      5.69000      0.34027      0.31041      0.07528
      5.70000      0.42723      0.35096      0.11767
      5.71000      0.41919      0.28576      0.14757
      5.72000      0.40705      0.25546      0.15355
      5.73000      0.42361      0.27009      0.15741
      5.74000      0.38287      0.29981      0.11248
      5.75000      0.46902      0.47544      0.07722
      5.76000      0.55447      0.53779      0.10414
      5.77000      0.64694      0.47126      0.20933
      5.78000      0.88142      0.54727      0.33891
      5.79000      0.90049      0.54818      0.35257
      5.80000      0.64696      0.39304      0.25393
      5.81000      0.45835      0.27989      0.17854
      5.82000      0.62633      0.38566      0.24286
      5.83000      0.83434      0.54882      0.30631
      5.84000      0.81689      0.65711      0.23287
      5.85000      0.81143      0.71736      0.19169
      5.86000      0.91049      0.72611      0.25668
      5.87000      0.89048      0.74785      0.23220
      5.88000      0.70289      0.62736      0.16523
      5.89000      0.33258      0.28098      0.08743
      5.90000      0.19470      0.13300      0.06763
      5.91000      0.41613      0.27834      0.14731
      5.92000      0.71436      0.54714      0.21632
      5.93000      0.92351      0.77636      0.24324
      5.94000      0.93652      0.72134      0.28437
      5.95000      0.67522      0.44730      0.24624
      5.96000      0.47655      0.28988      0.18846
      5.97000      0.49403      0.29966      0.19443
      5.98000      0.43470      0.26818      0.16676
      5.99000      0.29074      0.19059      0.10485
      6.00000      0.41300      0.33645      0.11352
      6.01000      0.77974      0.73063      0.16325
      6.02000      0.86362      0.83107      0.17065
      6.03000      0.49693      0.44366      0.11816
      6.04000      0.18885      0.14014      0.06040
      6.05000      0.32377      0.19975      0.12482
      6.06000      0.68401      0.41561      0.26842
      6.07000      0.90817      0.54735      0.36082
      6.08000      1.05346      0.63296      0.42055
      6.09000      0.98066      0.59324      0.38897
      6.10000      0.99811      0.64002      0.37496
      6.11000      1.21929      0.88885      0.39818
      6.12000      1.13544      0.91120      0.32437
      6.13000      0.79143      0.60039      0.24548
      6.14000      0.59524      0.38341      0.22278
      6.15000      0.53065      0.32724      0.20581
      6.16000      0.52009      0.35615      0.18134
      6.17000      0.55551      0.49276      0.13305
      6.18000      0.61373      0.62028      0.10715
      6.19000      0.72122      0.67978      0.15353
      6.20000      0.83603      0.75477      0.19512
      6.21000      0.82787      0.65361      0.24385
      6.22000      0.69509      0.46622      0.25073
      6.23000      0.67265      0.48515      0.22487
      6.24000      0.98855      0.79953      0.28287
      6.25000      1.52043      1.11594      0.49475
      6.26000      1.46901      0.96212      0.53884
      6.27000      0.68949      0.42947      0.26424
      6.28000      0.14354      0.09157      0.05382
      6.29000      0.08068      0.08759      0.01097
      6.30000      0.37420      0.38159      0.06420
      6.31000      0.94866      0.80263      0.25147
      6.32000      1.26358      0.88873      0.43250
      6.33000      0.91292      0.59065      0.34052
      6.34000      0.39704      0.30967      0.12007
      6.35000      0.20847      0.24239      0.02062
      6.36000      0.21073      0.20804      0.04035
      6.37000      0.64823      0.47868      0.20994
      6.38000      1.51339      1.15868      0.46964
      6.39000      1.79798      1.41560      0.53868
      6.40000      1.50854      1.08705      0.50597
      6.41000      1.32418      0.83641      0.50596
      6.42000      1.14517      0.69411      0.45262
      6.43000      0.95772      0.57669      0.38108
      6.44000      0.84914      0.51320      0.33594
      6.45000      0.80995      0.49411      0.31586
      6.46000      0.60981      0.37335      0.23702
      6.47000      0.48198      0.30950      0.18126
      6.48000      0.68991      0.52237      0.21847
      6.49000      0.90920      0.77744      0.24060
      6.50000      0.84689      0.69994      0.23602
      6.51000      1.06704      0.76591      0.35815
      6.52000      1.63199      1.22380      0.52265
      6.53000      1.85073      1.49146      0.53955
      6.54000      1.39442      1.18392      0.37526
      6.55000      0.79969      0.69871      0.20525
      6.56000      1.08179      0.87463      0.31440
      6.57000      1.67149      1.24214      0.54210
      6.58000      1.51555      1.02366      0.54454
      6.59000      1.07831      0.71948      0.39277
      6.60000      1.19446      0.90333      0.38056
      6.61000      1.51276      1.14769      0.47816
      6.62000      1.44980      0.99316      0.50956
      6.63000      1.16590      0.73695      0.43904
      6.64000      0.94246      0.60446      0.35169
      6.65000      1.14998      0.83124      0.38327
      6.66000      1.31191      1.03662      0.39222
      6.67000      0.99687      0.76690      0.30968
      6.68000      0.80895      0.56918      0.27920
      6.69000      0.80034      0.65867      0.22616
      6.70000      0.75341      0.71481      0.16424
      6.71000      0.59679      0.54265      0.14293
      6.72000      0.71359      0.65228      0.16881
      6.73000      1.07579      1.01079      0.23772
      6.74000      1.28129      1.04294      0.36436
      6.75000      1.07011      0.72561      0.38076
      6.76000      0.70582      0.43616      0.27367
      6.77000      0.41949      0.26330      0.15653
      6.78000      0.37890      0.25860      0.12412
      6.79000      0.48345      0.37588      0.13947
      6.80000      0.91808      0.76174      0.25416
      6.81000      1.21014      0.96198      0.35850
      6.82000      0.73232      0.54315      0.23507
      6.83000      0.44541      0.30267      0.15336
      6.84000      0.70074      0.52577      0.21757
      6.85000      1.23927      1.14824      0.28485
      6.86000      1.77135      1.82458      0.32298
      6.87000      1.51621      1.64164      0.23955
      6.88000      0.87959      1.02277      0.10324
      6.89000      0.66015      0.76125      0.07457
      6.90000      0.86179      0.82669      0.17021
      6.91000      0.86230      0.76217      0.19716
      6.92000      0.72094      0.69565      0.14055
      6.93000      0.76735      0.66203      0.19851
      6.94000      0.85694      0.59308      0.29895
      6.95000      0.76498      0.53376      0.26377
      6.96000      0.58578      0.47473      0.16500
      6.97000      0.77494      0.57715      0.23671
      6.98000      1.50581      1.08214      0.46152
      6.99000      2.31207      1.85789      0.59588
      7.00000      2.25736      2.16210      0.41546
      7.01000      1.48630      1.68868      0.15034
      7.02000      0.69856      0.83646      0.04121
      7.03000      0.25063      0.26737      0.02177
      7.04000      0.15472      0.11994      0.03893
      7.05000      0.50774      0.37621      0.14511
      7.06000      1.16911      0.99298      0.25782
      7.07000      1.47849      1.48313      0.20199
      7.08000      1.43259      1.56485      0.12509
      7.09000      1.49682      1.60670      0.12196
      7.10000      1.59990      1.76685      0.07443
      7.11000      1.58117      1.78157      0.05226
      7.12000      1.63495      1.67631      0.17605
      7.13000      1.87070      1.75686      0.34766
      7.14000      2.00160      2.01590      0.32098
      7.15000      1.95793      2.15028      0.20761
      7.16000      1.18308      1.32936      0.10003
      7.17000      0.41622      0.45487      0.03509
      7.18000      0.64966      0.61112      0.09117
      7.19000      1.52101      1.36639      0.24817
      7.20000      1.58355      1.41828      0.25747
      7.21000      0.80239      0.78048      0.10000
      7.22000      0.45164      0.54832      0.02070
      7.23000      0.61922      0.71917      0.04878
      7.24000      0.93183      0.91508      0.14414
      7.25000      0.84560      0.75347      0.17046
      7.26000      0.53352      0.49106      0.09587
      7.27000      0.88780      0.88756      0.12216
      7.28000      1.52263      1.41385      0.29412
      7.29000      1.72158      1.45032      0.43407
      7.30000      1.46421      1.19283      0.38963
      7.31000      0.95836      0.77782      0.23162
      7.32000      0.53324      0.45372      0.09592
      7.33000      0.45139      0.45170      0.05739
      7.34000      0.93365      0.99689      0.10770
      7.35000      1.24307      1.34650      0.11034
      7.36000      0.92551      1.02138      0.04435
      7.37000      0.54754      0.61405      0.02769
      7.38000      0.58209      0.62553      0.08599
      7.39000      0.70585      0.73229      0.13157
      7.40000      0.69352      0.72770      0.12667
      7.41000      0.89978      0.82431      0.21308
      7.42000      1.20451      0.90433      0.35673
      7.43000      1.37421      0.99977      0.39107
      7.44000      1.20662      0.97645      0.27075
      7.45000      0.80745      0.77833      0.11501
      7.46000      0.61232      0.65531      0.07401
      7.47000      0.68724      0.68692      0.12798
      7.48000      0.56528      0.49257      0.14452
      7.49000      0.42973      0.30427      0.14177
      7.50000      0.40659      0.30248      0.11244
      7.51000      0.52821      0.49926      0.07512
      7.52000      0.77879      0.80996      0.09313
      7.53000      0.88351      0.87538      0.14889
      7.54000      0.80048      0.69858      0.17766
      7.55000      1.06976      0.91708      0.20962
      7.56000      1.58756      1.34030      0.31910
      7.57000      1.38770      1.11720      0.32833
      7.58000      0.80984      0.71449      0.17628
      7.59000      0.45115      0.51627      0.04461
      7.60000      0.23547      0.29403      0.01262
      7.61000      0.32236      0.34481      0.05029
      7.62000      0.60516      0.60809      0.11531
      7.63000      0.47045      0.45637      0.09776
      7.64000      0.16911      0.15890      0.03453
      7.65000      0.27654      0.24239      0.05080
      7.66000      0.87759      0.69325      0.21608
      7.67000      1.41093      1.01656      0.42110
      7.68000      1.31894      0.94133      0.40129
      7.69000      1.02970      0.86287      0.24408
      7.70000      0.99789      1.03785      0.15732
      7.71000      1.06401      1.34001      0.09330
      7.72000      1.04898      1.45328      0.04233
      7.73000      1.13034      1.39252      0.08651
      7.74000      1.54117      1.63018      0.18274
      7.75000      1.66508      1.77259      0.19454
      7.76000      1.23328      1.38644      0.12896
      7.77000      1.04434      1.11084      0.12725
      7.78000      1.45381      1.42362      0.21028
      7.79000      1.71735      1.65833      0.25817
      7.80000      1.44120      1.40941      0.21851
      7.81000      1.05051      0.99265      0.17886
      7.82000      0.93997      0.81708      0.19937
      7.83000      1.32817      1.23294      0.24341
      7.84000      1.72344      1.68270      0.25902
      7.85000      1.63164      1.55176      0.26145
      7.86000      1.36975      1.28474      0.23302
      7.87000      1.23798      1.20104      0.17261
      7.88000      1.44602      1.45596      0.12954
      7.89000      1.95023      2.06409      0.11562
      7.90000      2.20221      2.42087      0.08534
      7.91000      2.03624      2.17233      0.09001
      7.92000      2.10593      2.11109      0.16033
      7.93000      2.62783      2.61850      0.22518
      7.94000      2.67194      2.65860      0.25033
      7.95000      2.26278      2.26202      0.21378
