Energy-E_F (eV)    DOS (1/eV)    PDOS (1/eV)  of atom type W  Se 
     -5.28892      1.79599      0.72140      1.07459
     -5.27892      2.13023      0.81255      1.31768
     -5.26892      2.72932      0.97396      1.75536
     -5.25892      3.09285      1.08712      2.00573
     -5.24892      2.54591      0.92977      1.61614
     -5.23892      1.88679      0.73574      1.15105
     -5.22892      1.36871      0.55025      0.81846
     -5.21892      1.05976      0.42464      0.63512
     -5.20892      1.37938      0.53087      0.84851
     -5.19892      1.60775      0.59665      1.01110
     -5.18892      1.46413      0.52863      0.93550
     -5.17892      1.60559      0.54260      1.06299
     -5.16892      1.76437      0.57149      1.19288
     -5.15892      1.20840      0.39505      0.81336
     -5.14892      0.59143      0.20526      0.38617
     -5.13892      0.26853      0.09719      0.17134
     -5.12892      0.17996      0.06124      0.11872
     -5.11892      0.30246      0.09901      0.20344
     -5.10892      0.33765      0.11127      0.22638
     -5.09892      0.49851      0.16858      0.32993
     -5.08892      1.00397      0.33926      0.66472
     -5.07892      1.50735      0.49862      1.00872
     -5.06892      1.60550      0.51921      1.08629
     -5.05892      1.05408      0.34164      0.71244
     -5.04892      0.56613      0.20230      0.36382
     -5.03892      0.47639      0.18189      0.29450
     -5.02892      0.54462      0.19629      0.34833
     -5.01892      0.62578      0.21785      0.40794
     -5.00892      0.79904      0.28655      0.51248
     -4.99892      1.00282      0.36882      0.63400
     -4.98892      1.03778      0.37544      0.66234
     -4.97892      1.07124      0.36556      0.70568
     -4.96892      1.65842      0.56379      1.09462
     -4.95892      2.88753      1.01587      1.87166
     -4.94892      3.25218      1.16507      2.08711
     -4.93892      2.65696      0.96798      1.68899
     -4.92892      2.08834      0.77137      1.31697
     -4.91892      1.58697      0.57872      1.00825
     -4.90892      1.66488      0.58878      1.07611
     -4.89892      2.33940      0.81558      1.52382
     -4.88892      2.84370      0.99491      1.84879
     -4.87892      2.92729      1.04016      1.88713
     -4.86892      2.64743      0.94308      1.70435
     -4.85892      2.58696      0.90107      1.68589
     -4.84892      3.39767      1.17313      2.22454
     -4.83892      3.87556      1.36066      2.51490
     -4.82892      3.18681      1.15669      2.03012
     -4.81892      2.85701      1.05552      1.80149
     -4.80892      2.58757      0.94248      1.64509
     -4.79892      1.92351      0.69417      1.22934
     -4.78892      1.47765      0.53338      0.94427
     -4.77892      1.50823      0.54342      0.96481
     -4.76892      2.12586      0.75772      1.36814
     -4.75892      3.00544      1.07042      1.93503
     -4.74892      3.13172      1.12252      2.00920
     -4.73892      2.52176      0.90880      1.61296
     -4.72892      2.32610      0.83543      1.49067
     -4.71892      3.09692      1.10851      1.98841
     -4.70892      4.17431      1.52097      2.65334
     -4.69892      3.82595      1.41203      2.41392
     -4.68892      2.97019      1.07983      1.89036
     -4.67892      2.57951      0.92889      1.65062
     -4.66892      2.32152      0.85434      1.46718
     -4.65892      2.30983      0.86978      1.44005
     -4.64892      2.63481      0.98850      1.64631
     -4.63892      2.88375      1.07247      1.81128
     -4.62892      2.98303      1.12854      1.85449
     -4.61892      3.38790      1.29442      2.09348
     -4.60892      3.20252      1.20709      1.99544
     -4.59892      2.79509      1.03940      1.75569
     -4.58892      3.21788      1.19864      2.01923
     -4.57892      3.75602      1.42827      2.32775
     -4.56892      4.00847      1.55082      2.45765
     -4.55892      4.39654      1.70348      2.69306
     -4.54892      4.21904      1.62690      2.59214
     -4.53892      3.66125      1.37997      2.28128
     -4.52892      3.84321      1.42227      2.42094
     -4.51892      4.36406      1.64220      2.72186
     -4.50892      4.19360      1.62122      2.57238
     -4.49892      3.63598      1.43361      2.20236
     -4.48892      3.35973      1.33367      2.02605
     -4.47892      2.79194      1.10905      1.68289
     -4.46892      3.06537      1.21992      1.84545
     -4.45892      3.81824      1.50918      2.30906
     -4.44892      4.10377      1.59464      2.50913
     -4.43892      5.25077      2.03748      3.21328
     -4.42892      5.87860      2.29752      3.58108
     -4.41892      5.11416      1.99847      3.11569
     -4.40892      5.00976      1.95667      3.05309
     -4.39892      5.16846      2.03594      3.13252
     -4.38892      4.39217      1.73555      2.65662
     -4.37892      2.87534      1.11539      1.75995
     -4.36892      1.38327      0.52116      0.86211
     -4.35892      0.60384      0.22617      0.37767
     -4.34892      0.65327      0.26717      0.38610
     -4.33892      1.02812      0.44391      0.58421
     -4.32892      1.28179      0.53838      0.74340
     -4.31892      1.31376      0.54818      0.76557
     -4.30892      1.36776      0.56781      0.79995
     -4.29892      1.42650      0.56003      0.86648
     -4.28892      1.39467      0.52455      0.87013
     -4.27892      1.29252      0.47688      0.81564
     -4.26892      1.16717      0.44519      0.72198
     -4.25892      0.86781      0.33397      0.53384
     -4.24892      0.62662      0.22528      0.40134
     -4.23892      0.44129      0.15518      0.28611
     -4.22892      0.31720      0.13366      0.18354
     -4.21892      0.33453      0.16454      0.17000
     -4.20892      0.23417      0.11568      0.11849
     -4.19892      0.19494      0.07712      0.11782
     -4.18892      0.64389      0.22470      0.41918
     -4.17892      1.58280      0.54818      1.03463
     -4.16892      2.33362      0.82536      1.50825
     -4.15892      2.53504      0.94595      1.58909
     -4.14892      1.91272      0.75556      1.15716
     -4.13892      1.08769      0.45840      0.62928
     -4.12892      1.15167      0.47391      0.67777
     -4.11892      1.49713      0.57319      0.92394
     -4.10892      1.56164      0.54875      1.01289
     -4.09892      1.45313      0.47742      0.97571
     -4.08892      1.03132      0.33995      0.69138
     -4.07892      0.70288      0.25308      0.44981
     -4.06892      0.65249      0.24726      0.40523
     -4.05892      0.88872      0.33502      0.55370
     -4.04892      1.32027      0.49332      0.82695
     -4.03892      1.83891      0.65773      1.18118
     -4.02892      1.99715      0.71998      1.27717
     -4.01892      1.59283      0.59562      0.99722
     -4.00892      1.40825      0.53512      0.87313
     -3.99892      1.19743      0.46870      0.72873
     -3.98892      0.80452      0.33872      0.46580
     -3.97892      0.64940      0.27527      0.37413
     -3.96892      0.41301      0.16789      0.24512
     -3.95892      0.30296      0.13839      0.16457
     -3.94892      0.47784      0.21131      0.26653
     -3.93892      0.65029      0.23244      0.41785
     -3.92892      0.69792      0.21802      0.47990
     -3.91892      0.96890      0.33098      0.63792
     -3.90892      1.91676      0.68919      1.22757
     -3.89892      2.29078      0.82096      1.46981
     -3.88892      1.86096      0.67430      1.18667
     -3.87892      1.70018      0.61785      1.08233
     -3.86892      1.66332      0.57197      1.09135
     -3.85892      1.58162      0.52467      1.05695
     -3.84892      1.62116      0.54008      1.08109
     -3.83892      1.89170      0.61427      1.27743
     -3.82892      2.59609      0.79860      1.79749
     -3.81892      2.96757      0.88323      2.08434
     -3.80892      3.26764      0.95419      2.31344
     -3.79892      4.35646      1.19624      3.16021
     -3.78892      5.92355      1.53406      4.38949
     -3.77892      6.88803      1.88182      5.00621
     -3.76892      5.72921      1.69226      4.03695
     -3.75892      4.06980      1.22206      2.84775
     -3.74892      3.41049      1.01901      2.39149
     -3.73892      2.63399      0.80420      1.82979
     -3.72892      2.16235      0.71988      1.44246
     -3.71892      3.11622      1.14379      1.97243
     -3.70892      3.99318      1.51702      2.47616
     -3.69892      3.61275      1.35467      2.25808
     -3.68892      3.08615      1.09456      1.99159
     -3.67892      2.65799      0.91545      1.74255
     -3.66892      2.41435      0.82894      1.58541
     -3.65892      2.64990      0.90826      1.74164
     -3.64892      2.58879      0.89619      1.69260
     -3.63892      1.90950      0.71251      1.19698
     -3.62892      1.42115      0.56550      0.85565
     -3.61892      1.19160      0.45035      0.74125
     -3.60892      1.39909      0.52197      0.87711
     -3.59892      2.41807      0.92632      1.49174
     -3.58892      3.51469      1.34717      2.16751
     -3.57892      4.12303      1.56967      2.55337
     -3.56892      4.55500      1.74197      2.81303
     -3.55892      3.76641      1.46359      2.30281
     -3.54892      2.63863      1.03931      1.59932
     -3.53892      2.34319      0.90376      1.43943
     -3.52892      2.07293      0.78555      1.28738
     -3.51892      1.98047      0.75317      1.22730
     -3.50892      2.06685      0.76511      1.30173
     -3.49892      1.24732      0.44646      0.80086
     -3.48892      0.55930      0.21464      0.34466
     -3.47892      1.26852      0.54615      0.72236
     -3.46892      2.77563      1.19577      1.57986
     -3.45892      3.24350      1.36794      1.87556
     -3.44892      3.16282      1.30380      1.85902
     -3.43892      3.17168      1.31905      1.85263
     -3.42892      2.81839      1.19939      1.61900
     -3.41892      2.91948      1.25781      1.66166
     -3.40892      3.08194      1.29109      1.79085
     -3.39892      2.33879      0.92014      1.41865
     -3.38892      1.56905      0.58986      0.97919
     -3.37892      2.05942      0.81718      1.24224
     -3.36892      2.73534      1.12465      1.61069
     -3.35892      2.35672      0.99517      1.36155
     -3.34892      1.87602      0.80926      1.06676
     -3.33892      2.08745      0.87447      1.21298
     -3.32892      2.59119      1.07383      1.51736
     -3.31892      2.72032      1.15071      1.56961
     -3.30892      2.55431      1.12432      1.43000
     -3.29892      2.50155      1.11732      1.38423
     -3.28892      2.40002      1.05709      1.34293
     -3.27892      2.27936      1.02236      1.25700
     -3.26892      2.35982      1.10773      1.25209
     -3.25892      2.68203      1.27985      1.40218
     -3.24892      2.87898      1.33807      1.54091
     -3.23892      2.82963      1.22740      1.60223
     -3.22892      2.81471      1.16924      1.64548
     -3.21892      3.26241      1.36133      1.90108
     -3.20892      3.66953      1.54926      2.12027
     -3.19892      3.37427      1.44506      1.92921
     -3.18892      2.38063      1.01458      1.36605
     -3.17892      1.76383      0.70019      1.06364
     -3.16892      1.80259      0.68320      1.11938
     -3.15892      2.21693      0.90529      1.31165
     -3.14892      2.37846      1.03406      1.34439
     -3.13892      2.21306      0.96992      1.24314
     -3.12892      2.15976      0.93156      1.22820
     -3.11892      2.11281      0.92047      1.19234
     -3.10892      1.96342      0.85536      1.10806
     -3.09892      1.71404      0.71534      0.99870
     -3.08892      1.64697      0.65312      0.99385
     -3.07892      1.59269      0.63214      0.96055
     -3.06892      1.20318      0.49314      0.71005
     -3.05892      1.11336      0.46625      0.64711
     -3.04892      1.61720      0.66274      0.95446
     -3.03892      2.05063      0.81645      1.23418
     -3.02892      2.27219      0.94001      1.33218
     -3.01892      2.43692      1.03955      1.39737
     -3.00892      2.06332      0.84376      1.21956
     -2.99892      1.61558      0.59639      1.01919
     -2.98892      1.72010      0.61120      1.10890
     -2.97892      1.62811      0.61349      1.01462
     -2.96892      1.38834      0.55601      0.83234
     -2.95892      1.46942      0.61209      0.85733
     -2.94892      1.40083      0.58868      0.81214
     -2.93892      1.21846      0.46248      0.75597
     -2.92892      1.07960      0.38212      0.69748
     -2.91892      1.36651      0.50669      0.85982
     -2.90892      2.34737      0.92306      1.42431
     -2.89892      2.59497      1.09110      1.50388
     -2.88892      2.08123      0.93582      1.14541
     -2.87892      1.75042      0.73953      1.01089
     -2.86892      1.35105      0.48804      0.86302
     -2.85892      1.17989      0.36779      0.81211
     -2.84892      1.08996      0.30141      0.78854
     -2.83892      0.89672      0.24224      0.65448
     -2.82892      1.23706      0.44325      0.79381
     -2.81892      1.97347      0.77808      1.19539
     -2.80892      2.16544      0.80925      1.35618
     -2.79892      1.97899      0.73401      1.24497
     -2.78892      2.01819      0.78100      1.23719
     -2.77892      2.05590      0.79633      1.25958
     -2.76892      1.89884      0.74868      1.15017
     -2.75892      1.72156      0.70318      1.01838
     -2.74892      2.11798      0.84565      1.27232
     -2.73892      2.53126      0.97031      1.56095
     -2.72892      2.45698      0.94219      1.51480
     -2.71892      2.45648      0.96730      1.48918
     -2.70892      2.23865      0.89432      1.34433
     -2.69892      1.60074      0.63818      0.96256
     -2.68892      1.42230      0.56078      0.86153
     -2.67892      2.13579      0.78086      1.35493
     -2.66892      3.00805      1.04802      1.96003
     -2.65892      2.82569      0.98188      1.84381
     -2.64892      2.63685      0.89629      1.74056
     -2.63892      3.88736      1.18749      2.69987
     -2.62892      5.84147      1.65760      4.18388
     -2.61892      7.06033      2.01834      5.04199
     -2.60892      7.54383      2.22453      5.31930
     -2.59892      7.01939      2.04191      4.97748
     -2.58892      5.78635      1.65528      4.13107
     -2.57892      5.15436      1.54831      3.60605
     -2.56892      4.99924      1.56258      3.43667
     -2.55892      4.58251      1.41169      3.17082
     -2.54892      3.86355      1.19543      2.66812
     -2.53892      3.19785      0.98579      2.21205
     -2.52892      2.77020      0.76038      2.00982
     -2.51892      2.44304      0.62633      1.81671
     -2.50892      2.48132      0.67736      1.80396
     -2.49892      2.74726      0.83883      1.90842
     -2.48892      3.44965      1.13316      2.31649
     -2.47892      4.07181      1.28293      2.78888
     -2.46892      3.53127      1.01367      2.51760
     -2.45892      2.56522      0.73729      1.82793
     -2.44892      2.40264      0.77964      1.62300
     -2.43892      3.04668      0.98394      2.06274
     -2.42892      3.81865      1.29167      2.52697
     -2.41892      4.30865      1.54858      2.76007
     -2.40892      4.15603      1.46366      2.69237
     -2.39892      4.25035      1.46193      2.78842
     -2.38892      4.62722      1.59905      3.02817
     -2.37892      3.89318      1.40407      2.48911
     -2.36892      3.09780      1.19091      1.90689
     -2.35892      3.20133      1.14110      2.06023
     -2.34892      3.24932      1.02696      2.22236
     -2.33892      2.99513      0.97761      2.01752
     -2.32892      2.80756      1.06029      1.74727
     -2.31892      2.73250      1.07815      1.65434
     -2.30892      2.70317      1.05048      1.65269
     -2.29892      2.77321      1.02964      1.74357
     -2.28892      3.05152      1.02829      2.02323
     -2.27892      3.51696      1.17084      2.34612
     -2.26892      3.47152      1.19357      2.27795
     -2.25892      2.87133      1.00683      1.86450
     -2.24892      2.57678      0.96459      1.61219
     -2.23892      3.28576      1.22666      2.05910
     -2.22892      4.52698      1.60540      2.92158
     -2.21892      4.47863      1.64317      2.83547
     -2.20892      3.60614      1.45309      2.15305
     -2.19892      3.03326      1.23041      1.80285
     -2.18892      2.54927      1.00524      1.54403
     -2.17892      2.22676      0.86368      1.36308
     -2.16892      2.62965      0.96309      1.66656
     -2.15892      3.46623      1.15752      2.30871
     -2.14892      3.78088      1.27894      2.50195
     -2.13892      3.63335      1.26635      2.36700
     -2.12892      3.29597      1.18640      2.10957
     -2.11892      3.12309      1.25126      1.87183
     -2.10892      3.47240      1.46414      2.00826
     -2.09892      4.23902      1.68025      2.55877
     -2.08892      4.20977      1.58820      2.62157
     -2.07892      3.18061      1.23512      1.94549
     -2.06892      3.01700      1.20214      1.81487
     -2.05892      4.23020      1.65333      2.57687
     -2.04892      5.04381      1.92597      3.11785
     -2.03892      4.51536      1.73464      2.78073
     -2.02892      3.89482      1.44381      2.45101
     -2.01892      3.70890      1.21480      2.49410
     -2.00892      3.65007      1.12777      2.52230
     -1.99892      3.32683      1.09715      2.22968
     -1.98892      2.52598      0.91458      1.61140
     -1.97892      1.81826      0.66811      1.15015
     -1.96892      1.82102      0.63657      1.18445
     -1.95892      2.27546      0.76529      1.51018
     -1.94892      2.19985      0.72825      1.47160
     -1.93892      1.72119      0.50527      1.21593
     -1.92892      1.52641      0.40105      1.12536
     -1.91892      1.87460      0.63699      1.23761
     -1.90892      2.39703      0.92788      1.46915
     -1.89892      2.95194      1.05332      1.89862
     -1.88892      3.18979      0.95926      2.23053
     -1.87892      2.82143      0.76884      2.05259
     -1.86892      2.35231      0.65257      1.69975
     -1.85892      2.19916      0.66538      1.53378
     -1.84892      2.52939      0.87371      1.65567
     -1.83892      2.58283      0.92754      1.65529
     -1.82892      2.35088      0.80239      1.54849
     -1.81892      2.08793      0.64315      1.44479
     -1.80892      1.55786      0.45132      1.10654
     -1.79892      1.52494      0.43897      1.08597
     -1.78892      1.90680      0.55317      1.35363
     -1.77892      2.28090      0.70173      1.57917
     -1.76892      3.01873      0.97267      2.04605
     -1.75892      3.18959      1.05402      2.13558
     -1.74892      2.55479      0.91082      1.64397
     -1.73892      2.08252      0.82615      1.25637
     -1.72892      2.08375      0.73226      1.35149
     -1.71892      2.34596      0.65488      1.69107
     -1.70892      2.62615      0.74636      1.87979
     -1.69892      2.61804      0.79313      1.82490
     -1.68892      1.96650      0.54533      1.42117
     -1.67892      1.47903      0.34887      1.13016
     -1.66892      1.73679      0.43421      1.30258
     -1.65892      2.26582      0.75406      1.51176
     -1.64892      2.51800      0.96028      1.55772
     -1.63892      1.83368      0.62982      1.20386
     -1.62892      1.04824      0.30053      0.74771
     -1.61892      0.97275      0.31593      0.65682
     -1.60892      1.45723      0.45516      1.00206
     -1.59892      2.06325      0.57752      1.48573
     -1.58892      2.15442      0.61686      1.53755
     -1.57892      1.77838      0.60763      1.17075
     -1.56892      1.67837      0.65278      1.02558
     -1.55892      1.61579      0.60398      1.01181
     -1.54892      1.55496      0.53213      1.02283
     -1.53892      1.51632      0.51393      1.00239
     -1.52892      1.43487      0.53182      0.90304
     -1.51892      1.63354      0.67040      0.96314
     -1.50892      1.73002      0.74709      0.98293
     -1.49892      1.45677      0.63133      0.82544
     -1.48892      1.14350      0.48502      0.65848
     -1.47892      1.02602      0.44490      0.58112
     -1.46892      1.04189      0.50056      0.54133
     -1.45892      1.23650      0.62061      0.61589
     -1.44892      1.34366      0.65929      0.68437
     -1.43892      1.38559      0.65290      0.73269
     -1.42892      1.51066      0.70926      0.80140
     -1.41892      1.57525      0.75795      0.81730
     -1.40892      1.65894      0.78959      0.86936
     -1.39892      1.73118      0.78633      0.94485
     -1.38892      1.36605      0.60612      0.75994
     -1.37892      0.89510      0.40869      0.48642
     -1.36892      0.63481      0.27718      0.35763
     -1.35892      0.46120      0.15108      0.31012
     -1.34892      0.29081      0.07136      0.21945
     -1.33892      0.25737      0.11994      0.13743
     -1.32892      0.62050      0.37532      0.24518
     -1.31892      1.05261      0.60502      0.44759
     -1.30892      0.96956      0.52186      0.44770
     -1.29892      0.82477      0.45442      0.37035
     -1.28892      0.89495      0.52300      0.37195
     -1.27892      0.74454      0.44011      0.30443
     -1.26892      0.59636      0.33738      0.25898
     -1.25892      0.66669      0.37409      0.29259
     -1.24892      0.56157      0.31348      0.24810
     -1.23892      0.57327      0.29806      0.27521
     -1.22892      0.75638      0.41768      0.33870
     -1.21892      0.93903      0.54621      0.39282
     -1.20892      1.22232      0.71745      0.50487
     -1.19892      1.27230      0.77072      0.50158
     -1.18892      1.10522      0.66883      0.43639
     -1.17892      0.86610      0.47356      0.39254
     -1.16892      0.95796      0.47543      0.48253
     -1.15892      1.28076      0.69387      0.58689
     -1.14892      1.35696      0.82432      0.53264
     -1.13892      1.25839      0.79089      0.46750
     -1.12892      1.02388      0.63326      0.39062
     -1.11892      0.98797      0.59854      0.38943
     -1.10892      1.18007      0.71576      0.46432
     -1.09892      1.26042      0.83070      0.42973
     -1.08892      1.33206      0.91644      0.41562
     -1.07892      1.34405      0.86556      0.47849
     -1.06892      1.37837      0.82658      0.55179
     -1.05892      1.51093      0.90305      0.60787
     -1.04892      1.22674      0.76099      0.46575
     -1.03892      0.89894      0.58795      0.31098
     -1.02892      1.15567      0.75137      0.40430
     -1.01892      1.81867      1.17950      0.63918
     -1.00892      2.02244      1.29904      0.72340
     -0.99892      1.76656      1.15087      0.61569
     -0.98892      1.91246      1.29087      0.62160
     -0.97892      2.20018      1.47277      0.72741
     -0.96892      2.34181      1.50127      0.84054
     -0.95892      2.24107      1.40224      0.83882
     -0.94892      1.82405      1.20936      0.61469
     -0.93892      1.54687      1.08774      0.45914
     -0.92892      1.81423      1.28305      0.53119
     -0.91892      2.45062      1.69907      0.75154
     -0.90892      2.72124      1.85405      0.86719
     -0.89892      2.62692      1.83234      0.79458
     -0.88892      2.68249      1.89638      0.78610
     -0.87892      2.97684      2.07790      0.89894
     -0.86892      3.38345      2.40337      0.98007
     -0.85892      3.89645      2.81183      1.08462
     -0.84892      4.34779      3.14032      1.20748
     -0.83892      4.31079      3.12648      1.18431
     -0.82892      3.72544      2.67992      1.04552
     -0.81892      3.19835      2.24021      0.95814
     -0.80892      3.19739      2.20335      0.99404
     -0.79892      3.50925      2.46137      1.04788
     -0.78892      3.60852      2.57924      1.02929
     -0.77892      2.65795      1.90452      0.75343
     -0.76892      1.98200      1.41833      0.56368
     -0.75892      2.45549      1.73444      0.72105
     -0.74892      2.54607      1.78793      0.75814
     -0.73892      2.38349      1.68781      0.69568
     -0.72892      2.84387      2.02450      0.81937
     -0.71892      2.82174      2.01594      0.80580
     -0.70892      2.20742      1.57910      0.62832
     -0.69892      2.11533      1.50307      0.61226
     -0.68892      2.43254      1.71709      0.71546
     -0.67892      2.43571      1.71928      0.71643
     -0.66892      2.27953      1.62416      0.65536
     -0.65892      2.29114      1.64100      0.65014
     -0.64892      2.08839      1.51214      0.57626
     -0.63892      1.85385      1.35948      0.49437
     -0.62892      1.97696      1.43473      0.54223
     -0.61892      2.18088      1.57709      0.60379
     -0.60892      2.21670      1.62279      0.59391
     -0.59892      2.28411      1.67128      0.61283
     -0.58892      2.01447      1.46171      0.55276
     -0.57892      1.89743      1.37373      0.52370
     -0.56892      2.36562      1.72207      0.64355
     -0.55892      2.16328      1.58605      0.57723
     -0.54892      1.59951      1.18356      0.41595
     -0.53892      1.76555      1.30208      0.46347
     -0.52892      2.13508      1.56930      0.56578
     -0.51892      2.16071      1.59601      0.56469
     -0.50892      2.21036      1.64481      0.56555
     -0.49892      2.35441      1.76007      0.59434
     -0.48892      2.35604      1.76198      0.59406
     -0.47892      2.38157      1.77208      0.60949
     -0.46892      2.66689      1.97081      0.69608
     -0.45892      2.87317      2.12128      0.75190
     -0.44892      2.44438      1.81665      0.62773
     -0.43892      1.54854      1.16317      0.38537
     -0.42892      0.81974      0.61933      0.20040
     -0.41892      0.55116      0.41266      0.13849
     -0.40892      0.71116      0.53162      0.17954
     -0.39892      0.84236      0.63545      0.20691
     -0.38892      0.83259      0.63477      0.19782
     -0.37892      0.84949      0.65421      0.19528
     -0.36892      1.02458      0.79004      0.23453
     -0.35892      0.91362      0.69991      0.21371
     -0.34892      0.65135      0.49519      0.15615
     -0.33892      0.58924      0.45086      0.13838
     -0.32892      0.58445      0.44931      0.13514
     -0.31892      0.47980      0.37029      0.10952
     -0.30892      0.48246      0.37678      0.10568
     -0.29892      0.61551      0.47995      0.13557
     -0.28892      0.55980      0.43412      0.12568
     -0.27892      0.32861      0.25504      0.07357
     -0.26892      0.41084      0.32105      0.08979
     -0.25892      0.72170      0.56449      0.15722
     -0.24892      0.86018      0.67427      0.18591
     -0.23892      0.92326      0.72664      0.19662
     -0.22892      0.66816      0.52803      0.14013
     -0.21892      0.25934      0.20573      0.05361
     -0.20892      0.17034      0.13492      0.03542
     -0.19892      0.46576      0.36839      0.09737
     -0.18892      0.62348      0.49324      0.13024
     -0.17892      0.38172      0.30279      0.07893
     -0.16892      0.27372      0.21848      0.05524
     -0.15892      0.35464      0.28276      0.07188
     -0.14892      0.41259      0.32838      0.08421
     -0.13892      0.47789      0.38062      0.09727
     -0.12892      0.62353      0.49778      0.12575
     -0.11892      0.59993      0.48045      0.11948
     -0.10892      0.45238      0.36335      0.08903
     -0.09892      0.25873      0.20799      0.05074
     -0.08892      0.20373      0.16361      0.04012
     -0.07892      0.32866      0.26419      0.06447
     -0.06892      0.39849      0.32078      0.07771
     -0.05892      0.33489      0.26981      0.06508
     -0.04892      0.35854      0.28903      0.06951
     -0.03892      0.39483      0.31854      0.07629
     -0.02892      0.38952      0.31466      0.07487
     -0.01892      0.30977      0.25041      0.05935
     -0.00892      0.21477      0.17375      0.04101
      0.00108      0.14677      0.11879      0.02798
      0.01108      0.05144      0.04164      0.00980
      0.02108      0.00696      0.00563      0.00133
      0.03108      0.00035      0.00028      0.00007
      0.04108      0.00001      0.00001      0.00000
      0.05108      0.00000      0.00000      0.00000
      0.06108      0.00000      0.00000      0.00000
      0.07108      0.00000      0.00000      0.00000
      0.08108      0.00000      0.00000      0.00000
      0.09108      0.00000      0.00000      0.00000
      0.10108      0.00000      0.00000      0.00000
      0.11108      0.00000      0.00000      0.00000
      0.12108      0.00000      0.00000      0.00000
      0.13108      0.00000      0.00000      0.00000
      0.14108      0.00000      0.00000      0.00000
      0.15108      0.00000      0.00000      0.00000
      0.16108      0.00000      0.00000      0.00000
      0.17108      0.00000      0.00000      0.00000
      0.18108      0.00000      0.00000      0.00000
      0.19108      0.00000      0.00000      0.00000
      0.20108      0.00000      0.00000      0.00000
      0.21108      0.00000      0.00000      0.00000
      0.22108      0.00000      0.00000      0.00000
      0.23108      0.00000      0.00000      0.00000
      0.24108      0.00000      0.00000      0.00000
      0.25108      0.00000      0.00000      0.00000
      0.26108      0.00000      0.00000      0.00000
      0.27108      0.00000      0.00000      0.00000
      0.28108      0.00000      0.00000      0.00000
      0.29108      0.00000      0.00000      0.00000
      0.30108      0.00000      0.00000      0.00000
      0.31108      0.00000      0.00000      0.00000
      0.32108      0.00000      0.00000      0.00000
      0.33108      0.00000      0.00000      0.00000
      0.34108      0.00000      0.00000      0.00000
      0.35108      0.00000      0.00000      0.00000
      0.36108      0.00000      0.00000      0.00000
      0.37108      0.00000      0.00000      0.00000
      0.38108      0.00000      0.00000      0.00000
      0.39108      0.00000      0.00000      0.00000
      0.40108      0.00000      0.00000      0.00000
      0.41108      0.00000      0.00000      0.00000
      0.42108      0.00000      0.00000      0.00000
      0.43108      0.00000      0.00000      0.00000
      0.44108      0.00000      0.00000      0.00000
      0.45108      0.00000      0.00000      0.00000
      0.46108      0.00000      0.00000      0.00000
      0.47108      0.00000      0.00000      0.00000
      0.48108      0.00000      0.00000      0.00000
      0.49108      0.00000      0.00000      0.00000
      0.50108      0.00000      0.00000      0.00000
      0.51108      0.00000      0.00000      0.00000
      0.52108      0.00000      0.00000      0.00000
      0.53108      0.00000      0.00000      0.00000
      0.54108      0.00000      0.00000      0.00000
      0.55108      0.00000      0.00000      0.00000
      0.56108      0.00000      0.00000      0.00000
      0.57108      0.00000      0.00000      0.00000
      0.58108      0.00000      0.00000      0.00000
      0.59108      0.00000      0.00000      0.00000
      0.60108      0.00000      0.00000      0.00000
      0.61108      0.00000      0.00000      0.00000
      0.62108      0.00000      0.00000      0.00000
      0.63108      0.00000      0.00000      0.00000
      0.64108      0.00000      0.00000      0.00000
      0.65108      0.00000      0.00000      0.00000
      0.66108      0.00000      0.00000      0.00000
      0.67108      0.00000      0.00000      0.00000
      0.68108      0.00000      0.00000      0.00000
      0.69108      0.00000      0.00000      0.00000
      0.70108      0.00000      0.00000      0.00000
      0.71108      0.00000      0.00000      0.00000
      0.72108      0.00000      0.00000      0.00000
      0.73108      0.00000      0.00000      0.00000
      0.74108      0.00000      0.00000      0.00000
      0.75108      0.00000      0.00000      0.00000
      0.76108      0.00000      0.00000      0.00000
      0.77108      0.00000      0.00000      0.00000
      0.78108      0.00000      0.00000      0.00000
      0.79108      0.00000      0.00000      0.00000
      0.80108      0.00000      0.00000      0.00000
      0.81108      0.00000      0.00000      0.00000
      0.82108      0.00000      0.00000      0.00000
      0.83108      0.00000      0.00000      0.00000
      0.84108      0.00000      0.00000      0.00000
      0.85108      0.00000      0.00000      0.00000
      0.86108      0.00000      0.00000      0.00000
      0.87108      0.00000      0.00000      0.00000
      0.88108      0.00000      0.00000      0.00000
      0.89108      0.00000      0.00000      0.00000
      0.90108      0.00000      0.00000      0.00000
      0.91108      0.00000      0.00000      0.00000
      0.92108      0.00000      0.00000      0.00000
      0.93108      0.00000      0.00000      0.00000
      0.94108      0.00000      0.00000      0.00000
      0.95108      0.00000      0.00000      0.00000
      0.96108      0.00000      0.00000      0.00000
      0.97108      0.00000      0.00000      0.00000
      0.98108      0.00000      0.00000      0.00000
      0.99108      0.00000      0.00000      0.00000
      1.00108      0.00000      0.00000      0.00000
      1.01108      0.00000      0.00000      0.00000
      1.02108      0.00000      0.00000      0.00000
      1.03108      0.00000      0.00000      0.00000
      1.04108      0.00000      0.00000      0.00000
      1.05108      0.00000      0.00000      0.00000
      1.06108      0.00000      0.00000      0.00000
      1.07108      0.00000      0.00000      0.00000
      1.08108      0.00000      0.00000      0.00000
      1.09108      0.00000      0.00000      0.00000
      1.10108      0.00000      0.00000      0.00000
      1.11108      0.00000      0.00000      0.00000
      1.12108      0.00000      0.00000      0.00000
      1.13108      0.00000      0.00000      0.00000
      1.14108      0.00000      0.00000      0.00000
      1.15108      0.00000      0.00000      0.00000
      1.16108      0.00000      0.00000      0.00000
      1.17108      0.00000      0.00000      0.00000
      1.18108      0.00000      0.00000      0.00000
      1.19108      0.00000      0.00000      0.00000
      1.20108      0.00000      0.00000      0.00000
      1.21108      0.00000      0.00000      0.00000
      1.22108      0.00000      0.00000      0.00000
      1.23108      0.00000      0.00000      0.00000
      1.24108      0.00000      0.00000      0.00000
      1.25108      0.00000      0.00000      0.00000
      1.26108      0.00000      0.00000      0.00000
      1.27108      0.00000      0.00000      0.00000
      1.28108      0.00000      0.00000      0.00000
      1.29108      0.00000      0.00000      0.00000
      1.30108      0.00000      0.00000      0.00000
      1.31108      0.00000      0.00000      0.00000
      1.32108      0.00000      0.00000      0.00000
      1.33108      0.00000      0.00000      0.00000
      1.34108      0.00000      0.00000      0.00000
      1.35108      0.00000      0.00000      0.00000
      1.36108      0.00000      0.00000      0.00000
      1.37108      0.00000      0.00000      0.00000
      1.38108      0.00000      0.00000      0.00000
      1.39108      0.00000      0.00000      0.00000
      1.40108      0.00000      0.00000      0.00000
      1.41108      0.00000      0.00000      0.00000
      1.42108      0.00000      0.00000      0.00000
      1.43108      0.00000      0.00000      0.00000
      1.44108      0.00000      0.00000      0.00000
      1.45108      0.00000      0.00000      0.00000
      1.46108      0.00000      0.00000      0.00000
      1.47108      0.00000      0.00000      0.00000
      1.48108      0.00000      0.00000      0.00000
      1.49108      0.00000      0.00000      0.00000
      1.50108      0.00000      0.00000      0.00000
      1.51108      0.00000      0.00000      0.00000
      1.52108      0.00000      0.00000      0.00000
      1.53108      0.00000      0.00000      0.00000
      1.54108      0.00000      0.00000      0.00000
      1.55108      0.00000      0.00000      0.00000
      1.56108      0.00000      0.00000      0.00000
      1.57108      0.00000      0.00000      0.00000
      1.58108      0.00000      0.00000      0.00000
      1.59108      0.00000      0.00000      0.00000
      1.60108      0.00000      0.00000      0.00000
      1.61108      0.00000      0.00000      0.00000
      1.62108      0.00000      0.00000      0.00000
      1.63108      0.00000      0.00000      0.00000
      1.64108      0.00000      0.00000      0.00000
      1.65108      0.00000      0.00000      0.00000
      1.66108      0.00000      0.00000      0.00000
      1.67108      0.00000      0.00000      0.00000
      1.68108      0.00000      0.00000      0.00000
      1.69108      0.00000      0.00000      0.00000
      1.70108      0.00000      0.00000      0.00000
      1.71108      0.00000      0.00000      0.00000
      1.72108      0.00000      0.00000      0.00000
      1.73108      0.00000      0.00000      0.00000
      1.74108      0.00000      0.00000      0.00000
      1.75108      0.00000      0.00000      0.00000
      1.76108      0.00000      0.00000      0.00000
      1.77108      0.00000      0.00000      0.00000
      1.78108      0.00000      0.00000      0.00000
      1.79108      0.00000      0.00000      0.00000
      1.80108      0.00000      0.00000      0.00000
      1.81108      0.00000      0.00000      0.00000
      1.82108      0.00000      0.00000      0.00000
      1.83108      0.00000      0.00000      0.00000
      1.84108      0.00000      0.00000      0.00000
      1.85108      0.00000      0.00000      0.00000
      1.86108      0.00000      0.00000      0.00000
      1.87108      0.00000      0.00000      0.00000
      1.88108      0.00000      0.00000      0.00000
      1.89108      0.00000      0.00000      0.00000
      1.90108      0.00000      0.00000      0.00000
      1.91108      0.00000      0.00000      0.00000
      1.92108      0.00000      0.00000      0.00000
      1.93108      0.00000      0.00000      0.00000
      1.94108      0.00000      0.00000      0.00000
      1.95108      0.00000      0.00000      0.00000
      1.96108      0.00000      0.00000      0.00000
      1.97108      0.00000      0.00000      0.00000
      1.98108      0.00000      0.00000      0.00000
      1.99108      0.00000      0.00000      0.00000
      2.00108      0.00000      0.00000      0.00000
      2.01108      0.00000      0.00000      0.00000
      2.02108      0.00000      0.00000      0.00000
      2.03108      0.00000      0.00000      0.00000
      2.04108      0.00000      0.00000      0.00000
      2.05108      0.00000      0.00000      0.00000
      2.06108      0.00000      0.00000      0.00000
      2.07108      0.00000      0.00000      0.00000
      2.08108      0.00000      0.00000      0.00000
      2.09108      0.00000      0.00000      0.00000
      2.10108      0.00000      0.00000      0.00000
      2.11108      0.00000      0.00000      0.00000
      2.12108      0.00000      0.00000      0.00000
      2.13108      0.00000      0.00000      0.00000
      2.14108      0.00000      0.00000      0.00000
      2.15108      0.00000      0.00000      0.00000
      2.16108      0.00000      0.00000      0.00000
      2.17108      0.00000      0.00000      0.00000
      2.18108      0.00000      0.00000      0.00000
      2.19108      0.00000      0.00000      0.00000
      2.20108      0.00000      0.00000      0.00000
      2.21108      0.00000      0.00000      0.00000
      2.22108      0.00000      0.00000      0.00000
      2.23108      0.00000      0.00000      0.00000
      2.24108      0.00001      0.00001      0.00000
      2.25108      0.00054      0.00032      0.00022
      2.26108      0.00965      0.00570      0.00395
      2.27108      0.06803      0.04026      0.02777
      2.28108      0.23949      0.14294      0.09655
      2.29108      0.69366      0.42126      0.27240
      2.30108      1.62627      0.99900      0.62727
      2.31108      2.10309      1.29999      0.80310
      2.32108      1.55873      0.99185      0.56688
      2.33108      1.49832      0.99689      0.50143
      2.34108      2.01191      1.30768      0.70423
      2.35108      2.35510      1.51128      0.84382
      2.36108      2.62888      1.68215      0.94673
      2.37108      2.67623      1.71337      0.96285
      2.38108      2.07574      1.34435      0.73139
      2.39108      1.39454      0.90561      0.48894
      2.40108      1.61562      1.03200      0.58361
      2.41108      2.23863      1.41920      0.81943
      2.42108      2.75250      1.75430      0.99820
      2.43108      2.79574      1.79614      0.99959
      2.44108      2.59739      1.70638      0.89102
      2.45108      2.72562      1.80696      0.91866
      2.46108      3.16284      2.08964      1.07321
      2.47108      3.08704      2.06809      1.01894
      2.48108      2.88171      1.89512      0.98659
      2.49108      3.26634      2.05362      1.21273
      2.50108      3.63068      2.29067      1.34001
      2.51108      4.01002      2.57449      1.43553
      2.52108      3.92338      2.55334      1.37004
      2.53108      3.60145      2.37978      1.22167
      2.54108      3.47658      2.32015      1.15644
      2.55108      2.99211      2.01496      0.97714
      2.56108      2.43939      1.63661      0.80278
      2.57108      2.61859      1.77291      0.84568
      2.58108      3.51135      2.43887      1.07247
      2.59108      3.89567      2.70846      1.18721
      2.60108      3.41569      2.33077      1.08492
      2.61108      2.47522      1.67465      0.80057
      2.62108      2.00097      1.37486      0.62611
      2.63108      2.24121      1.53855      0.70267
      2.64108      2.98787      2.10185      0.88603
      2.65108      3.46202      2.47376      0.98826
      2.66108      2.85736      2.04062      0.81674
      2.67108      2.68289      1.92904      0.75385
      2.68108      2.95266      2.11607      0.83659
      2.69108      2.87318      2.04551      0.82768
      2.70108      3.06207      2.20029      0.86178
      2.71108      3.51441      2.58272      0.93170
      2.72108      3.27623      2.41536      0.86087
      2.73108      3.08857      2.20487      0.88370
      2.74108      3.02269      2.15087      0.87182
      2.75108      2.56847      1.87863      0.68984
      2.76108      1.93479      1.42840      0.50639
      2.77108      1.83471      1.35896      0.47575
      2.78108      2.00843      1.50182      0.50661
      2.79108      1.90594      1.41140      0.49454
      2.80108      1.31950      0.94625      0.37326
      2.81108      1.13082      0.78957      0.34126
      2.82108      1.87482      1.35983      0.51499
      2.83108      2.33920      1.80681      0.53239
      2.84108      2.39390      1.90869      0.48522
      2.85108      2.41899      1.87040      0.54860
      2.86108      2.40086      1.78333      0.61753
      2.87108      1.87975      1.35768      0.52208
      2.88108      1.30863      0.92882      0.37981
      2.89108      1.31409      0.96705      0.34705
      2.90108      1.62729      1.22010      0.40719
      2.91108      1.99464      1.51844      0.47619
      2.92108      2.35999      1.78292      0.57707
      2.93108      2.49019      1.85495      0.63524
      2.94108      2.68028      1.98760      0.69268
      2.95108      3.37535      2.50630      0.86905
      2.96108      4.01597      2.99285      1.02311
      2.97108      4.07234      2.98943      1.08291
      2.98108      4.11363      2.93047      1.18317
      2.99108      5.16594      3.67120      1.49474
      3.00108      6.44942      4.61287      1.83655
      3.01108      7.01829      4.95614      2.06215
      3.02108      6.29499      4.38841      1.90658
      3.03108      5.68965      3.99412      1.69553
      3.04108      6.19930      4.47598      1.72332
      3.05108      6.96491      5.10727      1.85764
      3.06108      6.02571      4.47969      1.54602
      3.07108      4.07560      3.09199      0.98360
      3.08108      3.71169      2.78166      0.93003
      3.09108      4.46048      3.34352      1.11696
      3.10108      4.19267      3.30088      0.89179
      3.11108      3.41463      2.78929      0.62534
      3.12108      3.69413      2.75457      0.93956
      3.13108      5.07353      3.47770      1.59583
      3.14108      5.74095      3.98087      1.76008
      3.15108      4.68712      3.36368      1.32344
      3.16108      3.86915      2.85617      1.01298
      3.17108      4.61802      3.35278      1.26524
      3.18108      5.43982      3.77947      1.66035
      3.19108      5.06235      3.47826      1.58409
      3.20108      4.91198      3.48255      1.42943
      3.21108      5.78148      4.07910      1.70238
      3.22108      6.65787      4.54120      2.11667
      3.23108      5.71411      3.81735      1.89676
      3.24108      4.08163      2.83556      1.24607
      3.25108      4.47639      3.28969      1.18670
      3.26108      5.33158      3.93212      1.39946
      3.27108      4.94184      3.63358      1.30826
      3.28108      4.10409      2.99194      1.11215
      3.29108      4.43252      3.18914      1.24338
      3.30108      5.25642      3.73417      1.52225
      3.31108      4.65247      3.27759      1.37488
      3.32108      4.19603      3.03051      1.16552
      3.33108      4.17792      3.03176      1.14616
      3.34108      4.04755      2.99538      1.05217
      3.35108      4.29811      3.31427      0.98384
      3.36108      4.58925      3.42501      1.16424
      3.37108      4.54257      3.28651      1.25607
      3.38108      4.14947      3.16937      0.98011
      3.39108      3.78545      2.98010      0.80535
      3.40108      3.83729      2.91964      0.91765
      3.41108      4.40198      3.32129      1.08069
      3.42108      4.69902      3.52431      1.17471
      3.43108      4.61685      3.36207      1.25478
      3.44108      4.33230      3.09181      1.24049
      3.45108      3.86890      2.76326      1.10564
      3.46108      3.57328      2.52876      1.04451
      3.47108      3.36682      2.39770      0.96911
      3.48108      3.21074      2.33818      0.87256
      3.49108      3.09981      2.20457      0.89524
      3.50108      2.88680      1.96004      0.92676
      3.51108      2.71644      1.80124      0.91520
      3.52108      2.50879      1.63943      0.86935
      3.53108      2.42207      1.59921      0.82286
      3.54108      2.92375      1.91885      1.00491
      3.55108      3.43043      2.24487      1.18556
      3.56108      4.14034      2.70441      1.43594
      3.57108      4.11017      2.64224      1.46792
      3.58108      3.79228      2.40693      1.38535
      3.59108      3.87737      2.43145      1.44591
      3.60108      3.25219      2.01423      1.23796
      3.61108      2.59604      1.63278      0.96326
      3.62108      2.76936      1.78524      0.98412
      3.63108      3.30530      2.09279      1.21251
      3.64108      3.81319      2.39839      1.41480
      3.65108      4.43718      2.81096      1.62623
      3.66108      4.33822      2.69380      1.64442
      3.67108      3.22104      1.95573      1.26532
      3.68108      2.38541      1.45652      0.92889
      3.69108      2.62028      1.61116      1.00912
      3.70108      3.45635      2.09668      1.35967
      3.71108      4.96418      2.95072      2.01347
      3.72108      4.95985      2.92768      2.03217
      3.73108      3.34558      1.99454      1.35103
      3.74108      2.31738      1.36709      0.95029
      3.75108      2.03383      1.20075      0.83308
      3.76108      2.08533      1.29507      0.79026
      3.77108      2.38779      1.49094      0.89685
      3.78108      2.51490      1.52521      0.98969
      3.79108      2.57116      1.55955      1.01161
      3.80108      2.61976      1.64975      0.97001
      3.81108      2.59425      1.67024      0.92400
      3.82108      3.20057      1.96909      1.23148
      3.83108      3.45574      2.00876      1.44698
      3.84108      2.81246      1.59266      1.21979
      3.85108      2.17968      1.25691      0.92278
      3.86108      2.01946      1.18128      0.83817
      3.87108      2.13053      1.26341      0.86712
      3.88108      1.90952      1.16503      0.74449
      3.89108      1.33035      0.81345      0.51690
      3.90108      1.17900      0.69423      0.48478
      3.91108      1.56933      0.91972      0.64960
      3.92108      1.55539      0.92373      0.63166
      3.93108      1.43576      0.86021      0.57555
      3.94108      1.36828      0.81344      0.55484
      3.95108      1.56522      0.90152      0.66369
      3.96108      2.23375      1.27328      0.96047
      3.97108      2.64822      1.53230      1.11591
      3.98108      2.80079      1.62509      1.17570
      3.99108      2.69806      1.54879      1.14927
      4.00108      2.20502      1.26621      0.93881
      4.01108      1.72619      0.97569      0.75050
      4.02108      1.45389      0.79154      0.66235
      4.03108      1.27945      0.69566      0.58380
      4.04108      1.38949      0.78638      0.60311
      4.05108      1.76767      1.02597      0.74169
      4.06108      1.63568      0.94111      0.69458
      4.07108      0.91700      0.49938      0.41762
      4.08108      0.45444      0.24124      0.21320
      4.09108      0.65590      0.37021      0.28569
      4.10108      1.21682      0.65844      0.55838
      4.11108      1.57091      0.80150      0.76941
      4.12108      1.82345      0.95354      0.86991
      4.13108      2.07493      1.16619      0.90873
      4.14108      1.85348      1.05460      0.79888
      4.15108      1.38252      0.75587      0.62665
      4.16108      1.17390      0.62866      0.54524
      4.17108      1.29302      0.69582      0.59721
      4.18108      1.62837      0.87713      0.75124
      4.19108      1.74490      0.94611      0.79879
      4.20108      1.21889      0.65775      0.56114
      4.21108      0.69076      0.37305      0.31771
      4.22108      0.86985      0.48793      0.38192
      4.23108      1.33785      0.74957      0.58829
      4.24108      1.30241      0.73061      0.57180
      4.25108      1.18382      0.66074      0.52309
      4.26108      1.27228      0.65962      0.61265
      4.27108      1.54837      0.76457      0.78380
      4.28108      1.75158      0.90619      0.84538
      4.29108      1.58819      0.86233      0.72586
      4.30108      1.27764      0.69106      0.58658
      4.31108      1.05096      0.54521      0.50575
      4.32108      1.36097      0.70649      0.65447
      4.33108      2.01795      1.07692      0.94103
      4.34108      2.11077      1.14617      0.96460
      4.35108      1.63408      0.89887      0.73521
      4.36108      1.23386      0.68754      0.54633
      4.37108      1.12894      0.63298      0.49597
      4.38108      1.35773      0.75418      0.60355
      4.39108      1.57619      0.88069      0.69550
      4.40108      1.40580      0.79570      0.61010
      4.41108      1.67104      0.92746      0.74358
      4.42108      2.58810      1.40136      1.18674
      4.43108      2.69195      1.41818      1.27377
      4.44108      1.93275      0.99551      0.93724
      4.45108      1.38473      0.73503      0.64970
      4.46108      1.18042      0.63444      0.54599
      4.47108      1.26652      0.65403      0.61250
      4.48108      1.35940      0.67729      0.68211
      4.49108      0.99313      0.48462      0.50852
      4.50108      0.56091      0.29038      0.27053
      4.51108      0.49952      0.28470      0.21482
      4.52108      0.66027      0.36897      0.29130
      4.53108      0.83105      0.44866      0.38239
      4.54108      0.92698      0.46794      0.45905
      4.55108      0.94336      0.45127      0.49209
      4.56108      0.72234      0.34133      0.38102
      4.57108      0.85746      0.40797      0.44949
      4.58108      1.29684      0.63372      0.66312
      4.59108      1.31537      0.67500      0.64036
      4.60108      0.90846      0.48732      0.42115
      4.61108      0.64764      0.33475      0.31289
      4.62108      0.86252      0.41553      0.44699
      4.63108      1.14714      0.54627      0.60087
      4.64108      1.06761      0.50893      0.55869
      4.65108      0.64789      0.30940      0.33849
      4.66108      0.37452      0.17885      0.19566
      4.67108      0.48749      0.23192      0.25557
      4.68108      0.71340      0.33875      0.37465
      4.69108      0.94456      0.45039      0.49417
      4.70108      1.18630      0.56794      0.61836
      4.71108      1.36270      0.65265      0.71004
      4.72108      1.34510      0.64307      0.70203
      4.73108      1.48719      0.70994      0.77725
      4.74108      2.08817      1.00691      1.08126
      4.75108      2.40506      1.17567      1.22939
      4.76108      1.78095      0.87466      0.90629
      4.77108      1.14180      0.55802      0.58378
      4.78108      1.25065      0.61194      0.63870
      4.79108      1.93504      0.95045      0.98458
      4.80108      2.46152      1.21202      1.24951
      4.81108      2.56981      1.27175      1.29807
      4.82108      2.55153      1.26409      1.28745
      4.83108      2.99294      1.47925      1.51368
      4.84108      3.47678      1.72237      1.75441
      4.85108      3.42786      1.70731      1.72055
      4.86108      2.97324      1.48335      1.48990
      4.87108      2.55357      1.27191      1.28166
      4.88108      2.74626      1.37289      1.37337
      4.89108      4.00416      2.01302      1.99114
      4.90108      5.98461      3.01681      2.96779
      4.91108      6.46885      3.27712      3.19173
      4.92108      5.60201      2.84993      2.75209
      4.93108      5.20170      2.64037      2.56133
      4.94108      4.42477      2.24910      2.17568
      4.95108      4.43465      2.27012      2.16453
      4.96108      4.78271      2.46218      2.32052
      4.97108      4.18530      2.16160      2.02370
      4.98108      3.55742      1.83761      1.71980
      4.99108      3.01752      1.55711      1.46040
      5.00108      2.87137      1.47673      1.39463
      5.01108      2.88757      1.48680      1.40077
      5.02108      2.57175      1.33372      1.23803
      5.03108      2.11235      1.11617      0.99618
      5.04108      2.13623      1.16513      0.97110
      5.05108      2.19684      1.22313      0.97371
      5.06108      1.81386      1.02047      0.79338
      5.07108      1.64317      0.92497      0.71821
      5.08108      1.54897      0.86902      0.67995
      5.09108      1.35535      0.75553      0.59982
      5.10108      1.24503      0.69632      0.54871
      5.11108      1.36140      0.77921      0.58219
      5.12108      1.56972      0.92059      0.64913
      5.13108      1.91588      1.12942      0.78646
      5.14108      2.21695      1.29683      0.92012
      5.15108      1.72812      1.00843      0.71969
      5.16108      0.85738      0.50147      0.35591
      5.17108      0.48983      0.28370      0.20613
      5.18108      0.55440      0.31828      0.23612
      5.19108      0.97273      0.55801      0.41471
      5.20108      1.32937      0.76342      0.56595
      5.21108      1.15187      0.66349      0.48839
      5.22108      1.02367      0.59295      0.43073
      5.23108      1.07983      0.62839      0.45144
      5.24108      0.87725      0.51546      0.36180
      5.25108      0.74774      0.44817      0.29957
      5.26108      0.73182      0.43895      0.29287
      5.27108      0.75637      0.44840      0.30797
      5.28108      1.02037      0.60750      0.41287
      5.29108      1.24112      0.74452      0.49660
      5.30108      1.23992      0.74669      0.49323
      5.31108      1.27603      0.77060      0.50554
      5.32108      1.23679      0.74966      0.49004
      5.33108      0.98498      0.63325      0.37985
      5.34108      0.82110      0.64122      0.28024
      5.35108      0.71406      0.63407      0.22001
      5.36108      0.76076      0.63123      0.24983
      5.37108      1.11348      0.86819      0.38115
      5.38108      1.40853      1.00465      0.50376
      5.39108      1.65600      1.06383      0.62117
      5.40108      1.67920      1.03737      0.64495
      5.41108      1.37650      0.83461      0.54201
      5.42108      1.07912      0.64638      0.43274
      5.43108      0.65911      0.39530      0.26382
      5.44108      0.43743      0.26914      0.16858
      5.45108      0.69344      0.44257      0.25782
      5.46108      1.18749      0.82714      0.42124
      5.47108      1.65242      1.30744      0.54138
      5.48108      1.71524      1.39539      0.55327
      5.49108      1.49646      1.06531      0.53338
      5.50108      1.14225      0.72151      0.43724
      5.51108      0.90058      0.55161      0.35004
      5.52108      1.22638      0.75764      0.47149
      5.53108      1.56585      1.02073      0.57787
      5.54108      1.66447      1.25677      0.55239
      5.55108      1.54842      1.31758      0.46616
      5.56108      1.51182      1.14313      0.50955
      5.57108      1.34284      0.86792      0.50598
      5.58108      0.76663      0.47445      0.29568
      5.59108      0.67998      0.44306      0.25024
      5.60108      1.01621      0.73397      0.34805
      5.61108      0.92742      0.76017      0.28758
      5.62108      0.57874      0.48386      0.17583
      5.63108      0.25371      0.18950      0.08426
      5.64108      0.05977      0.04073      0.02111
      5.65108      0.07509      0.05574      0.02522
      5.66108      0.46264      0.36945      0.14675
      5.67108      1.27732      1.12310      0.37038
      5.68108      1.61182      1.61061      0.40193
      5.69108      1.06513      1.17115      0.22909
      5.70108      0.56231      0.53674      0.14778
      5.71108      0.41542      0.33080      0.13100
      5.72108      0.40565      0.39532      0.10361
      5.73108      0.43794      0.43480      0.10952
      5.74108      0.41475      0.32709      0.13281
      5.75108      0.31054      0.20789      0.11193
      5.76108      0.33211      0.24283      0.11216
      5.77108      0.48510      0.42933      0.13808
      5.78108      0.56149      0.52151      0.15084
      5.79108      0.64852      0.49245      0.21101
      5.80108      0.78780      0.51143      0.28677
      5.81108      0.77959      0.50153      0.28681
      5.82108      0.59057      0.46642      0.18843
      5.83108      0.54544      0.62881      0.10608
      5.84108      0.72681      0.77048      0.16327
      5.85108      0.73300      0.58794      0.22883
      5.86108      0.36694      0.24957      0.12993
      5.87108      0.11582      0.07423      0.04230
      5.88108      0.19409      0.12463      0.06980
      5.89108      0.32160      0.21652      0.11224
      5.90108      0.27228      0.26318      0.06853
      5.91108      0.29955      0.46814      0.01617
      5.92108      0.34809      0.56918      0.01074
      5.93108      0.40484      0.55948      0.04774
      5.94108      0.61978      0.74446      0.11113
      5.95108      0.63438      0.64535      0.15218
      5.96108      0.60627      0.45125      0.19956
      5.97108      0.94975      0.62131      0.34119
      5.98108      1.30800      0.92589      0.44762
      5.99108      1.29667      1.10583      0.38182
      6.00108      0.94072      0.90438      0.24332
      6.01108      0.54136      0.46516      0.15938
      6.02108      0.39172      0.26432      0.13980
      6.03108      0.68682      0.43519      0.25250
      6.04108      0.88273      0.56781      0.31904
      6.05108      0.54681      0.40069      0.18033
      6.06108      0.42407      0.44683      0.09617
      6.07108      0.82914      0.85703      0.19458
      6.08108      1.28213      1.21327      0.33605
      6.09108      1.32178      1.08590      0.40069
      6.10108      0.88977      0.62596      0.30529
      6.11108      0.32166      0.20944      0.11616
      6.12108      0.07783      0.04932      0.02865
      6.13108      0.22973      0.14524      0.08473
      6.14108      0.81114      0.52223      0.29473
      6.15108      1.45572      1.00105      0.50751
      6.16108      1.61702      1.28388      0.51041
      6.17108      1.16149      1.05518      0.32610
      6.18108      0.46717      0.44117      0.12673
      6.19108      0.12233      0.10235      0.03704
      6.20108      0.20413      0.13359      0.07161
      6.21108      0.50652      0.32374      0.18280
      6.22108      0.74359      0.46729      0.27671
      6.23108      0.79172      0.50853      0.29191
      6.24108      0.87870      0.66262      0.28449
      6.25108      1.12753      1.02539      0.30358
      6.26108      1.12312      1.09942      0.27723
      6.27108      1.10321      1.07557      0.27415
      6.28108      1.12209      1.07968      0.28312
      6.29108      0.97580      0.80730      0.29000
      6.30108      0.93772      0.68863      0.31133
      6.31108      0.98872      0.90390      0.27083
      6.32108      1.27925      1.32188      0.29684
      6.33108      1.79818      1.56163      0.51296
      6.34108      1.75129      1.37262      0.54761
      6.35108      1.22592      0.95231      0.38211
      6.36108      1.06831      0.76498      0.34944
      6.37108      1.14178      0.83083      0.37008
      6.38108      1.14486      0.90576      0.35396
      6.39108      0.91934      0.74112      0.28394
      6.40108      0.78379      0.65303      0.23373
      6.41108      0.80993      0.69571      0.23438
      6.42108      0.98939      0.73750      0.32494
      6.43108      0.93934      0.71794      0.30365
      6.44108      0.74274      0.78942      0.16674
      6.45108      0.82561      0.99115      0.14657
      6.46108      1.11918      1.31606      0.20984
      6.47108      1.53561      1.70560      0.32516
      6.48108      1.46203      1.56214      0.33156
      6.49108      1.12661      1.29705      0.22419
      6.50108      0.86908      1.07869      0.14631
      6.51108      0.71908      0.76434      0.16130
      6.52108      0.91223      0.66213      0.30630
      6.53108      1.44351      0.93120      0.53061
      6.54108      1.64070      1.15880      0.57379
      6.55108      1.22125      1.18127      0.31893
      6.56108      0.84517      1.12210      0.11560
      6.57108      0.55832      0.76669      0.06643
      6.58108      0.48527      0.44354      0.13135
      6.59108      0.69131      0.45680      0.24663
      6.60108      0.82536      0.52272      0.30330
      6.61108      0.59173      0.37634      0.21664
      6.62108      0.32897      0.23239      0.11167
      6.63108      0.42125      0.37168      0.11740
      6.64108      0.63631      0.57743      0.17438
      6.65108      0.85530      0.69396      0.26874
      6.66108      0.95924      0.86193      0.27749
      6.67108      0.76565      0.95963      0.12999
      6.68108      0.67888      1.04803      0.04702
      6.69108      0.80966      1.14557      0.08641
      6.70108      0.68031      0.83689      0.11203
      6.71108      0.30003      0.31665      0.06660
      6.72108      0.16562      0.12178      0.05463
      6.73108      0.18771      0.12069      0.06788
      6.74108      0.29879      0.20035      0.10616
      6.75108      0.71895      0.55450      0.23259
      6.76108      1.25309      1.15803      0.34252
      6.77108      1.56873      1.66900      0.35712
      6.78108      1.73383      2.07116      0.31751
      6.79108      1.91374      2.39444      0.30702
      6.80108      1.51703      1.74462      0.29121
      6.81108      0.77891      0.81256      0.17445
      6.82108      0.57150      0.73001      0.07391
      6.83108      0.69396      0.87604      0.08701
      6.84108      0.51440      0.56601      0.09112
      6.85108      0.17167      0.16771      0.03734
      6.86108      0.02902      0.02512      0.00750
      6.87108      0.08406      0.06817      0.02406
      6.88108      0.50270      0.46090      0.12270
      6.89108      1.35230      1.37385      0.27894
      6.90108      1.75446      1.82594      0.34792
      6.91108      1.53881      1.43787      0.36853
      6.92108      1.43377      1.28659      0.37571
      6.93108      1.11724      1.14956      0.25765
      6.94108      0.61924      0.76063      0.10491
      6.95108      0.53660      0.66729      0.07445
      6.96108      0.86866      1.05280      0.10773
      6.97108      1.00348      1.25333      0.09533
      6.98108      0.92568      1.11111      0.08694
      6.99108      0.93952      1.12841      0.09202
      7.00108      1.02056      1.21780      0.13635
      7.01108      1.05219      1.19427      0.19084
      7.02108      1.02382      1.22337      0.16799
      7.03108      1.06845      1.40988      0.10444
      7.04108      1.45310      1.75799      0.17714
      7.05108      2.00703      2.09527      0.38329
      7.06108      1.92898      2.03740      0.37441
      7.07108      1.16613      1.31307      0.19233
      7.08108      0.80379      0.76810      0.15044
      7.09108      1.00517      0.86111      0.17975
      7.10108      1.46654      1.38720      0.17946
      7.11108      1.80092      1.89205      0.16444
      7.12108      1.81141      2.12078      0.13227
      7.13108      1.46891      1.79028      0.11970
      7.14108      0.78180      0.85436      0.12022
      7.15108      0.26080      0.23242      0.06286
      7.16108      0.22167      0.21238      0.03385
      7.17108      0.61401      0.65951      0.07431
      7.18108      1.00528      1.13118      0.11729
      7.19108      0.97885      1.07354      0.11108
      7.20108      0.79324      0.80510      0.10082
      7.21108      0.72281      0.69607      0.12534
      7.22108      0.60933      0.66750      0.09783
      7.23108      0.51649      0.62507      0.06407
      7.24108      0.66496      0.63510      0.13484
      7.25108      1.07517      1.02762      0.19963
      7.26108      1.27410      1.46705      0.12961
      7.27108      1.00899      1.34022      0.04178
      7.28108      0.74590      0.99155      0.03196
