Energy-E_F (eV)    DOS (1/eV)    PDOS (1/eV)  of atom type W  Se 
     -4.99000      3.46435      1.32667      2.13768
     -4.98000      3.18326      1.22311      1.96015
     -4.97000      1.93330      0.73126      1.20204
     -4.96000      1.38255      0.49964      0.88290
     -4.95000      1.38664      0.49012      0.89652
     -4.94000      1.49924      0.51118      0.98806
     -4.93000      1.43511      0.48248      0.95263
     -4.92000      1.17707      0.41789      0.75917
     -4.91000      1.18682      0.43349      0.75333
     -4.90000      1.21674      0.43391      0.78283
     -4.89000      1.08504      0.37930      0.70574
     -4.88000      1.03366      0.35449      0.67917
     -4.87000      1.23191      0.41088      0.82103
     -4.86000      1.22655      0.40827      0.81828
     -4.85000      0.93997      0.32867      0.61130
     -4.84000      1.04834      0.38184      0.66650
     -4.83000      1.42665      0.52291      0.90374
     -4.82000      1.45642      0.54157      0.91485
     -4.81000      1.02930      0.38389      0.64541
     -4.80000      0.76469      0.26519      0.49950
     -4.79000      0.94795      0.30452      0.64343
     -4.78000      1.20799      0.39150      0.81649
     -4.77000      1.03494      0.35135      0.68359
     -4.76000      0.56932      0.19871      0.37061
     -4.75000      0.43196      0.14652      0.28544
     -4.74000      0.86504      0.29728      0.56776
     -4.73000      1.06595      0.37917      0.68678
     -4.72000      0.75846      0.27748      0.48098
     -4.71000      0.75126      0.26578      0.48548
     -4.70000      1.14069      0.38284      0.75786
     -4.69000      1.26530      0.40965      0.85565
     -4.68000      0.81950      0.26548      0.55402
     -4.67000      0.48803      0.17248      0.31554
     -4.66000      0.47594      0.17190      0.30404
     -4.65000      0.74450      0.25905      0.48545
     -4.64000      1.03244      0.35902      0.67343
     -4.63000      1.07383      0.38713      0.68670
     -4.62000      1.00303      0.37728      0.62574
     -4.61000      0.78209      0.29033      0.49175
     -4.60000      0.81872      0.27551      0.54321
     -4.59000      1.07789      0.34167      0.73622
     -4.58000      0.91901      0.29188      0.62712
     -4.57000      0.80594      0.28679      0.51915
     -4.56000      1.44381      0.54334      0.90047
     -4.55000      1.82904      0.68282      1.14623
     -4.54000      1.69076      0.61117      1.07960
     -4.53000      2.10052      0.74864      1.35189
     -4.52000      3.40700      1.24680      2.16020
     -4.51000      4.71081      1.74728      2.96352
     -4.50000      4.26405      1.57581      2.68823
     -4.49000      3.23708      1.16074      2.07634
     -4.48000      3.32706      1.15140      2.17566
     -4.47000      3.21650      1.10451      2.11198
     -4.46000      2.66907      0.93670      1.73237
     -4.45000      2.48502      0.89959      1.58543
     -4.44000      2.47675      0.91104      1.56571
     -4.43000      2.51902      0.91858      1.60045
     -4.42000      2.69019      0.97122      1.71897
     -4.41000      2.64085      0.95729      1.68356
     -4.40000      2.35309      0.86318      1.48991
     -4.39000      2.53897      0.93453      1.60443
     -4.38000      2.44772      0.88547      1.56225
     -4.37000      2.15002      0.76011      1.38991
     -4.36000      2.74461      0.97157      1.77304
     -4.35000      2.98699      1.06831      1.91868
     -4.34000      2.63635      0.96043      1.67592
     -4.33000      2.55920      0.95013      1.60907
     -4.32000      2.55751      0.94938      1.60813
     -4.31000      2.99708      1.11044      1.88664
     -4.30000      3.53917      1.30267      2.23650
     -4.29000      3.24687      1.18390      2.06297
     -4.28000      2.65775      0.98168      1.67607
     -4.27000      2.76490      1.03513      1.72977
     -4.26000      3.08434      1.14187      1.94248
     -4.25000      2.95213      1.07599      1.87614
     -4.24000      3.04232      1.09610      1.94622
     -4.23000      3.50841      1.26269      2.24572
     -4.22000      3.97107      1.47271      2.49836
     -4.21000      5.58311      2.12897      3.45414
     -4.20000      6.80548      2.63763      4.16785
     -4.19000      5.89004      2.34084      3.54920
     -4.18000      5.12763      2.06279      3.06483
     -4.17000      5.19153      2.05837      3.13315
     -4.16000      5.14609      1.99034      3.15575
     -4.15000      4.58842      1.75811      2.83031
     -4.14000      3.92162      1.52956      2.39207
     -4.13000      3.82335      1.52125      2.30210
     -4.12000      4.18713      1.64905      2.53808
     -4.11000      4.65945      1.77789      2.88156
     -4.10000      4.66665      1.75028      2.91636
     -4.09000      4.58154      1.75213      2.82941
     -4.08000      4.52504      1.79535      2.72969
     -4.07000      4.47384      1.80704      2.66680
     -4.06000      5.38169      2.17322      3.20847
     -4.05000      5.82512      2.33701      3.48811
     -4.04000      4.73872      1.84430      2.89443
     -4.03000      3.71099      1.36905      2.34194
     -4.02000      2.62542      0.94388      1.68154
     -4.01000      1.30872      0.46995      0.83877
     -4.00000      0.45382      0.16948      0.28434
     -3.99000      0.36993      0.16663      0.20330
     -3.98000      0.89124      0.38919      0.50204
     -3.97000      1.41036      0.55272      0.85764
     -3.96000      1.41915      0.50181      0.91734
     -3.95000      0.96844      0.32651      0.64193
     -3.94000      0.47625      0.16767      0.30858
     -3.93000      0.56596      0.24017      0.32579
     -3.92000      0.94346      0.42597      0.51749
     -3.91000      0.90953      0.39940      0.51013
     -3.90000      0.97413      0.38427      0.58986
     -3.89000      1.06036      0.41355      0.64681
     -3.88000      0.76026      0.30228      0.45798
     -3.87000      0.48980      0.21622      0.27358
     -3.86000      0.34415      0.16935      0.17480
     -3.85000      0.22176      0.09863      0.12312
     -3.84000      0.51601      0.18519      0.33083
     -3.83000      1.22708      0.44909      0.77799
     -3.82000      1.52498      0.57730      0.94768
     -3.81000      1.16631      0.45707      0.70924
     -3.80000      0.72551      0.31922      0.40628
     -3.79000      0.60308      0.29695      0.30613
     -3.78000      0.83465      0.37958      0.45507
     -3.77000      1.33192      0.54071      0.79121
     -3.76000      1.80822      0.69294      1.11529
     -3.75000      1.89097      0.69519      1.19578
     -3.74000      1.39043      0.50590      0.88453
     -3.73000      1.05694      0.40963      0.64731
     -3.72000      0.93850      0.36352      0.57498
     -3.71000      0.63358      0.22880      0.40477
     -3.70000      0.77151      0.26060      0.51091
     -3.69000      1.29193      0.43603      0.85590
     -3.68000      1.85111      0.64353      1.20758
     -3.67000      2.26680      0.82569      1.44111
     -3.66000      1.89352      0.72322      1.17030
     -3.65000      1.09989      0.43771      0.66218
     -3.64000      0.73443      0.29001      0.44442
     -3.63000      0.74324      0.27347      0.46977
     -3.62000      0.59068      0.20879      0.38189
     -3.61000      0.58132      0.22054      0.36078
     -3.60000      0.80714      0.32591      0.48122
     -3.59000      0.91293      0.34543      0.56750
     -3.58000      0.81137      0.28472      0.52665
     -3.57000      1.10978      0.41568      0.69410
     -3.56000      1.79349      0.69482      1.09866
     -3.55000      1.77169      0.68808      1.08362
     -3.54000      1.14401      0.43411      0.70990
     -3.53000      0.70139      0.27502      0.42637
     -3.52000      0.73699      0.32249      0.41450
     -3.51000      0.74400      0.34566      0.39834
     -3.50000      0.74998      0.33697      0.41301
     -3.49000      0.95453      0.36861      0.58592
     -3.48000      1.16364      0.41671      0.74692
     -3.47000      1.21650      0.41089      0.80561
     -3.46000      1.33170      0.42340      0.90831
     -3.45000      1.79054      0.59600      1.19453
     -3.44000      2.63145      0.91348      1.71797
     -3.43000      3.73996      1.26376      2.47621
     -3.42000      4.21864      1.38919      2.82946
     -3.41000      3.61437      1.20238      2.41199
     -3.40000      3.35066      1.12764      2.22302
     -3.39000      3.13382      1.01505      2.11877
     -3.38000      2.99593      0.96893      2.02700
     -3.37000      3.82802      1.27772      2.55030
     -3.36000      4.87924      1.56815      3.31109
     -3.35000      4.82608      1.48170      3.34438
     -3.34000      4.58083      1.36979      3.21104
     -3.33000      5.29258      1.48448      3.80809
     -3.32000      6.30786      1.70735      4.60050
     -3.31000      6.36062      1.77468      4.58594
     -3.30000      5.28651      1.59083      3.69568
     -3.29000      3.75305      1.26550      2.48755
     -3.28000      3.03142      1.10322      1.92820
     -3.27000      3.26114      1.19508      2.06606
     -3.26000      3.60376      1.38425      2.21951
     -3.25000      3.64719      1.49873      2.14846
     -3.24000      3.31343      1.40611      1.90732
     -3.23000      2.80954      1.17468      1.63486
     -3.22000      2.23264      0.90141      1.33123
     -3.21000      1.92699      0.75799      1.16900
     -3.20000      2.07812      0.81561      1.26251
     -3.19000      2.11682      0.81448      1.30234
     -3.18000      2.31131      0.84721      1.46411
     -3.17000      2.54538      0.94587      1.59952
     -3.16000      3.37237      1.33172      2.04064
     -3.15000      4.21478      1.69053      2.52425
     -3.14000      3.60988      1.46241      2.14747
     -3.13000      2.75651      1.11917      1.63734
     -3.12000      2.53343      1.00855      1.52488
     -3.11000      2.66124      1.07606      1.58518
     -3.10000      2.37695      1.01672      1.36024
     -3.09000      2.17190      0.98692      1.18498
     -3.08000      2.55940      1.13075      1.42865
     -3.07000      2.85717      1.17555      1.68162
     -3.06000      2.85828      1.14529      1.71299
     -3.05000      2.77881      1.17193      1.60688
     -3.04000      2.84750      1.27798      1.56952
     -3.03000      3.02412      1.36177      1.66235
     -3.02000      3.04635      1.34232      1.70403
     -3.01000      2.84671      1.26534      1.58137
     -3.00000      2.73614      1.28043      1.45570
     -2.99000      3.06342      1.45659      1.60682
     -2.98000      3.65468      1.67733      1.97735
     -2.97000      3.73380      1.65053      2.08328
     -2.96000      3.32018      1.42309      1.89709
     -2.95000      3.06963      1.30122      1.76841
     -2.94000      2.69985      1.16468      1.53517
     -2.93000      2.09574      0.91259      1.18315
     -2.92000      2.00629      0.90123      1.10506
     -2.91000      2.37817      1.10919      1.26898
     -2.90000      2.04471      0.93610      1.10861
     -2.89000      1.52639      0.62930      0.89709
     -2.88000      1.73548      0.72656      1.00892
     -2.87000      1.95353      0.91809      1.03544
     -2.86000      1.61573      0.76740      0.84834
     -2.85000      1.79647      0.78012      1.01636
     -2.84000      2.29916      0.98860      1.31056
     -2.83000      2.27167      0.97574      1.29593
     -2.82000      1.90084      0.81126      1.08958
     -2.81000      1.56464      0.64046      0.92419
     -2.80000      1.93972      0.70252      1.23720
     -2.79000      2.59871      0.94620      1.65251
     -2.78000      2.45221      0.96973      1.48249
     -2.77000      2.14841      0.92628      1.22213
     -2.76000      2.16871      0.97997      1.18875
     -2.75000      2.40731      1.08855      1.31876
     -2.74000      2.08239      0.91200      1.17039
     -2.73000      1.52159      0.59980      0.92178
     -2.72000      1.22227      0.42879      0.79348
     -2.71000      0.97837      0.37177      0.60660
     -2.70000      1.40363      0.62635      0.77729
     -2.69000      2.12219      0.95103      1.17116
     -2.68000      1.76821      0.76045      1.00776
     -2.67000      0.93726      0.38708      0.55018
     -2.66000      0.86917      0.35384      0.51532
     -2.65000      1.27461      0.53014      0.74447
     -2.64000      1.99269      0.84209      1.15060
     -2.63000      2.53620      1.08223      1.45397
     -2.62000      2.02386      0.85013      1.17373
     -2.61000      1.40011      0.53472      0.86540
     -2.60000      1.17767      0.43998      0.73769
     -2.59000      1.19160      0.49622      0.69538
     -2.58000      1.58673      0.65350      0.93324
     -2.57000      2.12186      0.88103      1.24083
     -2.56000      2.03608      0.89866      1.13742
     -2.55000      1.46935      0.64553      0.82383
     -2.54000      0.98645      0.38608      0.60037
     -2.53000      0.68693      0.24635      0.44058
     -2.52000      0.96669      0.38325      0.58343
     -2.51000      1.59157      0.65666      0.93491
     -2.50000      1.95925      0.83646      1.12279
     -2.49000      1.67721      0.71825      0.95896
     -2.48000      0.99715      0.42215      0.57501
     -2.47000      0.61029      0.25549      0.35480
     -2.46000      0.74269      0.29984      0.44285
     -2.45000      0.81509      0.33135      0.48374
     -2.44000      0.93698      0.40681      0.53017
     -2.43000      2.34831      0.94368      1.40463
     -2.42000      3.77132      1.40998      2.36134
     -2.41000      2.85839      1.03409      1.82430
     -2.40000      1.48765      0.56044      0.92721
     -2.39000      1.19210      0.46841      0.72368
     -2.38000      1.55294      0.57329      0.97966
     -2.37000      2.18526      0.81808      1.36718
     -2.36000      2.64845      1.05186      1.59659
     -2.35000      2.60592      1.11244      1.49348
     -2.34000      2.26423      1.01712      1.24711
     -2.33000      1.94860      0.86403      1.08457
     -2.32000      2.27245      0.90384      1.36860
     -2.31000      2.37588      0.92600      1.44988
     -2.30000      1.98475      0.82384      1.16091
     -2.29000      2.10548      0.89022      1.21527
     -2.28000      2.48736      1.02230      1.46506
     -2.27000      2.56579      1.01041      1.55538
     -2.26000      2.54330      1.00834      1.53497
     -2.25000      2.97855      1.18691      1.79164
     -2.24000      3.61595      1.34300      2.27294
     -2.23000      3.70497      1.32931      2.37565
     -2.22000      3.14370      1.17708      1.96662
     -2.21000      2.63924      1.04237      1.59687
     -2.20000      2.66223      1.06599      1.59624
     -2.19000      3.01382      1.14229      1.87153
     -2.18000      3.46270      1.16717      2.29553
     -2.17000      5.07650      1.60525      3.47126
     -2.16000      7.47019      2.38963      5.08055
     -2.15000      8.45161      2.66219      5.78942
     -2.14000      7.63752      2.34756      5.28997
     -2.13000      5.56473      1.73767      3.82706
     -2.12000      3.89374      1.27399      2.61975
     -2.11000      4.00060      1.36906      2.63155
     -2.10000      4.80874      1.59959      3.20915
     -2.09000      4.58524      1.46000      3.12524
     -2.08000      4.34999      1.45537      2.89461
     -2.07000      4.89315      1.75015      3.14300
     -2.06000      5.20532      1.85923      3.34609
     -2.05000      5.18957      1.78294      3.40663
     -2.04000      4.97575      1.68216      3.29359
     -2.03000      4.98240      1.70422      3.27819
     -2.02000      4.89312      1.64024      3.25288
     -2.01000      3.70042      1.27065      2.42977
     -2.00000      2.80722      1.11259      1.69463
     -1.99000      2.89714      1.15100      1.74613
     -1.98000      3.18641      1.07384      2.11258
     -1.97000      3.37994      1.10889      2.27105
     -1.96000      3.39493      1.16826      2.22667
     -1.95000      3.15361      1.08875      2.06486
     -1.94000      3.51866      1.26261      2.25604
     -1.93000      4.29074      1.56139      2.72935
     -1.92000      4.23895      1.55139      2.68757
     -1.91000      4.20076      1.58208      2.61868
     -1.90000      4.73250      1.78106      2.95143
     -1.89000      4.84612      1.78292      3.06320
     -1.88000      4.59609      1.70905      2.88703
     -1.87000      4.56099      1.74332      2.81766
     -1.86000      3.88226      1.48144      2.40082
     -1.85000      3.18259      1.19624      1.98635
     -1.84000      2.91086      1.02729      1.88357
     -1.83000      2.78873      0.89060      1.89813
     -1.82000      2.71585      0.85628      1.85957
     -1.81000      2.70923      0.83885      1.87038
     -1.80000      2.52657      0.78052      1.74605
     -1.79000      2.70627      0.96079      1.74548
     -1.78000      3.81355      1.43958      2.37397
     -1.77000      4.71374      1.73449      2.97925
     -1.76000      4.74755      1.72519      3.02236
     -1.75000      3.64200      1.29555      2.34645
     -1.74000      2.34012      0.77664      1.56348
     -1.73000      1.79162      0.54057      1.25105
     -1.72000      2.02385      0.53549      1.48837
     -1.71000      2.37520      0.67597      1.69923
     -1.70000      2.72180      0.88316      1.83865
     -1.69000      3.28806      1.07072      2.21734
     -1.68000      3.55197      1.15736      2.39461
     -1.67000      3.51459      1.24091      2.27368
     -1.66000      3.26940      1.18771      2.08168
     -1.65000      2.54988      0.82364      1.72623
     -1.64000      1.75865      0.46551      1.29314
     -1.63000      1.64393      0.41365      1.23028
     -1.62000      1.78609      0.44252      1.34357
     -1.61000      1.68671      0.45022      1.23648
     -1.60000      2.08249      0.69188      1.39061
     -1.59000      2.59323      0.87265      1.72057
     -1.58000      1.93800      0.59302      1.34498
     -1.57000      1.46658      0.43396      1.03262
     -1.56000      2.32814      0.68879      1.63936
     -1.55000      3.45121      1.03099      2.42022
     -1.54000      3.63532      1.12655      2.50876
     -1.53000      3.03584      1.01202      2.02383
     -1.52000      2.52795      0.93066      1.59729
     -1.51000      2.18755      0.79760      1.38994
     -1.50000      1.82123      0.52547      1.29575
     -1.49000      1.78082      0.41992      1.36089
     -1.48000      1.71200      0.45717      1.25482
     -1.47000      1.89093      0.56538      1.32555
     -1.46000      2.07393      0.61191      1.46202
     -1.45000      1.84902      0.56655      1.28247
     -1.44000      1.96220      0.59038      1.37182
     -1.43000      2.38407      0.64676      1.73731
     -1.42000      2.58634      0.68956      1.89678
     -1.41000      2.46821      0.70334      1.76487
     -1.40000      2.36186      0.75443      1.60743
     -1.39000      2.56703      0.85325      1.71378
     -1.38000      2.52221      0.76946      1.75276
     -1.37000      2.10058      0.55481      1.54577
     -1.36000      1.70485      0.40909      1.29576
     -1.35000      2.00965      0.55544      1.45421
     -1.34000      1.94132      0.61282      1.32850
     -1.33000      1.55694      0.46657      1.09037
     -1.32000      1.94118      0.53623      1.40494
     -1.31000      2.55565      0.71911      1.83654
     -1.30000      2.75560      0.80340      1.95220
     -1.29000      2.34911      0.70215      1.64696
     -1.28000      2.01254      0.61564      1.39691
     -1.27000      1.97647      0.59264      1.38383
     -1.26000      2.15762      0.66322      1.49439
     -1.25000      2.74965      0.91590      1.83375
     -1.24000      3.57748      1.15642      2.42106
     -1.23000      4.24007      1.33211      2.90796
     -1.22000      4.00496      1.32017      2.68479
     -1.21000      3.29083      1.09332      2.19750
     -1.20000      3.18411      0.98849      2.19562
     -1.19000      3.07800      0.91825      2.15975
     -1.18000      2.43324      0.67836      1.75487
     -1.17000      1.52487      0.45063      1.07424
     -1.16000      1.11687      0.53437      0.58250
     -1.15000      1.10079      0.66064      0.44015
     -1.14000      1.12137      0.68827      0.43310
     -1.13000      1.38839      0.85097      0.53742
     -1.12000      1.34046      0.75365      0.58682
     -1.11000      1.19721      0.55907      0.63814
     -1.10000      1.03475      0.51167      0.52307
     -1.09000      0.89666      0.57176      0.32490
     -1.08000      0.82054      0.54667      0.27387
     -1.07000      0.79920      0.45566      0.34354
     -1.06000      0.72156      0.37448      0.34708
     -1.05000      0.64445      0.33587      0.30858
     -1.04000      1.00118      0.60738      0.39380
     -1.03000      1.58972      1.04863      0.54109
     -1.02000      1.72673      1.12469      0.60204
     -1.01000      1.82536      1.09044      0.73492
     -1.00000      1.65284      0.90906      0.74378
     -0.99000      1.21444      0.64649      0.56795
     -0.98000      1.25597      0.75194      0.50403
     -0.97000      1.43850      0.91271      0.52579
     -0.96000      1.39049      0.87667      0.51381
     -0.95000      1.24107      0.73056      0.51051
     -0.94000      1.46882      0.86566      0.60316
     -0.93000      2.18223      1.41342      0.76881
     -0.92000      2.66566      1.74901      0.91666
     -0.91000      2.39891      1.51430      0.88461
     -0.90000      2.07486      1.26490      0.80996
     -0.89000      2.26033      1.44250      0.81783
     -0.88000      2.25848      1.48569      0.77279
     -0.87000      1.93759      1.28143      0.65615
     -0.86000      2.05208      1.42007      0.63201
     -0.85000      2.85518      2.00456      0.85062
     -0.84000      3.28160      2.26213      1.01947
     -0.83000      3.29072      2.25558      1.03514
     -0.82000      3.64302      2.53598      1.10704
     -0.81000      4.33349      3.08879      1.24470
     -0.80000      4.33973      3.13842      1.20131
     -0.79000      3.89527      2.77735      1.11793
     -0.78000      3.61375      2.49094      1.12281
     -0.77000      3.45848      2.33972      1.11876
     -0.76000      3.19908      2.16661      1.03247
     -0.75000      3.45917      2.38897      1.07020
     -0.74000      3.70429      2.54916      1.15513
     -0.73000      3.09946      2.09393      1.00552
     -0.72000      2.60016      1.74916      0.85100
     -0.71000      3.03140      2.06487      0.96653
     -0.70000      3.01028      2.06808      0.94220
     -0.69000      2.34213      1.61080      0.73133
     -0.68000      2.52845      1.73604      0.79241
     -0.67000      3.06033      2.11952      0.94081
     -0.66000      2.85602      1.99362      0.86240
     -0.65000      2.79283      1.92132      0.87151
     -0.64000      2.89596      1.98305      0.91291
     -0.63000      2.51312      1.71324      0.79988
     -0.62000      2.31254      1.55822      0.75432
     -0.61000      2.39418      1.65666      0.73752
     -0.60000      2.29457      1.61780      0.67677
     -0.59000      2.21051      1.52854      0.68196
     -0.58000      2.46234      1.71196      0.75038
     -0.57000      2.92978      2.09635      0.83343
     -0.56000      2.88747      2.07940      0.80807
     -0.55000      2.18499      1.55197      0.63302
     -0.54000      1.89049      1.31115      0.57934
     -0.53000      2.16504      1.50131      0.66374
     -0.52000      2.23578      1.58882      0.64697
     -0.51000      1.89859      1.37247      0.52612
     -0.50000      1.92110      1.38562      0.53548
     -0.49000      2.36501      1.69924      0.66578
     -0.48000      2.32768      1.68388      0.64380
     -0.47000      2.34694      1.72663      0.62031
     -0.46000      2.57791      1.90082      0.67710
     -0.45000      2.24709      1.63817      0.60892
     -0.44000      1.77244      1.28487      0.48757
     -0.43000      1.71898      1.26091      0.45807
     -0.42000      1.93861      1.43467      0.50394
     -0.41000      1.99409      1.47997      0.51412
     -0.40000      1.95788      1.45506      0.50282
     -0.39000      2.07638      1.53503      0.54135
     -0.38000      2.18289      1.61159      0.57130
     -0.37000      2.09348      1.55546      0.53802
     -0.36000      2.19464      1.64861      0.54604
     -0.35000      2.66263      2.01075      0.65187
     -0.34000      2.65291      1.99998      0.65293
     -0.33000      1.56594      1.17569      0.39025
     -0.32000      0.65085      0.48805      0.16281
     -0.31000      0.65370      0.49447      0.15923
     -0.30000      0.87580      0.66631      0.20949
     -0.29000      0.91982      0.70450      0.21532
     -0.28000      0.80314      0.62056      0.18258
     -0.27000      0.51775      0.40166      0.11608
     -0.26000      0.47188      0.36549      0.10639
     -0.25000      0.56391      0.43713      0.12678
     -0.24000      0.65594      0.51245      0.14349
     -0.23000      0.91621      0.72016      0.19605
     -0.22000      1.07820      0.84901      0.22920
     -0.21000      0.82119      0.64532      0.17587
     -0.20000      0.39824      0.31142      0.08682
     -0.19000      0.20321      0.15970      0.04351
     -0.18000      0.41993      0.33244      0.08749
     -0.17000      0.65140      0.51566      0.13575
     -0.16000      0.50883      0.40360      0.10523
     -0.15000      0.34735      0.27664      0.07070
     -0.14000      0.38406      0.30580      0.07826
     -0.13000      0.47997      0.38232      0.09765
     -0.12000      0.69437      0.55432      0.14005
     -0.11000      0.77158      0.61744      0.15415
     -0.10000      0.50705      0.40682      0.10023
     -0.09000      0.22514      0.18089      0.04425
     -0.08000      0.22009      0.17679      0.04330
     -0.07000      0.38880      0.31266      0.07614
     -0.06000      0.42127      0.33917      0.08210
     -0.05000      0.37665      0.30353      0.07312
     -0.04000      0.42379      0.34179      0.08200
     -0.03000      0.43529      0.35146      0.08382
     -0.02000      0.35956      0.29060      0.06896
     -0.01000      0.24380      0.19720      0.04660
      0.00000      0.16361      0.13242      0.03119
      0.01000      0.06348      0.05138      0.01210
      0.02000      0.00984      0.00797      0.00188
      0.03000      0.00057      0.00046      0.00011
      0.04000      0.00001      0.00001      0.00000
      0.05000      0.00000      0.00000      0.00000
      0.06000      0.00000      0.00000      0.00000
      0.07000      0.00000      0.00000      0.00000
      0.08000      0.00000      0.00000      0.00000
      0.09000      0.00000      0.00000      0.00000
      0.10000      0.00000      0.00000      0.00000
      0.11000      0.00000      0.00000      0.00000
      0.12000      0.00000      0.00000      0.00000
      0.13000      0.00000      0.00000      0.00000
      0.14000      0.00000      0.00000      0.00000
      0.15000      0.00000      0.00000      0.00000
      0.16000      0.00000      0.00000      0.00000
      0.17000      0.00000      0.00000      0.00000
      0.18000      0.00000      0.00000      0.00000
      0.19000      0.00000      0.00000      0.00000
      0.20000      0.00000      0.00000      0.00000
      0.21000      0.00000      0.00000      0.00000
      0.22000      0.00000      0.00000      0.00000
      0.23000      0.00000      0.00000      0.00000
      0.24000      0.00000      0.00000      0.00000
      0.25000      0.00000      0.00000      0.00000
      0.26000      0.00000      0.00000      0.00000
      0.27000      0.00000      0.00000      0.00000
      0.28000      0.00000      0.00000      0.00000
      0.29000      0.00000      0.00000      0.00000
      0.30000      0.00000      0.00000      0.00000
      0.31000      0.00000      0.00000      0.00000
      0.32000      0.00000      0.00000      0.00000
      0.33000      0.00000      0.00000      0.00000
      0.34000      0.00000      0.00000      0.00000
      0.35000      0.00000      0.00000      0.00000
      0.36000      0.00000      0.00000      0.00000
      0.37000      0.00000      0.00000      0.00000
      0.38000      0.00000      0.00000      0.00000
      0.39000      0.00000      0.00000      0.00000
      0.40000      0.00000      0.00000      0.00000
      0.41000      0.00000      0.00000      0.00000
      0.42000      0.00000      0.00000      0.00000
      0.43000      0.00000      0.00000      0.00000
      0.44000      0.00000      0.00000      0.00000
      0.45000      0.00000      0.00000      0.00000
      0.46000      0.00000      0.00000      0.00000
      0.47000      0.00000      0.00000      0.00000
      0.48000      0.00000      0.00000      0.00000
      0.49000      0.00000      0.00000      0.00000
      0.50000      0.00000      0.00000      0.00000
      0.51000      0.00000      0.00000      0.00000
      0.52000      0.00000      0.00000      0.00000
      0.53000      0.00000      0.00000      0.00000
      0.54000      0.00000      0.00000      0.00000
      0.55000      0.00000      0.00000      0.00000
      0.56000      0.00000      0.00000      0.00000
      0.57000      0.00000      0.00000      0.00000
      0.58000      0.00000      0.00000      0.00000
      0.59000      0.00000      0.00000      0.00000
      0.60000      0.00000      0.00000      0.00000
      0.61000      0.00000      0.00000      0.00000
      0.62000      0.00000      0.00000      0.00000
      0.63000      0.00000      0.00000      0.00000
      0.64000      0.00000      0.00000      0.00000
      0.65000      0.00000      0.00000      0.00000
      0.66000      0.00000      0.00000      0.00000
      0.67000      0.00000      0.00000      0.00000
      0.68000      0.00000      0.00000      0.00000
      0.69000      0.00000      0.00000      0.00000
      0.70000      0.00000      0.00000      0.00000
      0.71000      0.00000      0.00000      0.00000
      0.72000      0.00000      0.00000      0.00000
      0.73000      0.00000      0.00000      0.00000
      0.74000      0.00000      0.00000      0.00000
      0.75000      0.00000      0.00000      0.00000
      0.76000      0.00000      0.00000      0.00000
      0.77000      0.00000      0.00000      0.00000
      0.78000      0.00000      0.00000      0.00000
      0.79000      0.00000      0.00000      0.00000
      0.80000      0.00000      0.00000      0.00000
      0.81000      0.00000      0.00000      0.00000
      0.82000      0.00000      0.00000      0.00000
      0.83000      0.00000      0.00000      0.00000
      0.84000      0.00000      0.00000      0.00000
      0.85000      0.00000      0.00000      0.00000
      0.86000      0.00000      0.00000      0.00000
      0.87000      0.00000      0.00000      0.00000
      0.88000      0.00000      0.00000      0.00000
      0.89000      0.00000      0.00000      0.00000
      0.90000      0.00000      0.00000      0.00000
      0.91000      0.00000      0.00000      0.00000
      0.92000      0.00000      0.00000      0.00000
      0.93000      0.00000      0.00000      0.00000
      0.94000      0.00000      0.00000      0.00000
      0.95000      0.00000      0.00000      0.00000
      0.96000      0.00000      0.00000      0.00000
      0.97000      0.00000      0.00000      0.00000
      0.98000      0.00000      0.00000      0.00000
      0.99000      0.00000      0.00000      0.00000
      1.00000      0.00000      0.00000      0.00000
      1.01000      0.00000      0.00000      0.00000
      1.02000      0.00000      0.00000      0.00000
      1.03000      0.00000      0.00000      0.00000
      1.04000      0.00000      0.00000      0.00000
      1.05000      0.00000      0.00000      0.00000
      1.06000      0.00000      0.00000      0.00000
      1.07000      0.00000      0.00000      0.00000
      1.08000      0.00000      0.00000      0.00000
      1.09000      0.00000      0.00000      0.00000
      1.10000      0.00000      0.00000      0.00000
      1.11000      0.00000      0.00000      0.00000
      1.12000      0.00000      0.00000      0.00000
      1.13000      0.00000      0.00000      0.00000
      1.14000      0.00000      0.00000      0.00000
      1.15000      0.00000      0.00000      0.00000
      1.16000      0.00000      0.00000      0.00000
      1.17000      0.00000      0.00000      0.00000
      1.18000      0.00000      0.00000      0.00000
      1.19000      0.00000      0.00000      0.00000
      1.20000      0.00000      0.00000      0.00000
      1.21000      0.00000      0.00000      0.00000
      1.22000      0.00000      0.00000      0.00000
      1.23000      0.00000      0.00000      0.00000
      1.24000      0.00000      0.00000      0.00000
      1.25000      0.00000      0.00000      0.00000
      1.26000      0.00000      0.00000      0.00000
      1.27000      0.00000      0.00000      0.00000
      1.28000      0.00000      0.00000      0.00000
      1.29000      0.00000      0.00000      0.00000
      1.30000      0.00000      0.00000      0.00000
      1.31000      0.00000      0.00000      0.00000
      1.32000      0.00000      0.00000      0.00000
      1.33000      0.00000      0.00000      0.00000
      1.34000      0.00000      0.00000      0.00000
      1.35000      0.00000      0.00000      0.00000
      1.36000      0.00000      0.00000      0.00000
      1.37000      0.00000      0.00000      0.00000
      1.38000      0.00000      0.00000      0.00000
      1.39000      0.00000      0.00000      0.00000
      1.40000      0.00000      0.00000      0.00000
      1.41000      0.00000      0.00000      0.00000
      1.42000      0.00000      0.00000      0.00000
      1.43000      0.00000      0.00000      0.00000
      1.44000      0.00000      0.00000      0.00000
      1.45000      0.00000      0.00000      0.00000
      1.46000      0.00000      0.00000      0.00000
      1.47000      0.00000      0.00000      0.00000
      1.48000      0.00000      0.00000      0.00000
      1.49000      0.00000      0.00000      0.00000
      1.50000      0.00000      0.00000      0.00000
      1.51000      0.00000      0.00000      0.00000
      1.52000      0.00001      0.00001      0.00000
      1.53000      0.00042      0.00038      0.00004
      1.54000      0.00795      0.00728      0.00067
      1.55000      0.05538      0.05070      0.00468
      1.56000      0.14433      0.13214      0.01220
      1.57000      0.17019      0.15572      0.01447
      1.58000      0.22386      0.20449      0.01937
      1.59000      0.33385      0.30478      0.02907
      1.60000      0.31649      0.28882      0.02767
      1.61000      0.33786      0.30814      0.02972
      1.62000      0.31121      0.28362      0.02759
      1.63000      0.28555      0.25958      0.02596
      1.64000      0.35058      0.31834      0.03224
      1.65000      0.29380      0.26667      0.02713
      1.66000      0.21884      0.19353      0.02532
      1.67000      0.30130      0.22727      0.07403
      1.68000      0.82109      0.57002      0.25107
      1.69000      1.54373      1.03869      0.50504
      1.70000      2.05349      1.35953      0.69396
      1.71000      2.13339      1.42770      0.70569
      1.72000      1.94616      1.30140      0.64476
      1.73000      1.77269      1.17714      0.59555
      1.74000      1.92857      1.29103      0.63753
      1.75000      2.41801      1.56093      0.85708
      1.76000      2.44990      1.51965      0.93026
      1.77000      1.99217      1.25180      0.74037
      1.78000      1.92084      1.29134      0.62949
      1.79000      2.33286      1.57249      0.76037
      1.80000      2.06449      1.33502      0.72948
      1.81000      1.34166      0.86584      0.47582
      1.82000      1.92656      1.27546      0.65110
      1.83000      3.40336      2.20782      1.19554
      1.84000      3.83022      2.47889      1.35133
      1.85000      3.10160      2.07018      1.03141
      1.86000      2.49470      1.73553      0.75917
      1.87000      2.66259      1.81194      0.85066
      1.88000      2.70744      1.76498      0.94246
      1.89000      2.64439      1.74609      0.89830
      1.90000      2.98527      2.01881      0.96646
      1.91000      3.03611      2.01715      1.01896
      1.92000      3.59732      2.30031      1.29701
      1.93000      4.95851      3.15237      1.80615
      1.94000      5.05006      3.33845      1.71161
      1.95000      4.31966      2.96861      1.35104
      1.96000      3.57347      2.45271      1.12076
      1.97000      2.81696      1.90294      0.91403
      1.98000      3.03485      2.06174      0.97311
      1.99000      3.51158      2.44123      1.07034
      2.00000      3.28961      2.33072      0.95889
      2.01000      3.07638      2.19380      0.88258
      2.02000      3.27373      2.30469      0.96905
      2.03000      3.66786      2.51165      1.15621
      2.04000      4.17952      2.85784      1.32168
      2.05000      4.27096      3.00414      1.26682
      2.06000      3.61573      2.60862      1.00710
      2.07000      3.17570      2.28360      0.89211
      2.08000      2.78471      1.98751      0.79721
      2.09000      2.26129      1.60933      0.65196
      2.10000      2.31151      1.63164      0.67986
      2.11000      2.87227      2.07608      0.79619
      2.12000      3.22608      2.39405      0.83204
      2.13000      2.99945      2.24334      0.75611
      2.14000      2.01753      1.51764      0.49988
      2.15000      1.25479      0.92155      0.33324
      2.16000      1.78165      1.29348      0.48818
      2.17000      2.93708      2.16149      0.77559
      2.18000      3.19765      2.31331      0.88434
      2.19000      2.51913      1.80371      0.71543
      2.20000      1.81251      1.35532      0.45719
      2.21000      1.89026      1.51439      0.37586
      2.22000      2.39880      1.94039      0.45841
      2.23000      2.02805      1.58569      0.44236
      2.24000      1.72207      1.28806      0.43402
      2.25000      2.34054      1.78227      0.55827
      2.26000      3.66259      2.83200      0.83059
      2.27000      4.43526      3.38657      1.04869
      2.28000      3.73609      2.84632      0.88977
      2.29000      3.15477      2.46809      0.68668
      2.30000      3.49768      2.72312      0.77456
      2.31000      4.24127      3.24339      0.99788
      2.32000      4.74432      3.67964      1.06468
      2.33000      4.73083      3.68062      1.05021
      2.34000      5.19629      3.98735      1.20893
      2.35000      6.38921      4.89083      1.49838
      2.36000      8.06974      6.08821      1.98154
      2.37000      8.72747      6.37667      2.35080
      2.38000      7.31860      5.17280      2.14580
      2.39000      6.05842      4.25833      1.80009
      2.40000      5.64430      3.99230      1.65200
      2.41000      5.10859      3.64985      1.45874
      2.42000      5.01475      3.57538      1.43937
      2.43000      5.34232      3.66089      1.68143
      2.44000      5.58540      3.78287      1.80253
      2.45000      5.50832      3.87794      1.63039
      2.46000      5.59235      4.07058      1.52177
      2.47000      5.83825      4.25889      1.57936
      2.48000      5.86570      4.16708      1.69863
      2.49000      5.64657      3.99097      1.65560
      2.50000      5.55421      4.00173      1.55248
      2.51000      5.38349      3.90896      1.47453
      2.52000      5.28748      3.73721      1.55027
      2.53000      5.16555      3.53189      1.63366
      2.54000      4.48923      3.15821      1.33102
      2.55000      4.14274      3.09377      1.04897
      2.56000      4.99181      3.86492      1.12689
      2.57000      5.94897      4.57985      1.36912
      2.58000      5.49272      4.10311      1.38961
      2.59000      4.65126      3.38720      1.26406
      2.60000      4.46796      3.31224      1.15572
      2.61000      4.48859      3.47157      1.01703
      2.62000      3.87874      2.99681      0.88193
      2.63000      3.59153      2.55633      1.03519
      2.64000      4.26416      2.86445      1.39971
      2.65000      4.55346      3.24461      1.30885
      2.66000      4.45737      3.45939      0.99798
      2.67000      4.34336      3.43499      0.90837
      2.68000      3.80504      2.96965      0.83539
      2.69000      3.06794      2.26698      0.80096
      2.70000      3.67881      2.53955      1.13926
      2.71000      4.89612      3.38841      1.50771
      2.72000      5.01430      3.56468      1.44963
      2.73000      4.34542      3.15169      1.19373
      2.74000      3.75414      2.62964      1.12450
      2.75000      3.50117      2.30598      1.19519
      2.76000      3.36967      2.21944      1.15023
      2.77000      2.68524      1.90204      0.78320
      2.78000      2.52190      1.87603      0.64587
      2.79000      3.64209      2.65641      0.98567
      2.80000      4.18273      2.97748      1.20525
      2.81000      3.57704      2.36282      1.21422
      2.82000      2.89386      1.78549      1.10836
      2.83000      2.53497      1.55049      0.98448
      2.84000      2.83696      1.69354      1.14341
      2.85000      3.43020      1.99801      1.43219
      2.86000      3.59203      2.08025      1.51178
      2.87000      3.70663      2.25887      1.44776
      2.88000      4.24082      2.68185      1.55898
      2.89000      5.06057      3.13321      1.92736
      2.90000      5.24332      3.11435      2.12898
      2.91000      4.80653      2.76611      2.04042
      2.92000      4.65436      2.66099      1.99337
      2.93000      4.58481      2.58435      2.00045
      2.94000      3.75361      2.09365      1.65996
      2.95000      2.78608      1.64461      1.14147
      2.96000      3.19503      1.99920      1.19584
      2.97000      4.66917      2.87775      1.79142
      2.98000      4.99094      2.99593      1.99501
      2.99000      3.51412      2.02941      1.48471
      3.00000      2.29595      1.22721      1.06874
      3.01000      2.26229      1.17585      1.08644
      3.02000      2.45726      1.32890      1.12836
      3.03000      2.43809      1.38285      1.05524
      3.04000      2.61350      1.54368      1.06982
      3.05000      2.85528      1.73806      1.11722
      3.06000      3.38312      2.10797      1.27515
      3.07000      3.27771      2.05688      1.22083
      3.08000      2.10295      1.29120      0.81175
      3.09000      1.58121      0.96061      0.62060
      3.10000      2.09886      1.30181      0.79705
      3.11000      2.25227      1.33347      0.91880
      3.12000      1.93496      1.06848      0.86647
      3.13000      1.74308      0.98382      0.75925
      3.14000      2.02467      1.20747      0.81720
      3.15000      2.44102      1.51580      0.92522
      3.16000      2.30499      1.47360      0.83139
      3.17000      1.77854      1.11044      0.66810
      3.18000      1.71967      1.01346      0.70621
      3.19000      1.81522      1.03977      0.77545
      3.20000      1.51326      0.87103      0.64223
      3.21000      1.53669      0.91239      0.62430
      3.22000      1.76474      1.05049      0.71425
      3.23000      2.05325      1.24675      0.80650
      3.24000      2.30446      1.41800      0.88646
      3.25000      2.34886      1.40414      0.94473
      3.26000      2.12526      1.18790      0.93735
      3.27000      1.86651      1.00444      0.86207
      3.28000      1.90481      1.05209      0.85272
      3.29000      1.83038      1.02896      0.80142
      3.30000      1.48410      0.86084      0.62326
      3.31000      1.54457      0.97306      0.57151
      3.32000      1.73933      1.09065      0.64868
      3.33000      1.71180      0.98762      0.72418
      3.34000      1.58875      0.86674      0.72202
      3.35000      1.21951      0.67921      0.54030
      3.36000      1.12266      0.66106      0.46160
      3.37000      1.44605      0.85058      0.59547
      3.38000      1.52249      0.87692      0.64556
      3.39000      1.57611      0.92261      0.65350
      3.40000      1.94146      1.14023      0.80123
      3.41000      2.59572      1.47161      1.12411
      3.42000      2.64136      1.45424      1.18712
      3.43000      1.71607      0.92323      0.79283
      3.44000      1.08650      0.57945      0.50705
      3.45000      0.89982      0.47853      0.42130
      3.46000      0.90109      0.48139      0.41970
      3.47000      1.00201      0.55629      0.44571
      3.48000      1.32361      0.73897      0.58464
      3.49000      1.76116      0.95171      0.80945
      3.50000      1.83874      0.97357      0.86517
      3.51000      1.39393      0.74952      0.64441
      3.52000      0.79751      0.44098      0.35653
      3.53000      0.77373      0.42665      0.34708
      3.54000      1.01825      0.55719      0.46106
      3.55000      0.97359      0.54610      0.42749
      3.56000      1.12458      0.63758      0.48701
      3.57000      1.66998      0.89358      0.77640
      3.58000      2.40494      1.24237      1.16257
      3.59000      2.30895      1.20195      1.10700
      3.60000      1.50014      0.79312      0.70702
      3.61000      1.07451      0.57678      0.49773
      3.62000      1.21671      0.66656      0.55015
      3.63000      1.12084      0.62968      0.49116
      3.64000      1.12430      0.63854      0.48577
      3.65000      1.49351      0.81585      0.67766
      3.66000      1.72388      0.90192      0.82196
      3.67000      1.95279      1.05767      0.89513
      3.68000      2.16096      1.22969      0.93127
      3.69000      1.76615      1.00229      0.76386
      3.70000      1.36681      0.76996      0.59685
      3.71000      1.41945      0.82719      0.59227
      3.72000      1.36632      0.79187      0.57446
      3.73000      1.53360      0.80195      0.73166
      3.74000      2.02942      0.98094      1.04847
      3.75000      1.80391      0.88418      0.91973
      3.76000      1.28321      0.68056      0.60265
      3.77000      0.86615      0.47321      0.39295
      3.78000      0.47029      0.25931      0.21097
      3.79000      0.53592      0.31109      0.22483
      3.80000      0.82888      0.46199      0.36689
      3.81000      1.01119      0.50888      0.50231
      3.82000      0.97183      0.45939      0.51244
      3.83000      0.64414      0.30089      0.34325
      3.84000      0.39884      0.18719      0.21165
      3.85000      0.18079      0.08509      0.09569
      3.86000      0.10393      0.04898      0.05495
      3.87000      0.48337      0.22778      0.25560
      3.88000      1.41421      0.66586      0.74835
      3.89000      1.98473      0.93341      1.05131
      3.90000      1.51314      0.71136      0.80178
      3.91000      0.66746      0.31436      0.35310
      3.92000      0.26079      0.12360      0.13719
      3.93000      0.30878      0.14696      0.16182
      3.94000      0.56840      0.27043      0.29797
      3.95000      0.87528      0.41596      0.45932
      3.96000      1.05704      0.50101      0.55603
      3.97000      0.88388      0.41703      0.46685
      3.98000      0.45371      0.21364      0.24007
      3.99000      0.55696      0.26704      0.28992
      4.00000      1.43046      0.68986      0.74060
      4.01000      2.22357      1.07200      1.15158
      4.02000      2.40944      1.16064      1.24881
      4.03000      2.32638      1.12547      1.20091
      4.04000      1.84898      0.89568      0.95330
      4.05000      1.24866      0.60457      0.64409
      4.06000      1.23248      0.60379      0.62870
      4.07000      1.48824      0.73867      0.74957
      4.08000      1.60709      0.80125      0.80584
      4.09000      1.89820      0.93711      0.96109
      4.10000      2.53612      1.24523      1.29090
      4.11000      2.74694      1.35396      1.39297
      4.12000      2.30078      1.14070      1.16008
      4.13000      2.34525      1.16836      1.17688
      4.14000      3.02172      1.50856      1.51316
      4.15000      3.16927      1.59363      1.57564
      4.16000      2.98309      1.50945      1.47365
      4.17000      3.46494      1.74924      1.71570
      4.18000      4.31763      2.17348      2.14415
      4.19000      5.28241      2.64933      2.63308
      4.20000      5.99056      2.99973      2.99083
      4.21000      6.07230      3.03905      3.03325
      4.22000      5.38320      2.70635      2.67685
      4.23000      4.51504      2.29480      2.22024
      4.24000      4.18816      2.14509      2.04307
      4.25000      3.81792      1.94921      1.86871
      4.26000      3.44006      1.75183      1.68822
      4.27000      3.12727      1.60343      1.52384
      4.28000      3.08692      1.58417      1.50275
      4.29000      3.26710      1.67125      1.59585
      4.30000      3.26231      1.67165      1.59065
      4.31000      3.14400      1.64116      1.50284
      4.32000      2.91523      1.56398      1.35126
      4.33000      2.46628      1.34190      1.12438
      4.34000      2.41347      1.31241      1.10106
      4.35000      2.42152      1.31006      1.11146
      4.36000      1.62629      0.87546      0.75083
      4.37000      0.87774      0.47199      0.40575
      4.38000      0.98479      0.53679      0.44800
      4.39000      1.53234      0.85105      0.68129
      4.40000      1.89745      1.06187      0.83558
      4.41000      1.48223      0.82661      0.65562
      4.42000      1.01359      0.56903      0.44456
      4.43000      1.11869      0.64637      0.47232
      4.44000      1.46596      0.85590      0.61005
      4.45000      1.70276      0.98969      0.71307
      4.46000      1.83139      1.05634      0.77506
      4.47000      1.88294      1.08991      0.79303
      4.48000      1.77257      1.04245      0.73012
      4.49000      1.58436      0.94274      0.64162
      4.50000      1.03475      0.61444      0.42031
      4.51000      0.55884      0.32682      0.23202
      4.52000      0.72810      0.42126      0.30684
      4.53000      1.01761      0.59312      0.42450
      4.54000      1.39616      0.82855      0.56762
      4.55000      1.63662      0.98629      0.65033
      4.56000      1.33769      0.81193      0.52577
      4.57000      0.97367      0.58629      0.38738
      4.58000      0.93066      0.55943      0.37123
      4.59000      1.20470      0.72723      0.47747
      4.60000      1.44541      0.86748      0.57792
      4.61000      1.43482      0.85411      0.58071
      4.62000      1.11803      0.66305      0.45498
      4.63000      0.67874      0.40748      0.27150
      4.64000      0.93123      0.57761      0.35863
      4.65000      1.49139      0.96914      0.56171
      4.66000      1.24558      0.92489      0.43489
      4.67000      0.81387      0.66902      0.26647
      4.68000      0.76305      0.52809      0.28394
      4.69000      0.71510      0.46181      0.27695
      4.70000      0.77407      0.57725      0.27406
      4.71000      0.85329      0.70478      0.27793
      4.72000      0.98978      0.72061      0.34932
      4.73000      1.23018      0.77925      0.46919
      4.74000      1.24197      0.76320      0.48030
      4.75000      1.31446      0.80861      0.50590
      4.76000      1.42584      0.87890      0.54751
      4.77000      1.21817      0.76482      0.46467
      4.78000      1.15175      0.82996      0.40392
      4.79000      1.40359      1.18991      0.43305
      4.80000      1.21955      1.06849      0.36686
      4.81000      0.77740      0.59826      0.26235
      4.82000      0.76408      0.54277      0.27092
      4.83000      1.01701      0.78891      0.33535
      4.84000      0.83999      0.68017      0.26662
      4.85000      0.30712      0.24915      0.09727
      4.86000      0.05030      0.03915      0.01647
      4.87000      0.07857      0.04941      0.02946
      4.88000      0.43408      0.27285      0.16265
      4.89000      1.05005      0.68680      0.38423
      4.90000      1.19356      0.91718      0.39113
      4.91000      0.76325      0.82226      0.17178
      4.92000      0.31356      0.45149      0.03283
      4.93000      0.11683      0.14253      0.02078
      4.94000      0.26100      0.16992      0.09574
      4.95000      0.54639      0.34153      0.20503
      4.96000      0.52856      0.33034      0.19822
      4.97000      0.35401      0.22148      0.13254
      4.98000      0.32630      0.20441      0.12197
      4.99000      0.21780      0.14023      0.08012
      5.00000      0.11384      0.11819      0.02678
      5.01000      0.31585      0.40766      0.04759
      5.02000      0.81378      0.85589      0.18834
      5.03000      1.13523      0.94118      0.34809
      5.04000      1.10187      0.87640      0.35011
      5.05000      0.97958      0.94236      0.25569
      5.06000      0.96632      0.88168      0.26790
      5.07000      0.98010      0.70102      0.33625
      5.08000      0.77248      0.49423      0.28489
      5.09000      0.64296      0.40499      0.24039
      5.10000      0.62059      0.41993      0.22237
      5.11000      0.59299      0.49435      0.17979
      5.12000      0.51658      0.49472      0.13409
      5.13000      0.27728      0.27444      0.06902
      5.14000      0.27472      0.26917      0.07014
      5.15000      0.47999      0.46762      0.12364
      5.16000      0.48942      0.43220      0.14039
      5.17000      0.59356      0.40904      0.20758
      5.18000      0.68724      0.43962      0.25183
      5.19000      0.61958      0.42708      0.21763
      5.20000      0.81227      0.69660      0.23936
      5.21000      0.99062      0.96107      0.25435
      5.22000      0.68048      0.65288      0.17790
      5.23000      0.28643      0.23555      0.08785
      5.24000      0.32503      0.21128      0.11709
      5.25000      0.51903      0.32769      0.19146
      5.26000      0.44850      0.28069      0.16786
      5.27000      0.22982      0.14601      0.08541
      5.28000      0.30752      0.22849      0.10166
      5.29000      0.70961      0.62452      0.20262
      5.30000      0.82416      0.86378      0.18985
      5.31000      0.55025      0.66223      0.09768
      5.32000      0.73752      0.79373      0.16058
      5.33000      1.30244      1.15769      0.36525
      5.34000      1.33157      0.99090      0.43894
      5.35000      1.07038      0.70621      0.38555
      5.36000      1.03162      0.72089      0.36025
      5.37000      1.02192      0.89965      0.29266
      5.38000      0.89880      0.89752      0.22132
      5.39000      0.70960      0.60122      0.21294
      5.40000      0.54434      0.36932      0.19330
      5.41000      0.60280      0.38580      0.21819
      5.42000      0.77345      0.49343      0.28090
      5.43000      0.62713      0.41674      0.22362
      5.44000      0.36084      0.35394      0.09064
      5.45000      0.55225      0.70497      0.08308
      5.46000      0.92879      1.04785      0.18671
      5.47000      0.89248      0.82415      0.24240
      5.48000      0.75501      0.53805      0.25722
      5.49000      0.70791      0.45538      0.25612
      5.50000      0.56444      0.35493      0.20964
      5.51000      0.77843      0.48547      0.29327
      5.52000      1.17396      0.74886      0.43222
      5.53000      1.15480      0.82279      0.39223
      5.54000      0.77460      0.77404      0.18797
      5.55000      0.41674      0.58620      0.04512
      5.56000      0.20625      0.26456      0.03207
      5.57000      0.29411      0.20255      0.10577
      5.58000      0.51378      0.33029      0.18969
      5.59000      0.70448      0.52296      0.23284
      5.60000      0.86759      0.82867      0.22596
      5.61000      1.04711      1.12082      0.23027
      5.62000      1.48469      1.42081      0.37757
      5.63000      1.73577      1.44261      0.51486
      5.64000      1.54881      1.14966      0.50855
      5.65000      1.31777      1.08153      0.39887
      5.66000      1.20305      1.11503      0.31921
      5.67000      0.94458      0.79708      0.27523
      5.68000      0.68367      0.47536      0.23618
      5.69000      0.85754      0.57977      0.30520
      5.70000      1.00638      0.82628      0.30656
      5.71000      0.98390      0.96928      0.24520
      5.72000      1.12694      0.94823      0.33350
      5.73000      1.35630      0.92933      0.46640
      5.74000      1.38174      0.92071      0.47985
      5.75000      1.23090      0.90422      0.39843
      5.76000      1.10202      0.92318      0.32046
      5.77000      1.25073      1.11504      0.34622
      5.78000      1.59994      1.51268      0.41937
      5.79000      1.57286      1.42568      0.43403
      5.80000      1.00294      0.78530      0.31828
      5.81000      0.70136      0.46237      0.25258
      5.82000      0.74612      0.47015      0.27667
      5.83000      0.53232      0.33596      0.19677
      5.84000      0.45555      0.30307      0.16096
      5.85000      0.74883      0.57725      0.23893
      5.86000      0.96294      0.90052      0.25930
      5.87000      0.92308      0.89493      0.23988
      5.88000      0.61676      0.51616      0.18522
      5.89000      0.39557      0.29441      0.12947
      5.90000      0.79058      0.67524      0.23280
      5.91000      1.56140      1.50064      0.40831
      5.92000      1.52988      1.66386      0.33752
      5.93000      0.90769      1.15693      0.14473
      5.94000      0.83833      0.96165      0.16995
      5.95000      1.10092      0.97570      0.31798
      5.96000      1.01412      0.96167      0.27060
      5.97000      0.57986      0.68863      0.10762
      5.98000      0.38860      0.38951      0.09492
      5.99000      0.68165      0.55347      0.20921
      6.00000      1.03569      0.95123      0.28058
      6.01000      0.94223      0.90982      0.23897
      6.02000      0.53739      0.46462      0.15317
      6.03000      0.42293      0.29278      0.14467
      6.04000      0.69254      0.49662      0.23553
      6.05000      1.02054      0.92663      0.28627
      6.06000      1.17394      1.31737      0.24410
      6.07000      1.05774      1.27202      0.18702
      6.08000      0.83961      0.98011      0.15117
      6.09000      0.53912      0.54413      0.12059
      6.10000      0.34290      0.26586      0.10607
      6.11000      0.51267      0.40447      0.16293
      6.12000      0.88696      0.81929      0.24093
      6.13000      1.03856      0.97211      0.27425
      6.14000      0.79990      0.65623      0.23538
      6.15000      0.62855      0.43619      0.20725
      6.16000      0.58063      0.37757      0.20416
      6.17000      0.65577      0.43286      0.23044
      6.18000      0.58304      0.52951      0.15618
      6.19000      0.84611      1.33249      0.04539
      6.20000      1.50383      2.55263      0.01969
      6.21000      1.54056      2.33587      0.09990
      6.22000      1.43313      1.61011      0.26089
      6.23000      1.16922      1.13900      0.26803
      6.24000      0.52881      0.51514      0.12322
      6.25000      0.40215      0.37973      0.10230
      6.26000      0.69606      0.58659      0.20616
      6.27000      0.75236      0.55093      0.25467
      6.28000      0.60660      0.42024      0.21230
      6.29000      0.69217      0.62830      0.18286
      6.30000      1.41825      1.47685      0.28398
      6.31000      2.21797      2.19969      0.43477
      6.32000      2.23165      2.15106      0.43147
      6.33000      1.41790      1.51465      0.22661
      6.34000      0.65099      0.81405      0.05645
      6.35000      0.39089      0.53827      0.00912
      6.36000      0.63300      0.91517      0.00699
      6.37000      1.09743      1.45924      0.05277
      6.38000      1.47075      1.66328      0.18176
      6.39000      1.53320      1.63983      0.24025
      6.40000      1.48684      1.74209      0.15184
      6.41000      1.65189      2.01645      0.09789
      6.42000      1.40665      1.71532      0.06728
      6.43000      1.08720      1.42400      0.02691
      6.44000      1.23303      1.73569      0.01223
      6.45000      1.42260      2.02041      0.05433
      6.46000      1.44067      1.82678      0.17936
      6.47000      1.55709      1.53624      0.33181
      6.48000      1.56309      1.38530      0.33621
      6.49000      1.05864      1.06787      0.15413
      6.50000      0.71136      0.86457      0.02983
      6.51000      0.85764      1.07578      0.02317
      6.52000      1.10914      1.29443      0.11096
      6.53000      1.36381      1.40109      0.23064
      6.54000      1.15711      1.17681      0.19312
      6.55000      0.55673      0.61433      0.07567
      6.56000      0.29812      0.32990      0.04884
      6.57000      0.48024      0.60197      0.05770
      6.58000      0.90568      1.14512      0.07642
      6.59000      1.30745      1.50887      0.14098
      6.60000      1.03857      1.12270      0.14994
      6.61000      0.54053      0.49900      0.11910
      6.62000      0.62267      0.48257      0.17199
      6.63000      1.16437      1.01789      0.28142
      6.64000      1.80283      1.74518      0.37279
      6.65000      1.83081      1.77675      0.35074
      6.66000      1.28658      1.25960      0.22357
      6.67000      1.10585      1.33015      0.09584
      6.68000      1.24678      1.58518      0.08300
      6.69000      1.00279      1.24880      0.09961
      6.70000      0.55976      0.71738      0.06389
      6.71000      0.34185      0.34700      0.07166
      6.72000      0.34081      0.24946      0.10258
      6.73000      0.29097      0.21193      0.09020
      6.74000      0.47639      0.44714      0.11273
      6.75000      0.84652      0.98895      0.11386
      6.76000      0.98994      1.23126      0.07515
      6.77000      1.13635      1.14821      0.15938
      6.78000      1.31870      1.06041      0.31360
      6.79000      1.06554      0.82117      0.30080
      6.80000      0.70033      0.64330      0.17336
      6.81000      0.53379      0.61060      0.08278
      6.82000      0.53786      0.64308      0.06879
      6.83000      0.57499      0.55785      0.12172
      6.84000      0.67430      0.57277      0.14431
      6.85000      0.94839      0.92245      0.12717
      6.86000      1.12565      1.29277      0.08840
      6.87000      1.08198      1.33668      0.06266
      6.88000      0.81668      0.98428      0.06465
      6.89000      0.76766      0.86715      0.10300
      6.90000      0.85674      0.87311      0.14114
      6.91000      0.71995      0.63473      0.13875
      6.92000      0.60958      0.46452      0.15192
      6.93000      0.41493      0.30303      0.11354
      6.94000      0.24319      0.20528      0.05440
      6.95000      0.52470      0.52821      0.08109
      6.96000      0.99801      1.04488      0.14501
      6.97000      1.14536      1.13796      0.20485
      6.98000      0.93413      0.79726      0.22488
      6.99000      0.69744      0.53065      0.18410
      7.00000      0.79189      0.63932      0.17058
      7.01000      1.07712      0.96511      0.18297
      7.02000      1.04534      1.00706      0.15618
      7.03000      0.73536      0.76854      0.07831
      7.04000      0.61757      0.72011      0.02673
      7.05000      0.64044      0.73147      0.04866
      7.06000      0.62123      0.59912      0.09751
      7.07000      0.64288      0.55471      0.10467
      7.08000      0.67408      0.59919      0.07794
      7.09000      0.43430      0.41310      0.03314
      7.10000      0.28960      0.31339      0.00723
      7.11000      0.41874      0.43321      0.01654
      7.12000      0.64237      0.57472      0.08076
      7.13000      0.74401      0.58813      0.15876
      7.14000      0.49863      0.37567      0.12391
      7.15000      0.19758      0.16551      0.03930
      7.16000      0.31555      0.33994      0.01573
      7.17000      0.94123      1.00203      0.05046
      7.18000      1.49788      1.57623      0.08408
      7.19000      1.44196      1.56319      0.05191
      7.20000      1.46561      1.66555      0.01383
      7.21000      1.49182      1.67905      0.01528
      7.22000      1.26951      1.32957      0.04995
      7.23000      1.47986      1.51210      0.08979
      7.24000      2.16707      2.32626      0.09032
      7.25000      2.26515      2.46041      0.07644
      7.26000      1.61868      1.72209      0.06351
      7.27000      1.15465      1.23765      0.04385
      7.28000      1.48066      1.63321      0.05940
      7.29000      1.88312      2.01377      0.12406
      7.30000      2.05437      2.12085      0.18953
      7.31000      2.00639      2.07360      0.19523
      7.32000      1.48568      1.48973      0.15570
      7.33000      1.38228      1.32937      0.14188
      7.34000      1.82061      1.82884      0.13929
      7.35000      2.46642      2.50820      0.17927
      7.36000      2.72856      2.83114      0.20167
      7.37000      2.13628      2.34825      0.12774
      7.38000      1.44554      1.62751      0.06500
      7.39000      1.29709      1.36892      0.07021
      7.40000      1.55039      1.62072      0.10049
      7.41000      1.91070      2.14767      0.09571
      7.42000      1.76224      2.04520      0.06312
      7.43000      1.70530      1.92163      0.06275
      7.44000      2.17003      2.46091      0.08288
      7.45000      1.98324      2.22802      0.09749
      7.46000      1.30124      1.33710      0.10024
      7.47000      1.18112      1.15247      0.09332
      7.48000      1.46629      1.52564      0.10150
      7.49000      1.84639      1.98578      0.13820
      7.50000      1.99096      2.13119      0.15144
      7.51000      1.75800      2.01177      0.09523
      7.52000      1.78082      2.13533      0.06958
      7.53000      2.01816      2.21581      0.11772
      7.54000      2.03467      2.07300      0.15230
      7.55000      2.07809      2.13024      0.15041
      7.56000      2.54663      2.79242      0.14234
      7.57000      2.58824      3.00874      0.09946
      7.58000      1.76737      2.09415      0.05612
