Energy-E_F (eV)    DOS (1/eV)    PDOS (1/eV)  of atom type Mo S  
     -4.99000      4.24679      1.76157      2.48522
     -4.98000      4.14982      1.70884      2.44099
     -4.97000      3.95703      1.61016      2.34688
     -4.96000      3.71433      1.48302      2.23131
     -4.95000      3.23838      1.26297      1.97540
     -4.94000      2.37207      0.86344      1.50864
     -4.93000      1.73128      0.56484      1.16644
     -4.92000      1.43131      0.43271      0.99860
     -4.91000      1.63941      0.50361      1.13580
     -4.90000      3.30497      1.11032      2.19465
     -4.89000      5.11712      1.76740      3.34973
     -4.88000      3.68438      1.26139      2.42298
     -4.87000      1.52408      0.49889      1.02519
     -4.86000      0.99668      0.31158      0.68510
     -4.85000      1.00941      0.30772      0.70170
     -4.84000      1.00314      0.29973      0.70341
     -4.83000      1.05790      0.31962      0.73829
     -4.82000      1.21809      0.38506      0.83304
     -4.81000      1.45808      0.48325      0.97484
     -4.80000      1.60409      0.54904      1.05506
     -4.79000      1.73387      0.59733      1.13654
     -4.78000      1.59773      0.53974      1.05798
     -4.77000      1.11959      0.36684      0.75275
     -4.76000      0.85828      0.27155      0.58673
     -4.75000      0.96698      0.30447      0.66250
     -4.74000      1.24091      0.39892      0.84199
     -4.73000      1.35345      0.44316      0.91029
     -4.72000      1.11609      0.37349      0.74261
     -4.71000      1.04044      0.35661      0.68383
     -4.70000      1.36063      0.46804      0.89259
     -4.69000      1.50128      0.53803      0.96325
     -4.68000      1.46126      0.54641      0.91486
     -4.67000      1.29685      0.46851      0.82835
     -4.66000      1.05503      0.34850      0.70653
     -4.65000      0.83975      0.26348      0.57628
     -4.64000      0.54036      0.16706      0.37330
     -4.63000      0.39325      0.12344      0.26980
     -4.62000      0.65481      0.21299      0.44182
     -4.61000      0.77616      0.25547      0.52069
     -4.60000      0.62268      0.20166      0.42102
     -4.59000      0.91004      0.29248      0.61757
     -4.58000      1.14675      0.37793      0.76882
     -4.57000      0.87724      0.30254      0.57470
     -4.56000      0.76168      0.27561      0.48607
     -4.55000      0.72407      0.25442      0.46966
     -4.54000      0.64589      0.21149      0.43440
     -4.53000      0.70216      0.22950      0.47267
     -4.52000      0.69270      0.22855      0.46415
     -4.51000      0.69121      0.22709      0.46413
     -4.50000      0.89543      0.29149      0.60394
     -4.49000      0.82780      0.26872      0.55908
     -4.48000      0.59641      0.20390      0.39251
     -4.47000      0.60248      0.21304      0.38944
     -4.46000      0.89571      0.31292      0.58279
     -4.45000      1.18260      0.41793      0.76466
     -4.44000      1.11935      0.40756      0.71180
     -4.43000      0.79243      0.29303      0.49940
     -4.42000      0.57924      0.20004      0.37920
     -4.41000      0.60892      0.19357      0.41535
     -4.40000      0.70987      0.22074      0.48913
     -4.39000      0.68036      0.21907      0.46129
     -4.38000      0.69215      0.23569      0.45645
     -4.37000      0.55094      0.18882      0.36212
     -4.36000      0.31714      0.10413      0.21301
     -4.35000      0.38295      0.12159      0.26136
     -4.34000      0.55233      0.18459      0.36775
     -4.33000      0.68564      0.24293      0.44271
     -4.32000      0.66498      0.23777      0.42721
     -4.31000      0.80573      0.27583      0.52990
     -4.30000      1.12140      0.37311      0.74830
     -4.29000      0.99049      0.32766      0.66282
     -4.28000      0.43796      0.14618      0.29178
     -4.27000      0.13559      0.04653      0.08906
     -4.26000      0.30349      0.10496      0.19853
     -4.25000      0.67722      0.22999      0.44723
     -4.24000      0.65057      0.21711      0.43346
     -4.23000      0.38415      0.13082      0.25333
     -4.22000      0.48607      0.17403      0.31204
     -4.21000      0.70443      0.24943      0.45500
     -4.20000      0.95258      0.32894      0.62364
     -4.19000      1.37685      0.47145      0.90540
     -4.18000      1.18462      0.41068      0.77394
     -4.17000      0.52308      0.18715      0.33593
     -4.16000      0.13770      0.05028      0.08742
     -4.15000      0.16663      0.05641      0.11022
     -4.14000      0.51150      0.17496      0.33655
     -4.13000      0.95588      0.35607      0.59981
     -4.12000      1.50321      0.63008      0.87312
     -4.11000      2.01090      0.89502      1.11588
     -4.10000      2.32595      1.04241      1.28355
     -4.09000      2.62402      1.13593      1.48809
     -4.08000      3.06029      1.26448      1.79581
     -4.07000      3.39815      1.38796      2.01018
     -4.06000      3.32109      1.38926      1.93183
     -4.05000      3.04579      1.28062      1.76517
     -4.04000      2.70578      1.12771      1.57807
     -4.03000      2.68484      1.10673      1.57811
     -4.02000      3.38291      1.37146      2.01145
     -4.01000      3.75792      1.52413      2.23378
     -4.00000      3.04011      1.24921      1.79091
     -3.99000      2.76520      1.13342      1.63177
     -3.98000      3.18756      1.27811      1.90945
     -3.97000      3.46963      1.36102      2.10862
     -3.96000      4.28378      1.64584      2.63794
     -3.95000      5.07472      1.93299      3.14173
     -3.94000      4.71844      1.80895      2.90950
     -3.93000      4.27062      1.64384      2.62678
     -3.92000      4.70768      1.78239      2.92529
     -3.91000      5.67492      2.10088      3.57404
     -3.90000      5.65524      2.05097      3.60427
     -3.89000      4.93214      1.74184      3.19030
     -3.88000      4.65542      1.63240      3.02301
     -3.87000      4.80473      1.70274      3.10199
     -3.86000      4.95710      1.76132      3.19578
     -3.85000      4.81331      1.71133      3.10198
     -3.84000      5.42516      1.93255      3.49262
     -3.83000      6.70625      2.40052      4.30573
     -3.82000      7.07874      2.57583      4.50292
     -3.81000      6.04928      2.23342      3.81586
     -3.80000      4.99607      1.84037      3.15569
     -3.79000      4.80349      1.76044      3.04306
     -3.78000      4.67459      1.70752      2.96707
     -3.77000      4.20602      1.53135      2.67467
     -3.76000      3.85885      1.40183      2.45702
     -3.75000      3.20972      1.17120      2.03852
     -3.74000      2.76626      0.99874      1.76752
     -3.73000      2.93457      1.03735      1.89723
     -3.72000      3.51787      1.24057      2.27730
     -3.71000      3.93821      1.42572      2.51249
     -3.70000      3.88654      1.45918      2.42736
     -3.69000      3.42565      1.28597      2.13968
     -3.68000      2.47302      0.88420      1.58882
     -3.67000      2.06317      0.69790      1.36527
     -3.66000      2.36174      0.82529      1.53645
     -3.65000      2.25390      0.80572      1.44819
     -3.64000      1.98989      0.68953      1.30035
     -3.63000      2.25477      0.80134      1.45344
     -3.62000      2.08019      0.77859      1.30160
     -3.61000      1.31336      0.52368      0.78968
     -3.60000      1.02731      0.43531      0.59200
     -3.59000      1.30737      0.52386      0.78352
     -3.58000      1.43015      0.55712      0.87303
     -3.57000      1.37583      0.56350      0.81233
     -3.56000      1.25930      0.55802      0.70128
     -3.55000      1.14905      0.53666      0.61239
     -3.54000      1.11374      0.50353      0.61021
     -3.53000      1.09917      0.46917      0.63000
     -3.52000      1.25684      0.50373      0.75311
     -3.51000      1.50341      0.57367      0.92974
     -3.50000      1.20009      0.43838      0.76170
     -3.49000      0.95548      0.35450      0.60098
     -3.48000      1.19273      0.49108      0.70165
     -3.47000      1.43773      0.61811      0.81962
     -3.46000      1.64040      0.66295      0.97745
     -3.45000      1.63227      0.60235      1.02992
     -3.44000      1.27252      0.46773      0.80479
     -3.43000      0.86862      0.35669      0.51193
     -3.42000      0.95225      0.39987      0.55238
     -3.41000      1.92269      0.77900      1.14369
     -3.40000      2.97867      1.16575      1.81292
     -3.39000      3.21680      1.22012      1.99668
     -3.38000      3.07661      1.19200      1.88461
     -3.37000      2.89511      1.12590      1.76921
     -3.36000      2.81424      1.02130      1.79294
     -3.35000      3.45361      1.19302      2.26059
     -3.34000      4.15429      1.46103      2.69326
     -3.33000      3.86258      1.39079      2.47179
     -3.32000      3.09820      1.11873      1.97947
     -3.31000      2.80899      1.03240      1.77659
     -3.30000      3.35974      1.27319      2.08655
     -3.29000      4.02728      1.50999      2.51730
     -3.28000      4.05112      1.49025      2.56086
     -3.27000      3.25965      1.19126      2.06839
     -3.26000      2.84566      1.06191      1.78375
     -3.25000      3.35439      1.24328      2.11110
     -3.24000      3.76938      1.35339      2.41598
     -3.23000      4.01823      1.44682      2.57141
     -3.22000      5.29176      1.93234      3.35942
     -3.21000      7.60678      2.75561      4.85116
     -3.20000      8.03263      3.00806      5.02457
     -3.19000      6.69216      2.69374      3.99841
     -3.18000      5.82485      2.38761      3.43723
     -3.17000      5.40770      2.12087      3.28684
     -3.16000      5.21936      2.00554      3.21383
     -3.15000      5.06875      1.99682      3.07193
     -3.14000      4.99782      2.06539      2.93243
     -3.13000      5.30026      2.24742      3.05285
     -3.12000      5.30045      2.21332      3.08713
     -3.11000      4.56615      1.89904      2.66711
     -3.10000      3.96854      1.64869      2.31986
     -3.09000      3.95134      1.56509      2.38625
     -3.08000      4.14690      1.57681      2.57009
     -3.07000      3.67168      1.39274      2.27894
     -3.06000      3.00042      1.16240      1.83802
     -3.05000      3.06196      1.18505      1.87690
     -3.04000      3.39054      1.27224      2.11830
     -3.03000      3.20917      1.21264      1.99653
     -3.02000      2.64469      1.07144      1.57325
     -3.01000      2.57385      1.09414      1.47972
     -3.00000      2.81241      1.19200      1.62041
     -2.99000      2.87644      1.21104      1.66540
     -2.98000      3.06669      1.24807      1.81862
     -2.97000      3.05706      1.21984      1.83723
     -2.96000      2.27734      0.91287      1.36448
     -2.95000      1.26485      0.52366      0.74119
     -2.94000      0.88845      0.38514      0.50331
     -2.93000      1.34356      0.57743      0.76613
     -2.92000      2.03644      0.88726      1.14919
     -2.91000      2.45136      1.06564      1.38571
     -2.90000      2.07721      0.86614      1.21107
     -2.89000      1.38785      0.60970      0.77815
     -2.88000      1.18883      0.58913      0.59970
     -2.87000      1.68730      0.81651      0.87080
     -2.86000      2.26135      1.02773      1.23363
     -2.85000      1.96678      0.89342      1.07335
     -2.84000      1.45729      0.70521      0.75209
     -2.83000      1.30005      0.65212      0.64793
     -2.82000      1.29594      0.61410      0.68184
     -2.81000      1.29231      0.56089      0.73142
     -2.80000      1.24972      0.54304      0.70667
     -2.79000      1.21126      0.58000      0.63126
     -2.78000      1.51438      0.75864      0.75574
     -2.77000      1.74963      0.78721      0.96242
     -2.76000      2.22722      0.82051      1.40671
     -2.75000      2.74285      0.99427      1.74858
     -2.74000      2.36157      0.92575      1.43582
     -2.73000      1.78920      0.74131      1.04789
     -2.72000      1.52180      0.62900      0.89281
     -2.71000      1.56091      0.67957      0.88134
     -2.70000      1.71185      0.80334      0.90851
     -2.69000      1.32805      0.66932      0.65873
     -2.68000      1.06478      0.53482      0.52996
     -2.67000      0.98713      0.42868      0.55846
     -2.66000      0.88452      0.36937      0.51515
     -2.65000      1.11616      0.52985      0.58630
     -2.64000      1.70900      0.84526      0.86374
     -2.63000      1.62656      0.79193      0.83463
     -2.62000      1.19745      0.52608      0.67137
     -2.61000      1.27706      0.52567      0.75139
     -2.60000      1.34063      0.56289      0.77773
     -2.59000      1.62115      0.66575      0.95540
     -2.58000      1.86675      0.74728      1.11946
     -2.57000      1.37837      0.55827      0.82010
     -2.56000      0.98013      0.43507      0.54506
     -2.55000      1.20052      0.54178      0.65874
     -2.54000      1.49012      0.64734      0.84278
     -2.53000      1.42174      0.63266      0.78909
     -2.52000      1.23206      0.60267      0.62939
     -2.51000      1.16708      0.62665      0.54043
     -2.50000      1.35055      0.73598      0.61457
     -2.49000      1.65818      0.87397      0.78421
     -2.48000      1.48113      0.74499      0.73614
     -2.47000      1.30675      0.63073      0.67602
     -2.46000      1.41761      0.67901      0.73860
     -2.45000      1.53251      0.75916      0.77335
     -2.44000      1.38935      0.71524      0.67411
     -2.43000      1.11449      0.54734      0.56715
     -2.42000      1.69166      0.68273      1.00894
     -2.41000      2.97143      1.08581      1.88561
     -2.40000      2.94807      1.08091      1.86717
     -2.39000      1.80090      0.72817      1.07273
     -2.38000      1.53815      0.70390      0.83425
     -2.37000      1.88683      0.89707      0.98976
     -2.36000      1.86289      0.90389      0.95900
     -2.35000      1.61899      0.81552      0.80347
     -2.34000      1.62977      0.82945      0.80032
     -2.33000      1.77539      0.88946      0.88593
     -2.32000      1.34109      0.63790      0.70319
     -2.31000      0.75812      0.35030      0.40783
     -2.30000      0.70191      0.37447      0.32744
     -2.29000      0.97535      0.54328      0.43207
     -2.28000      1.48165      0.75361      0.72805
     -2.27000      1.86263      0.85383      1.00880
     -2.26000      1.98262      0.83579      1.14683
     -2.25000      2.31411      0.94837      1.36574
     -2.24000      2.97790      1.18977      1.78813
     -2.23000      2.96790      1.12124      1.84666
     -2.22000      2.24967      0.87678      1.37289
     -2.21000      1.39026      0.60732      0.78293
     -2.20000      0.96192      0.43026      0.53165
     -2.19000      1.83202      0.78579      1.04624
     -2.18000      2.88135      1.25425      1.62710
     -2.17000      2.65658      1.16894      1.48764
     -2.16000      2.21357      0.95366      1.25991
     -2.15000      1.80885      0.75387      1.05498
     -2.14000      1.66807      0.69654      0.97153
     -2.13000      1.67274      0.70952      0.96322
     -2.12000      1.36156      0.54226      0.81929
     -2.11000      1.27004      0.49341      0.77663
     -2.10000      1.93214      0.76321      1.16893
     -2.09000      3.06650      1.17435      1.89214
     -2.08000      4.00917      1.48992      2.51926
     -2.07000      4.44782      1.56264      2.88518
     -2.06000      4.01448      1.27592      2.73856
     -2.05000      3.23364      0.98251      2.25113
     -2.04000      2.28178      0.76276      1.51902
     -2.03000      2.12416      0.84245      1.28171
     -2.02000      3.00023      1.13495      1.86529
     -2.01000      4.47945      1.40597      3.07348
     -2.00000      5.87241      1.64288      4.22953
     -1.99000      6.44979      1.78281      4.66698
     -1.98000      6.05858      1.64996      4.40862
     -1.97000      5.58312      1.42923      4.15389
     -1.96000      5.75716      1.49074      4.26642
     -1.95000      5.84510      1.60414      4.24096
     -1.94000      5.24495      1.45133      3.79363
     -1.93000      3.89854      1.10955      2.78899
     -1.92000      3.78049      1.13914      2.64135
     -1.91000      4.71598      1.38689      3.32910
     -1.90000      4.44550      1.33707      3.10842
     -1.89000      3.95768      1.30163      2.65605
     -1.88000      4.54654      1.52999      3.01656
     -1.87000      4.52385      1.42358      3.10027
     -1.86000      3.42405      1.07874      2.34531
     -1.85000      2.99588      1.03767      1.95820
     -1.84000      3.70774      1.20802      2.49972
     -1.83000      4.89584      1.50886      3.38698
     -1.82000      5.82440      1.95731      3.86709
     -1.81000      5.50834      1.95795      3.55039
     -1.80000      4.61918      1.58661      3.03257
     -1.79000      3.55922      1.16838      2.39084
     -1.78000      2.77810      0.86949      1.90861
     -1.77000      2.56427      0.76768      1.79659
     -1.76000      2.12958      0.61234      1.51725
     -1.75000      2.12727      0.61197      1.51530
     -1.74000      3.27195      0.93950      2.33245
     -1.73000      4.28244      1.22190      3.06054
     -1.72000      4.34230      1.20612      3.13618
     -1.71000      3.84197      1.03133      2.81064
     -1.70000      2.64211      0.71868      1.92343
     -1.69000      1.86553      0.55188      1.31365
     -1.68000      2.40719      0.73991      1.66728
     -1.67000      3.18628      1.05368      2.13260
     -1.66000      3.48405      1.19963      2.28443
     -1.65000      2.72477      0.86423      1.86054
     -1.64000      1.90829      0.54169      1.36659
     -1.63000      2.14438      0.58742      1.55695
     -1.62000      2.37393      0.61856      1.75537
     -1.61000      2.28099      0.61935      1.66164
     -1.60000      2.62824      0.76015      1.86809
     -1.59000      2.98014      0.82978      2.15036
     -1.58000      3.16830      0.81537      2.35293
     -1.57000      2.59804      0.65337      1.94467
     -1.56000      2.13595      0.57774      1.55821
     -1.55000      2.43514      0.76630      1.66884
     -1.54000      2.57417      0.93007      1.64410
     -1.53000      2.32399      0.79250      1.53149
     -1.52000      2.20594      0.57474      1.63120
     -1.51000      2.29509      0.50920      1.78590
     -1.50000      2.46691      0.57112      1.89580
     -1.49000      2.08651      0.52149      1.56502
     -1.48000      1.72967      0.45137      1.27831
     -1.47000      2.06604      0.60166      1.46438
     -1.46000      2.34439      0.72168      1.62272
     -1.45000      2.41285      0.66080      1.75205
     -1.44000      2.48238      0.54716      1.93522
     -1.43000      2.65671      0.53610      2.12061
     -1.42000      2.45959      0.57777      1.88182
     -1.41000      2.14934      0.62786      1.52148
     -1.40000      2.31831      0.71530      1.60301
     -1.39000      2.36103      0.67283      1.68821
     -1.38000      2.08427      0.49133      1.59294
     -1.37000      2.06068      0.39933      1.66136
     -1.36000      1.93275      0.31149      1.62126
     -1.35000      1.55973      0.22140      1.33833
     -1.34000      1.28425      0.25066      1.03358
     -1.33000      1.60804      0.41053      1.19751
     -1.32000      1.97017      0.50474      1.46543
     -1.31000      1.98435      0.47548      1.50887
     -1.30000      2.22321      0.48155      1.74166
     -1.29000      2.46984      0.45090      2.01893
     -1.28000      2.25538      0.37728      1.87810
     -1.27000      1.87283      0.41202      1.46081
     -1.26000      1.80330      0.49359      1.30971
     -1.25000      1.76430      0.41000      1.35430
     -1.24000      1.70603      0.25928      1.44676
     -1.23000      1.84996      0.26448      1.58548
     -1.22000      2.36305      0.46298      1.90007
     -1.21000      2.40306      0.57535      1.82771
     -1.20000      1.93812      0.45155      1.48657
     -1.19000      1.70225      0.32256      1.37969
     -1.18000      1.65819      0.27026      1.38793
     -1.17000      2.01494      0.31223      1.70270
     -1.16000      2.75040      0.46389      2.28651
     -1.15000      2.80180      0.48959      2.31221
     -1.14000      2.44494      0.44677      1.99817
     -1.13000      2.71481      0.54994      2.16487
     -1.12000      3.35160      0.66072      2.69088
     -1.11000      3.05758      0.55969      2.49789
     -1.10000      2.71012      0.44588      2.26424
     -1.09000      2.76670      0.40276      2.36393
     -1.08000      2.54626      0.35609      2.19017
     -1.07000      2.23553      0.34220      1.89333
     -1.06000      2.56562      0.42999      2.13563
     -1.05000      2.97453      0.47350      2.50104
     -1.04000      2.68559      0.43801      2.24758
     -1.03000      2.30856      0.47900      1.82956
     -1.02000      2.55584      0.70466      1.85118
     -1.01000      2.98339      0.96562      2.01777
     -1.00000      3.09035      1.03029      2.06006
     -0.99000      3.30094      1.04673      2.25421
     -0.98000      3.01605      0.88980      2.12625
     -0.97000      2.26764      0.67028      1.59737
     -0.96000      2.25021      0.83978      1.41042
     -0.95000      2.23277      1.05383      1.17894
     -0.94000      1.82469      0.98261      0.84208
     -0.93000      1.87261      1.02749      0.84511
     -0.92000      2.22596      1.19923      1.02673
     -0.91000      2.15259      1.15744      0.99515
     -0.90000      1.89141      1.09949      0.79192
     -0.89000      2.02744      1.29015      0.73728
     -0.88000      2.07727      1.32475      0.75252
     -0.87000      2.04398      1.31236      0.73162
     -0.86000      2.34494      1.57543      0.76951
     -0.85000      2.86693      1.95995      0.90698
     -0.84000      3.28458      2.27843      1.00615
     -0.83000      3.84726      2.71373      1.13353
     -0.82000      4.42155      3.11619      1.30536
     -0.81000      4.19103      2.90634      1.28469
     -0.80000      3.71375      2.52709      1.18666
     -0.79000      3.53549      2.40859      1.12690
     -0.78000      3.56094      2.45449      1.10645
     -0.77000      3.27959      2.25490      1.02468
     -0.76000      2.85228      1.92092      0.93136
     -0.75000      2.36555      1.55533      0.81022
     -0.74000      2.06055      1.37124      0.68931
     -0.73000      2.51489      1.70571      0.80917
     -0.72000      3.23967      2.16268      1.07699
     -0.71000      3.39226      2.21969      1.17257
     -0.70000      2.85551      1.87056      0.98495
     -0.69000      2.43644      1.62499      0.81145
     -0.68000      2.31923      1.53106      0.78817
     -0.67000      2.46802      1.59900      0.86902
     -0.66000      2.64491      1.72519      0.91972
     -0.65000      2.81534      1.85422      0.96112
     -0.64000      2.62033      1.71710      0.90323
     -0.63000      2.33187      1.50730      0.82457
     -0.62000      2.76423      1.77869      0.98555
     -0.61000      3.42369      2.19516      1.22853
     -0.60000      2.78877      1.78868      1.00009
     -0.59000      1.60301      1.04661      0.55640
     -0.58000      1.34913      0.87454      0.47459
     -0.57000      1.98860      1.28276      0.70584
     -0.56000      2.73507      1.81198      0.92309
     -0.55000      3.06251      2.05001      1.01250
     -0.54000      2.88058      1.88692      0.99366
     -0.53000      2.40521      1.54340      0.86180
     -0.52000      2.14958      1.37351      0.77607
     -0.51000      2.30912      1.49750      0.81162
     -0.50000      2.39465      1.58065      0.81399
     -0.49000      2.05570      1.34853      0.70717
     -0.48000      1.62897      1.06162      0.56735
     -0.47000      1.66734      1.08465      0.58269
     -0.46000      2.02769      1.30930      0.71839
     -0.45000      2.38040      1.57810      0.80229
     -0.44000      2.91241      1.99617      0.91624
     -0.43000      3.15632      2.16817      0.98815
     -0.42000      2.80673      1.89249      0.91424
     -0.41000      1.95844      1.29156      0.66688
     -0.40000      1.40473      0.91401      0.49072
     -0.39000      1.68931      1.12974      0.55956
     -0.38000      2.30026      1.58494      0.71533
     -0.37000      2.13262      1.47116      0.66147
     -0.36000      1.45547      0.98087      0.47460
     -0.35000      1.50940      1.00437      0.50502
     -0.34000      2.25212      1.52107      0.73104
     -0.33000      2.75903      1.93262      0.82641
     -0.32000      2.70794      1.97407      0.73387
     -0.31000      2.16353      1.56960      0.59393
     -0.30000      1.57530      1.09451      0.48080
     -0.29000      1.38388      0.94373      0.44015
     -0.28000      1.44109      0.99469      0.44640
     -0.27000      1.72133      1.20175      0.51959
     -0.26000      1.97738      1.39233      0.58505
     -0.25000      1.70967      1.20940      0.50027
     -0.24000      1.43965      1.01268      0.42696
     -0.23000      1.61309      1.12831      0.48478
     -0.22000      1.75128      1.22101      0.53027
     -0.21000      1.86399      1.30850      0.55549
     -0.20000      2.02827      1.45123      0.57704
     -0.19000      2.03831      1.45241      0.58590
     -0.18000      1.82688      1.26135      0.56553
     -0.17000      1.65248      1.11436      0.53812
     -0.16000      1.57112      1.06355      0.50757
     -0.15000      1.28180      0.89831      0.38348
     -0.14000      0.91483      0.68418      0.23065
     -0.13000      0.59855      0.46692      0.13163
     -0.12000      0.41425      0.32763      0.08662
     -0.11000      0.51991      0.41331      0.10659
     -0.10000      0.79988      0.63789      0.16199
     -0.09000      0.90744      0.72501      0.18244
     -0.08000      0.52238      0.41798      0.10439
     -0.07000      0.24842      0.19932      0.04909
     -0.06000      0.38537      0.30991      0.07545
     -0.05000      0.49846      0.40135      0.09712
     -0.04000      0.47488      0.38302      0.09186
     -0.03000      0.52055      0.42059      0.09996
     -0.02000      0.48038      0.38868      0.09169
     -0.01000      0.30561      0.24758      0.05803
      0.00000      0.13918      0.11286      0.02631
      0.01000      0.03742      0.03036      0.00706
      0.02000      0.00383      0.00311      0.00072
      0.03000      0.00007      0.00006      0.00001
      0.04000     -0.00000     -0.00000     -0.00000
      0.05000      0.00000      0.00000      0.00000
      0.06000      0.00000      0.00000      0.00000
      0.07000      0.00000      0.00000      0.00000
      0.08000      0.00000      0.00000      0.00000
      0.09000      0.00000      0.00000      0.00000
      0.10000      0.00000      0.00000      0.00000
      0.11000      0.00000      0.00000      0.00000
      0.12000      0.00000      0.00000      0.00000
      0.13000      0.00000      0.00000      0.00000
      0.14000      0.00000      0.00000      0.00000
      0.15000      0.00000      0.00000      0.00000
      0.16000      0.00000      0.00000      0.00000
      0.17000      0.00000      0.00000      0.00000
      0.18000      0.00000      0.00000      0.00000
      0.19000      0.00000      0.00000      0.00000
      0.20000      0.00000      0.00000      0.00000
      0.21000      0.00000      0.00000      0.00000
      0.22000      0.00000      0.00000      0.00000
      0.23000      0.00000      0.00000      0.00000
      0.24000      0.00000      0.00000      0.00000
      0.25000      0.00000      0.00000      0.00000
      0.26000      0.00000      0.00000      0.00000
      0.27000      0.00000      0.00000      0.00000
      0.28000      0.00000      0.00000      0.00000
      0.29000      0.00000      0.00000      0.00000
      0.30000      0.00000      0.00000      0.00000
      0.31000      0.00000      0.00000      0.00000
      0.32000      0.00000      0.00000      0.00000
      0.33000      0.00000      0.00000      0.00000
      0.34000      0.00000      0.00000      0.00000
      0.35000      0.00000      0.00000      0.00000
      0.36000      0.00000      0.00000      0.00000
      0.37000      0.00000      0.00000      0.00000
      0.38000      0.00000      0.00000      0.00000
      0.39000      0.00000      0.00000      0.00000
      0.40000      0.00000      0.00000      0.00000
      0.41000      0.00000      0.00000      0.00000
      0.42000      0.00000      0.00000      0.00000
      0.43000      0.00000      0.00000      0.00000
      0.44000      0.00000      0.00000      0.00000
      0.45000      0.00000      0.00000      0.00000
      0.46000      0.00000      0.00000      0.00000
      0.47000      0.00000      0.00000      0.00000
      0.48000      0.00000      0.00000      0.00000
      0.49000      0.00000      0.00000      0.00000
      0.50000      0.00000      0.00000      0.00000
      0.51000      0.00000      0.00000      0.00000
      0.52000      0.00000      0.00000      0.00000
      0.53000      0.00000      0.00000      0.00000
      0.54000      0.00000      0.00000      0.00000
      0.55000      0.00000      0.00000      0.00000
      0.56000      0.00000      0.00000      0.00000
      0.57000      0.00000      0.00000      0.00000
      0.58000      0.00000      0.00000      0.00000
      0.59000      0.00000      0.00000      0.00000
      0.60000      0.00000      0.00000      0.00000
      0.61000      0.00000      0.00000      0.00000
      0.62000      0.00000      0.00000      0.00000
      0.63000      0.00000      0.00000      0.00000
      0.64000      0.00000      0.00000      0.00000
      0.65000      0.00000      0.00000      0.00000
      0.66000      0.00000      0.00000      0.00000
      0.67000      0.00000      0.00000      0.00000
      0.68000      0.00000      0.00000      0.00000
      0.69000      0.00000      0.00000      0.00000
      0.70000      0.00000      0.00000      0.00000
      0.71000      0.00000      0.00000      0.00000
      0.72000      0.00000      0.00000      0.00000
      0.73000      0.00000      0.00000      0.00000
      0.74000      0.00000      0.00000      0.00000
      0.75000      0.00000      0.00000      0.00000
      0.76000      0.00000      0.00000      0.00000
      0.77000      0.00000      0.00000      0.00000
      0.78000      0.00000      0.00000      0.00000
      0.79000      0.00000      0.00000      0.00000
      0.80000      0.00000      0.00000      0.00000
      0.81000      0.00000      0.00000      0.00000
      0.82000      0.00000      0.00000      0.00000
      0.83000      0.00000      0.00000      0.00000
      0.84000      0.00000      0.00000      0.00000
      0.85000      0.00000      0.00000      0.00000
      0.86000      0.00000      0.00000      0.00000
      0.87000      0.00000      0.00000      0.00000
      0.88000      0.00000      0.00000      0.00000
      0.89000      0.00000      0.00000      0.00000
      0.90000      0.00000      0.00000      0.00000
      0.91000      0.00000      0.00000      0.00000
      0.92000      0.00000      0.00000      0.00000
      0.93000      0.00000      0.00000      0.00000
      0.94000      0.00000      0.00000      0.00000
      0.95000      0.00000      0.00000      0.00000
      0.96000      0.00000      0.00000      0.00000
      0.97000      0.00000      0.00000      0.00000
      0.98000      0.00000      0.00000      0.00000
      0.99000      0.00000      0.00000      0.00000
      1.00000      0.00000      0.00000      0.00000
      1.01000      0.00000      0.00000      0.00000
      1.02000      0.00000      0.00000      0.00000
      1.03000      0.00000      0.00000      0.00000
      1.04000      0.00000      0.00000      0.00000
      1.05000      0.00000      0.00000      0.00000
      1.06000      0.00000      0.00000      0.00000
      1.07000      0.00000      0.00000      0.00000
      1.08000      0.00000      0.00000      0.00000
      1.09000      0.00000      0.00000      0.00000
      1.10000      0.00000      0.00000      0.00000
      1.11000      0.00000      0.00000      0.00000
      1.12000      0.00000      0.00000      0.00000
      1.13000      0.00000      0.00000      0.00000
      1.14000      0.00000      0.00000      0.00000
      1.15000      0.00000      0.00000      0.00000
      1.16000      0.00000      0.00000      0.00000
      1.17000      0.00000      0.00000      0.00000
      1.18000      0.00000      0.00000      0.00000
      1.19000      0.00000      0.00000      0.00000
      1.20000      0.00000      0.00000      0.00000
      1.21000      0.00000      0.00000      0.00000
      1.22000      0.00000      0.00000      0.00000
      1.23000      0.00000      0.00000      0.00000
      1.24000      0.00000      0.00000      0.00000
      1.25000      0.00000      0.00000      0.00000
      1.26000      0.00000      0.00000      0.00000
      1.27000      0.00000      0.00000      0.00000
      1.28000      0.00000      0.00000      0.00000
      1.29000      0.00000      0.00000      0.00000
      1.30000      0.00000      0.00000      0.00000
      1.31000      0.00000      0.00000      0.00000
      1.32000      0.00000      0.00000      0.00000
      1.33000      0.00000      0.00000      0.00000
      1.34000      0.00000      0.00000      0.00000
      1.35000      0.00000      0.00000      0.00000
      1.36000      0.00000      0.00000      0.00000
      1.37000      0.00000      0.00000      0.00000
      1.38000      0.00000      0.00000      0.00000
      1.39000      0.00000      0.00000      0.00000
      1.40000      0.00000      0.00000      0.00000
      1.41000      0.00000      0.00000      0.00000
      1.42000      0.00000      0.00000      0.00000
      1.43000      0.00000      0.00000      0.00000
      1.44000      0.00000      0.00000      0.00000
      1.45000      0.00000      0.00000      0.00000
      1.46000      0.00000      0.00000      0.00000
      1.47000      0.00000      0.00000      0.00000
      1.48000      0.00000      0.00000      0.00000
      1.49000      0.00000      0.00000      0.00000
      1.50000      0.00000      0.00000      0.00000
      1.51000      0.00000      0.00000      0.00000
      1.52000      0.00000      0.00000      0.00000
      1.53000      0.00000      0.00000      0.00000
      1.54000      0.00000      0.00000      0.00000
      1.55000      0.00000      0.00000      0.00000
      1.56000      0.00000      0.00000      0.00000
      1.57000      0.00000      0.00000      0.00000
      1.58000      0.00000      0.00000      0.00000
      1.59000      0.00000      0.00000      0.00000
      1.60000      0.00000      0.00000      0.00000
      1.61000      0.00000      0.00000      0.00000
      1.62000      0.00000      0.00000      0.00000
      1.63000      0.00000      0.00000      0.00000
      1.64000      0.00000      0.00000      0.00000
      1.65000      0.00000      0.00000      0.00000
      1.66000      0.00000      0.00000      0.00000
      1.67000      0.00000      0.00000      0.00000
      1.68000      0.00000      0.00000      0.00000
      1.69000      0.00000      0.00000      0.00000
      1.70000      0.00000      0.00000      0.00000
      1.71000      0.00000      0.00000      0.00000
      1.72000      0.00000      0.00000      0.00000
      1.73000      0.00000      0.00000      0.00000
      1.74000      0.00000      0.00000      0.00000
      1.75000      0.00000      0.00000      0.00000
      1.76000      0.00000      0.00000      0.00000
      1.77000      0.00000      0.00000      0.00000
      1.78000      0.00000      0.00000      0.00000
      1.79000     -0.00000     -0.00000     -0.00000
      1.80000     -0.00001     -0.00001     -0.00000
      1.81000     -0.00001     -0.00001     -0.00000
      1.82000      0.00360      0.00310      0.00050
      1.83000      0.03695      0.03181      0.00515
      1.84000      0.12543      0.10790      0.01754
      1.85000      0.25385      0.21686      0.03699
      1.86000      0.44421      0.36303      0.08118
      1.87000      0.77259      0.55388      0.21871
      1.88000      1.40320      0.88704      0.51617
      1.89000      2.05052      1.22823      0.82229
      1.90000      2.23217      1.32607      0.90610
      1.91000      1.99268      1.16954      0.82314
      1.92000      1.81058      1.04774      0.76284
      1.93000      2.14657      1.26577      0.88081
      1.94000      2.92071      1.74934      1.17137
      1.95000      3.00812      1.82900      1.17911
      1.96000      2.45403      1.50519      0.94884
      1.97000      2.32941      1.42061      0.90881
      1.98000      2.07221      1.26224      0.80997
      1.99000      2.04628      1.20169      0.84459
      2.00000      2.88416      1.68478      1.19938
      2.01000      3.32343      1.97077      1.35266
      2.02000      2.79524      1.65545      1.13979
      2.03000      2.65093      1.58418      1.06675
      2.04000      3.16805      1.91973      1.24833
      2.05000      3.26710      2.01611      1.25099
      2.06000      3.21866      2.03837      1.18030
      2.07000      3.03840      1.90846      1.12994
      2.08000      2.95446      1.78358      1.17089
      2.09000      3.85930      2.28527      1.57403
      2.10000      4.68596      2.73505      1.95090
      2.11000      4.51113      2.63372      1.87741
      2.12000      4.25768      2.57307      1.68461
      2.13000      4.11475      2.56712      1.54763
      2.14000      4.33002      2.66650      1.66351
      2.15000      4.21039      2.59975      1.61064
      2.16000      3.78680      2.43988      1.34693
      2.17000      3.86036      2.53030      1.33005
      2.18000      4.11332      2.68995      1.42337
      2.19000      4.38673      2.84169      1.54504
      2.20000      5.31224      3.40318      1.90906
      2.21000      5.89906      3.77632      2.12274
      2.22000      4.98323      3.27092      1.71231
      2.23000      4.04186      2.76352      1.27834
      2.24000      3.44678      2.38603      1.06075
      2.25000      3.78752      2.65084      1.13668
      2.26000      4.59393      3.27212      1.32182
      2.27000      4.58983      3.24602      1.34381
      2.28000      3.93462      2.77408      1.16054
      2.29000      3.65785      2.66659      0.99126
      2.30000      3.81734      2.80434      1.01300
      2.31000      4.24980      3.15805      1.09176
      2.32000      4.74130      3.54428      1.19702
      2.33000      4.63166      3.42059      1.21107
      2.34000      4.67841      3.40144      1.27697
      2.35000      5.07512      3.69962      1.37550
      2.36000      5.15114      3.93851      1.21263
      2.37000      4.99582      4.04286      0.95296
      2.38000      4.99588      4.14083      0.85505
      2.39000      4.87420      3.83969      1.03451
      2.40000      3.86304      2.67870      1.18435
      2.41000      2.88904      1.78790      1.10114
      2.42000      2.57045      1.54077      1.02968
      2.43000      2.42038      1.41088      1.00950
      2.44000      2.65531      1.54569      1.10962
      2.45000      3.06796      1.80591      1.26205
      2.46000      3.48592      2.07716      1.40876
      2.47000      4.39422      2.64393      1.75029
      2.48000      5.11302      3.03537      2.07765
      2.49000      4.83586      2.79693      2.03893
      2.50000      4.08648      2.37092      1.71557
      2.51000      4.45907      2.70790      1.75117
      2.52000      5.33239      3.30503      2.02736
      2.53000      5.00846      3.10959      1.89888
      2.54000      4.44311      2.77913      1.66398
      2.55000      4.58259      2.89528      1.68731
      2.56000      4.83017      3.08170      1.74848
      2.57000      5.00451      3.13653      1.86798
      2.58000      5.48196      3.31977      2.16219
      2.59000      5.60279      3.39500      2.20779
      2.60000      4.63254      2.86243      1.77011
      2.61000      4.51649      2.82999      1.68650
      2.62000      5.56846      3.55005      2.01840
      2.63000      6.05086      3.93793      2.11293
      2.64000      5.86598      3.76523      2.10074
      2.65000      5.58218      3.46492      2.11725
      2.66000      4.81658      2.96723      1.84935
      2.67000      4.07762      2.56984      1.50778
      2.68000      3.96165      2.53897      1.42268
      2.69000      4.16236      2.71982      1.44254
      2.70000      4.08960      2.71321      1.37639
      2.71000      3.63996      2.38904      1.25092
      2.72000      3.93664      2.57084      1.36581
      2.73000      4.17215      2.81807      1.35409
      2.74000      3.56796      2.45028      1.11768
      2.75000      3.76956      2.47357      1.29599
      2.76000      5.04852      3.26111      1.78741
      2.77000      5.58750      3.68895      1.89855
      2.78000      4.65378      3.10239      1.55139
      2.79000      3.28718      2.09450      1.19269
      2.80000      2.52854      1.53715      0.99139
      2.81000      3.03689      1.95445      1.08244
      2.82000      4.23378      2.85916      1.37462
      2.83000      4.62765      3.18697      1.44068
      2.84000      4.26066      2.89591      1.36475
      2.85000      3.97195      2.66187      1.31008
      2.86000      4.06925      2.75011      1.31913
      2.87000      4.21407      2.88629      1.32779
      2.88000      3.88279      2.66942      1.21337
      2.89000      3.14979      2.10423      1.04556
      2.90000      3.03543      1.97374      1.06169
      2.91000      3.85319      2.43535      1.41784
      2.92000      4.64125      2.84950      1.79175
      2.93000      4.07717      2.45924      1.61793
      2.94000      3.25295      2.01971      1.23324
      2.95000      2.99351      1.91292      1.08058
      2.96000      3.06903      1.83296      1.23606
      2.97000      3.11059      1.73647      1.37413
      2.98000      3.31111      1.78897      1.52214
      2.99000      3.82649      2.13955      1.68694
      3.00000      4.49456      2.62892      1.86564
      3.01000      4.40837      2.59741      1.81096
      3.02000      3.79886      2.27495      1.52391
      3.03000      3.68117      2.16791      1.51326
      3.04000      3.51364      2.00209      1.51155
      3.05000      2.90508      1.64899      1.25609
      3.06000      3.00875      1.67332      1.33543
      3.07000      4.67897      2.53868      2.14029
      3.08000      5.98756      3.29359      2.69397
      3.09000      5.20934      2.98754      2.22180
      3.10000      4.03125      2.39371      1.63754
      3.11000      3.20060      1.84931      1.35129
      3.12000      2.98326      1.62650      1.35676
      3.13000      2.59823      1.42659      1.17164
      3.14000      2.12824      1.23191      0.89633
      3.15000      2.17508      1.29985      0.87523
      3.16000      2.40307      1.41909      0.98398
      3.17000      2.66821      1.52888      1.13933
      3.18000      2.88359      1.66952      1.21408
      3.19000      2.89578      1.77985      1.11594
      3.20000      2.57841      1.60547      0.97294
      3.21000      2.14776      1.20789      0.93986
      3.22000      1.98960      1.00729      0.98231
      3.23000      2.02665      1.03928      0.98737
      3.24000      2.64003      1.42813      1.21191
      3.25000      3.35446      1.85100      1.50346
      3.26000      2.95746      1.69879      1.25867
      3.27000      2.49998      1.52868      0.97131
      3.28000      2.49211      1.50989      0.98222
      3.29000      2.13443      1.19186      0.94258
      3.30000      1.81906      0.96240      0.85666
      3.31000      1.38126      0.76862      0.61264
      3.32000      1.24690      0.71024      0.53667
      3.33000      1.95486      1.07942      0.87544
      3.34000      2.35744      1.35765      0.99979
      3.35000      2.04665      1.26666      0.77999
      3.36000      1.94220      1.16663      0.77556
      3.37000      2.38918      1.30494      1.08423
      3.38000      2.21280      1.12980      1.08299
      3.39000      1.75477      0.87659      0.87818
      3.40000      1.82012      0.96830      0.85182
      3.41000      2.03841      1.11763      0.92078
      3.42000      2.16034      1.17312      0.98722
      3.43000      2.11720      1.15345      0.96374
      3.44000      2.04339      1.14213      0.90126
      3.45000      2.22834      1.26474      0.96361
      3.46000      2.39419      1.35648      1.03772
      3.47000      1.93592      1.12020      0.81572
      3.48000      1.35440      0.77965      0.57475
      3.49000      1.33994      0.70175      0.63819
      3.50000      1.36080      0.70458      0.65623
      3.51000      1.24969      0.70243      0.54726
      3.52000      1.25663      0.72976      0.52687
      3.53000      1.69381      0.93797      0.75584
      3.54000      2.55996      1.35059      1.20937
      3.55000      2.67046      1.36328      1.30718
      3.56000      1.93414      0.98326      0.95088
      3.57000      1.45502      0.73992      0.71510
      3.58000      1.21620      0.61662      0.59958
      3.59000      1.08661      0.56640      0.52021
      3.60000      1.45445      0.76114      0.69331
      3.61000      1.89308      0.99352      0.89956
      3.62000      1.87755      0.98166      0.89589
      3.63000      1.58936      0.79124      0.79812
      3.64000      1.45594      0.70033      0.75561
      3.65000      1.23583      0.60404      0.63179
      3.66000      0.84095      0.42649      0.41446
      3.67000      0.42457      0.22619      0.19838
      3.68000      0.43937      0.24219      0.19718
      3.69000      0.92989      0.50267      0.42722
      3.70000      1.51322      0.76699      0.74624
      3.71000      2.24628      1.07248      1.17380
      3.72000      2.48212      1.17340      1.30871
      3.73000      1.84264      0.88926      0.95337
      3.74000      1.30756      0.66686      0.64070
      3.75000      1.39854      0.73479      0.66375
      3.76000      1.56521      0.82568      0.73953
      3.77000      1.24908      0.66406      0.58502
      3.78000      0.97332      0.49997      0.47335
      3.79000      1.21241      0.58585      0.62656
      3.80000      1.57613      0.75821      0.81793
      3.81000      1.61359      0.80037      0.81322
      3.82000      1.43357      0.74003      0.69353
      3.83000      1.03518      0.54933      0.48585
      3.84000      0.85098      0.45056      0.40042
      3.85000      1.38884      0.70124      0.68760
      3.86000      2.29050      1.13423      1.15627
      3.87000      2.38777      1.18186      1.20592
      3.88000      2.19359      1.09538      1.09821
      3.89000      2.36392      1.19618      1.16774
      3.90000      2.23049      1.15998      1.07051
      3.91000      1.91969      1.02052      0.89918
      3.92000      1.55563      0.80132      0.75431
      3.93000      1.35032      0.67726      0.67306
      3.94000      1.31698      0.67477      0.64221
      3.95000      1.18729      0.61843      0.56886
      3.96000      1.04070      0.53655      0.50414
      3.97000      1.34600      0.67101      0.67499
      3.98000      1.80274      0.88286      0.91988
      3.99000      1.60401      0.77580      0.82822
      4.00000      1.04074      0.49370      0.54703
      4.01000      0.74327      0.34686      0.39641
      4.02000      0.74928      0.34925      0.40003
      4.03000      1.13122      0.52662      0.60460
      4.04000      1.41902      0.66165      0.75737
      4.05000      1.11097      0.52069      0.59028
      4.06000      0.73258      0.34375      0.38883
      4.07000      0.82325      0.38240      0.44085
      4.08000      1.16954      0.54020      0.62934
      4.09000      1.39578      0.64753      0.74825
      4.10000      1.44077      0.67321      0.76755
      4.11000      1.35365      0.63592      0.71772
      4.12000      1.63709      0.77296      0.86413
      4.13000      1.72989      0.81979      0.91010
      4.14000      1.48421      0.69832      0.78589
      4.15000      1.80444      0.84395      0.96049
      4.16000      2.48375      1.17438      1.30937
      4.17000      2.52813      1.20748      1.32064
      4.18000      2.47140      1.18299      1.28842
      4.19000      2.98204      1.42948      1.55256
      4.20000      3.41538      1.63390      1.78148
      4.21000      3.72165      1.76728      1.95437
      4.22000      4.51221      2.14238      2.36983
      4.23000      5.23918      2.49284      2.74634
      4.24000      4.94235      2.35145      2.59091
      4.25000      4.42277      2.11017      2.31261
      4.26000      4.09819      1.97051      2.12768
      4.27000      3.75882      1.82437      1.93445
      4.28000      3.56300      1.72492      1.83808
      4.29000      3.42795      1.66249      1.76546
      4.30000      2.84133      1.39768      1.44365
      4.31000      2.19023      1.09167      1.09856
      4.32000      2.06899      1.04254      1.02645
      4.33000      1.84462      0.95067      0.89395
      4.34000      1.80683      0.95543      0.85141
      4.35000      2.07573      1.09548      0.98025
      4.36000      1.94502      1.02107      0.92395
      4.37000      1.72673      0.90371      0.82301
      4.38000      1.88868      0.98476      0.90392
      4.39000      2.17042      1.13054      1.03988
      4.40000      1.89628      0.99097      0.90531
      4.41000      1.39847      0.74042      0.65805
      4.42000      1.39932      0.75151      0.64781
      4.43000      1.42120      0.76612      0.65508
      4.44000      1.46126      0.78403      0.67723
      4.45000      1.27649      0.67991      0.59658
      4.46000      1.11756      0.59076      0.52680
      4.47000      1.11856      0.59295      0.52561
      4.48000      1.29084      0.70249      0.58836
      4.49000      2.27622      1.26945      1.00677
      4.50000      2.88475      1.61460      1.27015
      4.51000      1.77525      0.98812      0.78714
      4.52000      0.74302      0.40809      0.33492
      4.53000      0.75177      0.41085      0.34092
      4.54000      0.97862      0.53779      0.44083
      4.55000      1.00585      0.55926      0.44660
      4.56000      1.12876      0.63873      0.49003
      4.57000      1.29597      0.73975      0.55622
      4.58000      1.08403      0.61751      0.46652
      4.59000      0.86168      0.48830      0.37338
      4.60000      0.98859      0.56033      0.42826
      4.61000      1.05420      0.60056      0.45364
      4.62000      0.96080      0.55322      0.40758
      4.63000      1.11433      0.64970      0.46464
      4.64000      1.59992      0.93616      0.66376
      4.65000      1.46826      0.85920      0.60906
      4.66000      0.69721      0.40766      0.28955
      4.67000      0.48642      0.28380      0.20262
      4.68000      0.75978      0.44422      0.31557
      4.69000      0.87756      0.51455      0.36301
      4.70000      0.82376      0.48574      0.33803
      4.71000      0.80301      0.47690      0.32611
      4.72000      0.73449      0.43747      0.29702
      4.73000      0.65670      0.39066      0.26604
      4.74000      0.58448      0.34836      0.23612
      4.75000      0.74293      0.44464      0.29829
      4.76000      1.00938      0.60573      0.40365
      4.77000      1.17333      0.70629      0.46704
      4.78000      0.97885      0.59090      0.38795
      4.79000      0.55189      0.33395      0.21794
      4.80000      0.53610      0.32474      0.21137
      4.81000      0.63843      0.38683      0.25160
      4.82000      0.46673      0.28355      0.18318
      4.83000      0.57755      0.35251      0.22504
      4.84000      0.75725      0.46256      0.29469
      4.85000      0.72877      0.44559      0.28318
      4.86000      0.67551      0.41386      0.26165
      4.87000      0.63500      0.39030      0.24469
      4.88000      0.72437      0.44635      0.27802
      4.89000      0.67101      0.41390      0.25711
      4.90000      0.53740      0.33205      0.20535
      4.91000      0.55794      0.34548      0.21246
      4.92000      0.60578      0.37571      0.23006
      4.93000      0.55259      0.34334      0.20925
      4.94000      0.57356      0.35721      0.21635
      4.95000      0.62710      0.39117      0.23593
      4.96000      0.57026      0.35625      0.21400
      4.97000      0.43045      0.26925      0.16120
      4.98000      0.21558      0.13496      0.08062
      4.99000      0.05822      0.03647      0.02175
      5.00000      0.00702      0.00440      0.00262
      5.01000      0.00031      0.00019      0.00011
      5.02000      0.00000      0.00000      0.00000
      5.03000     -0.00000     -0.00000     -0.00000
      5.04000      0.00000      0.00000      0.00000
      5.05000      0.00000      0.00000      0.00000
      5.06000      0.00000      0.00000      0.00000
      5.07000      0.00000      0.00000      0.00000
      5.08000      0.00000      0.00000      0.00000
      5.09000      0.00000      0.00000      0.00000
      5.10000      0.00000      0.00000      0.00000
      5.11000      0.00000      0.00000      0.00000
      5.12000      0.00000      0.00000      0.00000
      5.13000      0.00000      0.00000      0.00000
      5.14000      0.00000      0.00000      0.00000
      5.15000      0.00000      0.00000      0.00000
      5.16000      0.00000      0.00000      0.00000
      5.17000      0.00000      0.00000      0.00000
      5.18000      0.00000      0.00000      0.00000
      5.19000      0.00000      0.00000      0.00000
      5.20000      0.00000      0.00000      0.00000
      5.21000      0.00000      0.00000      0.00000
      5.22000      0.00000      0.00000      0.00000
      5.23000      0.00000      0.00000      0.00000
      5.24000      0.00000      0.00000      0.00000
      5.25000      0.00000      0.00000      0.00000
      5.26000      0.00000      0.00000      0.00000
      5.27000      0.00000      0.00000      0.00000
      5.28000      0.00000      0.00000      0.00000
      5.29000      0.00000      0.00000      0.00000
      5.30000      0.00000      0.00000      0.00000
      5.31000      0.00000      0.00000      0.00000
      5.32000      0.00000      0.00000      0.00000
      5.33000      0.00000      0.00000      0.00000
      5.34000      0.00000      0.00000      0.00000
      5.35000      0.00000      0.00000      0.00000
      5.36000      0.00000      0.00000      0.00000
      5.37000      0.00000      0.00000      0.00000
      5.38000      0.00000      0.00000      0.00000
      5.39000      0.00000      0.00000      0.00000
      5.40000      0.00000      0.00000      0.00000
      5.41000      0.00000      0.00000      0.00000
      5.42000      0.00000      0.00000      0.00000
      5.43000      0.00000      0.00000      0.00000
      5.44000      0.00000      0.00000      0.00000
      5.45000      0.00000      0.00000      0.00000
      5.46000      0.00000      0.00000      0.00000
      5.47000      0.00000      0.00000      0.00000
      5.48000      0.00000      0.00000      0.00000
      5.49000      0.00000      0.00000      0.00000
      5.50000      0.00000      0.00000      0.00000
      5.51000      0.00000      0.00000      0.00000
      5.52000      0.00000      0.00000      0.00000
      5.53000      0.00000      0.00000      0.00000
      5.54000      0.00000      0.00000      0.00000
      5.55000      0.00000      0.00000      0.00000
      5.56000      0.00000      0.00000      0.00000
      5.57000      0.00000      0.00000      0.00000
      5.58000      0.00000      0.00000      0.00000
      5.59000      0.00000      0.00000      0.00000
      5.60000      0.00000      0.00000      0.00000
      5.61000      0.00000      0.00000      0.00000
      5.62000      0.00000      0.00000      0.00000
      5.63000      0.00000      0.00000      0.00000
      5.64000      0.00000      0.00000      0.00000
      5.65000      0.00000      0.00000      0.00000
      5.66000      0.00000      0.00000      0.00000
      5.67000      0.00000      0.00000      0.00000
      5.68000      0.00000      0.00000      0.00000
      5.69000      0.00000      0.00000      0.00000
      5.70000      0.00000      0.00000      0.00000
      5.71000      0.00000      0.00000      0.00000
      5.72000      0.00000      0.00000      0.00000
      5.73000      0.00000      0.00000      0.00000
      5.74000      0.00000      0.00000      0.00000
      5.75000      0.00000      0.00000      0.00000
      5.76000      0.00000      0.00000      0.00000
      5.77000      0.00000      0.00000      0.00000
      5.78000      0.00000      0.00000      0.00000
      5.79000      0.00000      0.00000      0.00000
      5.80000      0.00000      0.00000      0.00000
      5.81000      0.00000      0.00000      0.00000
      5.82000      0.00000      0.00000      0.00000
      5.83000      0.00000      0.00000      0.00000
      5.84000      0.00000      0.00000      0.00000
      5.85000      0.00000      0.00000      0.00000
      5.86000      0.00000      0.00000      0.00000
      5.87000      0.00000      0.00000      0.00000
      5.88000      0.00000      0.00000      0.00000
      5.89000      0.00000      0.00000      0.00000
      5.90000      0.00000      0.00000      0.00000
      5.91000      0.00000      0.00000      0.00000
      5.92000      0.00000      0.00000      0.00000
      5.93000      0.00000      0.00000      0.00000
      5.94000      0.00000      0.00000      0.00000
      5.95000      0.00000      0.00000      0.00000
      5.96000      0.00000      0.00000      0.00000
      5.97000      0.00000      0.00000      0.00000
      5.98000      0.00000      0.00000      0.00000
      5.99000      0.00000      0.00000      0.00000
      6.00000      0.00000      0.00000      0.00000
      6.01000      0.00000      0.00000      0.00000
      6.02000      0.00000      0.00000      0.00000
      6.03000      0.00000      0.00000      0.00000
      6.04000      0.00000      0.00000      0.00000
      6.05000      0.00000      0.00000      0.00000
      6.06000      0.00000      0.00000      0.00000
      6.07000      0.00000      0.00000      0.00000
      6.08000      0.00000      0.00000      0.00000
      6.09000      0.00000      0.00000      0.00000
      6.10000      0.00000      0.00000      0.00000
      6.11000      0.00000      0.00000      0.00000
      6.12000      0.00000      0.00000      0.00000
      6.13000      0.00000      0.00000      0.00000
      6.14000      0.00000      0.00000      0.00000
      6.15000      0.00000      0.00000      0.00000
      6.16000      0.00000      0.00000      0.00000
      6.17000      0.00000      0.00000      0.00000
      6.18000      0.00000      0.00000      0.00000
      6.19000      0.00000      0.00000      0.00000
      6.20000      0.00000      0.00000      0.00000
      6.21000      0.00000      0.00000      0.00000
      6.22000      0.00000      0.00000      0.00000
      6.23000      0.00000      0.00000      0.00000
      6.24000      0.00000      0.00000      0.00000
      6.25000      0.00000      0.00000      0.00000
      6.26000      0.00000      0.00000      0.00000
      6.27000      0.00000      0.00000      0.00000
      6.28000      0.00000      0.00000      0.00000
      6.29000      0.00000      0.00000      0.00000
      6.30000      0.00000      0.00000      0.00000
      6.31000      0.00002      0.00003      0.00000
      6.32000      0.00088      0.00132      0.00000
      6.33000      0.01335      0.02004      0.00000
      6.34000      0.07433      0.11154      0.00000
      6.35000      0.15229      0.22853      0.00000
      6.36000      0.11686      0.17536      0.00000
      6.37000      0.05633      0.08450      0.00000
      6.38000      0.10507      0.15752      0.00000
      6.39000      0.15549      0.23312      0.00000
      6.40000      0.08722      0.13076      0.00000
      6.41000      0.01801      0.02700      0.00000
      6.42000      0.00143      0.00214      0.00000
      6.43000      0.00227      0.00338      0.00001
      6.44000      0.03246      0.04734      0.00059
      6.45000      0.18455      0.25448      0.01039
      6.46000      0.46435      0.54734      0.07040
      6.47000      0.65520      0.56885      0.19620
      6.48000      0.64174      0.44180      0.24709
      6.49000      0.52400      0.41069      0.17797
      6.50000      0.55096      0.44168      0.18252
      6.51000      0.62921      0.40537      0.25558
      6.52000      0.44752      0.25509      0.19750
      6.53000      0.21313      0.11798      0.09574
      6.54000      0.37040      0.21438      0.16213
      6.55000      0.81795      0.53758      0.32742
      6.56000      1.10097      0.85777      0.37660
      6.57000      0.99172      0.80883      0.32204
      6.58000      0.51373      0.38316      0.18396
      6.59000      0.31884      0.18933      0.13705
      6.60000      0.52782      0.29024      0.23798
      6.61000      0.64899      0.35512      0.29388
      6.62000      0.52085      0.28487      0.23598
      6.63000      0.42085      0.23147      0.18975
      6.64000      0.38771      0.22665      0.16824
      6.65000      0.48382      0.36447      0.17123
      6.66000      0.70669      0.65066      0.19414
      6.67000      0.58414      0.58610      0.13759
      6.68000      0.47165      0.42686      0.13318
      6.69000      0.92868      0.76009      0.30050
      6.70000      1.21810      0.94487      0.41892
      6.71000      1.02591      0.68063      0.40724
      6.72000      0.91807      0.52271      0.40512
      6.73000      0.70483      0.39000      0.31666
      6.74000      0.43927      0.26654      0.18627
      6.75000      0.46990      0.35961      0.16347
      6.76000      0.55005      0.44999      0.17765
      6.77000      0.57292      0.40927      0.21379
      6.78000      0.66743      0.46454      0.25503
      6.79000      0.63777      0.49830      0.21753
      6.80000      0.66140      0.45881      0.25263
      6.81000      0.87281      0.50227      0.38249
      6.82000      0.76369      0.42519      0.34174
      6.83000      0.44180      0.28928      0.17728
      6.84000      0.35591      0.38952      0.06856
      6.85000      0.36761      0.49725      0.02566
      6.86000      0.31563      0.33899      0.06347
      6.87000      0.40214      0.25591      0.16409
      6.88000      0.63236      0.35055      0.28317
      6.89000      1.08161      0.59404      0.48761
      6.90000      1.48298      0.81487      0.66822
      6.91000      1.27300      0.70546      0.57062
      6.92000      0.79022      0.49275      0.32827
      6.93000      0.76259      0.63498      0.24141
      6.94000      0.83798      0.76614      0.23289
      6.95000      0.73201      0.64818      0.21322
      6.96000      0.75825      0.70964      0.20283
      6.97000      0.67727      0.63419      0.18107
      6.98000      0.46050      0.34734      0.16261
      6.99000      0.46251      0.27393      0.19864
      7.00000      0.64038      0.41703      0.25744
      7.01000      1.01206      0.78125      0.34940
      7.02000      1.02546      0.85409      0.32454
      7.03000      0.59678      0.46648      0.20307
      7.04000      0.69102      0.40591      0.29783
      7.05000      0.93887      0.52061      0.41908
      7.06000      0.56284      0.31161      0.25145
      7.07000      0.37248      0.21470      0.16239
      7.08000      0.67736      0.45298      0.26604
      7.09000      0.80103      0.72946      0.22412
      7.10000      0.64749      0.78499      0.08995
      7.11000      0.58707      0.58042      0.14286
      7.12000      0.93041      0.57465      0.38775
      7.13000      1.22558      0.68281      0.54565
      7.14000      1.22279      0.67591      0.54698
      7.15000      1.16162      0.64236      0.51926
      7.16000      0.82068      0.45475      0.36627
      7.17000      0.54754      0.31605      0.23844
      7.18000      0.68842      0.47811      0.26193
      7.19000      0.84854      0.73513      0.25455
      7.20000      0.76849      0.69334      0.21712
      7.21000      0.58189      0.42252      0.21192
      7.22000      0.53274      0.31031      0.23000
      7.23000      0.65786      0.38190      0.28432
      7.24000      0.96752      0.64387      0.38040
      7.25000      1.24433      0.97605      0.42180
      7.26000      1.17383      1.01075      0.35682
      7.27000      1.12418      0.98233      0.33532
      7.28000      1.06625      0.86601      0.34758
      7.29000      0.89970      0.61112      0.34646
      7.30000      0.84803      0.58672      0.32127
      7.31000      0.80669      0.71670      0.23412
      7.32000      0.64898      0.62469      0.16694
      7.33000      0.51291      0.38083      0.18414
      7.34000      0.48679      0.28377      0.21040
      7.35000      0.39124      0.23403      0.16532
      7.36000      0.73463      0.51647      0.27371
      7.37000      1.44413      1.07995      0.51029
      7.38000      1.66147      1.19227      0.61068
      7.39000      1.37778      0.86895      0.56058
      7.40000      1.25486      0.74161      0.53456
      7.41000      1.30025      0.83020      0.52745
      7.42000      1.00797      0.71585      0.37512
      7.43000      0.77922      0.56198      0.28329
      7.44000      1.04210      0.83049      0.34318
      7.45000      1.27834      1.16247      0.35789
      7.46000      0.91282      0.83621      0.25210
      7.47000      0.73369      0.50389      0.27717
      7.48000      1.03573      0.59315      0.44733
      7.49000      1.16947      0.65725      0.51239
      7.50000      0.94067      0.53250      0.40817
      7.51000      1.02706      0.59502      0.43212
      7.52000      1.26057      0.74065      0.52236
      7.53000      1.12765      0.70250      0.45202
      7.54000      1.26834      0.92037      0.45732
      7.55000      1.55059      1.17640      0.53806
      7.56000      1.49501      1.02533      0.56373
      7.57000      1.27496      0.83569      0.49589
      7.58000      1.19601      0.95685      0.39222
      7.59000      1.23591      1.18930      0.31693
      7.60000      1.14762      1.11197      0.28941
      7.61000      0.96378      0.86171      0.27742
      7.62000      0.89446      0.82263      0.24915
      7.63000      0.93304      0.77110      0.29933
      7.64000      0.83690      0.58379      0.31615
      7.65000      0.74345      0.60491      0.23971
      7.66000      0.76471      0.73330      0.19662
      7.67000      0.76403      0.61861      0.24950
      7.68000      0.88293      0.54252      0.36596
      7.69000      0.97706      0.58847      0.40937
      7.70000      0.86155      0.65158      0.30112
      7.71000      0.89475      0.79964      0.25815
      7.72000      0.83559      0.66381      0.27953
      7.73000      0.60670      0.40129      0.23929
      7.74000      0.58311      0.43820      0.20422
      7.75000      0.80454      0.73695      0.22229
      7.76000      0.85110      0.80850      0.22345
      7.77000      0.84557      0.80481      0.22156
      7.78000      0.90076      0.92102      0.20791
      7.79000      0.62586      0.66016      0.13585
      7.80000      0.24698      0.23713      0.06385
      7.81000      0.37183      0.22456      0.15399
      7.82000      0.97530      0.55817      0.41802
