Energy-E_F (eV)    DOS (1/eV)    PDOS (1/eV)  of atom type Mo S  
     -5.29009      7.98546      3.18124      4.80422
     -5.28009      7.14195      2.77804      4.36391
     -5.27009      5.77814      2.25883      3.51931
     -5.26009      5.01505      1.97850      3.03655
     -5.25009      4.64056      1.84358      2.79698
     -5.24009      4.92692      1.99161      2.93531
     -5.23009      5.67118      2.31134      3.35984
     -5.22009      5.17013      2.08514      3.08498
     -5.21009      3.29000      1.27983      2.01017
     -5.20009      1.93318      0.70443      1.22875
     -5.19009      1.70816      0.59089      1.11727
     -5.18009      2.00813      0.68024      1.32789
     -5.17009      2.02818      0.69495      1.33324
     -5.16009      1.71340      0.60260      1.11080
     -5.15009      1.54099      0.55700      0.98399
     -5.14009      1.69478      0.60836      1.08642
     -5.13009      1.64717      0.56529      1.08188
     -5.12009      1.32856      0.43264      0.89593
     -5.11009      1.19431      0.39834      0.79597
     -5.10009      1.27703      0.45305      0.82398
     -5.09009      1.33556      0.47943      0.85613
     -5.08009      1.41116      0.50748      0.90369
     -5.07009      1.68758      0.59688      1.09070
     -5.06009      1.58371      0.53861      1.04510
     -5.05009      1.01131      0.32866      0.68265
     -5.04009      0.58572      0.18985      0.39588
     -5.03009      0.51814      0.18165      0.33649
     -5.02009      0.65290      0.23709      0.41581
     -5.01009      0.99935      0.34853      0.65082
     -5.00009      1.59599      0.53786      1.05813
     -4.99009      1.60343      0.53653      1.06690
     -4.98009      1.10123      0.36823      0.73300
     -4.97009      0.78959      0.26708      0.52252
     -4.96009      0.83561      0.29411      0.54150
     -4.95009      0.92917      0.33240      0.59677
     -4.94009      0.56009      0.20085      0.35924
     -4.93009      0.42356      0.14956      0.27400
     -4.92009      0.84989      0.29776      0.55213
     -4.91009      1.05525      0.36604      0.68922
     -4.90009      0.94509      0.32021      0.62489
     -4.89009      0.95550      0.32395      0.63156
     -4.88009      0.90076      0.30608      0.59468
     -4.87009      0.66928      0.23061      0.43867
     -4.86009      0.40068      0.14550      0.25518
     -4.85009      0.38026      0.14041      0.23984
     -4.84009      0.83008      0.30387      0.52620
     -4.83009      1.31391      0.47695      0.83696
     -4.82009      1.38775      0.48333      0.90442
     -4.81009      1.18255      0.39395      0.78860
     -4.80009      0.91717      0.30314      0.61404
     -4.79009      0.91225      0.30221      0.61005
     -4.78009      0.87767      0.29800      0.57967
     -4.77009      0.75828      0.27232      0.48596
     -4.76009      0.69327      0.24645      0.44683
     -4.75009      0.65385      0.21878      0.43507
     -4.74009      0.59428      0.20250      0.39178
     -4.73009      0.71717      0.25155      0.46562
     -4.72009      0.95699      0.32350      0.63349
     -4.71009      1.01298      0.33679      0.67618
     -4.70009      0.78771      0.26985      0.51786
     -4.69009      0.87473      0.30489      0.56984
     -4.68009      1.36817      0.46852      0.89965
     -4.67009      1.26412      0.42948      0.83464
     -4.66009      0.59100      0.19869      0.39231
     -4.65009      0.19880      0.06390      0.13489
     -4.64009      0.12295      0.03859      0.08435
     -4.63009      0.34134      0.10944      0.23190
     -4.62009      0.70183      0.22557      0.47626
     -4.61009      0.61662      0.19938      0.41725
     -4.60009      0.33086      0.11296      0.21790
     -4.59009      0.33395      0.12341      0.21054
     -4.58009      0.45140      0.16076      0.29064
     -4.57009      0.78477      0.26167      0.52310
     -4.56009      1.36248      0.45512      0.90737
     -4.55009      1.54807      0.52784      1.02023
     -4.54009      1.33540      0.45709      0.87831
     -4.53009      1.08721      0.36367      0.72354
     -4.52009      0.71371      0.23652      0.47719
     -4.51009      0.35083      0.11996      0.23087
     -4.50009      0.17518      0.06259      0.11259
     -4.49009      0.19565      0.07104      0.12461
     -4.48009      0.27757      0.10105      0.17652
     -4.47009      0.32204      0.11677      0.20527
     -4.46009      0.61582      0.21856      0.39726
     -4.45009      1.17718      0.41348      0.76370
     -4.44009      1.41617      0.51895      0.89721
     -4.43009      1.73730      0.71726      1.02004
     -4.42009      2.80028      1.22091      1.57938
     -4.41009      4.06021      1.75516      2.30504
     -4.40009      4.42082      1.90140      2.51942
     -4.39009      4.40036      1.88415      2.51622
     -4.38009      4.93871      2.04845      2.89027
     -4.37009      5.56349      2.23219      3.33130
     -4.36009      5.75002      2.26339      3.48662
     -4.35009      5.83385      2.25882      3.57503
     -4.34009      6.33794      2.40070      3.93724
     -4.33009      6.45233      2.40097      4.05136
     -4.32009      6.17401      2.28374      3.89028
     -4.31009      6.89394      2.54642      4.34752
     -4.30009      7.07616      2.59024      4.48592
     -4.29009      6.47630      2.36041      4.11588
     -4.28009      6.34495      2.33896      4.00599
     -4.27009      6.26821      2.32725      3.94096
     -4.26009      6.35139      2.32141      4.02998
     -4.25009      6.57294      2.36150      4.21144
     -4.24009      6.41214      2.30072      4.11142
     -4.23009      5.53625      1.99824      3.53801
     -4.22009      5.39672      1.95837      3.43836
     -4.21009      5.87727      2.12998      3.74729
     -4.20009      5.43598      1.95280      3.48318
     -4.19009      3.89644      1.37462      2.52182
     -4.18009      2.64021      0.93786      1.70235
     -4.17009      3.00140      1.08537      1.91603
     -4.16009      3.54948      1.26153      2.28795
     -4.15009      3.56425      1.26330      2.30095
     -4.14009      3.81353      1.37369      2.43984
     -4.13009      3.87571      1.40318      2.47253
     -4.12009      3.16631      1.13252      2.03379
     -4.11009      2.47547      0.86232      1.61314
     -4.10009      2.19014      0.76097      1.42917
     -4.09009      2.52716      0.90549      1.62167
     -4.08009      2.53258      0.91455      1.61804
     -4.07009      1.92975      0.68055      1.24919
     -4.06009      1.67622      0.58819      1.08803
     -4.05009      1.81914      0.65768      1.16146
     -4.04009      1.46805      0.55508      0.91297
     -4.03009      0.91832      0.37312      0.54520
     -4.02009      0.90041      0.36445      0.53596
     -4.01009      0.88628      0.34443      0.54184
     -4.00009      0.75105      0.30342      0.44764
     -3.99009      1.07772      0.46925      0.60847
     -3.98009      1.46696      0.63958      0.82738
     -3.97009      1.71892      0.72208      0.99684
     -3.96009      1.94509      0.77184      1.17325
     -3.95009      1.71282      0.64827      1.06454
     -3.94009      1.45500      0.55801      0.89699
     -3.93009      1.18337      0.47694      0.70644
     -3.92009      0.92606      0.37763      0.54843
     -3.91009      0.81374      0.29726      0.51649
     -3.90009      0.88474      0.28817      0.59657
     -3.89009      1.01979      0.33941      0.68038
     -3.88009      1.13279      0.40843      0.72436
     -3.87009      1.01000      0.38756      0.62244
     -3.86009      0.75925      0.28853      0.47071
     -3.85009      0.91539      0.33905      0.57634
     -3.84009      1.53381      0.58853      0.94528
     -3.83009      2.36455      0.90813      1.45642
     -3.82009      2.89786      1.09344      1.80443
     -3.81009      3.26570      1.21277      2.05293
     -3.80009      3.37479      1.25302      2.12177
     -3.79009      3.09277      1.12992      1.96285
     -3.78009      2.86412      0.99483      1.86929
     -3.77009      2.74432      0.95779      1.78652
     -3.76009      2.59625      0.94583      1.65041
     -3.75009      2.56407      0.92485      1.63922
     -3.74009      2.50414      0.86031      1.64383
     -3.73009      2.89458      0.98867      1.90591
     -3.72009      3.74744      1.32168      2.42576
     -3.71009      3.98617      1.40228      2.58389
     -3.70009      3.59474      1.21810      2.37664
     -3.69009      3.34918      1.10820      2.24098
     -3.68009      3.61831      1.21279      2.40552
     -3.67009      4.04072      1.40365      2.63707
     -3.66009      3.83158      1.38430      2.44728
     -3.65009      3.13300      1.13450      1.99850
     -3.64009      3.32866      1.15549      2.17318
     -3.63009      4.16430      1.41437      2.74993
     -3.62009      4.29059      1.36598      2.92461
     -3.61009      5.34167      1.65711      3.68457
     -3.60009      6.57855      2.19143      4.38712
     -3.59009      6.12184      2.13574      3.98610
     -3.58009      5.05364      1.74975      3.30389
     -3.57009      4.09697      1.38037      2.71660
     -3.56009      3.24538      1.10567      2.13972
     -3.55009      3.66746      1.29533      2.37213
     -3.54009      4.93115      1.78400      3.14716
     -3.53009      5.06727      1.87119      3.19608
     -3.52009      3.60318      1.33970      2.26348
     -3.51009      2.39508      0.91463      1.48045
     -3.50009      2.54451      0.99604      1.54847
     -3.49009      2.94122      1.10910      1.83212
     -3.48009      3.21281      1.20110      2.01172
     -3.47009      3.45889      1.36282      2.09607
     -3.46009      3.26819      1.36188      1.90631
     -3.45009      3.18270      1.33858      1.84412
     -3.44009      3.09817      1.29078      1.80739
     -3.43009      2.95852      1.29559      1.66293
     -3.42009      3.31334      1.53763      1.77572
     -3.41009      3.42725      1.61163      1.81562
     -3.40009      3.38326      1.59241      1.79085
     -3.39009      3.47513      1.62966      1.84547
     -3.38009      3.40456      1.62610      1.77846
     -3.37009      3.05589      1.48423      1.57166
     -3.36009      2.40945      1.13142      1.27803
     -3.35009      1.89181      0.83591      1.05590
     -3.34009      1.72454      0.76097      0.96357
     -3.33009      1.57005      0.74122      0.82883
     -3.32009      2.05432      1.02992      1.02440
     -3.31009      2.70751      1.32466      1.38285
     -3.30009      2.62836      1.17327      1.45509
     -3.29009      2.57583      1.04237      1.53347
     -3.28009      2.66556      1.07684      1.58871
     -3.27009      2.54137      1.06520      1.47617
     -3.26009      2.19711      0.90021      1.29690
     -3.25009      2.03205      0.81498      1.21707
     -3.24009      2.30455      0.96041      1.34414
     -3.23009      2.22752      0.95948      1.26804
     -3.22009      1.72166      0.77040      0.95126
     -3.21009      1.47565      0.68286      0.79280
     -3.20009      1.29636      0.60537      0.69099
     -3.19009      1.24733      0.60902      0.63831
     -3.18009      1.34019      0.65018      0.69001
     -3.17009      1.23536      0.59466      0.64070
     -3.16009      1.67379      0.81476      0.85902
     -3.15009      2.39662      1.16066      1.23597
     -3.14009      2.31028      1.10328      1.20700
     -3.13009      1.66296      0.76240      0.90056
     -3.12009      1.18560      0.47393      0.71167
     -3.11009      1.05069      0.37109      0.67960
     -3.10009      0.80468      0.30266      0.50201
     -3.09009      1.00978      0.46139      0.54839
     -3.08009      2.03331      0.90796      1.12535
     -3.07009      2.40795      0.99809      1.40986
     -3.06009      1.60288      0.63222      0.97066
     -3.05009      0.82812      0.35212      0.47599
     -3.04009      0.93358      0.45903      0.47454
     -3.03009      1.64606      0.77685      0.86922
     -3.02009      1.98926      0.89206      1.09720
     -3.01009      2.00974      0.90861      1.10113
     -3.00009      1.73571      0.80719      0.92852
     -2.99009      1.40998      0.67296      0.73702
     -2.98009      1.23084      0.59540      0.63544
     -2.97009      1.10754      0.49310      0.61444
     -2.96009      1.20078      0.47425      0.72654
     -2.95009      1.25912      0.53405      0.72507
     -2.94009      1.09967      0.53024      0.56943
     -2.93009      1.02864      0.49647      0.53217
     -2.92009      1.20692      0.52063      0.68629
     -2.91009      1.59856      0.64546      0.95310
     -2.90009      2.13290      0.81768      1.31522
     -2.89009      2.39489      0.89052      1.50437
     -2.88009      2.08183      0.80445      1.27738
     -2.87009      1.57017      0.63529      0.93487
     -2.86009      0.95056      0.38407      0.56649
     -2.85009      1.08664      0.46171      0.62493
     -2.84009      1.62683      0.69563      0.93119
     -2.83009      1.52513      0.65823      0.86690
     -2.82009      1.40915      0.63680      0.77234
     -2.81009      1.33831      0.60196      0.73635
     -2.80009      1.07632      0.46123      0.61509
     -2.79009      0.98998      0.40296      0.58702
     -2.78009      1.20009      0.49062      0.70947
     -2.77009      1.44963      0.61188      0.83775
     -2.76009      1.58228      0.63407      0.94821
     -2.75009      1.76965      0.65497      1.11468
     -2.74009      2.05753      0.77962      1.27792
     -2.73009      1.92031      0.78749      1.13282
     -2.72009      1.69093      0.73139      0.95954
     -2.71009      2.29000      0.90612      1.38389
     -2.70009      2.86227      1.01145      1.85082
     -2.69009      2.55097      0.83234      1.71863
     -2.68009      1.92221      0.61865      1.30356
     -2.67009      1.51345      0.52874      0.98470
     -2.66009      1.53173      0.56633      0.96540
     -2.65009      1.67837      0.60109      1.07729
     -2.64009      1.89745      0.69089      1.20655
     -2.63009      2.00985      0.78025      1.22960
     -2.62009      2.20816      0.85667      1.35149
     -2.61009      2.62026      0.98634      1.63392
     -2.60009      2.81002      1.01616      1.79386
     -2.59009      2.49419      0.86759      1.62660
     -2.58009      2.18047      0.78623      1.39424
     -2.57009      2.44492      0.93329      1.51162
     -2.56009      3.34766      1.11686      2.23080
     -2.55009      4.76824      1.36241      3.40583
     -2.54009      5.93007      1.52986      4.40021
     -2.53009      6.43083      1.54218      4.88866
     -2.52009      6.53826      1.56829      4.96997
     -2.51009      6.55401      1.72442      4.82959
     -2.50009      6.04920      1.71775      4.33145
     -2.49009      5.49655      1.56258      3.93397
     -2.48009      4.74663      1.37630      3.37033
     -2.47009      4.24444      1.27101      2.97343
     -2.46009      4.23044      1.19340      3.03703
     -2.45009      3.80867      1.11381      2.69486
     -2.44009      3.26191      1.11486      2.14705
     -2.43009      3.23934      1.11572      2.12363
     -2.42009      3.10326      0.98100      2.12226
     -2.41009      3.17372      0.97120      2.20252
     -2.40009      3.56921      1.11041      2.45880
     -2.39009      3.65287      1.13125      2.52162
     -2.38009      3.50009      1.05447      2.44562
     -2.37009      3.47325      1.01372      2.45953
     -2.36009      3.53412      1.02758      2.50654
     -2.35009      4.18950      1.28944      2.90006
     -2.34009      3.89707      1.30956      2.58751
     -2.33009      2.70694      0.95033      1.75661
     -2.32009      2.66830      0.81959      1.84871
     -2.31009      3.33121      1.05723      2.27398
     -2.30009      3.26727      1.08966      2.17761
     -2.29009      2.58766      0.80154      1.78612
     -2.28009      2.84692      0.88888      1.95805
     -2.27009      3.49422      1.16594      2.32828
     -2.26009      3.17553      1.04976      2.12577
     -2.25009      2.47038      0.78222      1.68815
     -2.24009      2.40754      0.81156      1.59598
     -2.23009      2.87985      1.02428      1.85556
     -2.22009      3.66513      1.25362      2.41151
     -2.21009      4.26738      1.45141      2.81597
     -2.20009      3.88035      1.32250      2.55785
     -2.19009      3.72544      1.31095      2.41449
     -2.18009      4.70544      1.73664      2.96880
     -2.17009      5.25632      1.89578      3.36054
     -2.16009      5.10577      1.73900      3.36677
     -2.15009      4.70532      1.54302      3.16230
     -2.14009      4.48916      1.50125      2.98790
     -2.13009      4.39779      1.44309      2.95470
     -2.12009      3.51234      1.17714      2.33520
     -2.11009      2.77632      1.08664      1.68968
     -2.10009      3.25629      1.26810      1.98819
     -2.09009      3.82716      1.32131      2.50585
     -2.08009      3.27588      0.99041      2.28546
     -2.07009      2.55386      0.72465      1.82921
     -2.06009      2.04192      0.58862      1.45330
     -2.05009      1.69905      0.58491      1.11414
     -2.04009      2.56492      0.95810      1.60683
     -2.03009      3.47366      1.19946      2.27420
     -2.02009      3.35251      1.02899      2.32352
     -2.01009      3.71822      1.15129      2.56694
     -2.00009      4.01447      1.28580      2.72867
     -1.99009      3.13790      0.93864      2.19926
     -1.98009      2.25701      0.68404      1.57297
     -1.97009      1.99676      0.56621      1.43055
     -1.96009      1.93011      0.39322      1.53689
     -1.95009      2.02383      0.43172      1.59211
     -1.94009      2.59530      0.77683      1.81847
     -1.93009      2.95076      0.98690      1.96385
     -1.92009      2.70697      0.92420      1.78277
     -1.91009      2.48855      0.84319      1.64536
     -1.90009      2.26547      0.68768      1.57779
     -1.89009      2.30357      0.65544      1.64813
     -1.88009      2.68066      0.75499      1.92567
     -1.87009      2.84830      0.74697      2.10132
     -1.86009      2.96128      0.67658      2.28471
     -1.85009      3.19811      0.70220      2.49591
     -1.84009      3.46925      0.90503      2.56422
     -1.83009      3.18345      0.98804      2.19541
     -1.82009      2.51079      0.79509      1.71570
     -1.81009      2.06336      0.57576      1.48759
     -1.80009      1.88795      0.45296      1.43500
     -1.79009      1.85885      0.42425      1.43461
     -1.78009      1.75169      0.40747      1.34422
     -1.77009      1.65673      0.44773      1.20900
     -1.76009      1.98303      0.56483      1.41820
     -1.75009      2.28257      0.56425      1.71832
     -1.74009      2.13852      0.43018      1.70834
     -1.73009      2.26759      0.42649      1.84110
     -1.72009      2.66589      0.60722      2.05867
     -1.71009      2.83706      0.79209      2.04498
     -1.70009      3.02258      0.89623      2.12635
     -1.69009      2.67759      0.73314      1.94445
     -1.68009      1.92196      0.41734      1.50462
     -1.67009      1.66790      0.27892      1.38898
     -1.66009      1.59811      0.32247      1.27564
     -1.65009      1.84173      0.45895      1.38277
     -1.64009      2.46676      0.57425      1.89250
     -1.63009      2.76781      0.56020      2.20761
     -1.62009      2.77203      0.61043      2.16160
     -1.61009      2.71285      0.68588      2.02697
     -1.60009      2.86687      0.72138      2.14550
     -1.59009      3.51770      0.94412      2.57358
     -1.58009      4.85300      1.33722      3.51578
     -1.57009      5.20860      1.37956      3.82903
     -1.56009      4.62977      1.11262      3.51714
     -1.55009      4.12405      0.89190      3.23216
     -1.54009      3.39743      0.70477      2.69266
     -1.53009      2.57417      0.48549      2.08868
     -1.52009      2.10461      0.34343      1.76118
     -1.51009      1.76675      0.31666      1.45009
     -1.50009      1.25420      0.31155      0.94265
     -1.49009      0.69699      0.21722      0.47976
     -1.48009      0.34408      0.10923      0.23486
     -1.47009      0.46009      0.13608      0.32401
     -1.46009      0.70942      0.20848      0.50094
     -1.45009      0.80797      0.22398      0.58399
     -1.44009      0.80436      0.21382      0.59054
     -1.43009      0.66700      0.18410      0.48291
     -1.42009      0.43166      0.12309      0.30857
     -1.41009      0.41657      0.11636      0.30021
     -1.40009      0.52427      0.13786      0.38641
     -1.39009      0.66958      0.16112      0.50846
     -1.38009      0.84814      0.18945      0.65868
     -1.37009      1.03246      0.21662      0.81584
     -1.36009      1.05499      0.20939      0.84561
     -1.35009      0.70117      0.13183      0.56934
     -1.34009      0.33309      0.05753      0.27556
     -1.33009      0.13912      0.02236      0.11676
     -1.32009      0.03397      0.00535      0.02863
     -1.31009      0.00342      0.00054      0.00289
     -1.30009      0.00013      0.00002      0.00011
     -1.29009      0.00000      0.00000      0.00000
     -1.28009      0.00000      0.00000      0.00000
     -1.27009      0.00000      0.00000      0.00000
     -1.26009      0.00000      0.00000      0.00000
     -1.25009      0.00000      0.00000      0.00000
     -1.24009      0.00000      0.00000      0.00000
     -1.23009      0.00000      0.00000      0.00000
     -1.22009      0.00000      0.00000      0.00000
     -1.21009      0.00000      0.00000      0.00000
     -1.20009      0.00000      0.00000      0.00000
     -1.19009      0.00000      0.00000      0.00000
     -1.18009      0.00040      0.00027      0.00013
     -1.17009      0.01130      0.00770      0.00361
     -1.16009      0.12917      0.08870      0.04047
     -1.15009      0.61411      0.42525      0.18886
     -1.14009      1.27747      0.88775      0.38972
     -1.13009      1.26213      0.86896      0.39317
     -1.12009      0.83840      0.55749      0.28091
     -1.11009      0.86371      0.56317      0.30054
     -1.10009      1.04982      0.70858      0.34124
     -1.09009      1.11092      0.76646      0.34445
     -1.08009      1.30002      0.86399      0.43603
     -1.07009      1.68381      1.08866      0.59516
     -1.06009      1.67137      1.09869      0.57268
     -1.05009      1.22041      0.81717      0.40324
     -1.04009      1.00109      0.64539      0.35570
     -1.03009      1.22270      0.77926      0.44344
     -1.02009      1.38149      0.91874      0.46275
     -1.01009      1.76881      1.18003      0.58878
     -1.00009      2.39939      1.55920      0.84019
     -0.99009      2.51058      1.63330      0.87728
     -0.98009      2.14042      1.42681      0.71361
     -0.97009      1.82587      1.21885      0.60702
     -0.96009      1.77856      1.16655      0.61201
     -0.95009      2.34165      1.57071      0.77093
     -0.94009      3.26090      2.21013      1.05077
     -0.93009      3.60552      2.40111      1.20441
     -0.92009      3.57028      2.33209      1.23819
     -0.91009      3.83248      2.56509      1.26739
     -0.90009      4.64691      3.18736      1.45956
     -0.89009      4.90470      3.34405      1.56065
     -0.88009      4.20823      2.83941      1.36882
     -0.87009      3.84444      2.61552      1.22892
     -0.86009      3.85283      2.61811      1.23473
     -0.85009      3.47408      2.29961      1.17447
     -0.84009      3.13254      2.04514      1.08740
     -0.83009      2.75282      1.82312      0.92970
     -0.82009      2.69412      1.80817      0.88595
     -0.81009      2.88398      1.92105      0.96293
     -0.80009      2.57306      1.71176      0.86131
     -0.79009      2.39593      1.57179      0.82414
     -0.78009      2.60597      1.68064      0.92533
     -0.77009      2.70898      1.74907      0.95991
     -0.76009      2.44721      1.59959      0.84762
     -0.75009      1.97073      1.31905      0.65169
     -0.74009      1.92954      1.30267      0.62686
     -0.73009      2.60450      1.75189      0.85261
     -0.72009      2.99853      2.01347      0.98506
     -0.71009      2.27613      1.51964      0.75649
     -0.70009      1.65711      1.07877      0.57833
     -0.69009      1.68415      1.08522      0.59893
     -0.68009      2.03294      1.33584      0.69710
     -0.67009      2.41372      1.59886      0.81486
     -0.66009      2.17299      1.43708      0.73591
     -0.65009      1.95451      1.30097      0.65354
     -0.64009      1.86469      1.23923      0.62546
     -0.63009      1.93024      1.27893      0.65131
     -0.62009      2.27450      1.55831      0.71619
     -0.61009      2.55098      1.78029      0.77069
     -0.60009      2.06690      1.41319      0.65371
     -0.59009      1.44520      0.96090      0.48429
     -0.58009      1.40363      0.92548      0.47815
     -0.57009      1.87517      1.23816      0.63701
     -0.56009      2.27546      1.52987      0.74559
     -0.55009      2.13686      1.46640      0.67046
     -0.54009      1.64187      1.12584      0.51603
     -0.53009      1.28429      0.86778      0.41651
     -0.52009      1.44255      0.96668      0.47587
     -0.51009      1.75465      1.18320      0.57145
     -0.50009      1.94754      1.34798      0.59957
     -0.49009      2.23945      1.59453      0.64492
     -0.48009      2.20128      1.56955      0.63173
     -0.47009      1.85157      1.28206      0.56951
     -0.46009      1.91024      1.28763      0.62261
     -0.45009      1.69590      1.13956      0.55634
     -0.44009      1.23032      0.84121      0.38911
     -0.43009      1.42507      0.99290      0.43217
     -0.42009      1.82185      1.27702      0.54484
     -0.41009      1.71026      1.19684      0.51342
     -0.40009      1.51879      1.04537      0.47343
     -0.39009      1.69629      1.15502      0.54127
     -0.38009      1.92490      1.32184      0.60306
     -0.37009      1.70936      1.18808      0.52128
     -0.36009      1.64974      1.15715      0.49260
     -0.35009      2.19243      1.55172      0.64071
     -0.34009      2.39915      1.68566      0.71349
     -0.33009      1.77502      1.21076      0.56426
     -0.32009      1.36653      0.89790      0.46864
     -0.31009      1.65820      1.09931      0.55889
     -0.30009      2.02860      1.37562      0.65298
     -0.29009      1.97789      1.36700      0.61090
     -0.28009      1.45515      1.04023      0.41492
     -0.27009      0.73249      0.54536      0.18714
     -0.26009      0.37014      0.28362      0.08653
     -0.25009      0.50969      0.39241      0.11728
     -0.24009      0.63157      0.48811      0.14346
     -0.23009      0.64694      0.50415      0.14279
     -0.22009      0.87031      0.68182      0.18849
     -0.21009      1.01599      0.79648      0.21952
     -0.20009      0.72896      0.56940      0.15956
     -0.19009      0.36905      0.28658      0.08247
     -0.18009      0.23436      0.18331      0.05105
     -0.17009      0.48881      0.38528      0.10353
     -0.16009      0.65568      0.51734      0.13834
     -0.15009      0.44610      0.35321      0.09289
     -0.14009      0.32406      0.25771      0.06635
     -0.13009      0.39823      0.31646      0.08177
     -0.12009      0.53774      0.42784      0.10990
     -0.11009      0.76870      0.61306      0.15564
     -0.10009      0.76003      0.60754      0.15248
     -0.09009      0.43763      0.35074      0.08690
     -0.08009      0.21722      0.17436      0.04286
     -0.07009      0.28823      0.23162      0.05661
     -0.06009      0.42296      0.34044      0.08252
     -0.05009      0.42710      0.34428      0.08283
     -0.04009      0.44717      0.36096      0.08621
     -0.03009      0.48621      0.39303      0.09317
     -0.02009      0.40925      0.33127      0.07799
     -0.01009      0.24629      0.19958      0.04671
     -0.00009      0.12016      0.09747      0.02270
      0.00991      0.03490      0.02832      0.00659
      0.01991      0.00357      0.00289      0.00067
      0.02991      0.00005      0.00004      0.00001
      0.03991     -0.00000     -0.00000     -0.00000
      0.04991     -0.00000     -0.00000     -0.00000
      0.05991      0.00000      0.00000      0.00000
      0.06991      0.00000      0.00000      0.00000
      0.07991      0.00000      0.00000      0.00000
      0.08991      0.00000      0.00000      0.00000
      0.09991      0.00000      0.00000      0.00000
      0.10991      0.00000      0.00000      0.00000
      0.11991      0.00000      0.00000      0.00000
      0.12991      0.00000      0.00000      0.00000
      0.13991      0.00000      0.00000      0.00000
      0.14991      0.00000      0.00000      0.00000
      0.15991      0.00000      0.00000      0.00000
      0.16991      0.00000      0.00000      0.00000
      0.17991      0.00000      0.00000      0.00000
      0.18991      0.00000      0.00000      0.00000
      0.19991      0.00000      0.00000      0.00000
      0.20991      0.00000      0.00000      0.00000
      0.21991      0.00000      0.00000      0.00000
      0.22991      0.00000      0.00000      0.00000
      0.23991      0.00000      0.00000      0.00000
      0.24991      0.00000      0.00000      0.00000
      0.25991      0.00000      0.00000      0.00000
      0.26991      0.00000      0.00000      0.00000
      0.27991      0.00000      0.00000      0.00000
      0.28991      0.00000      0.00000      0.00000
      0.29991      0.00000      0.00000      0.00000
      0.30991      0.00000      0.00000      0.00000
      0.31991      0.00000      0.00000      0.00000
      0.32991      0.00000      0.00000      0.00000
      0.33991      0.00000      0.00000      0.00000
      0.34991      0.00000      0.00000      0.00000
      0.35991      0.00000      0.00000      0.00000
      0.36991      0.00000      0.00000      0.00000
      0.37991      0.00000      0.00000      0.00000
      0.38991      0.00000      0.00000      0.00000
      0.39991      0.00000      0.00000      0.00000
      0.40991      0.00000      0.00000      0.00000
      0.41991      0.00000      0.00000      0.00000
      0.42991      0.00000      0.00000      0.00000
      0.43991      0.00000      0.00000      0.00000
      0.44991      0.00000      0.00000      0.00000
      0.45991      0.00000      0.00000      0.00000
      0.46991      0.00000      0.00000      0.00000
      0.47991      0.00000      0.00000      0.00000
      0.48991      0.00000      0.00000      0.00000
      0.49991      0.00000      0.00000      0.00000
      0.50991      0.00000      0.00000      0.00000
      0.51991      0.00000      0.00000      0.00000
      0.52991      0.00000      0.00000      0.00000
      0.53991      0.00000      0.00000      0.00000
      0.54991      0.00000      0.00000      0.00000
      0.55991      0.00000      0.00000      0.00000
      0.56991      0.00000      0.00000      0.00000
      0.57991      0.00000      0.00000      0.00000
      0.58991      0.00000      0.00000      0.00000
      0.59991      0.00000      0.00000      0.00000
      0.60991      0.00000      0.00000      0.00000
      0.61991      0.00000      0.00000      0.00000
      0.62991      0.00000      0.00000      0.00000
      0.63991      0.00000      0.00000      0.00000
      0.64991      0.00000      0.00000      0.00000
      0.65991      0.00000      0.00000      0.00000
      0.66991      0.00000      0.00000      0.00000
      0.67991      0.00000      0.00000      0.00000
      0.68991      0.00000      0.00000      0.00000
      0.69991      0.00000      0.00000      0.00000
      0.70991      0.00000      0.00000      0.00000
      0.71991      0.00000      0.00000      0.00000
      0.72991      0.00000      0.00000      0.00000
      0.73991      0.00000      0.00000      0.00000
      0.74991      0.00000      0.00000      0.00000
      0.75991      0.00000      0.00000      0.00000
      0.76991      0.00000      0.00000      0.00000
      0.77991      0.00000      0.00000      0.00000
      0.78991      0.00000      0.00000      0.00000
      0.79991      0.00000      0.00000      0.00000
      0.80991      0.00000      0.00000      0.00000
      0.81991      0.00000      0.00000      0.00000
      0.82991      0.00000      0.00000      0.00000
      0.83991      0.00000      0.00000      0.00000
      0.84991      0.00000      0.00000      0.00000
      0.85991      0.00000      0.00000      0.00000
      0.86991      0.00000      0.00000      0.00000
      0.87991      0.00000      0.00000      0.00000
      0.88991      0.00000      0.00000      0.00000
      0.89991      0.00000      0.00000      0.00000
      0.90991      0.00000      0.00000      0.00000
      0.91991      0.00000      0.00000      0.00000
      0.92991      0.00000      0.00000      0.00000
      0.93991      0.00000      0.00000      0.00000
      0.94991      0.00000      0.00000      0.00000
      0.95991      0.00000      0.00000      0.00000
      0.96991      0.00000      0.00000      0.00000
      0.97991      0.00000      0.00000      0.00000
      0.98991      0.00000      0.00000      0.00000
      0.99991      0.00000      0.00000      0.00000
      1.00991      0.00000      0.00000      0.00000
      1.01991      0.00000      0.00000      0.00000
      1.02991      0.00000      0.00000      0.00000
      1.03991      0.00000      0.00000      0.00000
      1.04991      0.00000      0.00000      0.00000
      1.05991      0.00000      0.00000      0.00000
      1.06991      0.00000      0.00000      0.00000
      1.07991      0.00000      0.00000      0.00000
      1.08991      0.00000      0.00000      0.00000
      1.09991      0.00000      0.00000      0.00000
      1.10991      0.00000      0.00000      0.00000
      1.11991      0.00000      0.00000      0.00000
      1.12991      0.00000      0.00000      0.00000
      1.13991      0.00000      0.00000      0.00000
      1.14991      0.00000      0.00000      0.00000
      1.15991      0.00000      0.00000      0.00000
      1.16991      0.00000      0.00000      0.00000
      1.17991      0.00000      0.00000      0.00000
      1.18991      0.00000      0.00000      0.00000
      1.19991      0.00000      0.00000      0.00000
      1.20991      0.00000      0.00000      0.00000
      1.21991      0.00000      0.00000      0.00000
      1.22991      0.00000      0.00000      0.00000
      1.23991      0.00000      0.00000      0.00000
      1.24991      0.00000      0.00000      0.00000
      1.25991      0.00000      0.00000      0.00000
      1.26991      0.00000      0.00000      0.00000
      1.27991      0.00000      0.00000      0.00000
      1.28991      0.00000      0.00000      0.00000
      1.29991      0.00000      0.00000      0.00000
      1.30991      0.00000      0.00000      0.00000
      1.31991      0.00000      0.00000      0.00000
      1.32991      0.00000      0.00000      0.00000
      1.33991      0.00000      0.00000      0.00000
      1.34991      0.00000      0.00000      0.00000
      1.35991      0.00000      0.00000      0.00000
      1.36991      0.00000      0.00000      0.00000
      1.37991      0.00000      0.00000      0.00000
      1.38991      0.00000      0.00000      0.00000
      1.39991      0.00000      0.00000      0.00000
      1.40991      0.00000      0.00000      0.00000
      1.41991      0.00000      0.00000      0.00000
      1.42991      0.00000      0.00000      0.00000
      1.43991      0.00000      0.00000      0.00000
      1.44991      0.00000      0.00000      0.00000
      1.45991      0.00000      0.00000      0.00000
      1.46991      0.00000      0.00000      0.00000
      1.47991      0.00000      0.00000      0.00000
      1.48991      0.00000      0.00000      0.00000
      1.49991      0.00000      0.00000      0.00000
      1.50991      0.00000      0.00000      0.00000
      1.51991      0.00000      0.00000      0.00000
      1.52991      0.00000      0.00000      0.00000
      1.53991      0.00000      0.00000      0.00000
      1.54991      0.00000      0.00000      0.00000
      1.55991      0.00000      0.00000      0.00000
      1.56991      0.00000      0.00000      0.00000
      1.57991      0.00000      0.00000      0.00000
      1.58991      0.00000      0.00000      0.00000
      1.59991      0.00000      0.00000      0.00000
      1.60991      0.00000      0.00000      0.00000
      1.61991      0.00000      0.00000      0.00000
      1.62991      0.00000      0.00000      0.00000
      1.63991      0.00000      0.00000      0.00000
      1.64991      0.00000      0.00000      0.00000
      1.65991      0.00000      0.00000      0.00000
      1.66991      0.00000      0.00000      0.00000
      1.67991      0.00000      0.00000      0.00000
      1.68991      0.00000      0.00000      0.00000
      1.69991      0.00000      0.00000      0.00000
      1.70991      0.00000      0.00000      0.00000
      1.71991      0.00000      0.00000      0.00000
      1.72991      0.00000      0.00000      0.00000
      1.73991      0.00000      0.00000      0.00000
      1.74991      0.00000      0.00000      0.00000
      1.75991      0.00000      0.00000      0.00000
      1.76991      0.00000      0.00000      0.00000
      1.77991      0.00000      0.00000      0.00000
      1.78991      0.00000      0.00000      0.00000
      1.79991      0.00000      0.00000      0.00000
      1.80991      0.00000      0.00000      0.00000
      1.81991      0.00000      0.00000      0.00000
      1.82991      0.00000      0.00000      0.00000
      1.83991      0.00000      0.00000      0.00000
      1.84991      0.00000      0.00000      0.00000
      1.85991      0.00000      0.00000      0.00000
      1.86991      0.00000      0.00000      0.00000
      1.87991      0.00000      0.00000      0.00000
      1.88991      0.00000      0.00000      0.00000
      1.89991      0.00000      0.00000      0.00000
      1.90991      0.00000      0.00000      0.00000
      1.91991      0.00000      0.00000      0.00000
      1.92991      0.00000      0.00000      0.00000
      1.93991      0.00000      0.00000      0.00000
      1.94991      0.00000      0.00000      0.00000
      1.95991      0.00000      0.00000      0.00000
      1.96991      0.00000      0.00000      0.00000
      1.97991      0.00000      0.00000      0.00000
      1.98991      0.00000      0.00000      0.00000
      1.99991      0.00000      0.00000      0.00000
      2.00991      0.00000      0.00000      0.00000
      2.01991      0.00000      0.00000      0.00000
      2.02991      0.00000      0.00000      0.00000
      2.03991      0.00000      0.00000      0.00000
      2.04991      0.00000      0.00000      0.00000
      2.05991      0.00000      0.00000      0.00000
      2.06991      0.00000      0.00000      0.00000
      2.07991      0.00000      0.00000      0.00000
      2.08991      0.00000      0.00000      0.00000
      2.09991      0.00000      0.00000      0.00000
      2.10991      0.00000      0.00000      0.00000
      2.11991      0.00000      0.00000      0.00000
      2.12991      0.00000      0.00000      0.00000
      2.13991      0.00000      0.00000      0.00000
      2.14991      0.00000      0.00000      0.00000
      2.15991      0.00000      0.00000      0.00000
      2.16991      0.00000      0.00000      0.00000
      2.17991      0.00000      0.00000      0.00000
      2.18991      0.00000      0.00000      0.00000
      2.19991      0.00000      0.00000      0.00000
      2.20991      0.00000      0.00000      0.00000
      2.21991      0.00000      0.00000      0.00000
      2.22991      0.00000      0.00000      0.00000
      2.23991      0.00000      0.00000      0.00000
      2.24991      0.00000      0.00000      0.00000
      2.25991      0.00000      0.00000      0.00000
      2.26991      0.00000      0.00000      0.00000
      2.27991      0.00000      0.00000      0.00000
      2.28991      0.00000      0.00000      0.00000
      2.29991      0.00000      0.00000      0.00000
      2.30991      0.00000      0.00000      0.00000
      2.31991      0.00000      0.00000      0.00000
      2.32991      0.00000      0.00000      0.00000
      2.33991      0.00000      0.00000      0.00000
      2.34991      0.00000      0.00000      0.00000
      2.35991      0.00000      0.00000      0.00000
      2.36991      0.00000      0.00000      0.00000
      2.37991      0.00000      0.00000      0.00000
      2.38991      0.00000      0.00000      0.00000
      2.39991      0.00000      0.00000      0.00000
      2.40991      0.00000      0.00000      0.00000
      2.41991      0.00000      0.00000      0.00000
      2.42991      0.00000      0.00000      0.00000
      2.43991      0.00000      0.00000      0.00000
      2.44991      0.00000      0.00000      0.00000
      2.45991      0.00000      0.00000      0.00000
      2.46991      0.00000      0.00000      0.00000
      2.47991      0.00008      0.00004      0.00004
      2.48991      0.00304      0.00159      0.00145
      2.49991      0.04610      0.02417      0.02193
      2.50991      0.28648      0.15017      0.13631
      2.51991      0.83732      0.43823      0.39909
      2.52991      1.45501      0.76079      0.69422
      2.53991      1.87970      0.98565      0.89405
      2.54991      1.93522      1.01835      0.91686
      2.55991      1.81029      0.95422      0.85607
      2.56991      1.87519      0.98769      0.88750
      2.57991      1.69004      0.88365      0.80639
      2.58991      1.70537      0.88962      0.81574
      2.59991      2.34002      1.24106      1.09896
      2.60991      2.35000      1.26159      1.08841
      2.61991      1.95275      1.05109      0.90166
      2.62991      2.34751      1.28753      1.05998
      2.63991      2.70877      1.54931      1.15946
      2.64991      2.50962      1.51156      0.99805
      2.65991      2.31498      1.40924      0.90573
      2.66991      2.44232      1.44282      0.99950
      2.67991      3.00543      1.73851      1.26693
      2.68991      3.48589      2.02596      1.45992
      2.69991      3.56031      2.07566      1.48466
      2.70991      3.26529      1.93328      1.33201
      2.71991      3.17600      1.87271      1.30329
      2.72991      3.51314      2.05310      1.46004
      2.73991      3.51678      2.10766      1.40911
      2.74991      3.37820      2.03790      1.34030
      2.75991      3.29151      1.90621      1.38530
      2.76991      3.62183      2.04563      1.57620
      2.77991      4.33241      2.53854      1.79388
      2.78991      4.45911      2.73281      1.72630
      2.79991      3.80504      2.38269      1.42234
      2.80991      2.87371      1.83750      1.03621
      2.81991      2.42480      1.57365      0.85115
      2.82991      2.58236      1.62576      0.95660
      2.83991      2.79630      1.75029      1.04602
      2.84991      3.10552      2.01375      1.09178
      2.85991      3.68945      2.43203      1.25742
      2.86991      4.00698      2.60944      1.39754
      2.87991      3.81392      2.49899      1.31493
      2.88991      3.74647      2.47068      1.27579
      2.89991      4.00098      2.58012      1.42087
      2.90991      4.09674      2.68143      1.41531
      2.91991      3.52342      2.43078      1.09263
      2.92991      2.99109      2.14759      0.84351
      2.93991      2.69858      1.90549      0.79309
      2.94991      3.01333      2.04723      0.96610
      2.95991      3.48511      2.37264      1.11247
      2.96991      3.26248      2.23350      1.02899
      2.97991      3.11344      2.06347      1.04998
      2.98991      3.42828      2.24086      1.18742
      2.99991      3.60988      2.40234      1.20754
      3.00991      4.33225      2.96922      1.36303
      3.01991      5.43004      3.72697      1.70307
      3.02991      5.01324      3.36329      1.64995
      3.03991      3.82002      2.53782      1.28220
      3.04991      3.78339      2.51245      1.27093
      3.05991      4.62830      2.96153      1.66678
      3.06991      4.45250      2.82743      1.62508
      3.07991      4.50341      3.02657      1.47684
      3.08991      5.62404      3.82706      1.79698
      3.09991      6.37083      4.13232      2.23851
      3.10991      6.66097      4.17062      2.49035
      3.11991      6.70273      4.23512      2.46761
      3.12991      5.78378      3.70194      2.08185
      3.13991      5.18157      3.40169      1.77988
      3.14991      5.15310      3.45812      1.69498
      3.15991      5.27416      3.53372      1.74044
      3.16991      5.52059      3.71779      1.80280
      3.17991      5.28808      3.65821      1.62987
      3.18991      5.13235      3.72167      1.41068
      3.19991      4.95453      3.65213      1.30240
      3.20991      4.30840      3.00015      1.30825
      3.21991      3.39161      2.08632      1.30528
      3.22991      2.37493      1.36285      1.01208
      3.23991      2.15003      1.33669      0.81334
      3.24991      2.93537      1.86069      1.07468
      3.25991      3.29607      2.03267      1.26341
      3.26991      2.64137      1.60297      1.03839
      3.27991      1.77983      1.02043      0.75939
      3.28991      1.76102      0.96351      0.79751
      3.29991      2.54569      1.51250      1.03319
      3.30991      3.93952      2.44440      1.49512
      3.31991      4.92342      3.12175      1.80167
      3.32991      4.93565      3.18468      1.75097
      3.33991      4.40542      2.75569      1.64973
      3.34991      4.07327      2.44605      1.62722
      3.35991      5.19140      3.11422      2.07718
      3.36991      6.31600      3.75231      2.56369
      3.37991      4.94605      2.88196      2.06409
      3.38991      3.60946      2.15855      1.45091
      3.39991      3.84529      2.37987      1.46542
      3.40991      4.08095      2.56427      1.51669
      3.41991      4.32609      2.77398      1.55211
      3.42991      4.44769      2.82209      1.62560
      3.43991      4.63975      2.90020      1.73955
      3.44991      4.57791      2.94385      1.63406
      3.45991      3.99687      2.57845      1.41842
      3.46991      3.63667      2.34644      1.29023
      3.47991      3.69865      2.39889      1.29975
      3.48991      3.50735      2.26894      1.23841
      3.49991      3.79703      2.48478      1.31224
      3.50991      3.67430      2.50369      1.17060
      3.51991      2.75417      2.01563      0.73854
      3.52991      2.70856      2.04889      0.65967
      3.53991      3.52602      2.61719      0.90883
      3.54991      4.06442      2.99197      1.07245
      3.55991      4.07178      2.98391      1.08786
      3.56991      4.12199      2.98336      1.13863
      3.57991      3.81021      2.74673      1.06347
      3.58991      3.32675      2.49621      0.83054
      3.59991      3.27131      2.54760      0.72371
      3.60991      3.39597      2.58784      0.80813
      3.61991      3.53756      2.57155      0.96600
      3.62991      3.75662      2.66479      1.09183
      3.63991      3.77713      2.71469      1.06244
      3.64991      2.86461      2.08812      0.77649
      3.65991      2.21238      1.60844      0.60393
      3.66991      2.46387      1.78178      0.68209
      3.67991      2.39004      1.69368      0.69636
      3.68991      2.38528      1.65405      0.73123
      3.69991      2.88891      1.99885      0.89006
      3.70991      3.15372      2.16770      0.98602
      3.71991      2.94127      2.00019      0.94107
      3.72991      2.74320      1.87119      0.87201
      3.73991      2.83601      1.90778      0.92823
      3.74991      2.91723      1.90912      1.00810
      3.75991      3.04213      1.93837      1.10375
      3.76991      2.75707      1.66911      1.08796
      3.77991      2.65605      1.53928      1.11677
      3.78991      3.51072      2.09489      1.41583
      3.79991      4.18249      2.54995      1.63254
      3.80991      3.61382      2.16327      1.45055
      3.81991      2.86563      1.67804      1.18758
      3.82991      3.33945      1.96557      1.37388
      3.83991      3.89049      2.26388      1.62662
      3.84991      3.17449      1.78770      1.38679
      3.85991      2.88977      1.58230      1.30747
      3.86991      4.39312      2.47831      1.91481
      3.87991      5.93443      3.37525      2.55918
      3.88991      5.43109      3.03167      2.39942
      3.89991      3.89002      2.12900      1.76102
      3.90991      3.33081      1.79750      1.53332
      3.91991      3.19157      1.68168      1.50989
      3.92991      2.52717      1.33697      1.19021
      3.93991      1.85148      1.01848      0.83300
      3.94991      2.21267      1.24477      0.96790
      3.95991      3.57351      2.03843      1.53508
      3.96991      4.22699      2.44765      1.77934
      3.97991      3.16315      1.84257      1.32057
      3.98991      2.06350      1.20117      0.86232
      3.99991      1.89529      1.09372      0.80157
      4.00991      2.20777      1.26861      0.93916
      4.01991      2.32291      1.33879      0.98412
      4.02991      2.41016      1.38154      1.02862
      4.03991      3.25193      1.79707      1.45486
      4.04991      4.01837      2.15330      1.86507
      4.05991      3.26084      1.73166      1.52918
      4.06991      1.99546      1.07414      0.92132
      4.07991      1.77074      0.96927      0.80148
      4.08991      1.97527      1.10818      0.86709
      4.09991      1.83439      1.04949      0.78490
      4.10991      1.92215      1.11013      0.81202
      4.11991      2.52205      1.45142      1.07063
      4.12991      2.42843      1.34828      1.08015
      4.13991      1.89607      0.97685      0.91922
      4.14991      1.64754      0.84167      0.80587
      4.15991      1.47508      0.81528      0.65979
      4.16991      1.71847      0.94641      0.77206
      4.17991      2.08212      1.11443      0.96769
      4.18991      1.93205      1.04407      0.88799
      4.19991      1.86074      1.02780      0.83293
      4.20991      2.55596      1.42054      1.13542
      4.21991      2.93476      1.56863      1.36613
      4.22991      2.43818      1.21826      1.21992
      4.23991      1.86620      0.90210      0.96410
      4.24991      1.53454      0.75635      0.77819
      4.25991      1.28606      0.64648      0.63958
      4.26991      1.17606      0.60667      0.56939
      4.27991      1.18487      0.62229      0.56257
      4.28991      1.04290      0.53559      0.50731
      4.29991      0.99233      0.49390      0.49842
      4.30991      1.36026      0.67235      0.68791
      4.31991      1.76777      0.87505      0.89272
      4.32991      1.59004      0.78670      0.80335
      4.33991      1.12521      0.55903      0.56618
      4.34991      1.05685      0.55051      0.50634
      4.35991      1.57265      0.83217      0.74048
      4.36991      1.74946      0.91656      0.83291
      4.37991      1.58674      0.82126      0.76547
      4.38991      1.88713      0.93951      0.94762
      4.39991      2.26781      1.08685      1.18096
      4.40991      2.14804      1.02895      1.11910
      4.41991      1.62947      0.80829      0.82118
      4.42991      0.98039      0.49585      0.48453
      4.43991      0.59009      0.29397      0.29612
      4.44991      0.59120      0.30095      0.29026
      4.45991      0.65204      0.33924      0.31280
      4.46991      0.90230      0.45760      0.44470
      4.47991      1.41599      0.69771      0.71828
      4.48991      1.85309      0.91891      0.93418
      4.49991      2.06272      1.05092      1.01180
      4.50991      1.78966      0.93265      0.85701
      4.51991      1.29987      0.68472      0.61515
      4.52991      1.36963      0.69757      0.67206
      4.53991      1.95179      0.95649      0.99531
      4.54991      2.11049      1.02054      1.08995
      4.55991      1.87016      0.90631      0.96385
      4.56991      1.60079      0.76926      0.83152
      4.57991      1.26650      0.59884      0.66766
      4.58991      0.81972      0.39760      0.42212
      4.59991      0.58601      0.30795      0.27807
      4.60991      0.63771      0.33502      0.30269
      4.61991      0.87669      0.44363      0.43306
      4.62991      1.24162      0.62261      0.61900
      4.63991      1.59859      0.80509      0.79351
      4.64991      1.76933      0.89528      0.87405
      4.65991      2.14548      1.07531      1.07017
      4.66991      2.33519      1.16219      1.17300
      4.67991      1.72392      0.85519      0.86874
      4.68991      1.55827      0.77825      0.78001
      4.69991      1.90242      0.94971      0.95272
      4.70991      1.70051      0.84838      0.85213
      4.71991      1.67143      0.85969      0.81174
      4.72991      2.09934      1.09057      1.00876
      4.73991      2.09150      1.07788      1.01362
      4.74991      1.73128      0.88943      0.84185
      4.75991      1.31231      0.66533      0.64698
      4.76991      1.31795      0.64028      0.67766
      4.77991      1.72422      0.81446      0.90976
      4.78991      1.59584      0.74563      0.85021
      4.79991      1.23531      0.57707      0.65824
      4.80991      1.38688      0.64883      0.73805
      4.81991      1.62755      0.76242      0.86513
      4.82991      1.24828      0.58603      0.66225
      4.83991      0.95537      0.45012      0.50526
      4.84991      1.47119      0.70075      0.77044
      4.85991      1.87955      0.90040      0.97915
      4.86991      2.09755      1.00423      1.09333
      4.87991      2.50089      1.18538      1.31551
      4.88991      2.44955      1.14837      1.30118
      4.89991      1.93368      0.91084      1.02285
      4.90991      2.04682      0.96817      1.07864
      4.91991      2.77758      1.30846      1.46911
      4.92991      3.28588      1.55768      1.72821
      4.93991      4.17776      1.99892      2.17884
      4.94991      4.90952      2.33867      2.57084
      4.95991      5.09410      2.39035      2.70375
      4.96991      4.80496      2.24617      2.55879
      4.97991      4.10018      1.95300      2.14718
      4.98991      3.50863      1.70635      1.80228
      4.99991      2.75986      1.35948      1.40037
      5.00991      2.16367      1.08907      1.07460
      5.01991      2.11944      1.08678      1.03266
      5.02991      2.61368      1.33872      1.27496
      5.03991      2.82747      1.44095      1.38652
      5.04991      2.32691      1.17797      1.14894
      5.05991      1.92832      0.97218      0.95614
      5.06991      1.96265      0.99960      0.96305
      5.07991      2.29467      1.19913      1.09554
      5.08991      2.30237      1.21931      1.08307
      5.09991      1.53111      0.80447      0.72664
      5.10991      0.90990      0.47654      0.43335
      5.11991      1.30066      0.68629      0.61437
      5.12991      1.95692      1.03026      0.92666
      5.13991      2.23523      1.18590      1.04934
      5.14991      2.27586      1.22975      1.04612
      5.15991      1.61730      0.88396      0.73334
      5.16991      0.91344      0.49332      0.42012
      5.17991      0.86201      0.45726      0.40474
      5.18991      1.17269      0.62533      0.54736
      5.19991      1.69173      0.90778      0.78395
      5.20991      1.70388      0.92394      0.77994
      5.21991      1.62818      0.90003      0.72815
      5.22991      1.91167      1.06901      0.84266
      5.23991      1.92340      1.07890      0.84450
      5.24991      1.78444      1.00296      0.78148
      5.25991      1.76046      0.99156      0.76890
      5.26991      1.67610      0.94444      0.73166
      5.27991      1.15945      0.65289      0.50655
      5.28991      0.48878      0.27462      0.21416
      5.29991      0.27130      0.15423      0.11707
      5.30991      0.57919      0.33297      0.24623
      5.31991      0.85730      0.49231      0.36498
      5.32991      0.61153      0.35077      0.26076
      5.33991      0.38441      0.22260      0.16181
      5.34991      0.58687      0.34217      0.24470
      5.35991      1.19881      0.69833      0.50048
      5.36991      1.85451      1.08246      0.77205
      5.37991      1.73342      1.01554      0.71788
      5.38991      1.01916      0.59890      0.42027
      5.39991      0.33788      0.19879      0.13909
      5.40991      0.07928      0.04679      0.03249
      5.41991      0.18735      0.11083      0.07653
      5.42991      0.54105      0.31886      0.22219
      5.43991      0.87299      0.51415      0.35883
      5.44991      0.91897      0.54331      0.37566
      5.45991      0.97300      0.57549      0.39751
      5.46991      1.03058      0.61129      0.41930
      5.47991      0.90971      0.54410      0.36561
      5.48991      1.18267      0.71037      0.47230
      5.49991      1.35446      0.81388      0.54058
      5.50991      1.01153      0.60898      0.40256
      5.51991      0.63301      0.38348      0.24953
      5.52991      0.58260      0.35619      0.22641
      5.53991      0.68718      0.42152      0.26566
      5.54991      0.80621      0.49123      0.31498
      5.55991      0.96870      0.58497      0.38373
      5.56991      1.08320      0.65482      0.42838
      5.57991      0.82876      0.50341      0.32535
      5.58991      0.50541      0.30851      0.19689
      5.59991      0.42727      0.26227      0.16499
      5.60991      0.49586      0.30712      0.18874
      5.61991      0.66216      0.41127      0.25089
      5.62991      0.66973      0.41447      0.25525
      5.63991      0.66343      0.40927      0.25416
      5.64991      0.62262      0.38515      0.23747
      5.65991      0.46577      0.28950      0.17627
      5.66991      0.34078      0.21229      0.12849
      5.67991      0.33354      0.20811      0.12543
      5.68991      0.31938      0.19921      0.12018
      5.69991      0.23690      0.14691      0.08999
      5.70991      0.15418      0.09514      0.05904
      5.71991      0.05397      0.03326      0.02071
      5.72991      0.00747      0.00460      0.00287
      5.73991      0.00038      0.00024      0.00015
      5.74991      0.00001      0.00000      0.00000
      5.75991      0.00000      0.00000      0.00000
      5.76991      0.00000      0.00000      0.00000
      5.77991      0.00000      0.00000      0.00000
      5.78991      0.00000      0.00000      0.00000
      5.79991      0.00000      0.00000      0.00000
      5.80991      0.00000      0.00000      0.00000
      5.81991      0.00000      0.00000      0.00000
      5.82991      0.00000      0.00000      0.00000
      5.83991      0.00000      0.00000      0.00000
      5.84991      0.00000      0.00000      0.00000
      5.85991      0.00000      0.00000      0.00000
      5.86991      0.00000      0.00000      0.00000
      5.87991      0.00000      0.00000      0.00000
      5.88991      0.00000      0.00000      0.00000
      5.89991      0.00000      0.00000      0.00000
      5.90991      0.00000      0.00000      0.00000
      5.91991      0.00000      0.00000      0.00000
      5.92991      0.00000      0.00000      0.00000
      5.93991      0.00000      0.00000      0.00000
      5.94991      0.00000      0.00000      0.00000
      5.95991      0.00000      0.00000      0.00000
      5.96991      0.00000      0.00000      0.00000
      5.97991      0.00000      0.00000      0.00000
      5.98991      0.00000      0.00000      0.00000
      5.99991      0.00000      0.00000      0.00000
      6.00991      0.00000      0.00000      0.00000
      6.01991      0.00000      0.00000      0.00000
      6.02991      0.00000      0.00000      0.00000
      6.03991      0.00000      0.00000      0.00000
      6.04991      0.00000      0.00000      0.00000
      6.05991      0.00000      0.00000      0.00000
      6.06991      0.00000      0.00000      0.00000
      6.07991      0.00000      0.00000      0.00000
      6.08991      0.00000      0.00000      0.00000
      6.09991      0.00000      0.00000      0.00000
      6.10991      0.00000      0.00000      0.00000
      6.11991      0.00000      0.00000      0.00000
      6.12991      0.00000      0.00000      0.00000
      6.13991      0.00000      0.00000      0.00000
      6.14991      0.00000      0.00000      0.00000
      6.15991      0.00000      0.00000      0.00000
      6.16991      0.00000      0.00000      0.00000
      6.17991      0.00000      0.00000      0.00000
      6.18991      0.00000      0.00000      0.00000
      6.19991      0.00000      0.00000      0.00000
      6.20991      0.00000      0.00000      0.00000
      6.21991      0.00000      0.00000      0.00000
      6.22991      0.00000      0.00000      0.00000
      6.23991      0.00000      0.00000      0.00000
      6.24991      0.00000      0.00000      0.00000
      6.25991      0.00000      0.00000      0.00000
      6.26991      0.00000      0.00000      0.00000
      6.27991      0.00000      0.00000      0.00000
      6.28991      0.00000      0.00000      0.00000
      6.29991      0.00000      0.00000      0.00000
      6.30991      0.00000      0.00000      0.00000
      6.31991      0.00000      0.00000      0.00000
      6.32991      0.00000      0.00000      0.00000
      6.33991      0.00000      0.00000      0.00000
      6.34991      0.00000      0.00000      0.00000
      6.35991      0.00000      0.00000      0.00000
      6.36991      0.00000      0.00000      0.00000
      6.37991      0.00000      0.00000      0.00000
      6.38991      0.00000      0.00000      0.00000
      6.39991      0.00000      0.00000      0.00000
      6.40991      0.00000      0.00000      0.00000
      6.41991      0.00000      0.00000      0.00000
      6.42991      0.00000      0.00000      0.00000
      6.43991      0.00000      0.00000      0.00000
      6.44991      0.00000      0.00000      0.00000
      6.45991      0.00000      0.00000      0.00000
      6.46991      0.00000      0.00000      0.00000
      6.47991      0.00000      0.00000      0.00000
      6.48991      0.00000      0.00000      0.00000
      6.49991      0.00000      0.00000      0.00000
      6.50991      0.00000      0.00000      0.00000
      6.51991      0.00000      0.00000      0.00000
      6.52991      0.00000      0.00000      0.00000
      6.53991      0.00000      0.00000      0.00000
      6.54991      0.00000      0.00000      0.00000
      6.55991      0.00000      0.00000      0.00000
      6.56991      0.00000      0.00000      0.00000
      6.57991      0.00000      0.00000      0.00000
      6.58991      0.00000      0.00000      0.00000
      6.59991      0.00000      0.00000      0.00000
      6.60991      0.00000      0.00000      0.00000
      6.61991      0.00000      0.00000      0.00000
      6.62991      0.00000      0.00000      0.00000
      6.63991      0.00000      0.00000      0.00000
      6.64991      0.00000      0.00000      0.00000
      6.65991      0.00000      0.00000      0.00000
      6.66991      0.00000      0.00000      0.00000
      6.67991      0.00000      0.00000      0.00000
      6.68991      0.00000      0.00000      0.00000
      6.69991      0.00000      0.00000      0.00000
      6.70991      0.00000      0.00000      0.00000
      6.71991      0.00000      0.00000      0.00000
      6.72991      0.00000      0.00000      0.00000
      6.73991      0.00000      0.00000      0.00000
      6.74991      0.00000      0.00000      0.00000
      6.75991      0.00000      0.00000      0.00000
      6.76991      0.00000      0.00000      0.00000
      6.77991      0.00000      0.00000      0.00000
      6.78991      0.00000      0.00000      0.00000
      6.79991      0.00000      0.00000      0.00000
      6.80991      0.00000      0.00000      0.00000
      6.81991      0.00000      0.00000      0.00000
      6.82991      0.00000      0.00000      0.00000
      6.83991      0.00000      0.00000      0.00000
      6.84991      0.00000      0.00000      0.00000
      6.85991      0.00000      0.00000      0.00000
      6.86991      0.00000      0.00000      0.00000
      6.87991      0.00000      0.00000      0.00000
      6.88991      0.00000      0.00000      0.00000
      6.89991      0.00000      0.00000      0.00000
      6.90991      0.00000      0.00000      0.00000
      6.91991      0.00000      0.00000      0.00000
      6.92991      0.00007      0.00010      0.00000
      6.93991      0.00213      0.00319      0.00000
      6.94991      0.02417      0.03627      0.00000
      6.95991      0.10128      0.15199      0.00000
      6.96991      0.16058      0.24098      0.00000
      6.97991      0.13037      0.19559      0.00000
      6.98991      0.14773      0.22151      0.00000
      6.99991      0.15423      0.23121      0.00000
      7.00991      0.13716      0.20544      0.00002
      7.01991      0.29817      0.44518      0.00058
      7.02991      0.45324      0.66220      0.00778
      7.03991      0.36277      0.46222      0.03863
      7.04991      0.23052      0.19742      0.07060
      7.05991      0.11274      0.06952      0.04746
      7.06991      0.02616      0.01461      0.01174
      7.07991      0.00235      0.00129      0.00107
      7.08991      0.00008      0.00004      0.00004
      7.09991      0.00000      0.00000      0.00000
      7.10991      0.00000      0.00000      0.00000
      7.11991      0.00023      0.00035      0.00000
      7.12991      0.00622      0.00931      0.00000
      7.13991      0.06146      0.09193      0.00000
      7.14991      0.22489      0.33639      0.00000
      7.15991      0.30485      0.45599      0.00000
      7.16991      0.15310      0.22900      0.00001
      7.17991      0.02902      0.04290      0.00024
      7.18991      0.01147      0.00816      0.00428
      7.19991      0.06142      0.03379      0.02765
      7.20991      0.14578      0.08008      0.06570
      7.21991      0.12741      0.06999      0.05742
      7.22991      0.04112      0.02259      0.01853
      7.23991      0.00938      0.00514      0.00424
      7.24991      0.04806      0.02624      0.02181
      7.25991      0.19554      0.10678      0.08876
      7.26991      0.33177      0.18135      0.15052
      7.27991      0.34693      0.19493      0.15491
      7.28991      0.47822      0.31765      0.19021
      7.29991      0.71213      0.60330      0.22099
      7.30991      0.76259      0.74516      0.18925
      7.31991      0.67162      0.68791      0.15149
      7.32991      0.65369      0.67975      0.14253
      7.33991      0.38113      0.39545      0.08352
      7.34991      0.09234      0.09352      0.02133
      7.35991      0.00871      0.00845      0.00219
      7.36991      0.00146      0.00091      0.00060
      7.37991      0.02260      0.01237      0.01024
      7.38991      0.17064      0.09346      0.07723
      7.39991      0.51984      0.28690      0.23421
      7.40991      0.74633      0.43446      0.32552
      7.41991      0.68757      0.48209      0.26096
      7.42991      0.52703      0.47261      0.15091
      7.43991      0.51386      0.47872      0.13839
      7.44991      0.68122      0.52837      0.23408
      7.45991      0.81139      0.50681      0.33751
      7.46991      0.75640      0.44520      0.32787
      7.47991      0.49956      0.40461      0.16397
      7.48991      0.39624      0.50206      0.04390
      7.49991      0.37725      0.43529      0.06214
      7.50991      0.45775      0.31803      0.17527
      7.51991      0.62133      0.34781      0.27739
